#
# A fatal error has been detected by the Java Runtime Environment:
#
#  EXCEPTION_ACCESS_VIOLATION (0xc0000005) at pc=0x00007ffd530c8e37, pid=6732, tid=1936
#
# JRE version: Java(TM) SE Runtime Environment (23.0.2+7) (build 23.0.2+7-58)
# Java VM: Java HotSpot(TM) 64-Bit Server VM (23.0.2+7-58, mixed mode, sharing, tiered, compressed oops, compressed class ptrs, g1 gc, windows-amd64)
# Problematic frame:
# C  [glass.dll+0x28e37]
#
# No core dump will be written. Minidumps are not enabled by default on client versions of Windows
#
# If you would like to submit a bug report, please visit:
#   https://bugreport.java.com/bugreport/crash.jsp
#

---------------  S U M M A R Y ------------

Command Line: --module-path=C:\javafx-sdk-24.0.1\lib --add-modules=javafx.controls,javafx.fxml,javafx.web -javaagent:D:\05_Programs\IntelliJ IDEA Community Edition 2024.3.5\lib\idea_rt.jar=64905 -Dfile.encoding=UTF-8 -Dsun.stdout.encoding=UTF-8 -Dsun.stderr.encoding=UTF-8 Client.Main

Host: AMD A6-9220 RADEON R4, 5 COMPUTE CORES 2C+3G   , 2 cores, 6G,  Windows 10 , 64 bit Build 19041 (10.0.19041.5915)
Time: Sun Sep  7 21:18:33 2025 Iran Standard Time elapsed time: 40.530869 seconds (0d 0h 0m 40s)

---------------  T H R E A D  ---------------

Current thread (0x00000185fd4e7aa0):  VMThread "VM Thread"          [id=1936, stack(0x00000011a4600000,0x00000011a4700000) (1024K)]

Stack: [0x00000011a4600000,0x00000011a4700000],  sp=0x00000011a46feeb0,  free space=1019k
Native frames: (J=compiled Java code, j=interpreted, Vv=VM code, C=native code)
C  [glass.dll+0x28e37]  (no source info available)
C  [ucrtbase.dll+0x142d6]  (no source info available)
C  [ucrtbase.dll+0x141fb]  (no source info available)
C  [ucrtbase.dll+0x141b4]  (no source info available)
C  [glass.dll+0x2655d]  (no source info available)
C  [glass.dll+0x26682]  (no source info available)
C  [ntdll.dll+0x19a1d]  (no source info available)
C  [ntdll.dll+0x5f1ca]  (no source info available)
C  [ntdll.dll+0x5ef7d]  (no source info available)
C  [KERNEL32.DLL+0x1e3eb]  (no source info available)
C  [ucrtbase.dll+0x205bc]  (no source info available)
C  [ucrtbase.dll+0x2045f]  (no source info available)
V  [jvm.dll+0x6d9b3c]  (no source info available)
V  [jvm.dll+0x6d9670]  (no source info available)
V  [jvm.dll+0x3da724]  (no source info available)
V  [jvm.dll+0x886d50]  (no source info available)
V  [jvm.dll+0x888077]  (no source info available)
V  [jvm.dll+0x8885a8]  (no source info available)
V  [jvm.dll+0x888843]  (no source info available)
V  [jvm.dll+0x8254cb]  (no source info available)
V  [jvm.dll+0x6df345]  (no source info available)
C  [ucrtbase.dll+0x21bb2]  (no source info available)
C  [KERNEL32.DLL+0x17374]  (no source info available)
C  [ntdll.dll+0x4cc91]  (no source info available)


siginfo: EXCEPTION_ACCESS_VIOLATION (0xc0000005), reading address 0x0000000000000000


Registers:
RAX=0x0000000000000000, RBX=0x00000185fd4eca0a, RCX=0x00000185fd4e7aa0, RDX=0x00000011a46feeb0
RSP=0x00000011a46feeb0, RBP=0x00000185d41bec68, RSI=0x00000185d41bec40, RDI=0x0000b0da9428284f
R8 =0x0000000000010002, R9 =0x0000b0da9428284f, R10=0x0000000000008000, R11=0x00000011a46fee40
R12=0x00007ffd530c66d0, R13=0x00007ffd3d44c6e0, R14=0x00000011a46fefa8, R15=0x00000185d41bec40
RIP=0x00007ffd530c8e37, EFLAGS=0x0000000000010202


Register to memory mapping:

RAX=0x0 is null
RBX=0x00000185fd4eca0a is a global jni handle
RCX=0x00000185fd4e7aa0 points into unknown readable memory: 0x00007ffd3d250748 | 48 07 25 3d fd 7f 00 00
RDX=0x00000011a46feeb0 points into unknown readable memory: 0x0000000000000000 | 00 00 00 00 00 00 00 00
RSP=0x00000011a46feeb0 points into unknown readable memory: 0x0000000000000000 | 00 00 00 00 00 00 00 00
RBP=0x00000185d41bec68 points into unknown readable memory: 0x0000b0da9428284f | 4f 28 28 94 da b0 00 00
RSI=0x00000185d41bec40 points into unknown readable memory: 0x3ffe195ca4dc284f | 4f 28 dc a4 5c 19 fe 3f
RDI=0x0000b0da9428284f is an unknown value
R8 =0x0000000000010002 is an unknown value
R9 =0x0000b0da9428284f is an unknown value
R10=0x0000000000008000 is an unknown value
R11=0x00000011a46fee40 points into unknown readable memory: 0x00000185d41bec40 | 40 ec 1b d4 85 01 00 00
R12=0x00007ffd530c66d0 glass.dll
R13=0x00007ffd3d44c6e0 jvm.dll
R14=0x00000011a46fefa8 points into unknown readable memory: 0x00000011a46fef90 | 90 ef 6f a4 11 00 00 00
R15=0x00000185d41bec40 points into unknown readable memory: 0x3ffe195ca4dc284f | 4f 28 dc a4 5c 19 fe 3f

Top of Stack: (sp=0x00000011a46feeb0)
0x00000011a46feeb0:   0000000000000000 00000185d41bec40
0x00000011a46feec0:   00007ffd3d44c6e0 00007ffd530c66d0
0x00000011a46feed0:   00000185d41bec48 00007ffd7ba442d6
0x00000011a46feee0:   0000b0da9428284f 0000018500000000
0x00000011a46feef0:   00000185d41bec68 00000185d41bec40
0x00000011a46fef00:   fffffffffffffffe 0000000000000000
0x00000011a46fef10:   0000000000000001 00007ffd530a0000
0x00000011a46fef20:   00000011a46fef98 00007ffd7ba441fb
0x00000011a46fef30:   0000000000000000 00000011a46fefa8
0x00000011a46fef40:   00000011a46ff280 00007ffd7bb20e40
0x00000011a46fef50:   0000000000000001 00007ffd7ba441b4
0x00000011a46fef60:   0000000000000000 0000000000000001
0x00000011a46fef70:   00007ffd77dd3300 00000011a46fef98
0x00000011a46fef80:   000000000000000d 00007ffd530c655d
0x00000011a46fef90:   00007ffd530dfda8 00007ffd00000002
0x00000011a46fefa0:   0000000000000002 00000011a46fef90
0x00000011a46fefb0:   0000000000000000 00007ffd7db29993
0x00000011a46fefc0:   0000000000000000 00007ffd530c6682
0x00000011a46fefd0:   0000000000000001 0000000000000000
0x00000011a46fefe0:   0000000000000040 0000000000000001
0x00000011a46feff0:   00007ffd74ca1d90 0000000000000000
0x00000011a46ff000:   0000000000000001 00007ffd74ca2ef0
0x00000011a46ff010:   00007ffd530a0000 000000007ffe0384
0x00000011a46ff020:   0000000000000000 00007ffd7db29a1d
0x00000011a46ff030:   00007ffd530a0000 0000000000000000
0x00000011a46ff040:   0000000000000001 000000007ffe0385
0x00000011a46ff050:   0000000000000000 00007ffd7db6f331
0x00000011a46ff060:   0000020bdcded400 0000000000000014
0x00000011a46ff070:   00007ffd530c66d0 0000000000000000
0x00000011a46ff080:   0000000000000000 00000011a3a23000
0x00000011a46ff090:   00000185d4ea0240 00007ffd7db6f1ca
0x00000011a46ff0a0:   00000185d4e9ea60 00007ffd530a0000 

Instructions: (pc=0x00007ffd530c8e37)
0x00007ffd530c8d37:   8b 4d 58 e8 d9 ce ff ff 48 8b 4d 60 e8 d0 ce ff
0x00007ffd530c8d47:   ff 48 8b 95 80 00 00 00 48 8b 8d 18 01 00 00 e8
0x00007ffd530c8d57:   b6 c4 ff ff 33 d2 33 c9 e8 1c e1 ff ff 90 48 89
0x00007ffd530c8d67:   54 24 10 55 48 83 ec 20 48 8b ea 48 b8 00 00 00
0x00007ffd530c8d77:   00 00 00 00 00 48 83 c4 20 5d c3 cc 40 55 48 8b
0x00007ffd530c8d87:   ea 48 8b 01 33 c9 81 38 05 00 00 c0 0f 94 c1 8b
0x00007ffd530c8d97:   c1 5d c3 cc 40 55 48 83 ec 20 48 8b ea 8a 4d 40
0x00007ffd530c8da7:   48 83 c4 20 5d e9 c3 d2 ff ff cc 40 55 48 83 ec
0x00007ffd530c8db7:   20 48 8b ea 8a 4d 20 e8 b1 d2 ff ff 90 48 83 c4
0x00007ffd530c8dc7:   20 5d c3 cc 40 55 48 83 ec 20 48 8b ea 48 83 c4
0x00007ffd530c8dd7:   20 5d e9 12 d1 ff ff cc 40 55 48 83 ec 30 48 8b
0x00007ffd530c8de7:   ea 48 8b 01 8b 10 48 89 4c 24 28 89 54 24 20 4c
0x00007ffd530c8df7:   8d 0d b3 d5 ff ff 4c 8b 45 70 8b 55 68 48 8b 4d
0x00007ffd530c8e07:   60 e8 53 d0 ff ff 90 48 83 c4 30 5d c3 cc cc cc
0x00007ffd530c8e17:   cc cc cc cc cc cc cc cc cc 40 53 48 83 ec 20 48
0x00007ffd530c8e27:   8b 1d 2b 6a 01 00 48 85 db 74 16 e8 a9 8f ff ff
0x00007ffd530c8e37:   4c 8b 00 48 8b d3 48 8b c8 41 ff 90 b0 00 00 00
0x00007ffd530c8e47:   90 48 83 c4 20 5b c3 cc cc 40 53 48 83 ec 20 48
0x00007ffd530c8e57:   8b 1d 6b 6b 01 00 48 85 db 74 57 b8 ff ff ff ff
0x00007ffd530c8e67:   f0 0f c1 43 10 83 f8 01 75 3d 48 85 db 74 38 48
0x00007ffd530c8e77:   8b 0b 48 85 c9 74 0d ff 15 2c 14 00 00 48 c7 03
0x00007ffd530c8e87:   00 00 00 00 48 8b 4b 08 48 85 c9 74 0d e8 7f cd
0x00007ffd530c8e97:   ff ff 48 c7 43 08 00 00 00 00 ba 18 00 00 00 48
0x00007ffd530c8ea7:   8b cb e8 6a cd ff ff 48 c7 05 0f 6b 01 00 00 00
0x00007ffd530c8eb7:   00 00 48 83 c4 20 5b c3 cc 40 53 48 83 ec 20 48
0x00007ffd530c8ec7:   8b 1d db 6a 01 00 48 85 db 74 57 b8 ff ff ff ff
0x00007ffd530c8ed7:   f0 0f c1 43 10 83 f8 01 75 3d 48 85 db 74 38 48
0x00007ffd530c8ee7:   8b 0b 48 85 c9 74 0d ff 15 bc 13 00 00 48 c7 03
0x00007ffd530c8ef7:   00 00 00 00 48 8b 4b 08 48 85 c9 74 0d e8 0f cd
0x00007ffd530c8f07:   ff ff 48 c7 43 08 00 00 00 00 ba 18 00 00 00 48
0x00007ffd530c8f17:   8b cb e8 fa cc ff ff 48 c7 05 7f 6a 01 00 00 00
0x00007ffd530c8f27:   00 00 48 83 c4 20 5b c3 cc 40 53 48 83 ec 20 48 


Stack slot to memory mapping:

stack at sp + 0 slots: 0x0 is null
stack at sp + 1 slots: 0x00000185d41bec40 points into unknown readable memory: 0x3ffe195ca4dc284f | 4f 28 dc a4 5c 19 fe 3f
stack at sp + 2 slots: 0x00007ffd3d44c6e0 jvm.dll
stack at sp + 3 slots: 0x00007ffd530c66d0 glass.dll
stack at sp + 4 slots: 0x00000185d41bec48 points into unknown readable memory: 0x0000b0da9428284f | 4f 28 28 94 da b0 00 00
stack at sp + 5 slots: 0x00007ffd7ba442d6 ucrtbase.dll
stack at sp + 6 slots: 0x0000b0da9428284f is an unknown value
stack at sp + 7 slots: 0x0000018500000000 is an unknown value

VM_Operation (0x00000011a65ff300): Exit, mode: safepoint, requested by thread 0x00000185dd9f5970


---------------  P R O C E S S  ---------------

Threads class SMR info:
_java_thread_list=0x00000185d5bd34b0, length=23, elements={
0x00000185f09796b0, 0x00000185fd4fd4c0, 0x00000185fd4fe390, 0x00000185fd502d80,
0x00000185fd5037e0, 0x00000185fd504240, 0x00000185fd504fd0, 0x00000185fd52b0f0,
0x00000185d40c1c60, 0x00000185d49ed000, 0x00000185d4cbf210, 0x00000185d41a83c0,
0x00000185d49cf2a0, 0x00000185d49da0b0, 0x00000185d49551a0, 0x00000185d494f5f0,
0x00000185d4a30900, 0x00000185d4a2d480, 0x00000185d4a2e830, 0x00000185d4a2db10,
0x00000185dd9f5970, 0x00000185dd9f24f0, 0x00000185dd9f38a0
}
_to_delete_list=0x00000185d5bd2c40, length=24, elements={
0x00000185f09796b0, 0x00000185fd4fd4c0, 0x00000185fd4fe390, 0x00000185fd500310,
0x00000185fd502d80, 0x00000185fd5037e0, 0x00000185fd504240, 0x00000185fd504fd0,
0x00000185fd52b0f0, 0x00000185d40c1c60, 0x00000185d49ed000, 0x00000185d4cbf210,
0x00000185d41a83c0, 0x00000185d49cf2a0, 0x00000185d49da0b0, 0x00000185d49551a0,
0x00000185d494f5f0, 0x00000185d4a30900, 0x00000185d4a2d480, 0x00000185d4a2e830,
0x00000185d4a2db10, 0x00000185dd9f5970, 0x00000185dd9f24f0, 0x00000185dd9f38a0
}

Java Threads: ( => current thread )
  0x00000185f09796b0 JavaThread "main"                              [_thread_blocked, id=13092, stack(0x00000011a3f00000,0x00000011a4000000) (1024K)]
  0x00000185fd4fd4c0 JavaThread "Reference Handler"          daemon [_thread_blocked, id=10800, stack(0x00000011a4700000,0x00000011a4800000) (1024K)]
  0x00000185fd4fe390 JavaThread "Finalizer"                  daemon [_thread_blocked, id=7920, stack(0x00000011a4800000,0x00000011a4900000) (1024K)]
  0x00000185fd502d80 JavaThread "Attach Listener"            daemon [_thread_blocked, id=5460, stack(0x00000011a4a00000,0x00000011a4b00000) (1024K)]
  0x00000185fd5037e0 JavaThread "Service Thread"             daemon [_thread_blocked, id=12552, stack(0x00000011a4b00000,0x00000011a4c00000) (1024K)]
  0x00000185fd504240 JavaThread "Monitor Deflation Thread"   daemon [_thread_blocked, id=11900, stack(0x00000011a4c00000,0x00000011a4d00000) (1024K)]
  0x00000185fd504fd0 JavaThread "C2 CompilerThread0"         daemon [_thread_blocked, id=4444, stack(0x00000011a4d00000,0x00000011a4e00000) (1024K)]
  0x00000185fd52b0f0 JavaThread "C1 CompilerThread0"         daemon [_thread_blocked, id=10116, stack(0x00000011a4e00000,0x00000011a4f00000) (1024K)]
  0x00000185d40c1c60 JavaThread "Common-Cleaner"             daemon [_thread_blocked, id=688, stack(0x00000011a4f00000,0x00000011a5000000) (1024K)]
  0x00000185d49ed000 JavaThread "Monitor Ctrl-Break"         daemon [_thread_in_native, id=4952, stack(0x00000011a5100000,0x00000011a5200000) (1024K)]
  0x00000185d4cbf210 JavaThread "Notification Thread"        daemon [_thread_blocked, id=3524, stack(0x00000011a5200000,0x00000011a5300000) (1024K)]
  0x00000185d41a83c0 JavaThread "QuantumRenderer-0"          daemon [_thread_blocked, id=4872, stack(0x00000011a5300000,0x00000011a5400000) (1024K)]
  0x00000185d49cf2a0 JavaThread "InvokeLaterDispatcher"      daemon [_thread_blocked, id=5172, stack(0x00000011a5600000,0x00000011a5700000) (1024K)]
  0x00000185d49da0b0 JavaThread "JavaFX Application Thread"         [_thread_in_native, id=11052, stack(0x00000011a5700000,0x00000011a5800000) (1024K)]
  0x00000185d49551a0 JavaThread "JavaFX-Launcher"                   [_thread_blocked, id=12700, stack(0x00000011a5e00000,0x00000011a5f00000) (1024K)]
  0x00000185d494f5f0 JavaThread "Thread-2"                   daemon [_thread_in_native, id=8112, stack(0x00000011a5d00000,0x00000011a5e00000) (1024K)]
  0x00000185d4a30900 JavaThread "Prism Font Disposer"        daemon [_thread_blocked, id=8452, stack(0x00000011a6000000,0x00000011a6100000) (1024K)]
  0x00000185d4a2d480 JavaThread "Cleaner-0"                  daemon [_thread_blocked, id=9656, stack(0x00000011a6100000,0x00000011a6200000) (1024K)]
  0x00000185d4a2e830 JavaThread "Thread-3"                   daemon [_thread_in_native, id=9108, stack(0x00000011a6400000,0x00000011a6500000) (1024K)]
  0x00000185d4a2db10 JavaThread "Timer-0"                    daemon [_thread_blocked, id=11216, stack(0x00000011a5f00000,0x00000011a6000000) (1024K)]
  0x00000185dd9f5970 JavaThread "SIGINT handler"             daemon [_thread_blocked, id=2768, stack(0x00000011a6500000,0x00000011a6600000) (1024K)]
  0x00000185dd9f24f0 JavaThread "Glass/Prism Shutdown Hook"         [_thread_blocked, id=1164, stack(0x00000011a6700000,0x00000011a6800000) (1024K)]
  0x00000185dd9f38a0 JavaThread "Thread-9"                   daemon [_thread_blocked, id=10908, stack(0x00000011a6800000,0x00000011a6900000) (1024K)]
Total: 23

Other Threads:
=>0x00000185fd4e7aa0 VMThread "VM Thread"                           [id=1936, stack(0x00000011a4600000,0x00000011a4700000) (1024K)]
  0x00000185f09c8ac0 WorkerThread "GC Thread#0"                     [id=8640, stack(0x00000011a4000000,0x00000011a4100000) (1024K)]
  0x00000185d4c7f950 WorkerThread "GC Thread#1"                     [id=13208, stack(0x00000011a5000000,0x00000011a5100000) (1024K)]
  0x00000185f09db130 ConcurrentGCThread "G1 Main Marker"            terminated
  0x00000185f09dbc40 WorkerThread "G1 Conc#0"                       [id=10520, stack(0x00000011a4200000,0x00000011a4300000) (1024K)]
  0x00000185fd3b20c0 ConcurrentGCThread "G1 Refine#0"               terminated
  0x00000185f0a372a0 ConcurrentGCThread "G1 Service"                terminated
Total: 7

Threads with active compile tasks:
Total: 0

VM state: at safepoint (shutting down)

VM Mutex/Monitor currently owned by a thread:  ([mutex/lock_event])
[0x00007ffd3d424888] Threads_lock - owner thread: 0x00000185fd4e7aa0
[0x00007ffd3d424988] Heap_lock - owner thread: 0x00000185dd9f5970

Heap address: 0x0000000090c00000, size: 1780 MB, Compressed Oops mode: 32-bit

CDS archive(s) mapped at: [0x000001858f000000-0x000001858fd70000-0x000001858fd70000), size 14090240, SharedBaseAddress: 0x000001858f000000, ArchiveRelocationMode: 1.
Compressed class space mapped at: 0x0000018590000000-0x00000185d0000000, reserved size: 1073741824
Narrow klass base: 0x000001858f000000, Narrow klass shift: 0, Narrow klass range: 0x41000000

GC Precious Log:
 CardTable entry size: 512
 Card Set container configuration: InlinePtr #cards 5 size 8 Array Of Cards #cards 10 size 36 Howl #buckets 4 coarsen threshold 1843 Howl Bitmap #cards 512 size 80 coarsen threshold 460 Card regions per heap region 1 cards per card region 2048
 CPUs: 2 total, 2 available
 Memory: 7116M
 Large Page Support: Disabled
 NUMA Support: Disabled
 Compressed Oops: Enabled (32-bit)
 Heap Region Size: 1M
 Heap Min Capacity: 8M
 Heap Initial Capacity: 112M
 Heap Max Capacity: 1780M
 Pre-touch: Disabled
 Parallel Workers: 2
 Concurrent Workers: 1
 Concurrent Refinement Workers: 2
 Periodic GC: Disabled

Heap:
 garbage-first heap   total reserved 1822720K, committed 153600K, used 118742K [0x0000000090c00000, 0x0000000100000000)
  region size 1024K, 11 young (11264K), 3 survivors (3072K)
 Metaspace       used 25629K, committed 26048K, reserved 1114112K
  class space    used 3658K, committed 3840K, reserved 1048576K

Heap Regions: E=young(eden), S=young(survivor), O=old, HS=humongous(starts), HC=humongous(continues), CS=collection set, F=free, TAMS=top-at-mark-start, PB=parsable bottom
|   0|0x0000000090c00000, 0x0000000090d00000, 0x0000000090d00000|100%|HS|  |TAMS 0x0000000090c00000| PB 0x0000000090c00000| Complete |  0
|   1|0x0000000090d00000, 0x0000000090e00000, 0x0000000090e00000|100%| O|  |TAMS 0x0000000090d00000| PB 0x0000000090d00000| Untracked |  0
|   2|0x0000000090e00000, 0x0000000090f00000, 0x0000000090f00000|100%| O|  |TAMS 0x0000000090e00000| PB 0x0000000090e00000| Untracked |  0
|   3|0x0000000090f00000, 0x0000000090f00000, 0x0000000091000000|  0%| F|  |TAMS 0x0000000090f00000| PB 0x0000000090f00000| Untracked |  0
|   4|0x0000000091000000, 0x0000000091100000, 0x0000000091100000|100%| O|  |TAMS 0x0000000091000000| PB 0x0000000091000000| Untracked |  0
|   5|0x0000000091100000, 0x0000000091200000, 0x0000000091200000|100%| O|  |TAMS 0x0000000091100000| PB 0x0000000091100000| Untracked |  0
|   6|0x0000000091200000, 0x0000000091300000, 0x0000000091300000|100%| O|  |TAMS 0x0000000091200000| PB 0x0000000091200000| Untracked |  0
|   7|0x0000000091300000, 0x0000000091400000, 0x0000000091400000|100%| O|  |TAMS 0x0000000091300000| PB 0x0000000091300000| Untracked |  0
|   8|0x0000000091400000, 0x0000000091500000, 0x0000000091500000|100%|HS|  |TAMS 0x0000000091400000| PB 0x0000000091400000| Complete |  0
|   9|0x0000000091500000, 0x0000000091600000, 0x0000000091600000|100%|HC|  |TAMS 0x0000000091500000| PB 0x0000000091500000| Complete |  0
|  10|0x0000000091600000, 0x0000000091700000, 0x0000000091700000|100%|HC|  |TAMS 0x0000000091600000| PB 0x0000000091600000| Complete |  0
|  11|0x0000000091700000, 0x0000000091800000, 0x0000000091800000|100%|HC|  |TAMS 0x0000000091700000| PB 0x0000000091700000| Complete |  0
|  12|0x0000000091800000, 0x0000000091900000, 0x0000000091900000|100%|HC|  |TAMS 0x0000000091800000| PB 0x0000000091800000| Complete |  0
|  13|0x0000000091900000, 0x0000000091a00000, 0x0000000091a00000|100%|HC|  |TAMS 0x0000000091900000| PB 0x0000000091900000| Complete |  0
|  14|0x0000000091a00000, 0x0000000091b00000, 0x0000000091b00000|100%|HC|  |TAMS 0x0000000091a00000| PB 0x0000000091a00000| Complete |  0
|  15|0x0000000091b00000, 0x0000000091c00000, 0x0000000091c00000|100%|HS|  |TAMS 0x0000000091b00000| PB 0x0000000091b00000| Complete |  0
|  16|0x0000000091c00000, 0x0000000091d00000, 0x0000000091d00000|100%|HC|  |TAMS 0x0000000091c00000| PB 0x0000000091c00000| Complete |  0
|  17|0x0000000091d00000, 0x0000000091e00000, 0x0000000091e00000|100%|HC|  |TAMS 0x0000000091d00000| PB 0x0000000091d00000| Complete |  0
|  18|0x0000000091e00000, 0x0000000091f00000, 0x0000000091f00000|100%|HC|  |TAMS 0x0000000091e00000| PB 0x0000000091e00000| Complete |  0
|  19|0x0000000091f00000, 0x0000000092000000, 0x0000000092000000|100%|HS|  |TAMS 0x0000000091f00000| PB 0x0000000091f00000| Complete |  0
|  20|0x0000000092000000, 0x0000000092100000, 0x0000000092100000|100%|HC|  |TAMS 0x0000000092000000| PB 0x0000000092000000| Complete |  0
|  21|0x0000000092100000, 0x0000000092100000, 0x0000000092200000|  0%| F|  |TAMS 0x0000000092100000| PB 0x0000000092100000| Untracked |  0
|  22|0x0000000092200000, 0x0000000092300000, 0x0000000092300000|100%|HS|  |TAMS 0x0000000092200000| PB 0x0000000092200000| Complete |  0
|  23|0x0000000092300000, 0x0000000092400000, 0x0000000092400000|100%|HC|  |TAMS 0x0000000092300000| PB 0x0000000092300000| Complete |  0
|  24|0x0000000092400000, 0x0000000092500000, 0x0000000092500000|100%| O|  |TAMS 0x0000000092400000| PB 0x0000000092400000| Untracked |  0
|  25|0x0000000092500000, 0x0000000092600000, 0x0000000092600000|100%| O|  |TAMS 0x0000000092500000| PB 0x0000000092500000| Untracked |  0
|  26|0x0000000092600000, 0x0000000092600000, 0x0000000092700000|  0%| F|  |TAMS 0x0000000092600000| PB 0x0000000092600000| Untracked |  0
|  27|0x0000000092700000, 0x0000000092800000, 0x0000000092800000|100%|HS|  |TAMS 0x0000000092700000| PB 0x0000000092700000| Complete |  0
|  28|0x0000000092800000, 0x0000000092900000, 0x0000000092900000|100%|HC|  |TAMS 0x0000000092800000| PB 0x0000000092800000| Complete |  0
|  29|0x0000000092900000, 0x0000000092a00000, 0x0000000092a00000|100%|HC|  |TAMS 0x0000000092900000| PB 0x0000000092900000| Complete |  0
|  30|0x0000000092a00000, 0x0000000092b00000, 0x0000000092b00000|100%|HC|  |TAMS 0x0000000092a00000| PB 0x0000000092a00000| Complete |  0
|  31|0x0000000092b00000, 0x0000000092b00000, 0x0000000092c00000|  0%| F|  |TAMS 0x0000000092b00000| PB 0x0000000092b00000| Untracked |  0
|  32|0x0000000092c00000, 0x0000000092c00000, 0x0000000092d00000|  0%| F|  |TAMS 0x0000000092c00000| PB 0x0000000092c00000| Untracked |  0
|  33|0x0000000092d00000, 0x0000000092d00000, 0x0000000092e00000|  0%| F|  |TAMS 0x0000000092d00000| PB 0x0000000092d00000| Untracked |  0
|  34|0x0000000092e00000, 0x0000000092f00000, 0x0000000092f00000|100%|HS|  |TAMS 0x0000000092e00000| PB 0x0000000092e00000| Complete |  0
|  35|0x0000000092f00000, 0x0000000093000000, 0x0000000093000000|100%|HC|  |TAMS 0x0000000092f00000| PB 0x0000000092f00000| Complete |  0
|  36|0x0000000093000000, 0x0000000093100000, 0x0000000093100000|100%|HS|  |TAMS 0x0000000093000000| PB 0x0000000093000000| Complete |  0
|  37|0x0000000093100000, 0x0000000093200000, 0x0000000093200000|100%|HC|  |TAMS 0x0000000093100000| PB 0x0000000093100000| Complete |  0
|  38|0x0000000093200000, 0x0000000093300000, 0x0000000093300000|100%|HC|  |TAMS 0x0000000093200000| PB 0x0000000093200000| Complete |  0
|  39|0x0000000093300000, 0x0000000093400000, 0x0000000093400000|100%|HC|  |TAMS 0x0000000093300000| PB 0x0000000093300000| Complete |  0
|  40|0x0000000093400000, 0x0000000093500000, 0x0000000093500000|100%|HS|  |TAMS 0x0000000093400000| PB 0x0000000093400000| Complete |  0
|  41|0x0000000093500000, 0x0000000093600000, 0x0000000093600000|100%|HC|  |TAMS 0x0000000093500000| PB 0x0000000093500000| Complete |  0
|  42|0x0000000093600000, 0x0000000093700000, 0x0000000093700000|100%|HC|  |TAMS 0x0000000093600000| PB 0x0000000093600000| Complete |  0
|  43|0x0000000093700000, 0x0000000093800000, 0x0000000093800000|100%|HC|  |TAMS 0x0000000093700000| PB 0x0000000093700000| Complete |  0
|  44|0x0000000093800000, 0x0000000093900000, 0x0000000093900000|100%|HS|  |TAMS 0x0000000093800000| PB 0x0000000093800000| Complete |  0
|  45|0x0000000093900000, 0x0000000093a00000, 0x0000000093a00000|100%|HC|  |TAMS 0x0000000093900000| PB 0x0000000093900000| Complete |  0
|  46|0x0000000093a00000, 0x0000000093b00000, 0x0000000093b00000|100%|HC|  |TAMS 0x0000000093a00000| PB 0x0000000093a00000| Complete |  0
|  47|0x0000000093b00000, 0x0000000093c00000, 0x0000000093c00000|100%|HC|  |TAMS 0x0000000093b00000| PB 0x0000000093b00000| Complete |  0
|  48|0x0000000093c00000, 0x0000000093c00000, 0x0000000093d00000|  0%| F|  |TAMS 0x0000000093c00000| PB 0x0000000093c00000| Untracked |  0
|  49|0x0000000093d00000, 0x0000000093e00000, 0x0000000093e00000|100%|HS|  |TAMS 0x0000000093d00000| PB 0x0000000093d00000| Complete |  0
|  50|0x0000000093e00000, 0x0000000093f00000, 0x0000000093f00000|100%|HC|  |TAMS 0x0000000093e00000| PB 0x0000000093e00000| Complete |  0
|  51|0x0000000093f00000, 0x0000000094000000, 0x0000000094000000|100%|HS|  |TAMS 0x0000000093f00000| PB 0x0000000093f00000| Complete |  0
|  52|0x0000000094000000, 0x0000000094100000, 0x0000000094100000|100%|HC|  |TAMS 0x0000000094000000| PB 0x0000000094000000| Complete |  0
|  53|0x0000000094100000, 0x0000000094200000, 0x0000000094200000|100%|HC|  |TAMS 0x0000000094100000| PB 0x0000000094100000| Complete |  0
|  54|0x0000000094200000, 0x0000000094300000, 0x0000000094300000|100%|HC|  |TAMS 0x0000000094200000| PB 0x0000000094200000| Complete |  0
|  55|0x0000000094300000, 0x0000000094300000, 0x0000000094400000|  0%| F|  |TAMS 0x0000000094300000| PB 0x0000000094300000| Untracked |  0
|  56|0x0000000094400000, 0x0000000094500000, 0x0000000094500000|100%|HS|  |TAMS 0x0000000094400000| PB 0x0000000094400000| Complete |  0
|  57|0x0000000094500000, 0x0000000094600000, 0x0000000094600000|100%|HC|  |TAMS 0x0000000094500000| PB 0x0000000094500000| Complete |  0
|  58|0x0000000094600000, 0x0000000094700000, 0x0000000094700000|100%|HC|  |TAMS 0x0000000094600000| PB 0x0000000094600000| Complete |  0
|  59|0x0000000094700000, 0x0000000094800000, 0x0000000094800000|100%|HC|  |TAMS 0x0000000094700000| PB 0x0000000094700000| Complete |  0
|  60|0x0000000094800000, 0x0000000094900000, 0x0000000094900000|100%|HS|  |TAMS 0x0000000094800000| PB 0x0000000094800000| Complete |  0
|  61|0x0000000094900000, 0x0000000094a00000, 0x0000000094a00000|100%|HC|  |TAMS 0x0000000094900000| PB 0x0000000094900000| Complete |  0
|  62|0x0000000094a00000, 0x0000000094b00000, 0x0000000094b00000|100%|HS|  |TAMS 0x0000000094a00000| PB 0x0000000094a00000| Complete |  0
|  63|0x0000000094b00000, 0x0000000094c00000, 0x0000000094c00000|100%|HC|  |TAMS 0x0000000094b00000| PB 0x0000000094b00000| Complete |  0
|  64|0x0000000094c00000, 0x0000000094d00000, 0x0000000094d00000|100%|HS|  |TAMS 0x0000000094c00000| PB 0x0000000094c00000| Complete |  0
|  65|0x0000000094d00000, 0x0000000094e00000, 0x0000000094e00000|100%|HC|  |TAMS 0x0000000094d00000| PB 0x0000000094d00000| Complete |  0
|  66|0x0000000094e00000, 0x0000000094f00000, 0x0000000094f00000|100%|HC|  |TAMS 0x0000000094e00000| PB 0x0000000094e00000| Complete |  0
|  67|0x0000000094f00000, 0x0000000095000000, 0x0000000095000000|100%|HC|  |TAMS 0x0000000094f00000| PB 0x0000000094f00000| Complete |  0
|  68|0x0000000095000000, 0x0000000095000000, 0x0000000095100000|  0%| F|  |TAMS 0x0000000095000000| PB 0x0000000095000000| Untracked |  0
|  69|0x0000000095100000, 0x0000000095200000, 0x0000000095200000|100%|HS|  |TAMS 0x0000000095100000| PB 0x0000000095100000| Complete |  0
|  70|0x0000000095200000, 0x0000000095300000, 0x0000000095300000|100%|HC|  |TAMS 0x0000000095200000| PB 0x0000000095200000| Complete |  0
|  71|0x0000000095300000, 0x0000000095400000, 0x0000000095400000|100%|HC|  |TAMS 0x0000000095300000| PB 0x0000000095300000| Complete |  0
|  72|0x0000000095400000, 0x0000000095500000, 0x0000000095500000|100%|HC|  |TAMS 0x0000000095400000| PB 0x0000000095400000| Complete |  0
|  73|0x0000000095500000, 0x0000000095600000, 0x0000000095600000|100%|HS|  |TAMS 0x0000000095500000| PB 0x0000000095500000| Complete |  0
|  74|0x0000000095600000, 0x0000000095700000, 0x0000000095700000|100%|HC|  |TAMS 0x0000000095600000| PB 0x0000000095600000| Complete |  0
|  75|0x0000000095700000, 0x0000000095800000, 0x0000000095800000|100%|HS|  |TAMS 0x0000000095700000| PB 0x0000000095700000| Complete |  0
|  76|0x0000000095800000, 0x0000000095900000, 0x0000000095900000|100%|HC|  |TAMS 0x0000000095800000| PB 0x0000000095800000| Complete |  0
|  77|0x0000000095900000, 0x0000000095900000, 0x0000000095a00000|  0%| F|  |TAMS 0x0000000095900000| PB 0x0000000095900000| Untracked |  0
|  78|0x0000000095a00000, 0x0000000095a00000, 0x0000000095b00000|  0%| F|  |TAMS 0x0000000095a00000| PB 0x0000000095a00000| Untracked |  0
|  79|0x0000000095b00000, 0x0000000095c00000, 0x0000000095c00000|100%|HS|  |TAMS 0x0000000095b00000| PB 0x0000000095b00000| Complete |  0
|  80|0x0000000095c00000, 0x0000000095d00000, 0x0000000095d00000|100%|HC|  |TAMS 0x0000000095c00000| PB 0x0000000095c00000| Complete |  0
|  81|0x0000000095d00000, 0x0000000095e00000, 0x0000000095e00000|100%|HC|  |TAMS 0x0000000095d00000| PB 0x0000000095d00000| Complete |  0
|  82|0x0000000095e00000, 0x0000000095f00000, 0x0000000095f00000|100%|HC|  |TAMS 0x0000000095e00000| PB 0x0000000095e00000| Complete |  0
|  83|0x0000000095f00000, 0x0000000096000000, 0x0000000096000000|100%|HS|  |TAMS 0x0000000095f00000| PB 0x0000000095f00000| Complete |  0
|  84|0x0000000096000000, 0x0000000096100000, 0x0000000096100000|100%|HC|  |TAMS 0x0000000096000000| PB 0x0000000096000000| Complete |  0
|  85|0x0000000096100000, 0x0000000096200000, 0x0000000096200000|100%|HS|  |TAMS 0x0000000096100000| PB 0x0000000096100000| Complete |  0
|  86|0x0000000096200000, 0x0000000096300000, 0x0000000096300000|100%|HC|  |TAMS 0x0000000096200000| PB 0x0000000096200000| Complete |  0
|  87|0x0000000096300000, 0x0000000096400000, 0x0000000096400000|100%|HS|  |TAMS 0x0000000096300000| PB 0x0000000096300000| Complete |  0
|  88|0x0000000096400000, 0x0000000096500000, 0x0000000096500000|100%|HC|  |TAMS 0x0000000096400000| PB 0x0000000096400000| Complete |  0
|  89|0x0000000096500000, 0x0000000096600000, 0x0000000096600000|100%|HC|  |TAMS 0x0000000096500000| PB 0x0000000096500000| Complete |  0
|  90|0x0000000096600000, 0x0000000096700000, 0x0000000096700000|100%|HC|  |TAMS 0x0000000096600000| PB 0x0000000096600000| Complete |  0
|  91|0x0000000096700000, 0x0000000096700000, 0x0000000096800000|  0%| F|  |TAMS 0x0000000096700000| PB 0x0000000096700000| Untracked |  0
|  92|0x0000000096800000, 0x0000000096900000, 0x0000000096900000|100%|HS|  |TAMS 0x0000000096800000| PB 0x0000000096800000| Complete |  0
|  93|0x0000000096900000, 0x0000000096a00000, 0x0000000096a00000|100%|HC|  |TAMS 0x0000000096900000| PB 0x0000000096900000| Complete |  0
|  94|0x0000000096a00000, 0x0000000096b00000, 0x0000000096b00000|100%|HC|  |TAMS 0x0000000096a00000| PB 0x0000000096a00000| Complete |  0
|  95|0x0000000096b00000, 0x0000000096c00000, 0x0000000096c00000|100%|HC|  |TAMS 0x0000000096b00000| PB 0x0000000096b00000| Complete |  0
|  96|0x0000000096c00000, 0x0000000096c00000, 0x0000000096d00000|  0%| F|  |TAMS 0x0000000096c00000| PB 0x0000000096c00000| Untracked |  0
|  97|0x0000000096d00000, 0x0000000096d00000, 0x0000000096e00000|  0%| F|  |TAMS 0x0000000096d00000| PB 0x0000000096d00000| Untracked |  0
|  98|0x0000000096e00000, 0x0000000096e00000, 0x0000000096f00000|  0%| F|  |TAMS 0x0000000096e00000| PB 0x0000000096e00000| Untracked |  0
|  99|0x0000000096f00000, 0x0000000096f00000, 0x0000000097000000|  0%| F|  |TAMS 0x0000000096f00000| PB 0x0000000096f00000| Untracked |  0
| 100|0x0000000097000000, 0x0000000097100000, 0x0000000097100000|100%|HS|  |TAMS 0x0000000097000000| PB 0x0000000097000000| Complete |  0
| 101|0x0000000097100000, 0x0000000097200000, 0x0000000097200000|100%|HC|  |TAMS 0x0000000097100000| PB 0x0000000097100000| Complete |  0
| 102|0x0000000097200000, 0x0000000097200000, 0x0000000097300000|  0%| F|  |TAMS 0x0000000097200000| PB 0x0000000097200000| Untracked |  0
| 103|0x0000000097300000, 0x0000000097300000, 0x0000000097400000|  0%| F|  |TAMS 0x0000000097300000| PB 0x0000000097300000| Untracked |  0
| 104|0x0000000097400000, 0x0000000097500000, 0x0000000097500000|100%|HS|  |TAMS 0x0000000097400000| PB 0x0000000097400000| Complete |  0
| 105|0x0000000097500000, 0x0000000097600000, 0x0000000097600000|100%|HC|  |TAMS 0x0000000097500000| PB 0x0000000097500000| Complete |  0
| 106|0x0000000097600000, 0x0000000097700000, 0x0000000097700000|100%|HC|  |TAMS 0x0000000097600000| PB 0x0000000097600000| Complete |  0
| 107|0x0000000097700000, 0x0000000097800000, 0x0000000097800000|100%|HC|  |TAMS 0x0000000097700000| PB 0x0000000097700000| Complete |  0
| 108|0x0000000097800000, 0x0000000097800000, 0x0000000097900000|  0%| F|  |TAMS 0x0000000097800000| PB 0x0000000097800000| Untracked |  0
| 109|0x0000000097900000, 0x0000000097a00000, 0x0000000097a00000|100%|HS|  |TAMS 0x0000000097900000| PB 0x0000000097900000| Complete |  0
| 110|0x0000000097a00000, 0x0000000097b00000, 0x0000000097b00000|100%|HC|  |TAMS 0x0000000097a00000| PB 0x0000000097a00000| Complete |  0
| 111|0x0000000097b00000, 0x0000000097c00000, 0x0000000097c00000|100%|HC|  |TAMS 0x0000000097b00000| PB 0x0000000097b00000| Complete |  0
| 112|0x0000000097c00000, 0x0000000097d00000, 0x0000000097d00000|100%|HC|  |TAMS 0x0000000097c00000| PB 0x0000000097c00000| Complete |  0
| 113|0x0000000097d00000, 0x0000000097e00000, 0x0000000097e00000|100%|HS|  |TAMS 0x0000000097d00000| PB 0x0000000097d00000| Complete |  0
| 114|0x0000000097e00000, 0x0000000097f00000, 0x0000000097f00000|100%|HC|  |TAMS 0x0000000097e00000| PB 0x0000000097e00000| Complete |  0
| 115|0x0000000097f00000, 0x0000000098000000, 0x0000000098000000|100%|HC|  |TAMS 0x0000000097f00000| PB 0x0000000097f00000| Complete |  0
| 116|0x0000000098000000, 0x0000000098100000, 0x0000000098100000|100%|HC|  |TAMS 0x0000000098000000| PB 0x0000000098000000| Complete |  0
| 117|0x0000000098100000, 0x0000000098100000, 0x0000000098200000|  0%| F|  |TAMS 0x0000000098100000| PB 0x0000000098100000| Untracked |  0
| 118|0x0000000098200000, 0x0000000098200000, 0x0000000098300000|  0%| F|  |TAMS 0x0000000098200000| PB 0x0000000098200000| Untracked |  0
| 119|0x0000000098300000, 0x0000000098400000, 0x0000000098400000|100%| S|CS|TAMS 0x0000000098300000| PB 0x0000000098300000| Complete |  0
| 120|0x0000000098400000, 0x0000000098500000, 0x0000000098500000|100%| S|CS|TAMS 0x0000000098400000| PB 0x0000000098400000| Complete |  0
| 121|0x0000000098500000, 0x0000000098600000, 0x0000000098600000|100%| S|CS|TAMS 0x0000000098500000| PB 0x0000000098500000| Complete |  0
| 122|0x0000000098600000, 0x0000000098600000, 0x0000000098700000|  0%| F|  |TAMS 0x0000000098600000| PB 0x0000000098600000| Untracked |  0
| 123|0x0000000098700000, 0x0000000098700000, 0x0000000098800000|  0%| F|  |TAMS 0x0000000098700000| PB 0x0000000098700000| Untracked |  0
| 124|0x0000000098800000, 0x0000000098800000, 0x0000000098900000|  0%| F|  |TAMS 0x0000000098800000| PB 0x0000000098800000| Untracked |  0
| 125|0x0000000098900000, 0x0000000098900000, 0x0000000098a00000|  0%| F|  |TAMS 0x0000000098900000| PB 0x0000000098900000| Untracked |  0
| 126|0x0000000098a00000, 0x0000000098a00000, 0x0000000098b00000|  0%| F|  |TAMS 0x0000000098a00000| PB 0x0000000098a00000| Untracked |  0
| 127|0x0000000098b00000, 0x0000000098b00000, 0x0000000098c00000|  0%| F|  |TAMS 0x0000000098b00000| PB 0x0000000098b00000| Untracked |  0
| 128|0x0000000098c00000, 0x0000000098c00000, 0x0000000098d00000|  0%| F|  |TAMS 0x0000000098c00000| PB 0x0000000098c00000| Untracked |  0
| 129|0x0000000098d00000, 0x0000000098d00000, 0x0000000098e00000|  0%| F|  |TAMS 0x0000000098d00000| PB 0x0000000098d00000| Untracked |  0
| 130|0x0000000098e00000, 0x0000000098e00000, 0x0000000098f00000|  0%| F|  |TAMS 0x0000000098e00000| PB 0x0000000098e00000| Untracked |  0
| 131|0x0000000098f00000, 0x0000000098f00000, 0x0000000099000000|  0%| F|  |TAMS 0x0000000098f00000| PB 0x0000000098f00000| Untracked |  0
| 132|0x0000000099000000, 0x0000000099000000, 0x0000000099100000|  0%| F|  |TAMS 0x0000000099000000| PB 0x0000000099000000| Untracked |  0
| 133|0x0000000099100000, 0x0000000099100000, 0x0000000099200000|  0%| F|  |TAMS 0x0000000099100000| PB 0x0000000099100000| Untracked |  0
| 134|0x0000000099200000, 0x0000000099294818, 0x0000000099300000| 58%| E|  |TAMS 0x0000000099200000| PB 0x0000000099200000| Complete |  0
| 135|0x0000000099300000, 0x0000000099400000, 0x0000000099400000|100%| E|CS|TAMS 0x0000000099300000| PB 0x0000000099300000| Complete |  0
| 136|0x0000000099400000, 0x0000000099500000, 0x0000000099500000|100%| E|CS|TAMS 0x0000000099400000| PB 0x0000000099400000| Complete |  0
| 137|0x0000000099500000, 0x0000000099600000, 0x0000000099600000|100%| E|CS|TAMS 0x0000000099500000| PB 0x0000000099500000| Complete |  0
| 138|0x0000000099600000, 0x0000000099700000, 0x0000000099700000|100%| E|CS|TAMS 0x0000000099600000| PB 0x0000000099600000| Complete |  0
| 139|0x0000000099700000, 0x0000000099800000, 0x0000000099800000|100%| E|CS|TAMS 0x0000000099700000| PB 0x0000000099700000| Complete |  0
| 140|0x0000000099800000, 0x0000000099900000, 0x0000000099900000|100%| E|CS|TAMS 0x0000000099800000| PB 0x0000000099800000| Complete |  0
| 141|0x0000000099900000, 0x0000000099a00000, 0x0000000099a00000|100%| E|CS|TAMS 0x0000000099900000| PB 0x0000000099900000| Complete |  0
|1772|0x00000000ff800000, 0x00000000ff8f5970, 0x00000000ff900000| 95%| O|  |TAMS 0x00000000ff800000| PB 0x00000000ff800000| Untracked |  0
|1773|0x00000000ff900000, 0x00000000ffa00000, 0x00000000ffa00000|100%| O|Cm|TAMS 0x00000000ff900000| PB 0x00000000ff900000| Complete |  0
|1774|0x00000000ffa00000, 0x00000000ffb00000, 0x00000000ffb00000|100%| O|  |TAMS 0x00000000ffa00000| PB 0x00000000ffa00000| Untracked |  0
|1775|0x00000000ffb00000, 0x00000000ffc00000, 0x00000000ffc00000|100%| O|  |TAMS 0x00000000ffb00000| PB 0x00000000ffb00000| Untracked |  0
|1776|0x00000000ffc00000, 0x00000000ffd00000, 0x00000000ffd00000|100%| O|  |TAMS 0x00000000ffc00000| PB 0x00000000ffc00000| Untracked |  0
|1777|0x00000000ffd00000, 0x00000000ffe00000, 0x00000000ffe00000|100%| O|  |TAMS 0x00000000ffd00000| PB 0x00000000ffd00000| Untracked |  0
|1778|0x00000000ffe00000, 0x00000000fff00000, 0x00000000fff00000|100%| O|  |TAMS 0x00000000ffe00000| PB 0x00000000ffe00000| Untracked |  0
|1779|0x00000000fff00000, 0x0000000100000000, 0x0000000100000000|100%| O|  |TAMS 0x00000000fff00000| PB 0x00000000fff00000| Untracked |  0

Card table byte_map: [0x00000185f9440000,0x00000185f97c0000] _byte_map_base: 0x00000185f8fba000

Marking Bits: (CMBitMap*) 0x00000185f09c91d0
 Bits: [0x00000185f97c0000, 0x00000185fb390000)

Polling page: 0x00000185ee750000

Metaspace:

Usage:
  Non-class:     21.46 MB used.
      Class:      3.57 MB used.
       Both:     25.03 MB used.

Virtual space:
  Non-class space:       64.00 MB reserved,      21.69 MB ( 34%) committed,  1 nodes.
      Class space:        1.00 GB reserved,       3.75 MB ( <1%) committed,  1 nodes.
             Both:        1.06 GB reserved,      25.44 MB (  2%) committed. 

Chunk freelists:
   Non-Class:  9.73 MB
       Class:  12.08 MB
        Both:  21.81 MB

MaxMetaspaceSize: unlimited
CompressedClassSpaceSize: 1.00 GB
Initial GC threshold: 21.00 MB
Current GC threshold: 40.88 MB
CDS: on
 - commit_granule_bytes: 65536.
 - commit_granule_words: 8192.
 - virtual_space_node_default_size: 8388608.
 - enlarge_chunks_in_place: 1.
 - use_allocation_guard: 0.


Internal statistics:

num_allocs_failed_limit: 3.
num_arena_births: 500.
num_arena_deaths: 0.
num_vsnodes_births: 2.
num_vsnodes_deaths: 0.
num_space_committed: 407.
num_space_uncommitted: 0.
num_chunks_returned_to_freelist: 3.
num_chunks_taken_from_freelist: 1379.
num_chunk_merges: 3.
num_chunk_splits: 895.
num_chunks_enlarged: 609.
num_inconsistent_stats: 0.

CodeHeap 'non-profiled nmethods': size=120128Kb used=2297Kb max_used=2297Kb free=117830Kb
 bounds [0x0000018587ab0000, 0x0000018587d20000, 0x000001858f000000]
CodeHeap 'profiled nmethods': size=120000Kb used=9716Kb max_used=9716Kb free=110283Kb
 bounds [0x0000018580000000, 0x0000018580980000, 0x0000018587530000]
CodeHeap 'non-nmethods': size=5632Kb used=1863Kb max_used=1910Kb free=3768Kb
 bounds [0x0000018587530000, 0x00000185877a0000, 0x0000018587ab0000]
CodeCache: size=245760Kb, used=13876Kb, max_used=13923Kb, free=231881Kb
 total_blobs=6891, nmethods=6001, adapters=793, full_count=0
Compilation: enabled, stopped_count=0, restarted_count=0

Compilation events (20 events):
Event: 31.703 Thread 0x00000185fd52b0f0 nmethod 6731 0x000001858097ae08 code [0x000001858097af20, 0x000001858097b028]
Event: 31.709 Thread 0x00000185fd52b0f0 6732       3       com.google.gson.stream.JsonReader::nextQuotedValue (270 bytes)
Event: 31.711 Thread 0x00000185fd52b0f0 nmethod 6732 0x000001858097b108 code [0x000001858097b400, 0x000001858097c860]
Event: 32.044 Thread 0x00000185fd52b0f0 6733       2       javafx.scene.Parent::computeViewOrderChildren (93 bytes)
Event: 32.045 Thread 0x00000185fd52b0f0 nmethod 6733 0x000001858097c908 code [0x000001858097caa0, 0x000001858097cea0]
Event: 32.130 Thread 0x00000185fd504fd0 nmethod 6672 0x0000018587ce3b88 code [0x0000018587ce4580, 0x0000018587cecb58]
Event: 32.132 Thread 0x00000185fd504fd0 6720       4       java.util.HashMap::<init> (11 bytes)
Event: 32.133 Thread 0x00000185fd504fd0 nmethod 6720 0x0000018587ced488 code [0x0000018587ced580, 0x0000018587ced600]
Event: 32.133 Thread 0x00000185fd504fd0 6726       4       javafx.scene.paint.Color::getOpacity (6 bytes)
Event: 32.133 Thread 0x00000185fd504fd0 nmethod 6726 0x0000018587ced788 code [0x0000018587ced880, 0x0000018587ced900]
Event: 32.133 Thread 0x00000185fd504fd0 6719       4       java.util.AbstractList$SubList$1::hasNext (20 bytes)
Event: 32.134 Thread 0x00000185fd504fd0 nmethod 6719 0x0000018587ceda88 code [0x0000018587cedba0, 0x0000018587cedc88]
Event: 32.134 Thread 0x00000185fd504fd0 6694       4       com.sun.prism.impl.ps.BaseShaderContext::validateLCDBuffer (72 bytes)
Event: 32.137 Thread 0x00000185fd504fd0 nmethod 6694 0x0000018587cedd88 code [0x0000018587cedec0, 0x0000018587cee068]
Event: 32.137 Thread 0x00000185fd504fd0 6693       4       com.sun.javafx.geom.RectBounds::unionWith (82 bytes)
Event: 32.139 Thread 0x00000185fd504fd0 nmethod 6693 0x0000018587cee108 code [0x0000018587cee220, 0x0000018587cee418]
Event: 32.139 Thread 0x00000185fd504fd0 6727       4       javafx.css.SizeUnits$1::pixels (8 bytes)
Event: 32.139 Thread 0x00000185fd504fd0 nmethod 6727 0x0000018587cee488 code [0x0000018587cee5a0, 0x0000018587cee628]
Event: 39.967 Thread 0x00000185fd52b0f0 6734       3       java.util.concurrent.ConcurrentHashMap$BaseIterator::<init> (21 bytes)
Event: 39.968 Thread 0x00000185fd52b0f0 nmethod 6734 0x000001858097cf08 code [0x000001858097d040, 0x000001858097d220]

GC Heap History (20 events):
Event: 4.804 GC heap before
{Heap before GC invocations=4 (full 0):
 garbage-first heap   total reserved 1822720K, committed 114688K, used 26586K [0x0000000090c00000, 0x0000000100000000)
  region size 1024K, 22 young (22528K), 3 survivors (3072K)
 Metaspace       used 12332K, committed 12672K, reserved 1114112K
  class space    used 1674K, committed 1856K, reserved 1048576K
}
Event: 4.821 GC heap after
{Heap after GC invocations=5 (full 0):
 garbage-first heap   total reserved 1822720K, committed 114688K, used 11031K [0x0000000090c00000, 0x0000000100000000)
  region size 1024K, 3 young (3072K), 3 survivors (3072K)
 Metaspace       used 12332K, committed 12672K, reserved 1114112K
  class space    used 1674K, committed 1856K, reserved 1048576K
}
Event: 10.352 GC heap before
{Heap before GC invocations=5 (full 0):
 garbage-first heap   total reserved 1822720K, committed 114688K, used 56087K [0x0000000090c00000, 0x0000000100000000)
  region size 1024K, 32 young (32768K), 3 survivors (3072K)
 Metaspace       used 19151K, committed 19520K, reserved 1114112K
  class space    used 2828K, committed 3008K, reserved 1048576K
}
Event: 10.368 GC heap after
{Heap after GC invocations=6 (full 0):
 garbage-first heap   total reserved 1822720K, committed 114688K, used 22416K [0x0000000090c00000, 0x0000000100000000)
  region size 1024K, 3 young (3072K), 3 survivors (3072K)
 Metaspace       used 19151K, committed 19520K, reserved 1114112K
  class space    used 2828K, committed 3008K, reserved 1048576K
}
Event: 20.363 GC heap before
{Heap before GC invocations=6 (full 0):
 garbage-first heap   total reserved 1822720K, committed 114688K, used 31632K [0x0000000090c00000, 0x0000000100000000)
  region size 1024K, 13 young (13312K), 3 survivors (3072K)
 Metaspace       used 21183K, committed 21504K, reserved 1114112K
  class space    used 3000K, committed 3136K, reserved 1048576K
}
Event: 20.376 GC heap after
{Heap after GC invocations=7 (full 0):
 garbage-first heap   total reserved 1822720K, committed 114688K, used 23483K [0x0000000090c00000, 0x0000000100000000)
  region size 1024K, 4 young (4096K), 4 survivors (4096K)
 Metaspace       used 21183K, committed 21504K, reserved 1114112K
  class space    used 3000K, committed 3136K, reserved 1048576K
}
Event: 23.105 GC heap before
{Heap before GC invocations=8 (full 0):
 garbage-first heap   total reserved 1822720K, committed 81920K, used 79803K [0x0000000090c00000, 0x0000000100000000)
  region size 1024K, 30 young (30720K), 4 survivors (4096K)
 Metaspace       used 24405K, committed 24832K, reserved 1114112K
  class space    used 3590K, committed 3776K, reserved 1048576K
}
Event: 23.124 GC heap after
{Heap after GC invocations=9 (full 0):
 garbage-first heap   total reserved 1822720K, committed 89088K, used 40458K [0x0000000090c00000, 0x0000000100000000)
  region size 1024K, 6 young (6144K), 6 survivors (6144K)
 Metaspace       used 24405K, committed 24832K, reserved 1114112K
  class space    used 3590K, committed 3776K, reserved 1048576K
}
Event: 23.618 GC heap before
{Heap before GC invocations=9 (full 0):
 garbage-first heap   total reserved 1822720K, committed 96256K, used 93706K [0x0000000090c00000, 0x0000000100000000)
  region size 1024K, 13 young (13312K), 6 survivors (6144K)
 Metaspace       used 24491K, committed 24896K, reserved 1114112K
  class space    used 3597K, committed 3776K, reserved 1048576K
}
Event: 23.642 GC heap after
{Heap after GC invocations=10 (full 0):
 garbage-first heap   total reserved 1822720K, committed 104448K, used 51685K [0x0000000090c00000, 0x0000000100000000)
  region size 1024K, 1 young (1024K), 1 survivors (1024K)
 Metaspace       used 24491K, committed 24896K, reserved 1114112K
  class space    used 3597K, committed 3776K, reserved 1048576K
}
Event: 23.688 GC heap before
{Heap before GC invocations=10 (full 0):
 garbage-first heap   total reserved 1822720K, committed 104448K, used 51685K [0x0000000090c00000, 0x0000000100000000)
  region size 1024K, 2 young (2048K), 1 survivors (1024K)
 Metaspace       used 24491K, committed 24896K, reserved 1114112K
  class space    used 3597K, committed 3776K, reserved 1048576K
}
Event: 23.691 GC heap after
{Heap after GC invocations=11 (full 0):
 garbage-first heap   total reserved 1822720K, committed 104448K, used 51428K [0x0000000090c00000, 0x0000000100000000)
  region size 1024K, 1 young (1024K), 1 survivors (1024K)
 Metaspace       used 24491K, committed 24896K, reserved 1114112K
  class space    used 3597K, committed 3776K, reserved 1048576K
}
Event: 24.226 GC heap before
{Heap before GC invocations=12 (full 0):
 garbage-first heap   total reserved 1822720K, committed 110592K, used 107748K [0x0000000090c00000, 0x0000000100000000)
  region size 1024K, 8 young (8192K), 1 survivors (1024K)
 Metaspace       used 24610K, committed 25024K, reserved 1114112K
  class space    used 3598K, committed 3776K, reserved 1048576K
}
Event: 24.230 GC heap after
{Heap after GC invocations=13 (full 0):
 garbage-first heap   total reserved 1822720K, committed 111616K, used 74172K [0x0000000090c00000, 0x0000000100000000)
  region size 1024K, 1 young (1024K), 1 survivors (1024K)
 Metaspace       used 24610K, committed 25024K, reserved 1114112K
  class space    used 3598K, committed 3776K, reserved 1048576K
}
Event: 24.541 GC heap before
{Heap before GC invocations=13 (full 0):
 garbage-first heap   total reserved 1822720K, committed 120832K, used 118204K [0x0000000090c00000, 0x0000000100000000)
  region size 1024K, 7 young (7168K), 1 survivors (1024K)
 Metaspace       used 24663K, committed 25088K, reserved 1114112K
  class space    used 3599K, committed 3776K, reserved 1048576K
}
Event: 24.546 GC heap after
{Heap after GC invocations=14 (full 0):
 garbage-first heap   total reserved 1822720K, committed 122880K, used 90825K [0x0000000090c00000, 0x0000000100000000)
  region size 1024K, 2 young (2048K), 2 survivors (2048K)
 Metaspace       used 24663K, committed 25088K, reserved 1114112K
  class space    used 3599K, committed 3776K, reserved 1048576K
}
Event: 24.554 GC heap before
{Heap before GC invocations=14 (full 0):
 garbage-first heap   total reserved 1822720K, committed 122880K, used 90825K [0x0000000090c00000, 0x0000000100000000)
  region size 1024K, 3 young (3072K), 2 survivors (2048K)
 Metaspace       used 24665K, committed 25088K, reserved 1114112K
  class space    used 3599K, committed 3776K, reserved 1048576K
}
Event: 24.559 GC heap after
{Heap after GC invocations=15 (full 0):
 garbage-first heap   total reserved 1822720K, committed 122880K, used 90901K [0x0000000090c00000, 0x0000000100000000)
  region size 1024K, 2 young (2048K), 2 survivors (2048K)
 Metaspace       used 24665K, committed 25088K, reserved 1114112K
  class space    used 3599K, committed 3776K, reserved 1048576K
}
Event: 29.861 GC heap before
{Heap before GC invocations=16 (full 0):
 garbage-first heap   total reserved 1822720K, committed 153600K, used 141077K [0x0000000090c00000, 0x0000000100000000)
  region size 1024K, 22 young (22528K), 2 survivors (2048K)
 Metaspace       used 25421K, committed 25856K, reserved 1114112K
  class space    used 3639K, committed 3840K, reserved 1048576K
}
Event: 29.875 GC heap after
{Heap after GC invocations=17 (full 0):
 garbage-first heap   total reserved 1822720K, committed 153600K, used 111574K [0x0000000090c00000, 0x0000000100000000)
  region size 1024K, 3 young (3072K), 3 survivors (3072K)
 Metaspace       used 25421K, committed 25856K, reserved 1114112K
  class space    used 3639K, committed 3840K, reserved 1048576K
}

Dll operation events (20 events):
Event: 1.362 Loaded shared library C:\javafx-sdk-24.0.1\bin\api-ms-win-crt-locale-l1-1-0.dll
Event: 1.365 Loaded shared library C:\javafx-sdk-24.0.1\bin\api-ms-win-crt-math-l1-1-0.dll
Event: 1.369 Loaded shared library C:\javafx-sdk-24.0.1\bin\api-ms-win-crt-multibyte-l1-1-0.dll
Event: 1.372 Loaded shared library C:\javafx-sdk-24.0.1\bin\api-ms-win-crt-private-l1-1-0.dll
Event: 1.374 Loaded shared library C:\javafx-sdk-24.0.1\bin\api-ms-win-crt-process-l1-1-0.dll
Event: 1.379 Loaded shared library C:\javafx-sdk-24.0.1\bin\api-ms-win-crt-runtime-l1-1-0.dll
Event: 1.382 Loaded shared library C:\javafx-sdk-24.0.1\bin\api-ms-win-crt-stdio-l1-1-0.dll
Event: 1.385 Loaded shared library C:\javafx-sdk-24.0.1\bin\api-ms-win-crt-string-l1-1-0.dll
Event: 1.387 Loaded shared library C:\javafx-sdk-24.0.1\bin\api-ms-win-crt-time-l1-1-0.dll
Event: 1.390 Loaded shared library C:\javafx-sdk-24.0.1\bin\api-ms-win-crt-utility-l1-1-0.dll
Event: 1.393 Loaded shared library C:\javafx-sdk-24.0.1\bin\ucrtbase.dll
Event: 1.396 Loaded shared library C:\javafx-sdk-24.0.1\bin\vcruntime140.dll
Event: 1.398 Loaded shared library C:\javafx-sdk-24.0.1\bin\vcruntime140_1.dll
Event: 1.401 Loaded shared library C:\javafx-sdk-24.0.1\bin\msvcp140.dll
Event: 1.406 Loaded shared library C:\javafx-sdk-24.0.1\bin\msvcp140_1.dll
Event: 1.409 Loaded shared library C:\javafx-sdk-24.0.1\bin\msvcp140_2.dll
Event: 1.515 Loaded shared library C:\javafx-sdk-24.0.1\bin\prism_d3d.dll
Event: 1.594 Loaded shared library C:\javafx-sdk-24.0.1\bin\glass.dll
Event: 2.089 Loaded shared library C:\Program Files\Java\jdk-23\bin\jimage.dll
Event: 4.264 Loaded shared library C:\javafx-sdk-24.0.1\bin\javafx_font.dll

Deoptimization events (20 events):
Event: 30.696 Thread 0x00000185d41a83c0 DEOPT PACKING pc=0x0000018587cd43b8 sp=0x00000011a53fcb30
Event: 30.696 Thread 0x00000185d41a83c0 DEOPT UNPACKING pc=0x0000018587584402 sp=0x00000011a53fca48 mode 2
Event: 30.987 Thread 0x00000185d41a83c0 Uncommon trap: trap_request=0xffffffbe fr.pc=0x0000018587cd9ba8 relative=0x0000000000000588
Event: 30.987 Thread 0x00000185d41a83c0 Uncommon trap: reason=profile_predicate action=maybe_recompile pc=0x0000018587cd9ba8 method=com.sun.javafx.sg.prism.NGNode.markCullRegions(Lcom/sun/javafx/geom/DirtyRegionContainer;ILcom/sun/javafx/geom/transform/BaseTransform;Lcom/sun/javafx/geom/transfo
Event: 30.987 Thread 0x00000185d41a83c0 DEOPT PACKING pc=0x0000018587cd9ba8 sp=0x00000011a53fe5f0
Event: 30.987 Thread 0x00000185d41a83c0 DEOPT UNPACKING pc=0x0000018587584402 sp=0x00000011a53fe560 mode 2
Event: 31.077 Thread 0x00000185d41a83c0 Uncommon trap: trap_request=0xffffffbe fr.pc=0x0000018587cd9ba8 relative=0x0000000000000588
Event: 31.077 Thread 0x00000185d41a83c0 Uncommon trap: reason=profile_predicate action=maybe_recompile pc=0x0000018587cd9ba8 method=com.sun.javafx.sg.prism.NGNode.markCullRegions(Lcom/sun/javafx/geom/DirtyRegionContainer;ILcom/sun/javafx/geom/transform/BaseTransform;Lcom/sun/javafx/geom/transfo
Event: 31.077 Thread 0x00000185d41a83c0 DEOPT PACKING pc=0x0000018587cd9ba8 sp=0x00000011a53fe540
Event: 31.077 Thread 0x00000185d41a83c0 DEOPT UNPACKING pc=0x0000018587584402 sp=0x00000011a53fe4b0 mode 2
Event: 31.193 Thread 0x00000185d41a83c0 Uncommon trap: trap_request=0xffffffbe fr.pc=0x0000018587cd9ba8 relative=0x0000000000000588
Event: 31.193 Thread 0x00000185d41a83c0 Uncommon trap: reason=profile_predicate action=maybe_recompile pc=0x0000018587cd9ba8 method=com.sun.javafx.sg.prism.NGNode.markCullRegions(Lcom/sun/javafx/geom/DirtyRegionContainer;ILcom/sun/javafx/geom/transform/BaseTransform;Lcom/sun/javafx/geom/transfo
Event: 31.193 Thread 0x00000185d41a83c0 DEOPT PACKING pc=0x0000018587cd9ba8 sp=0x00000011a53fe4a0
Event: 31.193 Thread 0x00000185d41a83c0 DEOPT UNPACKING pc=0x0000018587584402 sp=0x00000011a53fe410 mode 2
Event: 31.479 Thread 0x00000185d49da0b0 Uncommon trap: trap_request=0xffffff76 fr.pc=0x0000018587c88144 relative=0x00000000000004e4
Event: 31.480 Thread 0x00000185d49da0b0 Uncommon trap: reason=predicate action=maybe_recompile pc=0x0000018587c88144 method=java.util.ArrayList.remove(Ljava/lang/Object;)Z @ 42 c2
Event: 31.480 Thread 0x00000185d49da0b0 DEOPT PACKING pc=0x0000018587c88144 sp=0x00000011a57fc110
Event: 31.480 Thread 0x00000185d49da0b0 DEOPT UNPACKING pc=0x0000018587584402 sp=0x00000011a57fc0e0 mode 2
Event: 31.515 Thread 0x00000185d49da0b0 DEOPT PACKING pc=0x000001858054a3d0 sp=0x00000011a57fb8b0
Event: 31.515 Thread 0x00000185d49da0b0 DEOPT UNPACKING pc=0x0000018587584b22 sp=0x00000011a57fada0 mode 0

Classes loaded (20 events):
Event: 24.672 Loading class jdk/internal/icu/impl/UCharacterProperty
Event: 24.672 Loading class jdk/internal/icu/impl/UCharacterProperty done
Event: 24.673 Loading class jdk/internal/icu/impl/UCharacterProperty$1
Event: 24.673 Loading class jdk/internal/icu/impl/UCharacterProperty$BiDiIntProperty
Event: 24.673 Loading class jdk/internal/icu/impl/UCharacterProperty$IntProperty
Event: 24.673 Loading class jdk/internal/icu/impl/UCharacterProperty$IntProperty done
Event: 24.673 Loading class jdk/internal/icu/impl/UCharacterProperty$BiDiIntProperty done
Event: 24.673 Loading class jdk/internal/icu/impl/UCharacterProperty$1 done
Event: 24.674 Loading class jdk/internal/icu/impl/UCharacterProperty$IsAcceptable
Event: 24.674 Loading class jdk/internal/icu/impl/UCharacterProperty$IsAcceptable done
Event: 24.674 Loading class jdk/internal/icu/util/VersionInfo
Event: 24.674 Loading class jdk/internal/icu/util/VersionInfo done
Event: 24.711 Loading class java/lang/CharacterData01
Event: 24.711 Loading class java/lang/CharacterData01 done
Event: 30.999 Loading class java/lang/foreign/MemorySegment
Event: 31.000 Loading class java/lang/foreign/MemorySegment done
Event: 31.703 Loading class sun/reflect/generics/repository/FieldRepository
Event: 31.703 Loading class sun/reflect/generics/repository/FieldRepository done
Event: 39.963 Loading class jdk/internal/misc/Signal$1
Event: 39.963 Loading class jdk/internal/misc/Signal$1 done

Classes unloaded (0 events):
No events

Classes redefined (0 events):
No events

Internal exceptions (20 events):
Event: 21.746 Thread 0x00000185d49da0b0 Exception <a 'java/lang/NoSuchMethodError'{0x0000000094946b38}: 'void java.lang.invoke.DirectMethodHandle$Holder.invokeSpecialIFC(java.lang.Object, java.lang.Object, java.lang.Object, java.lang.Object)'> (0x0000000094946b38) 
thrown [s\open\src\hotspot\share\interpreter\linkResolver.cpp, line 796]
Event: 23.011 Thread 0x00000185d49da0b0 Exception <a 'java/lang/NoSuchMethodError'{0x0000000093f8d4e0}: 'void java.lang.invoke.DirectMethodHandle$Holder.invokeSpecialIFC(java.lang.Object, java.lang.Object, java.lang.Object)'> (0x0000000093f8d4e0) 
thrown [s\open\src\hotspot\share\interpreter\linkResolver.cpp, line 796]
Event: 23.097 Thread 0x00000185d49da0b0 Exception <a 'java/io/FileNotFoundException'{0x0000000093e7bf98}> (0x0000000093e7bf98) 
thrown [s\open\src\hotspot\share\prims\jni.cpp, line 520]
Event: 23.230 Thread 0x00000185d49da0b0 Exception <a 'java/io/FileNotFoundException'{0x0000000097045fe8}> (0x0000000097045fe8) 
thrown [s\open\src\hotspot\share\prims\jni.cpp, line 520]
Event: 23.308 Thread 0x00000185d49da0b0 Exception <a 'java/io/FileNotFoundException'{0x00000000970f87b0}> (0x00000000970f87b0) 
thrown [s\open\src\hotspot\share\prims\jni.cpp, line 520]
Event: 23.362 Thread 0x00000185d49da0b0 Exception <a 'java/io/FileNotFoundException'{0x0000000096fea1d0}> (0x0000000096fea1d0) 
thrown [s\open\src\hotspot\share\prims\jni.cpp, line 520]
Event: 23.430 Thread 0x00000185d49da0b0 Exception <a 'java/io/FileNotFoundException'{0x0000000096ed8750}> (0x0000000096ed8750) 
thrown [s\open\src\hotspot\share\prims\jni.cpp, line 520]
Event: 23.564 Thread 0x00000185d49da0b0 Exception <a 'java/io/FileNotFoundException'{0x00000000956e7a00}> (0x00000000956e7a00) 
thrown [s\open\src\hotspot\share\prims\jni.cpp, line 520]
Event: 24.688 Thread 0x00000185d49da0b0 Exception <a 'java/io/FileNotFoundException'{0x0000000099899cc8}> (0x0000000099899cc8) 
thrown [s\open\src\hotspot\share\prims\jni.cpp, line 520]
Event: 24.689 Thread 0x00000185d49da0b0 Exception <a 'java/io/FileNotFoundException'{0x000000009989b5e8}> (0x000000009989b5e8) 
thrown [s\open\src\hotspot\share\prims\jni.cpp, line 520]
Event: 24.693 Thread 0x00000185d49da0b0 Exception <a 'java/io/FileNotFoundException'{0x00000000998bbe10}> (0x00000000998bbe10) 
thrown [s\open\src\hotspot\share\prims\jni.cpp, line 520]
Event: 24.693 Thread 0x00000185d49da0b0 Exception <a 'java/io/FileNotFoundException'{0x00000000998bd1a0}> (0x00000000998bd1a0) 
thrown [s\open\src\hotspot\share\prims\jni.cpp, line 520]
Event: 24.722 Thread 0x00000185d49da0b0 Exception <a 'java/io/FileNotFoundException'{0x00000000997e4588}> (0x00000000997e4588) 
thrown [s\open\src\hotspot\share\prims\jni.cpp, line 520]
Event: 24.723 Thread 0x00000185d49da0b0 Exception <a 'java/io/FileNotFoundException'{0x00000000997e5918}> (0x00000000997e5918) 
thrown [s\open\src\hotspot\share\prims\jni.cpp, line 520]
Event: 24.723 Thread 0x00000185d49da0b0 Exception <a 'java/io/FileNotFoundException'{0x00000000997e6cc0}> (0x00000000997e6cc0) 
thrown [s\open\src\hotspot\share\prims\jni.cpp, line 520]
Event: 24.723 Thread 0x00000185d49da0b0 Exception <a 'java/io/FileNotFoundException'{0x00000000997e8050}> (0x00000000997e8050) 
thrown [s\open\src\hotspot\share\prims\jni.cpp, line 520]
Event: 27.435 Thread 0x00000185d49da0b0 Exception <a 'java/io/FileNotFoundException'{0x0000000098fcb6a8}> (0x0000000098fcb6a8) 
thrown [s\open\src\hotspot\share\prims\jni.cpp, line 520]
Event: 27.620 Thread 0x00000185d41a83c0 Implicit null exception at 0x0000018587c69820 to 0x0000018587c6ca30
Event: 28.858 Thread 0x00000185d49da0b0 Exception <a 'java/io/FileNotFoundException'{0x000000009895aa98}> (0x000000009895aa98) 
thrown [s\open\src\hotspot\share\prims\jni.cpp, line 520]
Event: 31.485 Thread 0x00000185d49da0b0 Exception <a 'java/io/FileNotFoundException'{0x000000009949c108}> (0x000000009949c108) 
thrown [s\open\src\hotspot\share\prims\jni.cpp, line 520]

VM Operations (20 events):
Event: 23.776 Executing VM operation: G1PauseRemark done
Event: 23.795 Executing VM operation: G1PauseCleanup
Event: 23.795 Executing VM operation: G1PauseCleanup done
Event: 24.226 Executing VM operation: G1CollectForAllocation (G1 Evacuation Pause)
Event: 24.230 Executing VM operation: G1CollectForAllocation (G1 Evacuation Pause) done
Event: 24.541 Executing VM operation: G1CollectForAllocation (G1 Evacuation Pause)
Event: 24.546 Executing VM operation: G1CollectForAllocation (G1 Evacuation Pause) done
Event: 24.554 Executing VM operation: G1TryInitiateConcMark (G1 Humongous Allocation)
Event: 24.559 Executing VM operation: G1TryInitiateConcMark (G1 Humongous Allocation) done
Event: 24.599 Executing VM operation: G1PauseRemark
Event: 24.606 Executing VM operation: G1PauseRemark done
Event: 24.620 Executing VM operation: G1PauseCleanup
Event: 24.620 Executing VM operation: G1PauseCleanup done
Event: 24.712 Executing VM operation: HandshakeAllThreads (Deoptimize)
Event: 24.712 Executing VM operation: HandshakeAllThreads (Deoptimize) done
Event: 29.083 Executing VM operation: HandshakeAllThreads (Deoptimize)
Event: 29.084 Executing VM operation: HandshakeAllThreads (Deoptimize) done
Event: 29.861 Executing VM operation: G1CollectForAllocation (G1 Evacuation Pause)
Event: 29.875 Executing VM operation: G1CollectForAllocation (G1 Evacuation Pause) done
Event: 39.976 Executing VM operation: Exit

Memory protections (0 events):
No events

Nmethod flushes (20 events):
Event: 24.605 Thread 0x00000185fd4e7aa0 flushing  nmethod 0x000001858031de08
Event: 24.605 Thread 0x00000185fd4e7aa0 flushing  nmethod 0x000001858038c408
Event: 24.605 Thread 0x00000185fd4e7aa0 flushing  nmethod 0x00000185803b1508
Event: 24.605 Thread 0x00000185fd4e7aa0 flushing  nmethod 0x00000185803d6788
Event: 24.605 Thread 0x00000185fd4e7aa0 flushing  nmethod 0x00000185803d6f88
Event: 24.605 Thread 0x00000185fd4e7aa0 flushing  nmethod 0x0000018580402808
Event: 24.605 Thread 0x00000185fd4e7aa0 flushing  nmethod 0x0000018580402c08
Event: 24.605 Thread 0x00000185fd4e7aa0 flushing  nmethod 0x000001858040ee08
Event: 24.605 Thread 0x00000185fd4e7aa0 flushing  nmethod 0x0000018580412e88
Event: 24.605 Thread 0x00000185fd4e7aa0 flushing  nmethod 0x000001858041bf08
Event: 24.605 Thread 0x00000185fd4e7aa0 flushing  nmethod 0x000001858041ea88
Event: 24.605 Thread 0x00000185fd4e7aa0 flushing  nmethod 0x000001858042b288
Event: 24.605 Thread 0x00000185fd4e7aa0 flushing  nmethod 0x000001858049c408
Event: 24.605 Thread 0x00000185fd4e7aa0 flushing  nmethod 0x00000185804df908
Event: 24.605 Thread 0x00000185fd4e7aa0 flushing  nmethod 0x0000018580517988
Event: 24.605 Thread 0x00000185fd4e7aa0 flushing  nmethod 0x0000018580541408
Event: 24.605 Thread 0x00000185fd4e7aa0 flushing  nmethod 0x0000018580627b08
Event: 24.605 Thread 0x00000185fd4e7aa0 flushing  nmethod 0x000001858077f308
Event: 24.605 Thread 0x00000185fd4e7aa0 flushing  nmethod 0x000001858079cf88
Event: 24.605 Thread 0x00000185fd4e7aa0 flushing  nmethod 0x00000185807d3c88

Events (20 events):
Event: 5.311 Thread 0x00000185d49da0b0 Thread added: 0x00000185d4a30900
Event: 5.843 Thread 0x00000185d41a83c0 Thread added: 0x00000185d4a2d480
Event: 6.650 Thread 0x00000185d4a2e1a0 Thread added: 0x00000185d4a2e830
Event: 6.654 Thread 0x00000185d4a2e1a0 Thread exited: 0x00000185d4a2e1a0
Event: 17.787 Thread 0x00000185d49da0b0 Thread added: 0x00000185d4a2db10
Event: 17.971 Thread 0x00000185d4a2db10 Thread exited: 0x00000185d4a2db10
Event: 19.864 Thread 0x00000185d49da0b0 Thread added: 0x00000185d4a2db10
Event: 20.061 Thread 0x00000185d4a2db10 Thread exited: 0x00000185d4a2db10
Event: 21.035 Thread 0x00000185d49da0b0 Thread added: 0x00000185d4a2db10
Event: 21.043 Thread 0x00000185d49da0b0 Thread added: 0x00000185d4a2e1a0
Event: 21.712 Thread 0x00000185d4a2e1a0 Thread exited: 0x00000185d4a2e1a0
Event: 31.466 Thread 0x00000185d49da0b0 Thread added: 0x00000185dd9f6000
Event: 31.713 Thread 0x00000185dd9f6000 Thread exited: 0x00000185dd9f6000
Event: 39.964 Thread 0x00000185fd500310 Thread added: 0x00000185dd9f5970
Event: 39.965 Thread 0x00000185dd9f5970 Thread added: 0x00000185dd9f73b0
Event: 39.965 Thread 0x00000185dd9f5970 Thread added: 0x00000185dd9f24f0
Event: 39.968 Thread 0x00000185dd9f24f0 Thread added: 0x00000185dd9f38a0
Event: 39.968 Thread 0x00000185dd9f73b0 Thread exited: 0x00000185dd9f73b0
Event: 39.976 Thread 0x00000185dd9f5970 Before exit entered
Event: 39.976 Thread 0x00000185fd500310 Thread exited: 0x00000185fd500310


Dynamic libraries:
0x00007ff7a86a0000 - 0x00007ff7a86b0000 	C:\Program Files\Java\jdk-23\bin\java.exe
0x00007ffd7db10000 - 0x00007ffd7dd08000 	C:\Windows\SYSTEM32\ntdll.dll
0x00007ffd7d820000 - 0x00007ffd7d8e2000 	C:\Windows\System32\KERNEL32.DLL
0x00007ffd7b590000 - 0x00007ffd7b887000 	C:\Windows\System32\KERNELBASE.dll
0x00007ffd7ba30000 - 0x00007ffd7bb30000 	C:\Windows\System32\ucrtbase.dll
0x00007ffd76060000 - 0x00007ffd7607b000 	C:\Program Files\Java\jdk-23\bin\VCRUNTIME140.dll
0x00007ffd74ed0000 - 0x00007ffd74ee7000 	C:\Program Files\Java\jdk-23\bin\jli.dll
0x00007ffd7d4e0000 - 0x00007ffd7d67d000 	C:\Windows\System32\USER32.dll
0x00007ffd7b3a0000 - 0x00007ffd7b3c2000 	C:\Windows\System32\win32u.dll
0x00007ffd7c360000 - 0x00007ffd7c38b000 	C:\Windows\System32\GDI32.dll
0x00007ffd7b890000 - 0x00007ffd7b9a9000 	C:\Windows\System32\gdi32full.dll
0x00007ffd7b1a0000 - 0x00007ffd7b23d000 	C:\Windows\System32\msvcp_win.dll
0x00007ffd56010000 - 0x00007ffd562aa000 	C:\Windows\WinSxS\amd64_microsoft.windows.common-controls_6595b64144ccf1df_6.0.19041.5915_none_60b4b9d171f9c7c7\COMCTL32.dll
0x00007ffd7c0d0000 - 0x00007ffd7c16e000 	C:\Windows\System32\msvcrt.dll
0x00007ffd7daa0000 - 0x00007ffd7dacf000 	C:\Windows\System32\IMM32.DLL
0x00007ffd77b30000 - 0x00007ffd77b3c000 	C:\Program Files\Java\jdk-23\bin\vcruntime140_1.dll
0x00007ffd73b90000 - 0x00007ffd73c1e000 	C:\Program Files\Java\jdk-23\bin\msvcp140.dll
0x00007ffd3c7b0000 - 0x00007ffd3d500000 	C:\Program Files\Java\jdk-23\bin\server\jvm.dll
0x00007ffd7d760000 - 0x00007ffd7d811000 	C:\Windows\System32\ADVAPI32.dll
0x00007ffd7c030000 - 0x00007ffd7c0cf000 	C:\Windows\System32\sechost.dll
0x00007ffd7bb30000 - 0x00007ffd7bc56000 	C:\Windows\System32\RPCRT4.dll
0x00007ffd7b9b0000 - 0x00007ffd7b9d7000 	C:\Windows\System32\bcrypt.dll
0x00007ffd7cd20000 - 0x00007ffd7cd8b000 	C:\Windows\System32\WS2_32.dll
0x00007ffd7af50000 - 0x00007ffd7af9b000 	C:\Windows\SYSTEM32\POWRPROF.dll
0x00007ffd713f0000 - 0x00007ffd71417000 	C:\Windows\SYSTEM32\WINMM.dll
0x00007ffd713e0000 - 0x00007ffd713ea000 	C:\Windows\SYSTEM32\VERSION.dll
0x00007ffd7af30000 - 0x00007ffd7af42000 	C:\Windows\SYSTEM32\UMPDC.dll
0x00007ffd79020000 - 0x00007ffd79032000 	C:\Windows\SYSTEM32\kernel.appcore.dll
0x00007ffd77b10000 - 0x00007ffd77b1a000 	C:\Program Files\Java\jdk-23\bin\jimage.dll
0x00007ffd6adf0000 - 0x00007ffd6aff1000 	C:\Windows\SYSTEM32\DBGHELP.DLL
0x00007ffd6ad10000 - 0x00007ffd6ad44000 	C:\Windows\SYSTEM32\dbgcore.DLL
0x00007ffd7b500000 - 0x00007ffd7b582000 	C:\Windows\System32\bcryptPrimitives.dll
0x00007ffd756e0000 - 0x00007ffd756ef000 	C:\Program Files\Java\jdk-23\bin\instrument.dll
0x00007ffd73b50000 - 0x00007ffd73b6e000 	C:\Program Files\Java\jdk-23\bin\java.dll
0x00007ffd7d300000 - 0x00007ffd7d42b000 	C:\Windows\System32\ole32.dll
0x00007ffd7bcc0000 - 0x00007ffd7c013000 	C:\Windows\System32\combase.dll
0x00007ffd7c390000 - 0x00007ffd7cafe000 	C:\Windows\System32\SHELL32.dll
0x00007ffd79220000 - 0x00007ffd799c4000 	C:\Windows\SYSTEM32\windows.storage.dll
0x00007ffd7ab60000 - 0x00007ffd7ab8b000 	C:\Windows\SYSTEM32\Wldp.dll
0x00007ffd7c170000 - 0x00007ffd7c23d000 	C:\Windows\System32\OLEAUT32.dll
0x00007ffd7d430000 - 0x00007ffd7d4dd000 	C:\Windows\System32\SHCORE.dll
0x00007ffd7cd90000 - 0x00007ffd7cdeb000 	C:\Windows\System32\shlwapi.dll
0x00007ffd7b0d0000 - 0x00007ffd7b0f4000 	C:\Windows\SYSTEM32\profapi.dll
0x00007ffd530f0000 - 0x00007ffd531c7000 	C:\Program Files\Java\jdk-23\bin\jsvml.dll
0x00007ffd74ec0000 - 0x00007ffd74ed0000 	C:\Program Files\Java\jdk-23\bin\net.dll
0x00007ffd7a860000 - 0x00007ffd7a8ca000 	C:\Windows\system32\mswsock.dll
0x00007ffd73630000 - 0x00007ffd73646000 	C:\Program Files\Java\jdk-23\bin\nio.dll
0x00007ffd736e0000 - 0x00007ffd736f7000 	C:\Program Files\Java\jdk-23\bin\zip.dll
0x00007ffd73830000 - 0x00007ffd73839000 	C:\Program Files\Java\jdk-23\bin\extnet.dll
0x00000185d5c00000 - 0x00000185d5c04000 	C:\javafx-sdk-24.0.1\bin\api-ms-win-core-console-l1-1-0.dll
0x00000185d5c10000 - 0x00000185d5c14000 	C:\javafx-sdk-24.0.1\bin\api-ms-win-core-console-l1-2-0.dll
0x00000185d5c20000 - 0x00000185d5c24000 	C:\javafx-sdk-24.0.1\bin\api-ms-win-core-datetime-l1-1-0.dll
0x00000185d5c30000 - 0x00000185d5c34000 	C:\javafx-sdk-24.0.1\bin\api-ms-win-core-debug-l1-1-0.dll
0x00000185d5c40000 - 0x00000185d5c44000 	C:\javafx-sdk-24.0.1\bin\api-ms-win-core-errorhandling-l1-1-0.dll
0x00000185d5c50000 - 0x00000185d5c55000 	C:\javafx-sdk-24.0.1\bin\api-ms-win-core-file-l1-1-0.dll
0x00000185d5c60000 - 0x00000185d5c64000 	C:\javafx-sdk-24.0.1\bin\api-ms-win-core-file-l1-2-0.dll
0x00000185d5c70000 - 0x00000185d5c74000 	C:\javafx-sdk-24.0.1\bin\api-ms-win-core-file-l2-1-0.dll
0x00000185d5c80000 - 0x00000185d5c84000 	C:\javafx-sdk-24.0.1\bin\api-ms-win-core-handle-l1-1-0.dll
0x00000185d5c90000 - 0x00000185d5c94000 	C:\javafx-sdk-24.0.1\bin\api-ms-win-core-heap-l1-1-0.dll
0x00000185d5ca0000 - 0x00000185d5ca4000 	C:\javafx-sdk-24.0.1\bin\api-ms-win-core-interlocked-l1-1-0.dll
0x00000185d5cb0000 - 0x00000185d5cb4000 	C:\javafx-sdk-24.0.1\bin\api-ms-win-core-libraryloader-l1-1-0.dll
0x00000185d5cc0000 - 0x00000185d5cc4000 	C:\javafx-sdk-24.0.1\bin\api-ms-win-core-localization-l1-2-0.dll
0x00000185d5cd0000 - 0x00000185d5cd4000 	C:\javafx-sdk-24.0.1\bin\api-ms-win-core-memory-l1-1-0.dll
0x00000185d5ce0000 - 0x00000185d5ce4000 	C:\javafx-sdk-24.0.1\bin\api-ms-win-core-namedpipe-l1-1-0.dll
0x00000185d5cf0000 - 0x00000185d5cf4000 	C:\javafx-sdk-24.0.1\bin\api-ms-win-core-processenvironment-l1-1-0.dll
0x00000185d5d00000 - 0x00000185d5d04000 	C:\javafx-sdk-24.0.1\bin\api-ms-win-core-processthreads-l1-1-0.dll
0x00000185d5d10000 - 0x00000185d5d14000 	C:\javafx-sdk-24.0.1\bin\api-ms-win-core-processthreads-l1-1-1.dll
0x00000185d5d20000 - 0x00000185d5d24000 	C:\javafx-sdk-24.0.1\bin\api-ms-win-core-profile-l1-1-0.dll
0x00000185d5d30000 - 0x00000185d5d34000 	C:\javafx-sdk-24.0.1\bin\api-ms-win-core-rtlsupport-l1-1-0.dll
0x00000185d5d40000 - 0x00000185d5d44000 	C:\javafx-sdk-24.0.1\bin\api-ms-win-core-string-l1-1-0.dll
0x00000185d5d50000 - 0x00000185d5d54000 	C:\javafx-sdk-24.0.1\bin\api-ms-win-core-synch-l1-1-0.dll
0x00000185d5d60000 - 0x00000185d5d64000 	C:\javafx-sdk-24.0.1\bin\api-ms-win-core-synch-l1-2-0.dll
0x00000185d5d70000 - 0x00000185d5d74000 	C:\javafx-sdk-24.0.1\bin\api-ms-win-core-sysinfo-l1-1-0.dll
0x00000185d5d80000 - 0x00000185d5d84000 	C:\javafx-sdk-24.0.1\bin\api-ms-win-core-timezone-l1-1-0.dll
0x00000185d5d90000 - 0x00000185d5d94000 	C:\javafx-sdk-24.0.1\bin\api-ms-win-core-util-l1-1-0.dll
0x00000185d5da0000 - 0x00000185d5da4000 	C:\javafx-sdk-24.0.1\bin\api-ms-win-crt-conio-l1-1-0.dll
0x00000185d5db0000 - 0x00000185d5db5000 	C:\javafx-sdk-24.0.1\bin\api-ms-win-crt-convert-l1-1-0.dll
0x00000185d5dc0000 - 0x00000185d5dc4000 	C:\javafx-sdk-24.0.1\bin\api-ms-win-crt-environment-l1-1-0.dll
0x00000185d5dd0000 - 0x00000185d5dd4000 	C:\javafx-sdk-24.0.1\bin\api-ms-win-crt-filesystem-l1-1-0.dll
0x00000185d5de0000 - 0x00000185d5de4000 	C:\javafx-sdk-24.0.1\bin\api-ms-win-crt-heap-l1-1-0.dll
0x00000185d5df0000 - 0x00000185d5df4000 	C:\javafx-sdk-24.0.1\bin\api-ms-win-crt-locale-l1-1-0.dll
0x00000185d5e00000 - 0x00000185d5e06000 	C:\javafx-sdk-24.0.1\bin\api-ms-win-crt-math-l1-1-0.dll
0x00000185d5e10000 - 0x00000185d5e16000 	C:\javafx-sdk-24.0.1\bin\api-ms-win-crt-multibyte-l1-1-0.dll
0x00000185d5e20000 - 0x00000185d5e31000 	C:\javafx-sdk-24.0.1\bin\api-ms-win-crt-private-l1-1-0.dll
0x00000185d5e40000 - 0x00000185d5e44000 	C:\javafx-sdk-24.0.1\bin\api-ms-win-crt-process-l1-1-0.dll
0x00000185d5e50000 - 0x00000185d5e55000 	C:\javafx-sdk-24.0.1\bin\api-ms-win-crt-runtime-l1-1-0.dll
0x00000185d5e60000 - 0x00000185d5e65000 	C:\javafx-sdk-24.0.1\bin\api-ms-win-crt-stdio-l1-1-0.dll
0x00000185d5e70000 - 0x00000185d5e75000 	C:\javafx-sdk-24.0.1\bin\api-ms-win-crt-string-l1-1-0.dll
0x00000185d5e80000 - 0x00000185d5e84000 	C:\javafx-sdk-24.0.1\bin\api-ms-win-crt-time-l1-1-0.dll
0x00000185d5e90000 - 0x00000185d5e94000 	C:\javafx-sdk-24.0.1\bin\api-ms-win-crt-utility-l1-1-0.dll
0x00007ffd50ed0000 - 0x00007ffd50fe1000 	C:\javafx-sdk-24.0.1\bin\ucrtbase.dll
0x00007ffd73550000 - 0x00007ffd7356b000 	C:\javafx-sdk-24.0.1\bin\vcruntime140.dll
0x00007ffd73540000 - 0x00007ffd7354c000 	C:\javafx-sdk-24.0.1\bin\vcruntime140_1.dll
0x00007ffd734b0000 - 0x00007ffd7353e000 	C:\javafx-sdk-24.0.1\bin\msvcp140.dll
0x00007ffd73430000 - 0x00007ffd73439000 	C:\javafx-sdk-24.0.1\bin\msvcp140_1.dll
0x00007ffd53ba0000 - 0x00007ffd53be1000 	C:\javafx-sdk-24.0.1\bin\msvcp140_2.dll
0x00007ffd53560000 - 0x00007ffd53590000 	C:\javafx-sdk-24.0.1\bin\prism_d3d.dll
0x00007ffd2bc50000 - 0x00007ffd2be21000 	C:\Windows\system32\d3d9.dll
0x00007ffd78d20000 - 0x00007ffd78d4e000 	C:\Windows\SYSTEM32\dwmapi.dll
0x00007ffd78b30000 - 0x00007ffd78bce000 	C:\Windows\system32\uxtheme.dll
0x00007ffd71420000 - 0x00007ffd715fb000 	C:\Windows\System32\DriverStore\FileRepository\u0360470.inf_amd64_35c64671e7fac064\B360357\aticfx64.dll
0x00007ffd53520000 - 0x00007ffd53553000 	C:\Windows\System32\DriverStore\FileRepository\u0360470.inf_amd64_35c64671e7fac064\B360357\atiu9p64.dll
0x00007ffd399a0000 - 0x00007ffd3a636000 	C:\Windows\System32\DriverStore\FileRepository\u0360470.inf_amd64_35c64671e7fac064\B360357\atiumd64.dll
0x0000000051d20000 - 0x0000000052b99000 	C:\Windows\System32\DriverStore\FileRepository\u0360470.inf_amd64_35c64671e7fac064\B360357\atiumd6a.dll
0x00007ffd6f990000 - 0x00007ffd6f9bf000 	C:\Windows\SYSTEM32\amdihk64.dll
0x00007ffd530a0000 - 0x00007ffd530e8000 	C:\javafx-sdk-24.0.1\bin\glass.dll
0x00007ffd7cc40000 - 0x00007ffd7cd1a000 	C:\Windows\System32\COMDLG32.dll
0x00007ffd7cb90000 - 0x00007ffd7cc39000 	C:\Windows\System32\clbcatq.dll
0x00007ffd53600000 - 0x00007ffd5373f000 	C:\Windows\System32\Windows.UI.dll
0x00007ffd74c90000 - 0x00007ffd74d31000 	C:\Windows\System32\WindowManagementAPI.dll
0x00007ffd410c0000 - 0x00007ffd411b9000 	C:\Windows\System32\TextInputFramework.dll
0x00007ffd56830000 - 0x00007ffd56982000 	C:\Windows\System32\InputHost.dll
0x00007ffd77ca0000 - 0x00007ffd77df7000 	C:\Windows\SYSTEM32\wintypes.dll
0x00007ffd74a80000 - 0x00007ffd74c83000 	C:\Windows\SYSTEM32\twinapi.appcore.dll
0x00007ffd77980000 - 0x00007ffd77a72000 	C:\Windows\System32\CoreMessaging.dll
0x00007ffd77150000 - 0x00007ffd774ab000 	C:\Windows\System32\CoreUIComponents.dll
0x00007ffd77e00000 - 0x00007ffd77ef4000 	C:\Windows\System32\PROPSYS.dll
0x00007ffd7a3d0000 - 0x00007ffd7a403000 	C:\Windows\SYSTEM32\ntmarta.dll
0x00007ffd53f60000 - 0x00007ffd54019000 	C:\Windows\System32\Windows.Networking.Connectivity.dll
0x00007ffd7c240000 - 0x00007ffd7c355000 	C:\Windows\System32\MSCTF.dll
0x00007ffd71600000 - 0x00007ffd7163b000 	C:\Windows\SYSTEM32\dxcore.dll
0x00007ffd7b9e0000 - 0x00007ffd7ba2e000 	C:\Windows\System32\cfgmgr32.dll
0x00007ffd52e20000 - 0x00007ffd52f58000 	C:\Windows\System32\Windows.UI.Immersive.dll
0x00007ffd5a940000 - 0x00007ffd5a950000 	C:\Windows\System32\npmproxy.dll
0x00007ffd72140000 - 0x00007ffd72182000 	C:\Windows\System32\CapabilityAccessManagerClient.dll
0x00007ffd6e570000 - 0x00007ffd6e5e4000 	C:\Windows\SYSTEM32\wlanapi.dll
0x00007ffd7a540000 - 0x00007ffd7a57b000 	C:\Windows\System32\IPHLPAPI.DLL
0x00007ffd7cb60000 - 0x00007ffd7cb68000 	C:\Windows\System32\NSI.dll

dbghelp: loaded successfully - version: 4.0.5 - missing functions: none
symbol engine: initialized successfully - sym options: 0x614 - pdb path: .;C:\Program Files\Java\jdk-23\bin;C:\Windows\SYSTEM32;C:\Windows\WinSxS\amd64_microsoft.windows.common-controls_6595b64144ccf1df_6.0.19041.5915_none_60b4b9d171f9c7c7;C:\Program Files\Java\jdk-23\bin\server;C:\javafx-sdk-24.0.1\bin;C:\Windows\System32\DriverStore\FileRepository\u0360470.inf_amd64_35c64671e7fac064\B360357;C:\Program Files\Common Files\Microsoft Shared\Ink

VM Arguments:
jvm_args: --module-path=C:\javafx-sdk-24.0.1\lib --add-modules=javafx.controls,javafx.fxml,javafx.web -javaagent:D:\05_Programs\IntelliJ IDEA Community Edition 2024.3.5\lib\idea_rt.jar=64905 -Dfile.encoding=UTF-8 -Dsun.stdout.encoding=UTF-8 -Dsun.stderr.encoding=UTF-8 
java_command: Client.Main
java_class_path (initial): D:\01_Projects\University\Term_2\P01\Final_Project\TelegramClone\out\production\classes;D:\01_Projects\University\Term_2\P01\Final_Project\TelegramClone\out\production\resources;C:\Users\Mahdi Hoseinpoor\.gradle\caches\modules-2\files-2.1\org.openjfx\javafx-fxml\23.0.2\b032052fc189c1c702cc9b01f416f7cae53674df\javafx-fxml-23.0.2-win.jar;C:\Users\Mahdi Hoseinpoor\.gradle\caches\modules-2\files-2.1\org.openjfx\javafx-controls\23.0.2\ea7a2048ce6b344273affb916713120fe77fb1e8\javafx-controls-23.0.2-win.jar;C:\Users\Mahdi Hoseinpoor\.gradle\caches\modules-2\files-2.1\org.openjfx\javafx-media\23.0.2\b27f12b417de89f6fd6180a6540f6f26ab98a0ee\javafx-media-23.0.2-win.jar;C:\Users\Mahdi Hoseinpoor\.gradle\caches\modules-2\files-2.1\com.google.code.gson\gson\2.10.1\b3add478d4382b78ea20b1671390a858002feb6c\gson-2.10.1.jar;C:\Users\Mahdi Hoseinpoor\.gradle\caches\modules-2\files-2.1\com.jfoenix\jfoenix\9.0.10\a7625792db8d15615ea6eebbc31e01504f20b2df\jfoenix-9.0.10.jar;C:\Users\Mahdi Hoseinpoor\.gradle\caches\modules-2\files-2.1\org.postgresql\postgresql\42.6.0\7614cfce466145b84972781ab0079b8dea49e363\postgresql-42.6.0.jar;C:\Users\Mahdi Hoseinpoor\.gradle\caches\modules-2\files-2.1\org.hibernate.orm\hibernate-community-dialects\6.4.2.Final\9856329563362d2f26541285a2036e86addba30c\hibernate-community-dialects-6.4.2.Final.jar;C:\Users\Mahdi Hoseinpoor\.gradle\caches\modules-2\files-2.1\org.hibernate.orm\hibernate-core\6.4.2.Final\4dd48cbc3c97c71ca42db0a9d0d7f9c220675edb\hibernate-core-6.4.2.Final.jar;C:\Users\Mahdi Hoseinpoor\.gradle\caches\modules-2\files-2.1\jakarta.persistence\jakarta.persistence-api\3.1.0\66901fa1c373c6aff65c13791cc11da72060a8d6\jakarta.persistence-api-3.1.0.jar;C:\Users\Mahdi Hoseinpoor\.gradle\caches\modules-2\files-2.1\com.zaxxer\HikariCP\5.0.1\a74c7f0a37046846e88d54f7cb6ea6d565c65f9c\HikariCP-5.0.1.jar;C:\Users\Mahdi Hoseinpoor\.gradle\caches\modules-2\files-2.1\org.xerial\sqlite-jdbc\3.36.0.3\7fa71c4dfab806490cb909714fb41373ec552c29\sqlite-jdbc-3.36.0.3.jar;C:\Users\Mahdi Hoseinpoor\.gradle\caches\modules-2\files-2.1\org.openjfx\javafx-graphics\23.0.2\21ed994c9ba8a9d30099204c556e6dba3a23f169\javafx-graphics-23.0.2-win.jar;C:\Users\Mahdi Hoseinpoor\.gradle\caches\modules-2\files-2.1\jakarta.transaction\jakarta.transaction-api\2.0.1\51a520e3fae406abb84e2e1148e6746ce3f80a1a\jakarta.transaction-api-2.0.1.jar;C:\Users\Mahdi Hoseinpoor\.gradle\caches\modules-2\files-2.1\org.slf4j\slf4j-api\1.7.30\b5a4b6d16ab13e34a88fae84c35cd5d68cac922c\slf4j-api-1.7.30.jar;C:\Users\Mahdi Hoseinpoor\.gradle\caches\modules-2\files-2.1\org.openjfx\javafx-base\23.0.2\e44e750005596dc44ce37c07fc3b8c10da9ab354\javafx-base-23.0.2-win.jar;C:\Users\Mahdi Hoseinpoor\.gradle\caches\modules-2\files-2.1\org.checkerframework\checker-qual\3.31.0\eeefd4af42e2f4221d145c1791582f91868f99ab\checker-qual-3.31.0.jar;C:\Users\Mahdi Hoseinpoor\.gradle\caches\modules-2\files-2.1\org.jboss.logging\jboss-logging\3.5.0.Final\c19307cc11f28f5e2679347e633a3294d865334d\jboss-logging-3.5.0.Final.jar;C:\Users\Mahdi Hoseinpoor\.gradle\caches\modules-2\files-2.1\org.hibernate.common\hibernate-commons-annotations\6.0.6.Final\77a5f94b56d49508e0ee334751db5b78e5ccd50c\hibernate-commons-annotations-6.0.6.Final.jar;C:\Users\Mahdi Hoseinpoor\.gradle\caches\modules-2\files-2.1\io.smallrye\jandex\3.1.2\a6c1c89925c7df06242b03dddb353116ceb9584c\jandex-3.1.2.jar;C:\Users\Mahdi Hoseinpoor\.gradle\caches\modules-2\files-2.1\com.fasterxml\classmate\1.5.1\3fe0bed568c62df5e89f4f174c101eab25345b6c\classmate-1.5.1.jar;C:\Users\Mahdi Hoseinpoor\.gradle\caches\modules-2\files-2.1\net.bytebuddy\byte-buddy\1.14.7\34efde5f0bb93afc94aaf9d400521899c4806873\byte-buddy-1.14.7.jar;C:\Users\Mahdi Hoseinpoor\.gradle\caches\modules-2\files-2.1\org.glassfish.jaxb\jaxb-runtime\4.0.2\e4e4e0c5b0d42054d00dc4023901572a60d368c7\jaxb-runtime-4.0.2.jar;C:\Users\Mahdi Hoseinpoor\.gradle\caches\modules-2\files-2.1\jakarta.xml.bind\jakarta.xml.bind-api\4.0.0\bbb399208d288b15ec101fa4fcfc4bd77cedc97a\jakarta.xml.bind-api-4.0.0.jar;C:\Users\Mahdi Hoseinpoor\.gradle\caches\modules-2\files-2.1\jakarta.inject\jakarta.inject-api\2.0.1\4c28afe1991a941d7702fe1362c365f0a8641d1e\jakarta.inject-api-2.0.1.jar;C:\Users\Mahdi Hoseinpoor\.gradle\caches\modules-2\files-2.1\org.antlr\antlr4-runtime\4.13.0\5a02e48521624faaf5ff4d99afc88b01686af655\antlr4-runtime-4.13.0.jar;C:\Users\Mahdi Hoseinpoor\.gradle\caches\modules-2\files-2.1\org.glassfish.jaxb\jaxb-core\4.0.2\8c29249f6c10f4ee08967783831580b0f5c5360\jaxb-core-4.0.2.jar;C:\Users\Mahdi Hoseinpoor\.gradle\caches\modules-2\files-2.1\jakarta.activation\jakarta.activation-api\2.1.1\88c774ab863a21fb2fc4219af95379fafe499a31\jakarta.activation-api-2.1.1.jar;C:\Users\Mahdi Hoseinpoor\.gradle\caches\modules-2\files-2.1\org.eclipse.angus\angus-activation\2.0.0\72369f4e2314d38de2dcbb277141ef0226f73151\angus-activation-2.0.0.jar;C:\Users\Mahdi Hoseinpoor\.gradle\caches\modules-2\files-2.1\org.glassfish.jaxb\txw2\4.0.2\24e167be69c29ebb7ee0a3b1f9b546f1dfd111fc\txw2-4.0.2.jar;C:\Users\Mahdi Hoseinpoor\.gradle\caches\modules-2\files-2.1\com.sun.istack\istack-commons-runtime\4.1.1\9b3769c76235bc283b060da4fae2318c6d53f07e\istack-commons-runtime-4.1.1.jar
Launcher Type: SUN_STANDARD

[Global flags]
     intx CICompilerCount                          = 2                                         {product} {ergonomic}
     uint ConcGCThreads                            = 1                                         {product} {ergonomic}
     uint G1ConcRefinementThreads                  = 2                                         {product} {ergonomic}
   size_t G1HeapRegionSize                         = 1048576                                   {product} {ergonomic}
   size_t InitialHeapSize                          = 117440512                                 {product} {ergonomic}
   size_t MarkStackSize                            = 4194304                                   {product} {ergonomic}
   size_t MarkStackSizeMax                         = 536870912                                 {product} {ergonomic}
   size_t MaxHeapSize                              = 1866465280                                {product} {ergonomic}
   size_t MaxNewSize                               = 1119879168                                {product} {ergonomic}
   size_t MinHeapDeltaBytes                        = 1048576                                   {product} {ergonomic}
   size_t MinHeapSize                              = 8388608                                   {product} {ergonomic}
    uintx NonNMethodCodeHeapSize                   = 5767168                                {pd product} {ergonomic}
    uintx NonProfiledCodeHeapSize                  = 123011072                              {pd product} {ergonomic}
    uintx ProfiledCodeHeapSize                     = 122880000                              {pd product} {ergonomic}
    uintx ReservedCodeCacheSize                    = 251658240                              {pd product} {ergonomic}
     bool SegmentedCodeCache                       = true                                      {product} {ergonomic}
   size_t SoftMaxHeapSize                          = 1866465280                             {manageable} {ergonomic}
     bool UseCompressedOops                        = true                           {product lp64_product} {ergonomic}
     bool UseG1GC                                  = true                                      {product} {ergonomic}
     bool UseLargePagesIndividualAllocation        = false                                  {pd product} {ergonomic}

Logging:
Log output configuration:
 #0: stdout all=off uptime,level,tags foldmultilines=false
 #1: stderr all=off uptime,level,tags foldmultilines=false

Environment Variables:
JAVA_HOME=C:\Program Files\Java\jdk-23
PATH=C:\Program Files (x86)\NVIDIA Corporation\PhysX\Common;C:\Program Files\Common Files\Oracle\Java\javapath;C:\Windows\system32;C:\Windows;C:\Windows\System32\Wbem;C:\Windows\System32\WindowsPowerShell\v1.0\;C:\Windows\System32\OpenSSH\;C:\Program Files\Microsoft SQL Server\Client SDK\ODBC\170\Tools\Binn\;C:\Program Files\Microsoft SQL Server\150\Tools\Binn\;C:\Program Files\dotnet\;D:\05_Programs\Matlab\runtime\win64;D:\05_Programs\Matlab\bin;C:\Program Files\Git\cmd;C:\Program Files\Java\jdk-23\bin;C:\Program Files\Go\bin;C:\Program Files\GitHub CLI\;C:\Program Files\PostgreSQL\17\bin;C:\Users\Mahdi Hoseinpoor\AppData\Local\Programs\Python\Launcher\;C:\Users\Mahdi Hoseinpoor\AppData\Local\Microsoft\WindowsApps;C:\Users\Mahdi Hoseinpoor\.dotnet\tools;C:\Users\Mahdi Hoseinpoor\AppData\Local\Programs\Microsoft VS Code\bin;C:\Program Files\mingw64\bin;C:\Program Files\JetBrains\CLion 2021.3.4\bin;;C:\Users\Mahdi Hoseinpoor\go\bin;C:\ffmpeg\bin;C:\Gradle\bin;D:\05_Programs\IntelliJ IDEA 2020.2.3\bin;;D:\05_Programs\IntelliJ IDEA Community Edition 2024.3.5\bin;;C:\Maven\bin;C:\Users\Mahdi Hoseinpoor\AppData\Local\Muse Hub\lib
USERNAME=Mahdi Hoseinpoor
OS=Windows_NT
PROCESSOR_IDENTIFIER=AMD64 Family 21 Model 112 Stepping 0, AuthenticAMD
TMP=C:\Users\MAHDIH~1\AppData\Local\Temp
TEMP=C:\Users\MAHDIH~1\AppData\Local\Temp




Periodic native trim disabled

---------------  S Y S T E M  ---------------

OS:
 Windows 10 , 64 bit Build 19041 (10.0.19041.5915)
OS uptime: 5 days 11:23 hours

CPU: total 2 (initial active 2) (2 cores per cpu, 1 threads per core) family 21 model 112 stepping 0 microcode 0x0, cx8, cmov, fxsr, mmx, 3dnowpref, sse, sse2, sse3, ssse3, sse4a, sse4.1, sse4.2, popcnt, lzcnt, tsc, tscinvbit, avx, avx2, aes, clmul, bmi1, bmi2, fma, vzeroupper, clflush, rdtscp, f16c
Processor Information for the first 2 processors :
  Max Mhz: 2500, Current Mhz: 2100, Mhz Limit: 2500

Memory: 4k page, system-wide physical 7116M (1289M free)
TotalPageFile size 11258M (AvailPageFile size 3036M)
current process WorkingSet (physical memory assigned to process): 272M, peak: 289M
current process commit charge ("private bytes"): 402M, peak: 428M

vm_info: Java HotSpot(TM) 64-Bit Server VM (23.0.2+7-58) for windows-amd64 JRE (23.0.2+7-58), built on 2024-11-29T09:34:55Z with MS VC++ 17.6 (VS2022)

END.
