#
# A fatal error has been detected by the Java Runtime Environment:
#
#  EXCEPTION_ACCESS_VIOLATION (0xc0000005) at pc=0x00007ffb2b178e37, pid=14996, tid=14632
#
# JRE version: Java(TM) SE Runtime Environment (23.0.2+7) (build 23.0.2+7-58)
# Java VM: Java HotSpot(TM) 64-Bit Server VM (23.0.2+7-58, mixed mode, sharing, tiered, compressed oops, compressed class ptrs, g1 gc, windows-amd64)
# Problematic frame:
# C  0x00007ffb2b178e37
#
# No core dump will be written. Minidumps are not enabled by default on client versions of Windows
#
# If you would like to submit a bug report, please visit:
#   https://bugreport.java.com/bugreport/crash.jsp
#

---------------  S U M M A R Y ------------

Command Line: --module-path=C:\javafx-sdk-24.0.1\lib --add-modules=javafx.controls,javafx.fxml,javafx.media -javaagent:G:\IntelliJ IDEA 2024.3.5\lib\idea_rt.jar=60789 -Dfile.encoding=UTF-8 -Dsun.stdout.encoding=UTF-8 -Dsun.stderr.encoding=UTF-8 Client.Main

Host: 12th Gen Intel(R) Core(TM) i7-12650H, 16 cores, 15G,  Windows 10 , 64 bit Build 19041 (10.0.19041.5915)
Time: Mon Sep  8 02:50:47 2025 Iran Standard Time elapsed time: 85.485594 seconds (0d 0h 1m 25s)

---------------  T H R E A D  ---------------

Current thread (0x000001f54d4e82c0):  VMThread "VM Thread"          [id=14632, stack(0x000000c77b700000,0x000000c77b800000) (1024K)]

Stack: [0x000000c77b700000,0x000000c77b800000],  sp=0x000000c77b7fef20,  free space=1019k
Native frames: (J=compiled Java code, j=interpreted, Vv=VM code, C=native code)
C  0x00007ffb2b178e37  (no source info available)
C  [ucrtbase.dll+0x142d6]  (no source info available)
C  [ucrtbase.dll+0x141fb]  (no source info available)
C  [ucrtbase.dll+0x141b4]  (no source info available)
C  0x00007ffb2b17655d  (no source info available)
C  0x00007ffb2b176682  (no source info available)
C  [ntdll.dll+0x19a1d]  (no source info available)
C  [ntdll.dll+0x5f1ca]  (no source info available)
C  [ntdll.dll+0x5ef7d]  (no source info available)
C  [KERNEL32.DLL+0x1e3eb]  (no source info available)
C  [ucrtbase.dll+0x205bc]  (no source info available)
C  [ucrtbase.dll+0x2045f]  (no source info available)
V  [jvm.dll+0x6d9b3c]  (no source info available)
V  [jvm.dll+0x6d9670]  (no source info available)
V  [jvm.dll+0x3da724]  (no source info available)
V  [jvm.dll+0x886d50]  (no source info available)
V  [jvm.dll+0x888077]  (no source info available)
V  [jvm.dll+0x8885a8]  (no source info available)
V  [jvm.dll+0x888843]  (no source info available)
V  [jvm.dll+0x8254cb]  (no source info available)
V  [jvm.dll+0x6df345]  (no source info available)
C  [ucrtbase.dll+0x21bb2]  (no source info available)
C  [KERNEL32.DLL+0x17374]  (no source info available)
C  [ntdll.dll+0x4cc91]  (no source info available)


siginfo: EXCEPTION_ACCESS_VIOLATION (0xc0000005), reading address 0x0000000000000000


Registers:
RAX=0x0000000000000000, RBX=0x000001f54d4f997a, RCX=0x000001f54d4e82c0, RDX=0x000000c77b7fef20
RSP=0x000000c77b7fef20, RBP=0x000001f594002078, RSI=0x000001f594002050, RDI=0x000082af3b073598
R8 =0x0000000000010002, R9 =0x000082af3b073598, R10=0x0000000000008000, R11=0x000000c77b7feeb0
R12=0x00007ffb2b1766d0, R13=0x00007ffb2370c6e0, R14=0x000000c77b7ff018, R15=0x000001f594002050
RIP=0x00007ffb2b178e37, EFLAGS=0x0000000000010206


Register to memory mapping:

RAX=0x0 is null
RBX=0x000001f54d4f997a is a global jni handle
RCX=0x000001f54d4e82c0 points into unknown readable memory: 0x00007ffb23510748 | 48 07 51 23 fb 7f 00 00
RDX=0x000000c77b7fef20 points into unknown readable memory: 0x0000000000000000 | 00 00 00 00 00 00 00 00
RSP=0x000000c77b7fef20 points into unknown readable memory: 0x0000000000000000 | 00 00 00 00 00 00 00 00
RBP=0x000001f594002078 points into unknown readable memory: 0x000082af3b073598 | 98 35 07 3b af 82 00 00
RSI=0x000001f594002050 points into unknown readable memory: 0xfb2b95ced30735e7 | e7 35 07 d3 ce 95 2b fb
RDI=0x000082af3b073598 is an unknown value
R8 =0x0000000000010002 is an unknown value
R9 =0x000082af3b073598 is an unknown value
R10=0x0000000000008000 is an unknown value
R11=0x000000c77b7feeb0 points into unknown readable memory: 0x000001f594002050 | 50 20 00 94 f5 01 00 00
R12=0x00007ffb2b1766d0 points into unknown readable memory: 0x74894808245c8948 | 48 89 5c 24 08 48 89 74
R13=0x00007ffb2370c6e0 jvm.dll
R14=0x000000c77b7ff018 points into unknown readable memory: 0x000000c77b7ff000 | 00 f0 7f 7b c7 00 00 00
R15=0x000001f594002050 points into unknown readable memory: 0xfb2b95ced30735e7 | e7 35 07 d3 ce 95 2b fb

Top of Stack: (sp=0x000000c77b7fef20)
0x000000c77b7fef20:   0000000000000000 000001f594002050
0x000000c77b7fef30:   00007ffb2370c6e0 00007ffb2b1766d0
0x000000c77b7fef40:   000001f594002058 00007ffb858942d6
0x000000c77b7fef50:   000082af3b073598 000001f500000000
0x000000c77b7fef60:   000001f594002078 000001f594002050
0x000000c77b7fef70:   fffffffffffffffe 0000000000000000
0x000000c77b7fef80:   0000000000000001 00007ffb2b150000
0x000000c77b7fef90:   000000c77b7ff008 00007ffb858941fb
0x000000c77b7fefa0:   0000000000000000 000000c77b7ff018
0x000000c77b7fefb0:   000000c77b7ff2f0 00007ffb85970e40
0x000000c77b7fefc0:   0000000000000001 00007ffb858941b4
0x000000c77b7fefd0:   0000000000000000 0000000000000001
0x000000c77b7fefe0:   00007ffb81b63300 000000c77b7ff008
0x000000c77b7feff0:   000000000000000d 00007ffb2b17655d
0x000000c77b7ff000:   00007ffb2b18fda8 00007ffb00000002
0x000000c77b7ff010:   0000000000000002 000000c77b7ff000
0x000000c77b7ff020:   0000000000000000 00007ffb88169993
0x000000c77b7ff030:   0000000000000000 00007ffb2b176682
0x000000c77b7ff040:   0000000000000001 0000000000000000
0x000000c77b7ff050:   00000000000000f0 0000000000000001
0x000000c77b7ff060:   00007ffb7cc41d90 0000000000000000
0x000000c77b7ff070:   0000000000000001 00007ffb7cc42ef0
0x000000c77b7ff080:   00007ffb2b150000 000000007ffe0384
0x000000c77b7ff090:   0000000000000000 00007ffb88169a1d
0x000000c77b7ff0a0:   00007ffb2b150000 0000000000000000
0x000000c77b7ff0b0:   0000000000000001 000000007ffe0385
0x000000c77b7ff0c0:   0000000000000000 00007ffb881af331
0x000000c77b7ff0d0:   00000cbfbdf3b200 0000000000000014
0x000000c77b7ff0e0:   00007ffb2b1766d0 0000000000000000
0x000000c77b7ff0f0:   0000000000000000 000000c77ab16000
0x000000c77b7ff100:   000001f593966830 00007ffb881af1ca
0x000000c77b7ff110:   000001f593967fd0 00007ffb2b150000 

Instructions: (pc=0x00007ffb2b178e37)
0x00007ffb2b178d37:   8b 4d 58 e8 d9 ce ff ff 48 8b 4d 60 e8 d0 ce ff
0x00007ffb2b178d47:   ff 48 8b 95 80 00 00 00 48 8b 8d 18 01 00 00 e8
0x00007ffb2b178d57:   b6 c4 ff ff 33 d2 33 c9 e8 1c e1 ff ff 90 48 89
0x00007ffb2b178d67:   54 24 10 55 48 83 ec 20 48 8b ea 48 b8 00 00 00
0x00007ffb2b178d77:   00 00 00 00 00 48 83 c4 20 5d c3 cc 40 55 48 8b
0x00007ffb2b178d87:   ea 48 8b 01 33 c9 81 38 05 00 00 c0 0f 94 c1 8b
0x00007ffb2b178d97:   c1 5d c3 cc 40 55 48 83 ec 20 48 8b ea 8a 4d 40
0x00007ffb2b178da7:   48 83 c4 20 5d e9 c3 d2 ff ff cc 40 55 48 83 ec
0x00007ffb2b178db7:   20 48 8b ea 8a 4d 20 e8 b1 d2 ff ff 90 48 83 c4
0x00007ffb2b178dc7:   20 5d c3 cc 40 55 48 83 ec 20 48 8b ea 48 83 c4
0x00007ffb2b178dd7:   20 5d e9 12 d1 ff ff cc 40 55 48 83 ec 30 48 8b
0x00007ffb2b178de7:   ea 48 8b 01 8b 10 48 89 4c 24 28 89 54 24 20 4c
0x00007ffb2b178df7:   8d 0d b3 d5 ff ff 4c 8b 45 70 8b 55 68 48 8b 4d
0x00007ffb2b178e07:   60 e8 53 d0 ff ff 90 48 83 c4 30 5d c3 cc cc cc
0x00007ffb2b178e17:   cc cc cc cc cc cc cc cc cc 40 53 48 83 ec 20 48
0x00007ffb2b178e27:   8b 1d 2b 6a 01 00 48 85 db 74 16 e8 a9 8f ff ff
0x00007ffb2b178e37:   4c 8b 00 48 8b d3 48 8b c8 41 ff 90 b0 00 00 00
0x00007ffb2b178e47:   90 48 83 c4 20 5b c3 cc cc 40 53 48 83 ec 20 48
0x00007ffb2b178e57:   8b 1d 6b 6b 01 00 48 85 db 74 57 b8 ff ff ff ff
0x00007ffb2b178e67:   f0 0f c1 43 10 83 f8 01 75 3d 48 85 db 74 38 48
0x00007ffb2b178e77:   8b 0b 48 85 c9 74 0d ff 15 2c 14 00 00 48 c7 03
0x00007ffb2b178e87:   00 00 00 00 48 8b 4b 08 48 85 c9 74 0d e8 7f cd
0x00007ffb2b178e97:   ff ff 48 c7 43 08 00 00 00 00 ba 18 00 00 00 48
0x00007ffb2b178ea7:   8b cb e8 6a cd ff ff 48 c7 05 0f 6b 01 00 00 00
0x00007ffb2b178eb7:   00 00 48 83 c4 20 5b c3 cc 40 53 48 83 ec 20 48
0x00007ffb2b178ec7:   8b 1d db 6a 01 00 48 85 db 74 57 b8 ff ff ff ff
0x00007ffb2b178ed7:   f0 0f c1 43 10 83 f8 01 75 3d 48 85 db 74 38 48
0x00007ffb2b178ee7:   8b 0b 48 85 c9 74 0d ff 15 bc 13 00 00 48 c7 03
0x00007ffb2b178ef7:   00 00 00 00 48 8b 4b 08 48 85 c9 74 0d e8 0f cd
0x00007ffb2b178f07:   ff ff 48 c7 43 08 00 00 00 00 ba 18 00 00 00 48
0x00007ffb2b178f17:   8b cb e8 fa cc ff ff 48 c7 05 7f 6a 01 00 00 00
0x00007ffb2b178f27:   00 00 48 83 c4 20 5b c3 cc 40 53 48 83 ec 20 48 


Stack slot to memory mapping:

stack at sp + 0 slots: 0x0 is null
stack at sp + 1 slots: 0x000001f594002050 points into unknown readable memory: 0xfb2b95ced30735e7 | e7 35 07 d3 ce 95 2b fb
stack at sp + 2 slots: 0x00007ffb2370c6e0 jvm.dll
stack at sp + 3 slots: 0x00007ffb2b1766d0 points into unknown readable memory: 0x74894808245c8948 | 48 89 5c 24 08 48 89 74
stack at sp + 4 slots: 0x000001f594002058 points into unknown readable memory: 0x000082af3b073598 | 98 35 07 3b af 82 00 00
stack at sp + 5 slots: 0x00007ffb858942d6 ucrtbase.dll
stack at sp + 6 slots: 0x000082af3b073598 is an unknown value
stack at sp + 7 slots: 0x000001f500000000 is an unknown value

VM_Operation (0x000000c77adfef80): Exit, mode: safepoint, requested by thread 0x000001f5951035c0


---------------  P R O C E S S  ---------------

Threads class SMR info:
_java_thread_list=0x000001f59407e190, length=25, elements={
0x000001f52d568a60, 0x000001f54d4fe4e0, 0x000001f54d4ff300, 0x000001f54d503cc0,
0x000001f54d504720, 0x000001f54d505180, 0x000001f54d505be0, 0x000001f54d51a770,
0x000001f54d622330, 0x000001f593b897e0, 0x000001f593b89e50, 0x000001f594a11900,
0x000001f59435ae60, 0x000001f59437b060, 0x000001f593e9eb00, 0x000001f594664fb0,
0x000001f594666360, 0x000001f594662ee0, 0x000001f5951007d0, 0x000001f5950ff420,
0x000001f5950ffab0, 0x000001f595102210, 0x000001f5950fc630, 0x000001f5950fd9e0,
0x000001f5951035c0
}

Java Threads: ( => current thread )
  0x000001f52d568a60 JavaThread "main"                              [_thread_blocked, id=13020, stack(0x000000c77b000000,0x000000c77b100000) (1024K)]
  0x000001f54d4fe4e0 JavaThread "Reference Handler"          daemon [_thread_blocked, id=20660, stack(0x000000c77b800000,0x000000c77b900000) (1024K)]
  0x000001f54d4ff300 JavaThread "Finalizer"                  daemon [_thread_blocked, id=13420, stack(0x000000c77b900000,0x000000c77ba00000) (1024K)]
  0x000001f54d503cc0 JavaThread "Attach Listener"            daemon [_thread_blocked, id=1572, stack(0x000000c77bb00000,0x000000c77bc00000) (1024K)]
  0x000001f54d504720 JavaThread "Service Thread"             daemon [_thread_blocked, id=26396, stack(0x000000c77bc00000,0x000000c77bd00000) (1024K)]
  0x000001f54d505180 JavaThread "Monitor Deflation Thread"   daemon [_thread_blocked, id=16160, stack(0x000000c77bd00000,0x000000c77be00000) (1024K)]
  0x000001f54d505be0 JavaThread "C2 CompilerThread0"         daemon [_thread_blocked, id=2504, stack(0x000000c77be00000,0x000000c77bf00000) (1024K)]
  0x000001f54d51a770 JavaThread "C1 CompilerThread0"         daemon [_thread_blocked, id=10696, stack(0x000000c77bf00000,0x000000c77c000000) (1024K)]
  0x000001f54d622330 JavaThread "Common-Cleaner"             daemon [_thread_blocked, id=28144, stack(0x000000c77c000000,0x000000c77c100000) (1024K)]
  0x000001f593b897e0 JavaThread "Monitor Ctrl-Break"         daemon [_thread_in_native, id=20260, stack(0x000000c77c800000,0x000000c77c900000) (1024K)]
  0x000001f593b89e50 JavaThread "Notification Thread"        daemon [_thread_blocked, id=12728, stack(0x000000c77c900000,0x000000c77ca00000) (1024K)]
  0x000001f594a11900 JavaThread "QuantumRenderer-0"          daemon [_thread_blocked, id=6056, stack(0x000000c77ca00000,0x000000c77cb00000) (1024K)]
  0x000001f59435ae60 JavaThread "RMI TCP Accept-0"           daemon [_thread_in_native, id=22384, stack(0x000000c77d400000,0x000000c77d500000) (1024K)]
  0x000001f59437b060 JavaThread "RMI TCP Connection(1)-172.19.0.1" daemon [_thread_blocked, id=11468, stack(0x000000c77d500000,0x000000c77d600000) (1024K)]
  0x000001f593e9eb00 JavaThread "RMI Scheduler(0)"           daemon [_thread_blocked, id=22164, stack(0x000000c77d600000,0x000000c77d700000) (1024K)]
  0x000001f594664fb0 JavaThread "JMX server connection timeout 43" daemon [_thread_blocked, id=25804, stack(0x000000c77d700000,0x000000c77d800000) (1024K)]
  0x000001f594666360 JavaThread "InvokeLaterDispatcher"      daemon [_thread_blocked, id=2996, stack(0x000000c77d800000,0x000000c77d900000) (1024K)]
  0x000001f594662ee0 JavaThread "JavaFX Application Thread"         [_thread_in_native, id=16796, stack(0x000000c77d900000,0x000000c77da00000) (1024K)]
  0x000001f5951007d0 JavaThread "JavaFX-Launcher"                   [_thread_blocked, id=2552, stack(0x000000c77c500000,0x000000c77c600000) (1024K)]
  0x000001f5950ff420 JavaThread "Thread-2"                   daemon [_thread_in_native, id=22328, stack(0x000000c77c400000,0x000000c77c500000) (1024K)]
  0x000001f5950ffab0 JavaThread "Prism Font Disposer"        daemon [_thread_blocked, id=23856, stack(0x000000c77ea00000,0x000000c77eb00000) (1024K)]
  0x000001f595102210 JavaThread "Cleaner-0"                  daemon [_thread_blocked, id=27304, stack(0x000000c77eb00000,0x000000c77ec00000) (1024K)]
  0x000001f5950fc630 JavaThread "Thread-3"                   daemon [_thread_in_native, id=23012, stack(0x000000c77c200000,0x000000c77c300000) (1024K)]
  0x000001f5950fd9e0 JavaThread "Timer-0"                    daemon [_thread_blocked, id=23888, stack(0x000000c77e200000,0x000000c77e300000) (1024K)]
  0x000001f5951035c0 JavaThread "SIGINT handler"             daemon [_thread_blocked, id=12124, stack(0x000000c77ad00000,0x000000c77ae00000) (1024K)]
Total: 25

Other Threads:
=>0x000001f54d4e82c0 VMThread "VM Thread"                           [id=14632, stack(0x000000c77b700000,0x000000c77b800000) (1024K)]
  0x000001f52d5cfc90 WorkerThread "GC Thread#0"                     [id=18108, stack(0x000000c77b100000,0x000000c77b200000) (1024K)]
  0x000001f594421eb0 WorkerThread "GC Thread#1"                     [id=1120, stack(0x000000c77cb00000,0x000000c77cc00000) (1024K)]
  0x000001f594a0f850 WorkerThread "GC Thread#2"                     [id=23304, stack(0x000000c77cc00000,0x000000c77cd00000) (1024K)]
  0x000001f594627310 WorkerThread "GC Thread#3"                     [id=22452, stack(0x000000c77cd00000,0x000000c77ce00000) (1024K)]
  0x000001f594794020 WorkerThread "GC Thread#4"                     [id=17156, stack(0x000000c77ce00000,0x000000c77cf00000) (1024K)]
  0x000001f594794be0 WorkerThread "GC Thread#5"                     [id=17228, stack(0x000000c77cf00000,0x000000c77d000000) (1024K)]
  0x000001f594364100 WorkerThread "GC Thread#6"                     [id=21308, stack(0x000000c77d000000,0x000000c77d100000) (1024K)]
  0x000001f594365370 WorkerThread "GC Thread#7"                     [id=11808, stack(0x000000c77d100000,0x000000c77d200000) (1024K)]
  0x000001f594365720 WorkerThread "GC Thread#8"                     [id=16228, stack(0x000000c77d200000,0x000000c77d300000) (1024K)]
  0x000001f593d35510 WorkerThread "GC Thread#9"                     [id=13220, stack(0x000000c77e500000,0x000000c77e600000) (1024K)]
  0x000001f593d36780 WorkerThread "GC Thread#10"                    [id=28236, stack(0x000000c77e600000,0x000000c77e700000) (1024K)]
  0x000001f593d37640 WorkerThread "GC Thread#11"                    [id=25564, stack(0x000000c77e700000,0x000000c77e800000) (1024K)]
  0x000001f593d36b30 WorkerThread "GC Thread#12"                    [id=15196, stack(0x000000c77e800000,0x000000c77e900000) (1024K)]
  0x000001f52d5e5730 ConcurrentGCThread "G1 Main Marker"            terminated
  0x000001f52d5e6240 WorkerThread "G1 Conc#0"                       [id=13952, stack(0x000000c77b300000,0x000000c77b400000) (1024K)]
  0x000001f5a46a81e0 WorkerThread "G1 Conc#1"                       [id=17612, stack(0x000000c77e000000,0x000000c77e100000) (1024K)]
  0x000001f5a46a51f0 WorkerThread "G1 Conc#2"                       [id=24196, stack(0x000000c77e100000,0x000000c77e200000) (1024K)]
  0x000001f54d3aa260 ConcurrentGCThread "G1 Refine#0"               terminated
  0x000001f54d3aaa90 ConcurrentGCThread "G1 Service"                terminated
Total: 20

Threads with active compile tasks:
Total: 0

VM state: at safepoint (shutting down)

VM Mutex/Monitor currently owned by a thread:  ([mutex/lock_event])
[0x00007ffb236e4888] Threads_lock - owner thread: 0x000001f54d4e82c0
[0x00007ffb236e4988] Heap_lock - owner thread: 0x000001f5951035c0

Heap address: 0x0000000705e00000, size: 4002 MB, Compressed Oops mode: Zero based, Oop shift amount: 3

CDS archive(s) mapped at: [0x000001f54e000000-0x000001f54ed70000-0x000001f54ed70000), size 14090240, SharedBaseAddress: 0x000001f54e000000, ArchiveRelocationMode: 1.
Compressed class space mapped at: 0x000001f54f000000-0x000001f58f000000, reserved size: 1073741824
Narrow klass base: 0x000001f54e000000, Narrow klass shift: 0, Narrow klass range: 0x41000000

GC Precious Log:
 CardTable entry size: 512
 Card Set container configuration: InlinePtr #cards 4 size 8 Array Of Cards #cards 16 size 48 Howl #buckets 8 coarsen threshold 3686 Howl Bitmap #cards 512 size 80 coarsen threshold 460 Card regions per heap region 1 cards per card region 4096
 CPUs: 16 total, 16 available
 Memory: 16005M
 Large Page Support: Disabled
 NUMA Support: Disabled
 Compressed Oops: Enabled (Zero based)
 Heap Region Size: 2M
 Heap Min Capacity: 8M
 Heap Initial Capacity: 252M
 Heap Max Capacity: 4002M
 Pre-touch: Disabled
 Parallel Workers: 13
 Concurrent Workers: 3
 Concurrent Refinement Workers: 13
 Periodic GC: Disabled

Heap:
 garbage-first heap   total reserved 4098048K, committed 245760K, used 190051K [0x0000000705e00000, 0x0000000800000000)
  region size 2048K, 40 young (81920K), 2 survivors (4096K)
 Metaspace       used 29636K, committed 30144K, reserved 1114112K
  class space    used 4067K, committed 4288K, reserved 1048576K

Heap Regions: E=young(eden), S=young(survivor), O=old, HS=humongous(starts), HC=humongous(continues), CS=collection set, F=free, TAMS=top-at-mark-start, PB=parsable bottom
|   0|0x0000000705e00000, 0x0000000706000000, 0x0000000706000000|100%| O|  |TAMS 0x0000000705e00000| PB 0x0000000705e00000| Untracked |  0
|   1|0x0000000706000000, 0x0000000706200000, 0x0000000706200000|100%| O|  |TAMS 0x0000000706000000| PB 0x0000000706000000| Untracked |  0
|   2|0x0000000706200000, 0x00000007063eb380, 0x0000000706400000| 95%| O|  |TAMS 0x0000000706200000| PB 0x0000000706200000| Untracked |  0
|   3|0x0000000706400000, 0x0000000706600000, 0x0000000706600000|100%|HS|  |TAMS 0x0000000706400000| PB 0x0000000706400000| Complete |  0
|   4|0x0000000706600000, 0x0000000706800000, 0x0000000706800000|100%|HC|  |TAMS 0x0000000706600000| PB 0x0000000706600000| Complete |  0
|   5|0x0000000706800000, 0x0000000706a00000, 0x0000000706a00000|100%|HC|  |TAMS 0x0000000706800000| PB 0x0000000706800000| Complete |  0
|   6|0x0000000706a00000, 0x0000000706c00000, 0x0000000706c00000|100%|HC|  |TAMS 0x0000000706a00000| PB 0x0000000706a00000| Complete |  0
|   7|0x0000000706c00000, 0x0000000706e00000, 0x0000000706e00000|100%|HS|  |TAMS 0x0000000706c00000| PB 0x0000000706c00000| Complete |  0
|   8|0x0000000706e00000, 0x0000000707000000, 0x0000000707000000|100%|HC|  |TAMS 0x0000000706e00000| PB 0x0000000706e00000| Complete |  0
|   9|0x0000000707000000, 0x0000000707200000, 0x0000000707200000|100%|HS|  |TAMS 0x0000000707000000| PB 0x0000000707000000| Complete |  0
|  10|0x0000000707200000, 0x0000000707400000, 0x0000000707400000|100%|HS|  |TAMS 0x0000000707200000| PB 0x0000000707200000| Complete |  0
|  11|0x0000000707400000, 0x0000000707600000, 0x0000000707600000|100%|HC|  |TAMS 0x0000000707400000| PB 0x0000000707400000| Complete |  0
|  12|0x0000000707600000, 0x0000000707800000, 0x0000000707800000|100%|HS|  |TAMS 0x0000000707600000| PB 0x0000000707600000| Complete |  0
|  13|0x0000000707800000, 0x0000000707a00000, 0x0000000707a00000|100%|HC|  |TAMS 0x0000000707800000| PB 0x0000000707800000| Complete |  0
|  14|0x0000000707a00000, 0x0000000707c00000, 0x0000000707c00000|100%|HS|  |TAMS 0x0000000707a00000| PB 0x0000000707a00000| Complete |  0
|  15|0x0000000707c00000, 0x0000000707e00000, 0x0000000707e00000|100%|HS|  |TAMS 0x0000000707c00000| PB 0x0000000707c00000| Complete |  0
|  16|0x0000000707e00000, 0x0000000708000000, 0x0000000708000000|100%|HS|  |TAMS 0x0000000707e00000| PB 0x0000000707e00000| Complete |  0
|  17|0x0000000708000000, 0x0000000708200000, 0x0000000708200000|100%|HC|  |TAMS 0x0000000708000000| PB 0x0000000708000000| Complete |  0
|  18|0x0000000708200000, 0x0000000708400000, 0x0000000708400000|100%| O|  |TAMS 0x0000000708200000| PB 0x0000000708200000| Untracked |  0
|  19|0x0000000708400000, 0x0000000708600000, 0x0000000708600000|100%| O|  |TAMS 0x0000000708400000| PB 0x0000000708400000| Untracked |  0
|  20|0x0000000708600000, 0x0000000708800000, 0x0000000708800000|100%| O|  |TAMS 0x0000000708600000| PB 0x0000000708600000| Untracked |  0
|  21|0x0000000708800000, 0x00000007089c01a0, 0x0000000708a00000| 87%| O|  |TAMS 0x0000000708800000| PB 0x0000000708800000| Untracked |  0
|  22|0x0000000708a00000, 0x0000000708c00000, 0x0000000708c00000|100%|HS|  |TAMS 0x0000000708a00000| PB 0x0000000708a00000| Complete |  0
|  23|0x0000000708c00000, 0x0000000708e00000, 0x0000000708e00000|100%|HC|  |TAMS 0x0000000708c00000| PB 0x0000000708c00000| Complete |  0
|  24|0x0000000708e00000, 0x0000000709000000, 0x0000000709000000|100%|HS|  |TAMS 0x0000000708e00000| PB 0x0000000708e00000| Complete |  0
|  25|0x0000000709000000, 0x0000000709200000, 0x0000000709200000|100%|HS|  |TAMS 0x0000000709000000| PB 0x0000000709000000| Complete |  0
|  26|0x0000000709200000, 0x0000000709400000, 0x0000000709400000|100%|HS|  |TAMS 0x0000000709200000| PB 0x0000000709200000| Complete |  0
|  27|0x0000000709400000, 0x0000000709600000, 0x0000000709600000|100%|HC|  |TAMS 0x0000000709400000| PB 0x0000000709400000| Complete |  0
|  28|0x0000000709600000, 0x0000000709800000, 0x0000000709800000|100%|HS|  |TAMS 0x0000000709600000| PB 0x0000000709600000| Complete |  0
|  29|0x0000000709800000, 0x0000000709a00000, 0x0000000709a00000|100%|HC|  |TAMS 0x0000000709800000| PB 0x0000000709800000| Complete |  0
|  30|0x0000000709a00000, 0x0000000709c00000, 0x0000000709c00000|100%|HS|  |TAMS 0x0000000709a00000| PB 0x0000000709a00000| Complete |  0
|  31|0x0000000709c00000, 0x0000000709e00000, 0x0000000709e00000|100%|HS|  |TAMS 0x0000000709c00000| PB 0x0000000709c00000| Complete |  0
|  32|0x0000000709e00000, 0x000000070a000000, 0x000000070a000000|100%|HS|  |TAMS 0x0000000709e00000| PB 0x0000000709e00000| Complete |  0
|  33|0x000000070a000000, 0x000000070a200000, 0x000000070a200000|100%|HC|  |TAMS 0x000000070a000000| PB 0x000000070a000000| Complete |  0
|  34|0x000000070a200000, 0x000000070a200000, 0x000000070a400000|  0%| F|  |TAMS 0x000000070a200000| PB 0x000000070a200000| Untracked |  0
|  35|0x000000070a400000, 0x000000070a600000, 0x000000070a600000|100%|HS|  |TAMS 0x000000070a400000| PB 0x000000070a400000| Complete |  0
|  36|0x000000070a600000, 0x000000070a800000, 0x000000070a800000|100%|HC|  |TAMS 0x000000070a600000| PB 0x000000070a600000| Complete |  0
|  37|0x000000070a800000, 0x000000070aa00000, 0x000000070aa00000|100%|HS|  |TAMS 0x000000070a800000| PB 0x000000070a800000| Complete |  0
|  38|0x000000070aa00000, 0x000000070aa00000, 0x000000070ac00000|  0%| F|  |TAMS 0x000000070aa00000| PB 0x000000070aa00000| Untracked |  0
|  39|0x000000070ac00000, 0x000000070ae00000, 0x000000070ae00000|100%|HS|  |TAMS 0x000000070ac00000| PB 0x000000070ac00000| Complete |  0
|  40|0x000000070ae00000, 0x000000070b000000, 0x000000070b000000|100%|HC|  |TAMS 0x000000070ae00000| PB 0x000000070ae00000| Complete |  0
|  41|0x000000070b000000, 0x000000070b200000, 0x000000070b200000|100%|HS|  |TAMS 0x000000070b000000| PB 0x000000070b000000| Complete |  0
|  42|0x000000070b200000, 0x000000070b400000, 0x000000070b400000|100%|HC|  |TAMS 0x000000070b200000| PB 0x000000070b200000| Complete |  0
|  43|0x000000070b400000, 0x000000070b600000, 0x000000070b600000|100%|HS|  |TAMS 0x000000070b400000| PB 0x000000070b400000| Complete |  0
|  44|0x000000070b600000, 0x000000070b600000, 0x000000070b800000|  0%| F|  |TAMS 0x000000070b600000| PB 0x000000070b600000| Untracked |  0
|  45|0x000000070b800000, 0x000000070ba00000, 0x000000070ba00000|100%|HS|  |TAMS 0x000000070b800000| PB 0x000000070b800000| Complete |  0
|  46|0x000000070ba00000, 0x000000070ba00000, 0x000000070bc00000|  0%| F|  |TAMS 0x000000070ba00000| PB 0x000000070ba00000| Untracked |  0
|  47|0x000000070bc00000, 0x000000070be00000, 0x000000070be00000|100%|HS|  |TAMS 0x000000070bc00000| PB 0x000000070bc00000| Complete |  0
|  48|0x000000070be00000, 0x000000070c000000, 0x000000070c000000|100%|HC|  |TAMS 0x000000070be00000| PB 0x000000070be00000| Complete |  0
|  49|0x000000070c000000, 0x000000070c200000, 0x000000070c200000|100%|HS|  |TAMS 0x000000070c000000| PB 0x000000070c000000| Complete |  0
|  50|0x000000070c200000, 0x000000070c400000, 0x000000070c400000|100%|HS|  |TAMS 0x000000070c200000| PB 0x000000070c200000| Complete |  0
|  51|0x000000070c400000, 0x000000070c600000, 0x000000070c600000|100%|HC|  |TAMS 0x000000070c400000| PB 0x000000070c400000| Complete |  0
|  52|0x000000070c600000, 0x000000070c800000, 0x000000070c800000|100%|HS|  |TAMS 0x000000070c600000| PB 0x000000070c600000| Complete |  0
|  53|0x000000070c800000, 0x000000070ca00000, 0x000000070ca00000|100%|HC|  |TAMS 0x000000070c800000| PB 0x000000070c800000| Complete |  0
|  54|0x000000070ca00000, 0x000000070cc00000, 0x000000070cc00000|100%|HS|  |TAMS 0x000000070ca00000| PB 0x000000070ca00000| Complete |  0
|  55|0x000000070cc00000, 0x000000070ce00000, 0x000000070ce00000|100%|HC|  |TAMS 0x000000070cc00000| PB 0x000000070cc00000| Complete |  0
|  56|0x000000070ce00000, 0x000000070ce00000, 0x000000070d000000|  0%| F|  |TAMS 0x000000070ce00000| PB 0x000000070ce00000| Untracked |  0
|  57|0x000000070d000000, 0x000000070d000000, 0x000000070d200000|  0%| F|  |TAMS 0x000000070d000000| PB 0x000000070d000000| Untracked |  0
|  58|0x000000070d200000, 0x000000070d3ed700, 0x000000070d400000| 96%| S|CS|TAMS 0x000000070d200000| PB 0x000000070d200000| Complete |  0
|  59|0x000000070d400000, 0x000000070d600000, 0x000000070d600000|100%| S|CS|TAMS 0x000000070d400000| PB 0x000000070d400000| Complete |  0
|  60|0x000000070d600000, 0x000000070d600000, 0x000000070d800000|  0%| F|  |TAMS 0x000000070d600000| PB 0x000000070d600000| Untracked |  0
|  61|0x000000070d800000, 0x000000070d800000, 0x000000070da00000|  0%| F|  |TAMS 0x000000070d800000| PB 0x000000070d800000| Untracked |  0
|  62|0x000000070da00000, 0x000000070da00000, 0x000000070dc00000|  0%| F|  |TAMS 0x000000070da00000| PB 0x000000070da00000| Untracked |  0
|  63|0x000000070dc00000, 0x000000070dc00000, 0x000000070de00000|  0%| F|  |TAMS 0x000000070dc00000| PB 0x000000070dc00000| Untracked |  0
|  64|0x000000070de00000, 0x000000070de00000, 0x000000070e000000|  0%| F|  |TAMS 0x000000070de00000| PB 0x000000070de00000| Untracked |  0
|  65|0x000000070e000000, 0x000000070e000000, 0x000000070e200000|  0%| F|  |TAMS 0x000000070e000000| PB 0x000000070e000000| Untracked |  0
|  66|0x000000070e200000, 0x000000070e200000, 0x000000070e400000|  0%| F|  |TAMS 0x000000070e200000| PB 0x000000070e200000| Untracked |  0
|  67|0x000000070e400000, 0x000000070e400000, 0x000000070e600000|  0%| F|  |TAMS 0x000000070e400000| PB 0x000000070e400000| Untracked |  0
|  68|0x000000070e600000, 0x000000070e600000, 0x000000070e800000|  0%| F|  |TAMS 0x000000070e600000| PB 0x000000070e600000| Untracked |  0
|  69|0x000000070e800000, 0x000000070e800000, 0x000000070ea00000|  0%| F|  |TAMS 0x000000070e800000| PB 0x000000070e800000| Untracked |  0
|  70|0x000000070ea00000, 0x000000070ea00000, 0x000000070ec00000|  0%| F|  |TAMS 0x000000070ea00000| PB 0x000000070ea00000| Untracked |  0
|  71|0x000000070ec00000, 0x000000070ec00000, 0x000000070ee00000|  0%| F|  |TAMS 0x000000070ec00000| PB 0x000000070ec00000| Untracked |  0
|  72|0x000000070ee00000, 0x000000070ee00000, 0x000000070f000000|  0%| F|  |TAMS 0x000000070ee00000| PB 0x000000070ee00000| Untracked |  0
|  73|0x000000070f000000, 0x000000070f000000, 0x000000070f200000|  0%| F|  |TAMS 0x000000070f000000| PB 0x000000070f000000| Untracked |  0
|  74|0x000000070f200000, 0x000000070f200000, 0x000000070f400000|  0%| F|  |TAMS 0x000000070f200000| PB 0x000000070f200000| Untracked |  0
|  75|0x000000070f400000, 0x000000070f400000, 0x000000070f600000|  0%| F|  |TAMS 0x000000070f400000| PB 0x000000070f400000| Untracked |  0
|  76|0x000000070f600000, 0x000000070f600000, 0x000000070f800000|  0%| F|  |TAMS 0x000000070f600000| PB 0x000000070f600000| Untracked |  0
|  77|0x000000070f800000, 0x000000070f800000, 0x000000070fa00000|  0%| F|  |TAMS 0x000000070f800000| PB 0x000000070f800000| Untracked |  0
|  78|0x000000070fa00000, 0x000000070fa00000, 0x000000070fc00000|  0%| F|  |TAMS 0x000000070fa00000| PB 0x000000070fa00000| Untracked |  0
|  79|0x000000070fc00000, 0x000000070fc00000, 0x000000070fe00000|  0%| F|  |TAMS 0x000000070fc00000| PB 0x000000070fc00000| Untracked |  0
|  80|0x000000070fe00000, 0x0000000710000000, 0x0000000710000000|100%| E|  |TAMS 0x000000070fe00000| PB 0x000000070fe00000| Complete |  0
|  81|0x0000000710000000, 0x0000000710200000, 0x0000000710200000|100%| E|CS|TAMS 0x0000000710000000| PB 0x0000000710000000| Complete |  0
|  82|0x0000000710200000, 0x0000000710400000, 0x0000000710400000|100%| E|CS|TAMS 0x0000000710200000| PB 0x0000000710200000| Complete |  0
|  83|0x0000000710400000, 0x0000000710600000, 0x0000000710600000|100%| E|CS|TAMS 0x0000000710400000| PB 0x0000000710400000| Complete |  0
|  84|0x0000000710600000, 0x0000000710800000, 0x0000000710800000|100%| E|CS|TAMS 0x0000000710600000| PB 0x0000000710600000| Complete |  0
|  85|0x0000000710800000, 0x0000000710a00000, 0x0000000710a00000|100%| E|CS|TAMS 0x0000000710800000| PB 0x0000000710800000| Complete |  0
|  86|0x0000000710a00000, 0x0000000710c00000, 0x0000000710c00000|100%| E|CS|TAMS 0x0000000710a00000| PB 0x0000000710a00000| Complete |  0
|  87|0x0000000710c00000, 0x0000000710e00000, 0x0000000710e00000|100%| E|CS|TAMS 0x0000000710c00000| PB 0x0000000710c00000| Complete |  0
|  88|0x0000000710e00000, 0x0000000711000000, 0x0000000711000000|100%| E|CS|TAMS 0x0000000710e00000| PB 0x0000000710e00000| Complete |  0
|  89|0x0000000711000000, 0x0000000711200000, 0x0000000711200000|100%| E|CS|TAMS 0x0000000711000000| PB 0x0000000711000000| Complete |  0
|  90|0x0000000711200000, 0x0000000711400000, 0x0000000711400000|100%| E|CS|TAMS 0x0000000711200000| PB 0x0000000711200000| Complete |  0
|  91|0x0000000711400000, 0x0000000711600000, 0x0000000711600000|100%| E|CS|TAMS 0x0000000711400000| PB 0x0000000711400000| Complete |  0
|  92|0x0000000711600000, 0x0000000711800000, 0x0000000711800000|100%| E|CS|TAMS 0x0000000711600000| PB 0x0000000711600000| Complete |  0
|  93|0x0000000711800000, 0x0000000711a00000, 0x0000000711a00000|100%| E|CS|TAMS 0x0000000711800000| PB 0x0000000711800000| Complete |  0
|  94|0x0000000711a00000, 0x0000000711c00000, 0x0000000711c00000|100%| E|CS|TAMS 0x0000000711a00000| PB 0x0000000711a00000| Complete |  0
|  95|0x0000000711c00000, 0x0000000711e00000, 0x0000000711e00000|100%| E|CS|TAMS 0x0000000711c00000| PB 0x0000000711c00000| Complete |  0
|  96|0x0000000711e00000, 0x0000000712000000, 0x0000000712000000|100%| E|CS|TAMS 0x0000000711e00000| PB 0x0000000711e00000| Complete |  0
|  97|0x0000000712000000, 0x0000000712200000, 0x0000000712200000|100%| E|CS|TAMS 0x0000000712000000| PB 0x0000000712000000| Complete |  0
|  98|0x0000000712200000, 0x0000000712400000, 0x0000000712400000|100%| E|CS|TAMS 0x0000000712200000| PB 0x0000000712200000| Complete |  0
|  99|0x0000000712400000, 0x0000000712600000, 0x0000000712600000|100%| E|CS|TAMS 0x0000000712400000| PB 0x0000000712400000| Complete |  0
| 100|0x0000000712600000, 0x0000000712800000, 0x0000000712800000|100%| E|CS|TAMS 0x0000000712600000| PB 0x0000000712600000| Complete |  0
| 101|0x0000000712800000, 0x0000000712a00000, 0x0000000712a00000|100%| E|CS|TAMS 0x0000000712800000| PB 0x0000000712800000| Complete |  0
| 102|0x0000000712a00000, 0x0000000712c00000, 0x0000000712c00000|100%| E|CS|TAMS 0x0000000712a00000| PB 0x0000000712a00000| Complete |  0
| 103|0x0000000712c00000, 0x0000000712e00000, 0x0000000712e00000|100%| E|CS|TAMS 0x0000000712c00000| PB 0x0000000712c00000| Complete |  0
| 104|0x0000000712e00000, 0x0000000713000000, 0x0000000713000000|100%| E|CS|TAMS 0x0000000712e00000| PB 0x0000000712e00000| Complete |  0
| 105|0x0000000713000000, 0x0000000713200000, 0x0000000713200000|100%| E|CS|TAMS 0x0000000713000000| PB 0x0000000713000000| Complete |  0
| 106|0x0000000713200000, 0x0000000713400000, 0x0000000713400000|100%| E|CS|TAMS 0x0000000713200000| PB 0x0000000713200000| Complete |  0
| 107|0x0000000713400000, 0x0000000713600000, 0x0000000713600000|100%| E|CS|TAMS 0x0000000713400000| PB 0x0000000713400000| Complete |  0
| 108|0x0000000713600000, 0x0000000713800000, 0x0000000713800000|100%| E|CS|TAMS 0x0000000713600000| PB 0x0000000713600000| Complete |  0
| 109|0x0000000713800000, 0x0000000713a00000, 0x0000000713a00000|100%| E|CS|TAMS 0x0000000713800000| PB 0x0000000713800000| Complete |  0
| 110|0x0000000713a00000, 0x0000000713c00000, 0x0000000713c00000|100%| E|CS|TAMS 0x0000000713a00000| PB 0x0000000713a00000| Complete |  0
| 111|0x0000000713c00000, 0x0000000713e00000, 0x0000000713e00000|100%| E|CS|TAMS 0x0000000713c00000| PB 0x0000000713c00000| Complete |  0
| 112|0x0000000713e00000, 0x0000000714000000, 0x0000000714000000|100%| E|CS|TAMS 0x0000000713e00000| PB 0x0000000713e00000| Complete |  0
| 113|0x0000000714000000, 0x0000000714200000, 0x0000000714200000|100%| E|CS|TAMS 0x0000000714000000| PB 0x0000000714000000| Complete |  0
| 114|0x0000000714200000, 0x0000000714400000, 0x0000000714400000|100%| E|CS|TAMS 0x0000000714200000| PB 0x0000000714200000| Complete |  0
| 115|0x0000000714400000, 0x0000000714600000, 0x0000000714600000|100%| E|CS|TAMS 0x0000000714400000| PB 0x0000000714400000| Complete |  0
| 116|0x0000000714600000, 0x0000000714800000, 0x0000000714800000|100%| E|CS|TAMS 0x0000000714600000| PB 0x0000000714600000| Complete |  0
| 125|0x0000000715800000, 0x0000000715a00000, 0x0000000715a00000|100%| E|CS|TAMS 0x0000000715800000| PB 0x0000000715800000| Complete |  0
|1999|0x00000007ffc00000, 0x00000007ffe00000, 0x00000007ffe00000|100%| O|  |TAMS 0x00000007ffc00000| PB 0x00000007ffc00000| Untracked |  0
|2000|0x00000007ffe00000, 0x0000000800000000, 0x0000000800000000|100%| O|  |TAMS 0x00000007ffe00000| PB 0x00000007ffe00000| Untracked |  0

Card table byte_map: [0x000001f545e30000,0x000001f546610000] _byte_map_base: 0x000001f542601000

Marking Bits: (CMBitMap*) 0x000001f52d5d13b0
 Bits: [0x000001f546610000, 0x000001f54a498000)

Polling page: 0x000001f52b470000

Metaspace:

Usage:
  Non-class:     24.97 MB used.
      Class:      3.97 MB used.
       Both:     28.94 MB used.

Virtual space:
  Non-class space:       64.00 MB reserved,      25.25 MB ( 39%) committed,  1 nodes.
      Class space:        1.00 GB reserved,       4.19 MB ( <1%) committed,  1 nodes.
             Both:        1.06 GB reserved,      29.44 MB (  3%) committed. 

Chunk freelists:
   Non-Class:  6.04 MB
       Class:  11.82 MB
        Both:  17.86 MB

MaxMetaspaceSize: unlimited
CompressedClassSpaceSize: 1.00 GB
Initial GC threshold: 21.00 MB
Current GC threshold: 47.19 MB
CDS: on
 - commit_granule_bytes: 65536.
 - commit_granule_words: 8192.
 - virtual_space_node_default_size: 8388608.
 - enlarge_chunks_in_place: 1.
 - use_allocation_guard: 0.


Internal statistics:

num_allocs_failed_limit: 3.
num_arena_births: 618.
num_arena_deaths: 0.
num_vsnodes_births: 2.
num_vsnodes_deaths: 0.
num_space_committed: 471.
num_space_uncommitted: 0.
num_chunks_returned_to_freelist: 3.
num_chunks_taken_from_freelist: 1478.
num_chunk_merges: 3.
num_chunk_splits: 989.
num_chunks_enlarged: 694.
num_inconsistent_stats: 0.

CodeHeap 'non-profiled nmethods': size=119232Kb used=4453Kb max_used=4453Kb free=114778Kb
 bounds [0x000001f53d840000, 0x000001f53dca0000, 0x000001f544cb0000]
CodeHeap 'profiled nmethods': size=119104Kb used=12775Kb max_used=12775Kb free=106328Kb
 bounds [0x000001f535cb0000, 0x000001f536930000, 0x000001f53d100000]
CodeHeap 'non-nmethods': size=7424Kb used=1888Kb max_used=3646Kb free=5535Kb
 bounds [0x000001f53d100000, 0x000001f53d4a0000, 0x000001f53d840000]
CodeCache: size=245760Kb, used=19116Kb, max_used=20874Kb, free=226641Kb
 total_blobs=8896, nmethods=7987, adapters=813, full_count=0
Compilation: enabled, stopped_count=0, restarted_count=0

Compilation events (20 events):
Event: 84.067 Thread 0x000001f54d51a770 8456   !   3       sun.rmi.transport.Transport::serviceCall (370 bytes)
Event: 84.069 Thread 0x000001f54d51a770 nmethod 8456 0x000001f536920508 code [0x000001f536920d00, 0x000001f536925450]
Event: 84.069 Thread 0x000001f54d51a770 8457       3       java.io.ObjectInputStream$PeekInputStream::<init> (20 bytes)
Event: 84.069 Thread 0x000001f54d51a770 nmethod 8457 0x000001f536925688 code [0x000001f5369257a0, 0x000001f5369259e0]
Event: 84.069 Thread 0x000001f54d51a770 8458       3       java.rmi.server.ObjID::read (22 bytes)
Event: 84.069 Thread 0x000001f54d51a770 nmethod 8458 0x000001f536925a08 code [0x000001f536925b60, 0x000001f536925f80]
Event: 84.069 Thread 0x000001f54d51a770 8459       3       java.rmi.server.ObjID::<init> (15 bytes)
Event: 84.069 Thread 0x000001f54d51a770 nmethod 8459 0x000001f536926008 code [0x000001f536926120, 0x000001f5369262f0]
Event: 84.069 Thread 0x000001f54d51a770 8460  s    3       sun.rmi.transport.Target::incrementCallCount (32 bytes)
Event: 84.069 Thread 0x000001f54d51a770 nmethod 8460 0x000001f536926308 code [0x000001f536926440, 0x000001f5369267e0]
Event: 84.069 Thread 0x000001f54d51a770 8461       3       sun.rmi.transport.Transport$1::<init> (32 bytes)
Event: 84.069 Thread 0x000001f54d51a770 nmethod 8461 0x000001f536926808 code [0x000001f536926940, 0x000001f536926c98]
Event: 84.069 Thread 0x000001f54d51a770 8462       3       sun.rmi.server.MarshalInputStream::done (53 bytes)
Event: 84.069 Thread 0x000001f54d51a770 nmethod 8462 0x000001f536926d08 code [0x000001f536926ea0, 0x000001f5369275f8]
Event: 84.353 Thread 0x000001f54d51a770 8463       3       sun.rmi.server.MarshalInputStream::skipDefaultResolveClass (6 bytes)
Event: 84.353 Thread 0x000001f54d51a770 nmethod 8463 0x000001f536927608 code [0x000001f536927720, 0x000001f536927830]
Event: 84.353 Thread 0x000001f54d51a770 8464       3       java.lang.Long::equals (30 bytes)
Event: 84.353 Thread 0x000001f54d51a770 nmethod 8464 0x000001f536927908 code [0x000001f536927a40, 0x000001f536927dc8]
Event: 84.353 Thread 0x000001f54d51a770 8465       3       sun.rmi.server.UnicastRef::marshalValue (216 bytes)
Event: 84.353 Thread 0x000001f54d51a770 nmethod 8465 0x000001f536927e08 code [0x000001f536928140, 0x000001f536929c08]

GC Heap History (20 events):
Event: 13.540 GC heap before
{Heap before GC invocations=4 (full 0):
 garbage-first heap   total reserved 4098048K, committed 81920K, used 79470K [0x0000000705e00000, 0x0000000800000000)
  region size 2048K, 25 young (51200K), 4 survivors (8192K)
 Metaspace       used 28251K, committed 28672K, reserved 1114112K
  class space    used 3951K, committed 4160K, reserved 1048576K
}
Event: 13.545 GC heap after
{Heap after GC invocations=5 (full 0):
 garbage-first heap   total reserved 4098048K, committed 96256K, used 37155K [0x0000000705e00000, 0x0000000800000000)
  region size 2048K, 5 young (10240K), 5 survivors (10240K)
 Metaspace       used 28251K, committed 28672K, reserved 1114112K
  class space    used 3951K, committed 4160K, reserved 1048576K
}
Event: 13.603 GC heap before
{Heap before GC invocations=5 (full 0):
 garbage-first heap   total reserved 4098048K, committed 96256K, used 53539K [0x0000000705e00000, 0x0000000800000000)
  region size 2048K, 8 young (16384K), 5 survivors (10240K)
 Metaspace       used 28468K, committed 28992K, reserved 1114112K
  class space    used 4002K, committed 4224K, reserved 1048576K
}
Event: 13.606 GC heap after
{Heap after GC invocations=6 (full 0):
 garbage-first heap   total reserved 4098048K, committed 96256K, used 44279K [0x0000000705e00000, 0x0000000800000000)
  region size 2048K, 1 young (2048K), 1 survivors (2048K)
 Metaspace       used 28468K, committed 28992K, reserved 1114112K
  class space    used 4002K, committed 4224K, reserved 1048576K
}
Event: 13.614 GC heap before
{Heap before GC invocations=6 (full 0):
 garbage-first heap   total reserved 4098048K, committed 96256K, used 48375K [0x0000000705e00000, 0x0000000800000000)
  region size 2048K, 2 young (4096K), 1 survivors (2048K)
 Metaspace       used 28468K, committed 28992K, reserved 1114112K
  class space    used 4002K, committed 4224K, reserved 1048576K
}
Event: 13.614 GC heap after
{Heap after GC invocations=7 (full 0):
 garbage-first heap   total reserved 4098048K, committed 96256K, used 47880K [0x0000000705e00000, 0x0000000800000000)
  region size 2048K, 1 young (2048K), 1 survivors (2048K)
 Metaspace       used 28468K, committed 28992K, reserved 1114112K
  class space    used 4002K, committed 4224K, reserved 1048576K
}
Event: 13.626 GC heap before
{Heap before GC invocations=8 (full 0):
 garbage-first heap   total reserved 4098048K, committed 96256K, used 49928K [0x0000000705e00000, 0x0000000800000000)
  region size 2048K, 2 young (4096K), 1 survivors (2048K)
 Metaspace       used 28468K, committed 28992K, reserved 1114112K
  class space    used 4002K, committed 4224K, reserved 1048576K
}
Event: 13.626 GC heap after
{Heap after GC invocations=9 (full 0):
 garbage-first heap   total reserved 4098048K, committed 96256K, used 43032K [0x0000000705e00000, 0x0000000800000000)
  region size 2048K, 1 young (2048K), 1 survivors (2048K)
 Metaspace       used 28468K, committed 28992K, reserved 1114112K
  class space    used 4002K, committed 4224K, reserved 1048576K
}
Event: 13.635 GC heap before
{Heap before GC invocations=9 (full 0):
 garbage-first heap   total reserved 4098048K, committed 96256K, used 45080K [0x0000000705e00000, 0x0000000800000000)
  region size 2048K, 2 young (4096K), 1 survivors (2048K)
 Metaspace       used 28469K, committed 28992K, reserved 1114112K
  class space    used 4002K, committed 4224K, reserved 1048576K
}
Event: 13.636 GC heap after
{Heap after GC invocations=10 (full 0):
 garbage-first heap   total reserved 4098048K, committed 96256K, used 38971K [0x0000000705e00000, 0x0000000800000000)
  region size 2048K, 1 young (2048K), 1 survivors (2048K)
 Metaspace       used 28469K, committed 28992K, reserved 1114112K
  class space    used 4002K, committed 4224K, reserved 1048576K
}
Event: 13.644 GC heap before
{Heap before GC invocations=10 (full 0):
 garbage-first heap   total reserved 4098048K, committed 96256K, used 43067K [0x0000000705e00000, 0x0000000800000000)
  region size 2048K, 2 young (4096K), 1 survivors (2048K)
 Metaspace       used 28469K, committed 28992K, reserved 1114112K
  class space    used 4002K, committed 4224K, reserved 1048576K
}
Event: 13.645 GC heap after
{Heap after GC invocations=11 (full 0):
 garbage-first heap   total reserved 4098048K, committed 96256K, used 43520K [0x0000000705e00000, 0x0000000800000000)
  region size 2048K, 1 young (2048K), 1 survivors (2048K)
 Metaspace       used 28469K, committed 28992K, reserved 1114112K
  class space    used 4002K, committed 4224K, reserved 1048576K
}
Event: 13.658 GC heap before
{Heap before GC invocations=11 (full 0):
 garbage-first heap   total reserved 4098048K, committed 96256K, used 45568K [0x0000000705e00000, 0x0000000800000000)
  region size 2048K, 2 young (4096K), 1 survivors (2048K)
 Metaspace       used 28470K, committed 28992K, reserved 1114112K
  class space    used 4002K, committed 4224K, reserved 1048576K
}
Event: 13.660 GC heap after
{Heap after GC invocations=12 (full 0):
 garbage-first heap   total reserved 4098048K, committed 245760K, used 43069K [0x0000000705e00000, 0x0000000800000000)
  region size 2048K, 1 young (2048K), 1 survivors (2048K)
 Metaspace       used 28470K, committed 28992K, reserved 1114112K
  class space    used 4002K, committed 4224K, reserved 1048576K
}
Event: 13.860 GC heap before
{Heap before GC invocations=12 (full 0):
 garbage-first heap   total reserved 4098048K, committed 245760K, used 122941K [0x0000000705e00000, 0x0000000800000000)
  region size 2048K, 9 young (18432K), 1 survivors (2048K)
 Metaspace       used 28599K, committed 29056K, reserved 1114112K
  class space    used 4005K, committed 4224K, reserved 1048576K
}
Event: 13.861 GC heap after
{Heap after GC invocations=13 (full 0):
 garbage-first heap   total reserved 4098048K, committed 245760K, used 68745K [0x0000000705e00000, 0x0000000800000000)
  region size 2048K, 1 young (2048K), 1 survivors (2048K)
 Metaspace       used 28599K, committed 29056K, reserved 1114112K
  class space    used 4005K, committed 4224K, reserved 1048576K
}
Event: 15.536 GC heap before
{Heap before GC invocations=13 (full 0):
 garbage-first heap   total reserved 4098048K, committed 245760K, used 130185K [0x0000000705e00000, 0x0000000800000000)
  region size 2048K, 13 young (26624K), 1 survivors (2048K)
 Metaspace       used 28928K, committed 29376K, reserved 1114112K
  class space    used 4012K, committed 4224K, reserved 1048576K
}
Event: 15.537 GC heap after
{Heap after GC invocations=14 (full 0):
 garbage-first heap   total reserved 4098048K, committed 245760K, used 94544K [0x0000000705e00000, 0x0000000800000000)
  region size 2048K, 2 young (4096K), 2 survivors (4096K)
 Metaspace       used 28928K, committed 29376K, reserved 1114112K
  class space    used 4012K, committed 4224K, reserved 1048576K
}
Event: 42.258 GC heap before
{Heap before GC invocations=14 (full 0):
 garbage-first heap   total reserved 4098048K, committed 245760K, used 221520K [0x0000000705e00000, 0x0000000800000000)
  region size 2048K, 58 young (118784K), 2 survivors (4096K)
 Metaspace       used 29177K, committed 29632K, reserved 1114112K
  class space    used 4022K, committed 4224K, reserved 1048576K
}
Event: 42.260 GC heap after
{Heap after GC invocations=15 (full 0):
 garbage-first heap   total reserved 4098048K, committed 245760K, used 101987K [0x0000000705e00000, 0x0000000800000000)
  region size 2048K, 2 young (4096K), 2 survivors (4096K)
 Metaspace       used 29177K, committed 29632K, reserved 1114112K
  class space    used 4022K, committed 4224K, reserved 1048576K
}

Dll operation events (20 events):
Event: 0.260 Loaded shared library C:\javafx-sdk-24.0.1\bin\api-ms-win-crt-heap-l1-1-0.dll
Event: 0.261 Loaded shared library C:\javafx-sdk-24.0.1\bin\api-ms-win-crt-locale-l1-1-0.dll
Event: 0.262 Loaded shared library C:\javafx-sdk-24.0.1\bin\api-ms-win-crt-math-l1-1-0.dll
Event: 0.263 Loaded shared library C:\javafx-sdk-24.0.1\bin\api-ms-win-crt-multibyte-l1-1-0.dll
Event: 0.264 Loaded shared library C:\javafx-sdk-24.0.1\bin\api-ms-win-crt-private-l1-1-0.dll
Event: 0.264 Loaded shared library C:\javafx-sdk-24.0.1\bin\api-ms-win-crt-process-l1-1-0.dll
Event: 0.265 Loaded shared library C:\javafx-sdk-24.0.1\bin\api-ms-win-crt-runtime-l1-1-0.dll
Event: 0.265 Loaded shared library C:\javafx-sdk-24.0.1\bin\api-ms-win-crt-stdio-l1-1-0.dll
Event: 0.266 Loaded shared library C:\javafx-sdk-24.0.1\bin\api-ms-win-crt-string-l1-1-0.dll
Event: 0.266 Loaded shared library C:\javafx-sdk-24.0.1\bin\api-ms-win-crt-time-l1-1-0.dll
Event: 0.267 Loaded shared library C:\javafx-sdk-24.0.1\bin\api-ms-win-crt-utility-l1-1-0.dll
Event: 0.268 Loaded shared library C:\javafx-sdk-24.0.1\bin\ucrtbase.dll
Event: 0.269 Loaded shared library C:\javafx-sdk-24.0.1\bin\vcruntime140.dll
Event: 0.270 Loaded shared library C:\javafx-sdk-24.0.1\bin\vcruntime140_1.dll
Event: 0.271 Loaded shared library C:\javafx-sdk-24.0.1\bin\msvcp140.dll
Event: 0.272 Loaded shared library C:\javafx-sdk-24.0.1\bin\msvcp140_1.dll
Event: 0.272 Loaded shared library C:\javafx-sdk-24.0.1\bin\msvcp140_2.dll
Event: 0.303 Loaded shared library C:\javafx-sdk-24.0.1\bin\prism_d3d.dll
Event: 0.478 Loaded shared library C:\javafx-sdk-24.0.1\bin\glass.dll
Event: 1.079 Loaded shared library C:\javafx-sdk-24.0.1\bin\javafx_font.dll

Deoptimization events (20 events):
Event: 53.153 Thread 0x000001f594662ee0 Uncommon trap: trap_request=0xffffff45 fr.pc=0x000001f53db9583c relative=0x0000000000000b1c
Event: 53.153 Thread 0x000001f594662ee0 Uncommon trap: reason=unstable_if action=reinterpret pc=0x000001f53db9583c method=com.sun.javafx.geom.RectBounds.unionWith(Lcom/sun/javafx/geom/RectBounds;)V @ 4 c2
Event: 53.153 Thread 0x000001f594662ee0 DEOPT PACKING pc=0x000001f53db9583c sp=0x000000c77d9f9bf0
Event: 53.154 Thread 0x000001f594662ee0 DEOPT UNPACKING pc=0x000001f53d154402 sp=0x000000c77d9f9a98 mode 2
Event: 53.154 Thread 0x000001f594662ee0 Uncommon trap: trap_request=0xffffff45 fr.pc=0x000001f53db2e28c relative=0x000000000000016c
Event: 53.154 Thread 0x000001f594662ee0 Uncommon trap: reason=unstable_if action=reinterpret pc=0x000001f53db2e28c method=com.sun.javafx.geom.RectBounds.unionWith(Lcom/sun/javafx/geom/RectBounds;)V @ 4 c2
Event: 53.154 Thread 0x000001f594662ee0 DEOPT PACKING pc=0x000001f53db2e28c sp=0x000000c77d9f99c0
Event: 53.154 Thread 0x000001f594662ee0 DEOPT UNPACKING pc=0x000001f53d154402 sp=0x000000c77d9f9900 mode 2
Event: 85.156 Thread 0x000001f595610e10 Uncommon trap: trap_request=0xffffff45 fr.pc=0x000001f53dbb825c relative=0x0000000000000e3c
Event: 85.156 Thread 0x000001f595610e10 Uncommon trap: reason=unstable_if action=reinterpret pc=0x000001f53dbb825c method=java.util.concurrent.locks.AbstractQueuedSynchronizer.acquire(Ljava/util/concurrent/locks/AbstractQueuedSynchronizer$Node;IZZZJ)I @ 357 c2
Event: 85.156 Thread 0x000001f595610e10 DEOPT PACKING pc=0x000001f53dbb825c sp=0x000000c77afff4e0
Event: 85.156 Thread 0x000001f595610e10 DEOPT UNPACKING pc=0x000001f53d154402 sp=0x000000c77afff4a8 mode 2
Event: 85.157 Thread 0x000001f594a11900 Uncommon trap: trap_request=0xffffff45 fr.pc=0x000001f53dc3d358 relative=0x00000000000005f8
Event: 85.157 Thread 0x000001f594a11900 Uncommon trap: reason=unstable_if action=reinterpret pc=0x000001f53dc3d358 method=java.util.concurrent.locks.AbstractQueuedSynchronizer$ConditionNode.isReleasable()Z @ 14 c2
Event: 85.157 Thread 0x000001f594a11900 DEOPT PACKING pc=0x000001f53dc3d358 sp=0x000000c77caff440
Event: 85.157 Thread 0x000001f594a11900 DEOPT UNPACKING pc=0x000001f53d154402 sp=0x000000c77caff1c0 mode 2
Event: 85.157 Thread 0x000001f594a11900 Uncommon trap: trap_request=0xffffff45 fr.pc=0x000001f53db2e558 relative=0x0000000000000058
Event: 85.157 Thread 0x000001f594a11900 Uncommon trap: reason=unstable_if action=reinterpret pc=0x000001f53db2e558 method=java.lang.Thread.getAndClearInterrupt()Z @ 6 c2
Event: 85.157 Thread 0x000001f594a11900 DEOPT PACKING pc=0x000001f53db2e558 sp=0x000000c77caff350
Event: 85.157 Thread 0x000001f594a11900 DEOPT UNPACKING pc=0x000001f53d154402 sp=0x000000c77caff288 mode 2

Classes loaded (20 events):
Event: 13.574 Loading class java/util/regex/Pattern$BnM
Event: 13.574 Loading class java/util/regex/Pattern$BnM done
Event: 13.981 Loading class jdk/internal/icu/impl/UCharacterProperty
Event: 13.981 Loading class jdk/internal/icu/impl/UCharacterProperty done
Event: 13.981 Loading class jdk/internal/icu/impl/UCharacterProperty$1
Event: 13.981 Loading class jdk/internal/icu/impl/UCharacterProperty$BiDiIntProperty
Event: 13.981 Loading class jdk/internal/icu/impl/UCharacterProperty$IntProperty
Event: 13.981 Loading class jdk/internal/icu/impl/UCharacterProperty$IntProperty done
Event: 13.981 Loading class jdk/internal/icu/impl/UCharacterProperty$BiDiIntProperty done
Event: 13.981 Loading class jdk/internal/icu/impl/UCharacterProperty$1 done
Event: 13.981 Loading class jdk/internal/icu/impl/UCharacterProperty$IsAcceptable
Event: 13.981 Loading class jdk/internal/icu/impl/UCharacterProperty$IsAcceptable done
Event: 13.981 Loading class jdk/internal/icu/util/VersionInfo
Event: 13.981 Loading class jdk/internal/icu/util/VersionInfo done
Event: 13.989 Loading class java/lang/CharacterData01
Event: 13.989 Loading class java/lang/CharacterData01 done
Event: 53.152 Loading class sun/reflect/generics/repository/FieldRepository
Event: 53.152 Loading class sun/reflect/generics/repository/FieldRepository done
Event: 85.155 Loading class jdk/internal/misc/Signal$1
Event: 85.155 Loading class jdk/internal/misc/Signal$1 done

Classes unloaded (0 events):
No events

Classes redefined (0 events):
No events

Internal exceptions (20 events):
Event: 13.985 Thread 0x000001f594662ee0 Exception <a 'java/io/FileNotFoundException'{0x0000000713fad170}> (0x0000000713fad170) 
thrown [s\open\src\hotspot\share\prims\jni.cpp, line 520]
Event: 13.985 Thread 0x000001f594662ee0 Exception <a 'java/io/FileNotFoundException'{0x0000000713faea90}> (0x0000000713faea90) 
thrown [s\open\src\hotspot\share\prims\jni.cpp, line 520]
Event: 13.986 Thread 0x000001f594662ee0 Exception <a 'java/io/FileNotFoundException'{0x0000000713fb3860}> (0x0000000713fb3860) 
thrown [s\open\src\hotspot\share\prims\jni.cpp, line 520]
Event: 13.986 Thread 0x000001f594662ee0 Exception <a 'java/io/FileNotFoundException'{0x0000000713fb4bf0}> (0x0000000713fb4bf0) 
thrown [s\open\src\hotspot\share\prims\jni.cpp, line 520]
Event: 13.990 Thread 0x000001f594662ee0 Exception <a 'java/io/FileNotFoundException'{0x0000000713d0f4a0}> (0x0000000713d0f4a0) 
thrown [s\open\src\hotspot\share\prims\jni.cpp, line 520]
Event: 13.990 Thread 0x000001f594662ee0 Exception <a 'java/io/FileNotFoundException'{0x0000000713d10830}> (0x0000000713d10830) 
thrown [s\open\src\hotspot\share\prims\jni.cpp, line 520]
Event: 13.990 Thread 0x000001f594662ee0 Exception <a 'java/io/FileNotFoundException'{0x0000000713d11bd8}> (0x0000000713d11bd8) 
thrown [s\open\src\hotspot\share\prims\jni.cpp, line 520]
Event: 13.990 Thread 0x000001f594662ee0 Exception <a 'java/io/FileNotFoundException'{0x0000000713d12f68}> (0x0000000713d12f68) 
thrown [s\open\src\hotspot\share\prims\jni.cpp, line 520]
Event: 15.571 Thread 0x000001f594662ee0 Exception <a 'java/io/FileNotFoundException'{0x00000007146f70b8}> (0x00000007146f70b8) 
thrown [s\open\src\hotspot\share\prims\jni.cpp, line 520]
Event: 15.598 Thread 0x000001f594a11900 Implicit null exception at 0x000001f53dacbe37 to 0x000001f53dacdf50
Event: 15.608 Thread 0x000001f594a11900 Implicit null exception at 0x000001f53daab3ce to 0x000001f53daab440
Event: 47.140 Thread 0x000001f594662ee0 Exception <a 'java/lang/NoSuchMethodError'{0x0000000713407758}: 'java.lang.Object java.lang.invoke.DirectMethodHandle$Holder.newInvokeSpecial(java.lang.Object, java.lang.Object, int, int, int, int, int, java.lang.Object)'> (0x0000000713407758) 
thrown [s\open\src\hotspot\share\interpreter\linkResolver.cpp, line 796]
Event: 47.932 Thread 0x000001f594662ee0 Exception <a 'java/io/FileNotFoundException'{0x0000000712ecfe98}> (0x0000000712ecfe98) 
thrown [s\open\src\hotspot\share\prims\jni.cpp, line 520]
Event: 48.913 Thread 0x000001f594662ee0 Exception <a 'java/io/FileNotFoundException'{0x0000000712685f28}> (0x0000000712685f28) 
thrown [s\open\src\hotspot\share\prims\jni.cpp, line 520]
Event: 48.927 Thread 0x000001f594a11900 Implicit null exception at 0x000001f53dbb8a20 to 0x000001f53dbb94bc
Event: 48.940 Thread 0x000001f594a11900 Implicit null exception at 0x000001f53db80f24 to 0x000001f53db81594
Event: 51.014 Thread 0x000001f594662ee0 Implicit null exception at 0x000001f53db972cc to 0x000001f53db987dc
Event: 53.128 Thread 0x000001f594662ee0 Exception <a 'java/io/FileNotFoundException'{0x000000071098df00}> (0x000000071098df00) 
thrown [s\open\src\hotspot\share\prims\jni.cpp, line 520]
Event: 53.128 Thread 0x000001f594662ee0 Exception <a 'java/io/FileNotFoundException'{0x000000071098f988}> (0x000000071098f988) 
thrown [s\open\src\hotspot\share\prims\jni.cpp, line 520]
Event: 53.135 Thread 0x000001f594662ee0 Exception <a 'java/io/FileNotFoundException'{0x00000007109ede28}> (0x00000007109ede28) 
thrown [s\open\src\hotspot\share\prims\jni.cpp, line 520]

VM Operations (20 events):
Event: 13.645 Executing VM operation: G1TryInitiateConcMark (G1 Humongous Allocation) done
Event: 13.658 Executing VM operation: G1TryInitiateConcMark (G1 Humongous Allocation)
Event: 13.660 Executing VM operation: G1TryInitiateConcMark (G1 Humongous Allocation) done
Event: 13.860 Executing VM operation: G1TryInitiateConcMark (G1 Humongous Allocation)
Event: 13.861 Executing VM operation: G1TryInitiateConcMark (G1 Humongous Allocation) done
Event: 15.536 Executing VM operation: G1TryInitiateConcMark (G1 Humongous Allocation)
Event: 15.537 Executing VM operation: G1TryInitiateConcMark (G1 Humongous Allocation) done
Event: 42.258 Executing VM operation: G1CollectForAllocation (G1 Evacuation Pause)
Event: 42.260 Executing VM operation: G1CollectForAllocation (G1 Evacuation Pause) done
Event: 48.918 Executing VM operation: HandshakeAllThreads (Deoptimize)
Event: 48.918 Executing VM operation: HandshakeAllThreads (Deoptimize) done
Event: 48.942 Executing VM operation: HandshakeAllThreads (Deoptimize)
Event: 48.942 Executing VM operation: HandshakeAllThreads (Deoptimize) done
Event: 48.942 Executing VM operation: HandshakeAllThreads (Deoptimize)
Event: 48.942 Executing VM operation: HandshakeAllThreads (Deoptimize) done
Event: 60.151 Executing VM operation: HandshakeAllThreads (HandshakeForDeflation)
Event: 60.151 Executing VM operation: HandshakeAllThreads (HandshakeForDeflation) done
Event: 60.151 Executing VM operation: RendezvousGCThreads
Event: 60.151 Executing VM operation: RendezvousGCThreads done
Event: 85.157 Executing VM operation: Exit

Memory protections (0 events):
No events

Nmethod flushes (20 events):
Event: 13.622 Thread 0x000001f54d4e82c0 flushing  nmethod 0x000001f535e88408
Event: 13.622 Thread 0x000001f54d4e82c0 flushing  nmethod 0x000001f535f1f008
Event: 13.622 Thread 0x000001f54d4e82c0 flushing  nmethod 0x000001f535f26908
Event: 13.622 Thread 0x000001f54d4e82c0 flushing  nmethod 0x000001f535f71408
Event: 13.622 Thread 0x000001f54d4e82c0 flushing  nmethod 0x000001f535f71b08
Event: 13.622 Thread 0x000001f54d4e82c0 flushing  nmethod 0x000001f535f74108
Event: 13.622 Thread 0x000001f54d4e82c0 flushing  nmethod 0x000001f535f77f88
Event: 13.622 Thread 0x000001f54d4e82c0 flushing  nmethod 0x000001f535f7a988
Event: 13.622 Thread 0x000001f54d4e82c0 flushing  nmethod 0x000001f535f7b388
Event: 13.622 Thread 0x000001f54d4e82c0 flushing  nmethod 0x000001f535fb3508
Event: 13.622 Thread 0x000001f54d4e82c0 flushing  nmethod 0x000001f536015908
Event: 13.622 Thread 0x000001f54d4e82c0 flushing  nmethod 0x000001f536072b88
Event: 13.622 Thread 0x000001f54d4e82c0 flushing  nmethod 0x000001f5360c8488
Event: 13.622 Thread 0x000001f54d4e82c0 flushing  nmethod 0x000001f5360c8808
Event: 13.622 Thread 0x000001f54d4e82c0 flushing  nmethod 0x000001f5360e0008
Event: 13.622 Thread 0x000001f54d4e82c0 flushing  nmethod 0x000001f5360e1688
Event: 13.622 Thread 0x000001f54d4e82c0 flushing  nmethod 0x000001f5360e1988
Event: 13.622 Thread 0x000001f54d4e82c0 flushing  nmethod 0x000001f5360e1c88
Event: 13.622 Thread 0x000001f54d4e82c0 flushing  nmethod 0x000001f5360e2408
Event: 13.622 Thread 0x000001f54d4e82c0 flushing  nmethod 0x000001f536134f08

Events (20 events):
Event: 18.525 Thread 0x000001f54d629d50 Thread exited: 0x000001f54d629d50
Event: 47.919 Thread 0x000001f54d51a770 Thread added: 0x000001f5937605f0
Event: 48.750 Thread 0x000001f5937605f0 Thread exited: 0x000001f5937605f0
Event: 48.996 Thread 0x000001f54d51a770 Thread added: 0x000001f5937605f0
Event: 49.212 Thread 0x000001f5937605f0 Thread exited: 0x000001f5937605f0
Event: 53.131 Thread 0x000001f594662ee0 Thread added: 0x000001f5951035c0
Event: 53.144 Thread 0x000001f54d51a770 Thread added: 0x000001f54d7eae20
Event: 53.148 Thread 0x000001f54d51a770 Thread added: 0x000001f54d7e70d0
Event: 53.153 Thread 0x000001f5951035c0 Thread exited: 0x000001f5951035c0
Event: 53.671 Thread 0x000001f54d7e70d0 Thread exited: 0x000001f54d7e70d0
Event: 53.671 Thread 0x000001f54d7eae20 Thread exited: 0x000001f54d7eae20
Event: 85.155 Thread 0x000001f54d502fe0 Thread added: 0x000001f5951035c0
Event: 85.156 Thread 0x000001f5951035c0 Thread added: 0x000001f595103c50
Event: 85.156 Thread 0x000001f5951035c0 Thread added: 0x000001f595610e10
Event: 85.156 Thread 0x000001f595103c50 Thread exited: 0x000001f595103c50
Event: 85.156 Thread 0x000001f595610e10 Thread added: 0x000001f59560d990
Event: 85.157 Thread 0x000001f59560d990 Thread exited: 0x000001f59560d990
Event: 85.157 Thread 0x000001f595610e10 Thread exited: 0x000001f595610e10
Event: 85.157 Thread 0x000001f5951035c0 Before exit entered
Event: 85.157 Thread 0x000001f54d502fe0 Thread exited: 0x000001f54d502fe0


Dynamic libraries:
0x00007ff6be9c0000 - 0x00007ff6be9d0000 	C:\Program Files\Java\jdk-23\bin\java.exe
0x00007ffb88150000 - 0x00007ffb88348000 	C:\Windows\SYSTEM32\ntdll.dll
0x00007ffb87360000 - 0x00007ffb87422000 	C:\Windows\System32\KERNEL32.DLL
0x00007ffb85de0000 - 0x00007ffb860d6000 	C:\Windows\System32\KERNELBASE.dll
0x00007ffb85880000 - 0x00007ffb85980000 	C:\Windows\System32\ucrtbase.dll
0x00007ffb6a090000 - 0x00007ffb6a0ab000 	C:\Program Files\Java\jdk-23\bin\VCRUNTIME140.dll
0x00007ffb67760000 - 0x00007ffb67777000 	C:\Program Files\Java\jdk-23\bin\jli.dll
0x00007ffb86180000 - 0x00007ffb8631d000 	C:\Windows\System32\USER32.dll
0x00007ffb85c50000 - 0x00007ffb85c72000 	C:\Windows\System32\win32u.dll
0x00007ffb6c930000 - 0x00007ffb6cbcb000 	C:\Windows\WinSxS\amd64_microsoft.windows.common-controls_6595b64144ccf1df_6.0.19041.6280_none_60bc30a171f2f3f3\COMCTL32.dll
0x00007ffb86f60000 - 0x00007ffb86f8b000 	C:\Windows\System32\GDI32.dll
0x00007ffb872c0000 - 0x00007ffb8735e000 	C:\Windows\System32\msvcrt.dll
0x00007ffb85b00000 - 0x00007ffb85c19000 	C:\Windows\System32\gdi32full.dll
0x00007ffb860e0000 - 0x00007ffb8617d000 	C:\Windows\System32\msvcp_win.dll
0x00007ffb86e30000 - 0x00007ffb86e5f000 	C:\Windows\System32\IMM32.DLL
0x00007ffb7e1a0000 - 0x00007ffb7e1ac000 	C:\Program Files\Java\jdk-23\bin\vcruntime140_1.dll
0x00007ffb553c0000 - 0x00007ffb5544e000 	C:\Program Files\Java\jdk-23\bin\msvcp140.dll
0x00007ffb22a70000 - 0x00007ffb237c0000 	C:\Program Files\Java\jdk-23\bin\server\jvm.dll
0x00007ffb87c80000 - 0x00007ffb87d31000 	C:\Windows\System32\ADVAPI32.dll
0x00007ffb86ec0000 - 0x00007ffb86f5f000 	C:\Windows\System32\sechost.dll
0x00007ffb86f90000 - 0x00007ffb870b0000 	C:\Windows\System32\RPCRT4.dll
0x00007ffb85c20000 - 0x00007ffb85c47000 	C:\Windows\System32\bcrypt.dll
0x00007ffb87d40000 - 0x00007ffb87dab000 	C:\Windows\System32\WS2_32.dll
0x00007ffb84d80000 - 0x00007ffb84dcb000 	C:\Windows\SYSTEM32\POWRPROF.dll
0x00007ffb7a830000 - 0x00007ffb7a857000 	C:\Windows\SYSTEM32\WINMM.dll
0x00007ffb7e190000 - 0x00007ffb7e19a000 	C:\Windows\SYSTEM32\VERSION.dll
0x00007ffb84bf0000 - 0x00007ffb84c02000 	C:\Windows\SYSTEM32\UMPDC.dll
0x00007ffb84010000 - 0x00007ffb84022000 	C:\Windows\SYSTEM32\kernel.appcore.dll
0x00007ffb7dba0000 - 0x00007ffb7dbaa000 	C:\Program Files\Java\jdk-23\bin\jimage.dll
0x00007ffb833b0000 - 0x00007ffb835b1000 	C:\Windows\SYSTEM32\DBGHELP.DLL
0x00007ffb748b0000 - 0x00007ffb748e4000 	C:\Windows\SYSTEM32\dbgcore.DLL
0x00007ffb857f0000 - 0x00007ffb85872000 	C:\Windows\System32\bcryptPrimitives.dll
0x00007ffb6a670000 - 0x00007ffb6a67f000 	C:\Program Files\Java\jdk-23\bin\instrument.dll
0x00007ffb66ee0000 - 0x00007ffb66efe000 	C:\Program Files\Java\jdk-23\bin\java.dll
0x00007ffb86960000 - 0x00007ffb86a8b000 	C:\Windows\System32\ole32.dll
0x00007ffb87db0000 - 0x00007ffb88103000 	C:\Windows\System32\combase.dll
0x00007ffb87510000 - 0x00007ffb87c80000 	C:\Windows\System32\SHELL32.dll
0x00007ffb83850000 - 0x00007ffb83ff4000 	C:\Windows\SYSTEM32\windows.storage.dll
0x00007ffb85220000 - 0x00007ffb8524b000 	C:\Windows\SYSTEM32\Wldp.dll
0x00007ffb86d60000 - 0x00007ffb86e2d000 	C:\Windows\System32\OLEAUT32.dll
0x00007ffb86bb0000 - 0x00007ffb86c5d000 	C:\Windows\System32\SHCORE.dll
0x00007ffb87430000 - 0x00007ffb8748b000 	C:\Windows\System32\shlwapi.dll
0x00007ffb85720000 - 0x00007ffb85744000 	C:\Windows\SYSTEM32\profapi.dll
0x00007ffb54610000 - 0x00007ffb546e7000 	C:\Program Files\Java\jdk-23\bin\jsvml.dll
0x00007ffb68260000 - 0x00007ffb68270000 	C:\Program Files\Java\jdk-23\bin\net.dll
0x00007ffb84f80000 - 0x00007ffb84fea000 	C:\Windows\system32\mswsock.dll
0x00007ffb66520000 - 0x00007ffb66536000 	C:\Program Files\Java\jdk-23\bin\nio.dll
0x00007ffb5b1d0000 - 0x00007ffb5b1e7000 	C:\Program Files\Java\jdk-23\bin\zip.dll
0x00007ffb66fb0000 - 0x00007ffb66fb9000 	C:\Program Files\Java\jdk-23\bin\extnet.dll
0x00007ffb84c50000 - 0x00007ffb84d1a000 	C:\Windows\SYSTEM32\DNSAPI.dll
0x00007ffb84c10000 - 0x00007ffb84c4b000 	C:\Windows\SYSTEM32\IPHLPAPI.DLL
0x00007ffb86c60000 - 0x00007ffb86c68000 	C:\Windows\System32\NSI.dll
0x0000000064790000 - 0x00000000647b6000 	C:\Program Files\Bonjour\mdnsNSP.dll
0x00007ffb7f740000 - 0x00007ffb7f74a000 	C:\Windows\System32\rasadhlp.dll
0x00007ffb7f100000 - 0x00007ffb7f180000 	C:\Windows\System32\fwpuclnt.dll
0x00007ffb66dd0000 - 0x00007ffb66dda000 	C:\Program Files\Java\jdk-23\bin\management.dll
0x00007ffb65aa0000 - 0x00007ffb65aab000 	C:\Program Files\Java\jdk-23\bin\management_ext.dll
0x00007ffb86950000 - 0x00007ffb86958000 	C:\Windows\System32\PSAPI.DLL
0x000001f52d500000 - 0x000001f52d504000 	C:\javafx-sdk-24.0.1\bin\api-ms-win-core-console-l1-1-0.dll
0x000001f52d510000 - 0x000001f52d514000 	C:\javafx-sdk-24.0.1\bin\api-ms-win-core-console-l1-2-0.dll
0x000001f52d520000 - 0x000001f52d524000 	C:\javafx-sdk-24.0.1\bin\api-ms-win-core-datetime-l1-1-0.dll
0x000001f54d9b0000 - 0x000001f54d9b4000 	C:\javafx-sdk-24.0.1\bin\api-ms-win-core-debug-l1-1-0.dll
0x000001f54d9c0000 - 0x000001f54d9c4000 	C:\javafx-sdk-24.0.1\bin\api-ms-win-core-errorhandling-l1-1-0.dll
0x000001f54d9d0000 - 0x000001f54d9d5000 	C:\javafx-sdk-24.0.1\bin\api-ms-win-core-file-l1-1-0.dll
0x000001f54d9e0000 - 0x000001f54d9e4000 	C:\javafx-sdk-24.0.1\bin\api-ms-win-core-file-l1-2-0.dll
0x000001f54d9f0000 - 0x000001f54d9f4000 	C:\javafx-sdk-24.0.1\bin\api-ms-win-core-file-l2-1-0.dll
0x000001f54da00000 - 0x000001f54da04000 	C:\javafx-sdk-24.0.1\bin\api-ms-win-core-handle-l1-1-0.dll
0x000001f54da10000 - 0x000001f54da14000 	C:\javafx-sdk-24.0.1\bin\api-ms-win-core-heap-l1-1-0.dll
0x000001f54da20000 - 0x000001f54da24000 	C:\javafx-sdk-24.0.1\bin\api-ms-win-core-interlocked-l1-1-0.dll
0x000001f54da30000 - 0x000001f54da34000 	C:\javafx-sdk-24.0.1\bin\api-ms-win-core-libraryloader-l1-1-0.dll
0x000001f54da40000 - 0x000001f54da44000 	C:\javafx-sdk-24.0.1\bin\api-ms-win-core-localization-l1-2-0.dll
0x000001f54da50000 - 0x000001f54da54000 	C:\javafx-sdk-24.0.1\bin\api-ms-win-core-memory-l1-1-0.dll
0x000001f54da60000 - 0x000001f54da64000 	C:\javafx-sdk-24.0.1\bin\api-ms-win-core-namedpipe-l1-1-0.dll
0x000001f54da70000 - 0x000001f54da74000 	C:\javafx-sdk-24.0.1\bin\api-ms-win-core-processenvironment-l1-1-0.dll
0x000001f54da80000 - 0x000001f54da84000 	C:\javafx-sdk-24.0.1\bin\api-ms-win-core-processthreads-l1-1-0.dll
0x000001f54da90000 - 0x000001f54da94000 	C:\javafx-sdk-24.0.1\bin\api-ms-win-core-processthreads-l1-1-1.dll
0x000001f54daa0000 - 0x000001f54daa4000 	C:\javafx-sdk-24.0.1\bin\api-ms-win-core-profile-l1-1-0.dll
0x000001f54dab0000 - 0x000001f54dab4000 	C:\javafx-sdk-24.0.1\bin\api-ms-win-core-rtlsupport-l1-1-0.dll
0x000001f54dac0000 - 0x000001f54dac4000 	C:\javafx-sdk-24.0.1\bin\api-ms-win-core-string-l1-1-0.dll
0x000001f54df50000 - 0x000001f54df54000 	C:\javafx-sdk-24.0.1\bin\api-ms-win-core-synch-l1-1-0.dll
0x000001f54df60000 - 0x000001f54df64000 	C:\javafx-sdk-24.0.1\bin\api-ms-win-core-synch-l1-2-0.dll
0x000001f54df70000 - 0x000001f54df74000 	C:\javafx-sdk-24.0.1\bin\api-ms-win-core-sysinfo-l1-1-0.dll
0x000001f54df80000 - 0x000001f54df84000 	C:\javafx-sdk-24.0.1\bin\api-ms-win-core-timezone-l1-1-0.dll
0x000001f54df90000 - 0x000001f54df94000 	C:\javafx-sdk-24.0.1\bin\api-ms-win-core-util-l1-1-0.dll
0x000001f54df40000 - 0x000001f54df44000 	C:\javafx-sdk-24.0.1\bin\api-ms-win-crt-conio-l1-1-0.dll
0x000001f54dfa0000 - 0x000001f54dfa5000 	C:\javafx-sdk-24.0.1\bin\api-ms-win-crt-convert-l1-1-0.dll
0x000001f54dfb0000 - 0x000001f54dfb4000 	C:\javafx-sdk-24.0.1\bin\api-ms-win-crt-environment-l1-1-0.dll
0x000001f54dfc0000 - 0x000001f54dfc4000 	C:\javafx-sdk-24.0.1\bin\api-ms-win-crt-filesystem-l1-1-0.dll
0x000001f54dfd0000 - 0x000001f54dfd4000 	C:\javafx-sdk-24.0.1\bin\api-ms-win-crt-heap-l1-1-0.dll
0x000001f54dfe0000 - 0x000001f54dfe4000 	C:\javafx-sdk-24.0.1\bin\api-ms-win-crt-locale-l1-1-0.dll
0x000001f54dff0000 - 0x000001f54dff6000 	C:\javafx-sdk-24.0.1\bin\api-ms-win-crt-math-l1-1-0.dll
0x000001f5958e0000 - 0x000001f5958e6000 	C:\javafx-sdk-24.0.1\bin\api-ms-win-crt-multibyte-l1-1-0.dll
0x000001f5958f0000 - 0x000001f595901000 	C:\javafx-sdk-24.0.1\bin\api-ms-win-crt-private-l1-1-0.dll
0x000001f595910000 - 0x000001f595914000 	C:\javafx-sdk-24.0.1\bin\api-ms-win-crt-process-l1-1-0.dll
0x000001f595920000 - 0x000001f595925000 	C:\javafx-sdk-24.0.1\bin\api-ms-win-crt-runtime-l1-1-0.dll
0x000001f595930000 - 0x000001f595935000 	C:\javafx-sdk-24.0.1\bin\api-ms-win-crt-stdio-l1-1-0.dll
0x000001f595940000 - 0x000001f595945000 	C:\javafx-sdk-24.0.1\bin\api-ms-win-crt-string-l1-1-0.dll
0x000001f595950000 - 0x000001f595954000 	C:\javafx-sdk-24.0.1\bin\api-ms-win-crt-time-l1-1-0.dll
0x000001f595960000 - 0x000001f595964000 	C:\javafx-sdk-24.0.1\bin\api-ms-win-crt-utility-l1-1-0.dll
0x00007ffb2a6b0000 - 0x00007ffb2a7c1000 	C:\javafx-sdk-24.0.1\bin\ucrtbase.dll
0x00007ffb5b130000 - 0x00007ffb5b14b000 	C:\javafx-sdk-24.0.1\bin\vcruntime140.dll
0x00007ffb5e710000 - 0x00007ffb5e71c000 	C:\javafx-sdk-24.0.1\bin\vcruntime140_1.dll
0x00007ffb2a4d0000 - 0x00007ffb2a55e000 	C:\javafx-sdk-24.0.1\bin\msvcp140.dll
0x00007ffb5b120000 - 0x00007ffb5b129000 	C:\javafx-sdk-24.0.1\bin\msvcp140_1.dll
0x00007ffb57390000 - 0x00007ffb573d1000 	C:\javafx-sdk-24.0.1\bin\msvcp140_2.dll
0x00007ffb591d0000 - 0x00007ffb59200000 	C:\javafx-sdk-24.0.1\bin\prism_d3d.dll
0x00007ffb55ee0000 - 0x00007ffb560b1000 	C:\Windows\system32\d3d9.dll
0x00007ffb82e60000 - 0x00007ffb82e8e000 	C:\Windows\SYSTEM32\dwmapi.dll
0x00007ffb829c0000 - 0x00007ffb82a5e000 	C:\Windows\system32\uxtheme.dll
0x00007ffb781e0000 - 0x00007ffb7821b000 	C:\Windows\SYSTEM32\dxcore.dll
0x00007ffb85ab0000 - 0x00007ffb85afe000 	C:\Windows\System32\cfgmgr32.dll
0x00007ffb85c80000 - 0x00007ffb85ddd000 	C:\Windows\System32\CRYPT32.dll
0x00007ffb86320000 - 0x00007ffb86790000 	C:\Windows\System32\SETUPAPI.dll
0x00007ffb855a0000 - 0x00007ffb855d3000 	C:\Windows\SYSTEM32\DEVOBJ.dll
0x00007ffb85980000 - 0x00007ffb859f3000 	C:\Windows\System32\WINTRUST.dll
0x00007ffb853b0000 - 0x00007ffb853c2000 	C:\Windows\SYSTEM32\MSASN1.dll
0x00007ffb701f0000 - 0x00007ffb74750000 	C:\Windows\System32\DriverStore\FileRepository\iigd_dch.inf_amd64_a20fccc4824e3254\igc64.dll
0x00007ffb856a0000 - 0x00007ffb856ce000 	C:\Windows\SYSTEM32\USERENV.dll
0x00007ffb4d3d0000 - 0x00007ffb50a85000 	C:\Windows\System32\DriverStore\FileRepository\iigd_dch.inf_amd64_a20fccc4824e3254\igd12dxva64.dll
0x00007ffb85180000 - 0x00007ffb85198000 	C:\Windows\SYSTEM32\CRYPTSP.dll
0x00007ffb84830000 - 0x00007ffb84868000 	C:\Windows\system32\rsaenh.dll
0x00007ffb85170000 - 0x00007ffb8517c000 	C:\Windows\SYSTEM32\CRYPTBASE.dll
0x00007ffb482c0000 - 0x00007ffb482d7000 	C:\Windows\system32\napinsp.dll
0x00007ffb482a0000 - 0x00007ffb482bb000 	C:\Windows\system32\pnrpnsp.dll
0x00007ffb814f0000 - 0x00007ffb8150d000 	C:\Windows\system32\wshbth.dll
0x00007ffb82470000 - 0x00007ffb8248d000 	C:\Windows\system32\NLAapi.dll
0x00007ffb48280000 - 0x00007ffb48292000 	C:\Windows\System32\winrnr.dll
0x00007ffb7d9b0000 - 0x00007ffb7d9e1000 	C:\Windows\SYSTEM32\cryptnet.dll

dbghelp: loaded successfully - version: 4.0.5 - missing functions: none
symbol engine: initialized successfully - sym options: 0x614 - pdb path: .;C:\Program Files\Java\jdk-23\bin;C:\Windows\SYSTEM32;C:\Windows\WinSxS\amd64_microsoft.windows.common-controls_6595b64144ccf1df_6.0.19041.6280_none_60bc30a171f2f3f3;C:\Program Files\Java\jdk-23\bin\server;C:\Program Files\Bonjour;C:\javafx-sdk-24.0.1\bin;C:\Windows\System32\DriverStore\FileRepository\iigd_dch.inf_amd64_a20fccc4824e3254;C:\Windows\System32\DriverStore\FileRepository\nvam.inf_amd64_4ae7e10b45473e65;C:\Program Files\Common Files\Microsoft Shared\Ink

VM Arguments:
jvm_args: --module-path=C:\javafx-sdk-24.0.1\lib --add-modules=javafx.controls,javafx.fxml,javafx.media -javaagent:G:\IntelliJ IDEA 2024.3.5\lib\idea_rt.jar=60789 -Dfile.encoding=UTF-8 -Dsun.stdout.encoding=UTF-8 -Dsun.stderr.encoding=UTF-8 
java_command: Client.Main
java_class_path (initial): C:\Users\arya\Desktop\telegram\Telegram-clone\out\production\classes;C:\Users\arya\Desktop\telegram\Telegram-clone\out\production\resources;C:\Users\arya\.gradle\caches\modules-2\files-2.1\org.openjfx\javafx-fxml\23.0.2\b032052fc189c1c702cc9b01f416f7cae53674df\javafx-fxml-23.0.2-win.jar;C:\Users\arya\.gradle\caches\modules-2\files-2.1\org.openjfx\javafx-controls\23.0.2\ea7a2048ce6b344273affb916713120fe77fb1e8\javafx-controls-23.0.2-win.jar;C:\Users\arya\.gradle\caches\modules-2\files-2.1\org.openjfx\javafx-media\23.0.2\b27f12b417de89f6fd6180a6540f6f26ab98a0ee\javafx-media-23.0.2-win.jar;C:\Users\arya\.gradle\caches\modules-2\files-2.1\com.google.code.gson\gson\2.10.1\b3add478d4382b78ea20b1671390a858002feb6c\gson-2.10.1.jar;C:\Users\arya\.gradle\caches\modules-2\files-2.1\com.jfoenix\jfoenix\9.0.10\a7625792db8d15615ea6eebbc31e01504f20b2df\jfoenix-9.0.10.jar;C:\Users\arya\.gradle\caches\modules-2\files-2.1\org.postgresql\postgresql\42.6.0\7614cfce466145b84972781ab0079b8dea49e363\postgresql-42.6.0.jar;C:\Users\arya\.gradle\caches\modules-2\files-2.1\org.hibernate.orm\hibernate-community-dialects\6.4.2.Final\9856329563362d2f26541285a2036e86addba30c\hibernate-community-dialects-6.4.2.Final.jar;C:\Users\arya\.gradle\caches\modules-2\files-2.1\org.hibernate.orm\hibernate-core\6.4.2.Final\4dd48cbc3c97c71ca42db0a9d0d7f9c220675edb\hibernate-core-6.4.2.Final.jar;C:\Users\arya\.gradle\caches\modules-2\files-2.1\jakarta.persistence\jakarta.persistence-api\3.1.0\66901fa1c373c6aff65c13791cc11da72060a8d6\jakarta.persistence-api-3.1.0.jar;C:\Users\arya\.gradle\caches\modules-2\files-2.1\com.zaxxer\HikariCP\5.0.1\a74c7f0a37046846e88d54f7cb6ea6d565c65f9c\HikariCP-5.0.1.jar;C:\Users\arya\.gradle\caches\modules-2\files-2.1\org.xerial\sqlite-jdbc\3.36.0.3\7fa71c4dfab806490cb909714fb41373ec552c29\sqlite-jdbc-3.36.0.3.jar;C:\Users\arya\.gradle\caches\modules-2\files-2.1\org.openjfx\javafx-graphics\23.0.2\21ed994c9ba8a9d30099204c556e6dba3a23f169\javafx-graphics-23.0.2-win.jar;C:\Users\arya\.gradle\caches\modules-2\files-2.1\jakarta.transaction\jakarta.transaction-api\2.0.1\51a520e3fae406abb84e2e1148e6746ce3f80a1a\jakarta.transaction-api-2.0.1.jar;C:\Users\arya\.gradle\caches\modules-2\files-2.1\org.slf4j\slf4j-api\1.7.30\b5a4b6d16ab13e34a88fae84c35cd5d68cac922c\slf4j-api-1.7.30.jar;C:\Users\arya\.gradle\caches\modules-2\files-2.1\org.openjfx\javafx-base\23.0.2\e44e750005596dc44ce37c07fc3b8c10da9ab354\javafx-base-23.0.2-win.jar;C:\Users\arya\.gradle\caches\modules-2\files-2.1\org.checkerframework\checker-qual\3.31.0\eeefd4af42e2f4221d145c1791582f91868f99ab\checker-qual-3.31.0.jar;C:\Users\arya\.gradle\caches\modules-2\files-2.1\org.jboss.logging\jboss-logging\3.5.0.Final\c19307cc11f28f5e2679347e633a3294d865334d\jboss-logging-3.5.0.Final.jar;C:\Users\arya\.gradle\caches\modules-2\files-2.1\org.hibernate.common\hibernate-commons-annotations\6.0.6.Final\77a5f94b56d49508e0ee334751db5b78e5ccd50c\hibernate-commons-annotations-6.0.6.Final.jar;C:\Users\arya\.gradle\caches\modules-2\files-2.1\io.smallrye\jandex\3.1.2\a6c1c89925c7df06242b03dddb353116ceb9584c\jandex-3.1.2.jar;C:\Users\arya\.gradle\caches\modules-2\files-2.1\com.fasterxml\classmate\1.5.1\3fe0bed568c62df5e89f4f174c101eab25345b6c\classmate-1.5.1.jar;C:\Users\arya\.gradle\caches\modules-2\files-2.1\net.bytebuddy\byte-buddy\1.14.7\34efde5f0bb93afc94aaf9d400521899c4806873\byte-buddy-1.14.7.jar;C:\Users\arya\.gradle\caches\modules-2\files-2.1\org.glassfish.jaxb\jaxb-runtime\4.0.2\e4e4e0c5b0d42054d00dc4023901572a60d368c7\jaxb-runtime-4.0.2.jar;C:\Users\arya\.gradle\caches\modules-2\files-2.1\jakarta.xml.bind\jakarta.xml.bind-api\4.0.0\bbb399208d288b15ec101fa4fcfc4bd77cedc97a\jakarta.xml.bind-api-4.0.0.jar;C:\Users\arya\.gradle\caches\modules-2\files-2.1\jakarta.inject\jakarta.inject-api\2.0.1\4c28afe1991a941d7702fe1362c365f0a8641d1e\jakarta.inject-api-2.0.1.jar;C:\Users\arya\.gradle\caches\modules-2\files-2.1\org.antlr\antlr4-runtime\4.13.0\5a02e48521624faaf5ff4d99afc88b01686af655\antlr4-runtime-4.13.0.jar;C:\Users\arya\.gradle\caches\modules-2\files-2.1\org.glassfish.jaxb\jaxb-core\4.0.2\8c29249f6c10f4ee08967783831580b0f5c5360\jaxb-core-4.0.2.jar;C:\Users\arya\.gradle\caches\modules-2\files-2.1\jakarta.activation\jakarta.activation-api\2.1.1\88c774ab863a21fb2fc4219af95379fafe499a31\jakarta.activation-api-2.1.1.jar;C:\Users\arya\.gradle\caches\modules-2\files-2.1\org.eclipse.angus\angus-activation\2.0.0\72369f4e2314d38de2dcbb277141ef0226f73151\angus-activation-2.0.0.jar;C:\Users\arya\.gradle\caches\modules-2\files-2.1\org.glassfish.jaxb\txw2\4.0.2\24e167be69c29ebb7ee0a3b1f9b546f1dfd111fc\txw2-4.0.2.jar;C:\Users\arya\.gradle\caches\modules-2\files-2.1\com.sun.istack\istack-commons-runtime\4.1.1\9b3769c76235bc283b060da4fae2318c6d53f07e\istack-commons-runtime-4.1.1.jar
Launcher Type: SUN_STANDARD

[Global flags]
     intx CICompilerCount                          = 12                                        {product} {ergonomic}
     uint ConcGCThreads                            = 3                                         {product} {ergonomic}
     uint G1ConcRefinementThreads                  = 13                                        {product} {ergonomic}
   size_t G1HeapRegionSize                         = 2097152                                   {product} {ergonomic}
   size_t InitialHeapSize                          = 264241152                                 {product} {ergonomic}
   size_t MarkStackSize                            = 4194304                                   {product} {ergonomic}
   size_t MarkStackSizeMax                         = 536870912                                 {product} {ergonomic}
   size_t MaxHeapSize                              = 4196401152                                {product} {ergonomic}
   size_t MaxNewSize                               = 2516582400                                {product} {ergonomic}
   size_t MinHeapDeltaBytes                        = 2097152                                   {product} {ergonomic}
   size_t MinHeapSize                              = 8388608                                   {product} {ergonomic}
    uintx NonNMethodCodeHeapSize                   = 7602176                                {pd product} {ergonomic}
    uintx NonProfiledCodeHeapSize                  = 122093568                              {pd product} {ergonomic}
    uintx ProfiledCodeHeapSize                     = 121962496                              {pd product} {ergonomic}
    uintx ReservedCodeCacheSize                    = 251658240                              {pd product} {ergonomic}
     bool SegmentedCodeCache                       = true                                      {product} {ergonomic}
   size_t SoftMaxHeapSize                          = 4196401152                             {manageable} {ergonomic}
     bool UseCompressedOops                        = true                           {product lp64_product} {ergonomic}
     bool UseG1GC                                  = true                                      {product} {ergonomic}
     bool UseLargePagesIndividualAllocation        = false                                  {pd product} {ergonomic}

Logging:
Log output configuration:
 #0: stdout all=off uptime,level,tags foldmultilines=false
 #1: stderr all=off uptime,level,tags foldmultilines=false

Environment Variables:
PATH=C:\Program Files\Common Files\Oracle\Java\javapath;C:\Program Files\Python312\Scripts\;C:\Program Files\Python312\;C:\ProgramData\Oracle\Java\javapath;C:\Program Files (x86)\Common Files\Oracle\Java\javapath;C:\Windows\system32;C:\Windows;C:\Windows\System32\Wbem;C:\Windows\System32\WindowsPowerShell\v1.0\;C:\Windows\System32\OpenSSH\;C:\Program Files\dotnet\;C:\Program Files (x86)\NVIDIA Corporation\PhysX\Common;C:\Program Files\NVIDIA Corporation\NVIDIA app\NvDLISR;C:\Program Files\PuTTY\;C:\Program Files (x86)\Bitvise SSH Client;C:\Program Files\nodejs\;C:\msys64\mingw64\bin;C:\Program Files (x86)\Windows Kits\10\Windows Performance Toolkit\;C:\Program Files\Git\cmd;C:\Gradle\gradle-8.6\bin;C:\Gradle\gradle-8.13;C:\Program Files\Go\bin;C:\Users\arya\AppData\Local\Microsoft\WindowsApps;F:\Microsoft VS Code\bin;C:\Users\arya\AppData\Local\GitHubDesktop\bin;C:\Users\arya\AppData\Roaming\npm;G:\apache-maven-3.9.9\bin;G:\IntelliJ IDEA 2024.3.5\bin;;C:\Program Files\Python312\Scripts;C:\Users\arya\AppData\Roaming\Python\Python312\Scripts;C:\Users\arya\go\bin
USERNAME=arya
OS=Windows_NT
PROCESSOR_IDENTIFIER=Intel64 Family 6 Model 154 Stepping 3, GenuineIntel
TMP=C:\Users\arya\AppData\Local\Temp
TEMP=C:\Users\arya\AppData\Local\Temp




Periodic native trim disabled

---------------  S Y S T E M  ---------------

OS:
 Windows 10 , 64 bit Build 19041 (10.0.19041.5915)
OS uptime: 3 days 16:28 hours

CPU: total 16 (initial active 16) (8 cores per cpu, 2 threads per core) family 6 model 154 stepping 3 microcode 0x41c, cx8, cmov, fxsr, ht, mmx, 3dnowpref, sse, sse2, sse3, ssse3, sse4.1, sse4.2, popcnt, lzcnt, tsc, tscinvbit, avx, avx2, aes, erms, clmul, bmi1, bmi2, adx, sha, fma, vzeroupper, clflush, clflushopt, clwb, serialize, rdtscp, rdpid, fsrm, gfni, f16c, pku, cet_ibt, cet_ss
Processor Information for processor 0
  Max Mhz: 2300, Current Mhz: 2300, Mhz Limit: 2300
Processor Information for processor 1
  Max Mhz: 2300, Current Mhz: 2300, Mhz Limit: 2300
Processor Information for processor 2
  Max Mhz: 2300, Current Mhz: 2300, Mhz Limit: 2300
Processor Information for processor 3
  Max Mhz: 2300, Current Mhz: 2300, Mhz Limit: 2300
Processor Information for processor 4
  Max Mhz: 2300, Current Mhz: 2300, Mhz Limit: 2300
Processor Information for processor 5
  Max Mhz: 2300, Current Mhz: 2300, Mhz Limit: 2300
Processor Information for processor 6
  Max Mhz: 2300, Current Mhz: 2300, Mhz Limit: 2300
Processor Information for processor 7
  Max Mhz: 2300, Current Mhz: 2300, Mhz Limit: 2300
Processor Information for processor 8
  Max Mhz: 2300, Current Mhz: 2300, Mhz Limit: 2300
Processor Information for processor 9
  Max Mhz: 2300, Current Mhz: 2300, Mhz Limit: 2300
Processor Information for processor 10
  Max Mhz: 2300, Current Mhz: 2300, Mhz Limit: 2300
Processor Information for processor 11
  Max Mhz: 2300, Current Mhz: 2300, Mhz Limit: 2300
Processor Information for processor 12
  Max Mhz: 2300, Current Mhz: 1700, Mhz Limit: 1679
Processor Information for processor 13
  Max Mhz: 2300, Current Mhz: 1700, Mhz Limit: 1679
Processor Information for processor 14
  Max Mhz: 2300, Current Mhz: 1700, Mhz Limit: 1679
Processor Information for processor 15
  Max Mhz: 2300, Current Mhz: 1700, Mhz Limit: 1679

Memory: 4k page, system-wide physical 16005M (3132M free)
TotalPageFile size 25254M (AvailPageFile size 3785M)
current process WorkingSet (physical memory assigned to process): 491M, peak: 512M
current process commit charge ("private bytes"): 692M, peak: 761M

vm_info: Java HotSpot(TM) 64-Bit Server VM (23.0.2+7-58) for windows-amd64 JRE (23.0.2+7-58), built on 2024-11-29T09:34:55Z with MS VC++ 17.6 (VS2022)

END.
