#
# A fatal error has been detected by the Java Runtime Environment:
#
#  EXCEPTION_ACCESS_VIOLATION (0xc0000005) at pc=0x00007ffd4af98e37, pid=6952, tid=12952
#
# JRE version: Java(TM) SE Runtime Environment (23.0.2+7) (build 23.0.2+7-58)
# Java VM: Java HotSpot(TM) 64-Bit Server VM (23.0.2+7-58, mixed mode, sharing, tiered, compressed oops, compressed class ptrs, g1 gc, windows-amd64)
# Problematic frame:
# C  [glass.dll+0x28e37]
#
# No core dump will be written. Minidumps are not enabled by default on client versions of Windows
#
# If you would like to submit a bug report, please visit:
#   https://bugreport.java.com/bugreport/crash.jsp
#

---------------  S U M M A R Y ------------

Command Line: --module-path=C:\javafx-sdk-24.0.1\lib --add-modules=javafx.controls,javafx.fxml,javafx.web -javaagent:D:\05_Programs\IntelliJ IDEA Community Edition 2024.3.5\lib\idea_rt.jar=62063 -Dfile.encoding=UTF-8 -Dsun.stdout.encoding=UTF-8 -Dsun.stderr.encoding=UTF-8 Client.Main

Host: AMD A6-9220 RADEON R4, 5 COMPUTE CORES 2C+3G   , 2 cores, 6G,  Windows 10 , 64 bit Build 19041 (10.0.19041.5915)
Time: Mon Sep  8 05:25:19 2025 Iran Standard Time elapsed time: 196.113681 seconds (0d 0h 3m 16s)

---------------  T H R E A D  ---------------

Current thread (0x000002223416b160):  VMThread "VM Thread"          [id=12952, stack(0x0000005da4c00000,0x0000005da4d00000) (1024K)]

Stack: [0x0000005da4c00000,0x0000005da4d00000],  sp=0x0000005da4cff170,  free space=1020k
Native frames: (J=compiled Java code, j=interpreted, Vv=VM code, C=native code)
C  [glass.dll+0x28e37]  (no source info available)
C  [ucrtbase.dll+0x142d6]  (no source info available)
C  [ucrtbase.dll+0x141fb]  (no source info available)
C  [ucrtbase.dll+0x141b4]  (no source info available)
C  [glass.dll+0x2655d]  (no source info available)
C  [glass.dll+0x26682]  (no source info available)
C  [ntdll.dll+0x19a1d]  (no source info available)
C  [ntdll.dll+0x5f1ca]  (no source info available)
C  [ntdll.dll+0x5ef7d]  (no source info available)
C  [KERNEL32.DLL+0x1e3eb]  (no source info available)
C  [ucrtbase.dll+0x205bc]  (no source info available)
C  [ucrtbase.dll+0x2045f]  (no source info available)
V  [jvm.dll+0x6d9b3c]  (no source info available)
V  [jvm.dll+0x6d9670]  (no source info available)
V  [jvm.dll+0x3da724]  (no source info available)
V  [jvm.dll+0x886d50]  (no source info available)
V  [jvm.dll+0x888077]  (no source info available)
V  [jvm.dll+0x8885a8]  (no source info available)
V  [jvm.dll+0x888843]  (no source info available)
V  [jvm.dll+0x8254cb]  (no source info available)
V  [jvm.dll+0x6df345]  (no source info available)
C  [ucrtbase.dll+0x21bb2]  (no source info available)
C  [KERNEL32.DLL+0x17374]  (no source info available)
C  [ntdll.dll+0x4cc91]  (no source info available)


siginfo: EXCEPTION_ACCESS_VIOLATION (0xc0000005), reading address 0x0000000000000000


Registers:
RAX=0x0000000000000000, RBX=0x000002223416eed2, RCX=0x000002223416b160, RDX=0x0000005da4cff170
RSP=0x0000005da4cff170, RBP=0x000002223477daa8, RSI=0x000002223477da80, RDI=0x0000a49a66d43160
R8 =0x0000000000010002, R9 =0x0000a49a66d43160, R10=0x0000000000008000, R11=0x0000005da4cff100
R12=0x00007ffd4af966d0, R13=0x00007ffd3d44c6e0, R14=0x0000005da4cff268, R15=0x000002223477da80
RIP=0x00007ffd4af98e37, EFLAGS=0x0000000000010202


Register to memory mapping:

RAX=0x0 is null
RBX=0x000002223416eed2 is a global jni handle
RCX=0x000002223416b160 points into unknown readable memory: 0x00007ffd3d250748 | 48 07 25 3d fd 7f 00 00
RDX=0x0000005da4cff170 points into unknown readable memory: 0x0000000000000000 | 00 00 00 00 00 00 00 00
RSP=0x0000005da4cff170 points into unknown readable memory: 0x0000000000000000 | 00 00 00 00 00 00 00 00
RBP=0x000002223477daa8 points into unknown readable memory: 0x0000a49a66d43160 | 60 31 d4 66 9a a4 00 00
RSI=0x000002223477da80 points into unknown readable memory: 0x4af9c57266d44e9d | 9d 4e d4 66 72 c5 f9 4a
RDI=0x0000a49a66d43160 is an unknown value
R8 =0x0000000000010002 is an unknown value
R9 =0x0000a49a66d43160 is an unknown value
R10=0x0000000000008000 is an unknown value
R11=0x0000005da4cff100 points into unknown readable memory: 0x000002223477da80 | 80 da 77 34 22 02 00 00
R12=0x00007ffd4af966d0 glass.dll
R13=0x00007ffd3d44c6e0 jvm.dll
R14=0x0000005da4cff268 points into unknown readable memory: 0x0000005da4cff250 | 50 f2 cf a4 5d 00 00 00
R15=0x000002223477da80 points into unknown readable memory: 0x4af9c57266d44e9d | 9d 4e d4 66 72 c5 f9 4a

Top of Stack: (sp=0x0000005da4cff170)
0x0000005da4cff170:   0000000000000000 000002223477da80
0x0000005da4cff180:   00007ffd3d44c6e0 00007ffd4af966d0
0x0000005da4cff190:   000002223477da88 00007ffd7ba442d6
0x0000005da4cff1a0:   0000a49a66d43160 0000022200000000
0x0000005da4cff1b0:   000002223477daa8 000002223477da80
0x0000005da4cff1c0:   fffffffffffffffe 0000000000000000
0x0000005da4cff1d0:   0000000000000001 00007ffd4af70000
0x0000005da4cff1e0:   0000005da4cff258 00007ffd7ba441fb
0x0000005da4cff1f0:   0000000000000000 0000005da4cff268
0x0000005da4cff200:   0000005da4cff540 00007ffd7bb20e40
0x0000005da4cff210:   0000000000000001 00007ffd7ba441b4
0x0000005da4cff220:   0000000000000000 0000000000000001
0x0000005da4cff230:   00007ffd77dd3300 0000005da4cff258
0x0000005da4cff240:   000000000000000d 00007ffd4af9655d
0x0000005da4cff250:   00007ffd4afafda8 00007ffd00000002
0x0000005da4cff260:   0000000000000002 0000005da4cff250
0x0000005da4cff270:   0000000000000000 00007ffd7db29993
0x0000005da4cff280:   0000000000000000 00007ffd4af96682
0x0000005da4cff290:   0000000000000001 0000000000000000
0x0000005da4cff2a0:   00000000000000b0 0000000000000001
0x0000005da4cff2b0:   00007ffd74ca1d90 0000000000000000
0x0000005da4cff2c0:   0000000000000001 00007ffd74ca2ef0
0x0000005da4cff2d0:   00007ffd4af70000 000000007ffe0384
0x0000005da4cff2e0:   0000000000000000 00007ffd7db29a1d
0x0000005da4cff2f0:   00007ffd4af70000 0000000000000000
0x0000005da4cff300:   0000000000000001 000000007ffe0385
0x0000005da4cff310:   0000000000000000 00007ffd7db6f331
0x0000005da4cff320:   0000a1bcd7f53b00 0000000000000014
0x0000005da4cff330:   00007ffd4af966d0 0000000000000000
0x0000005da4cff340:   0000000000000000 0000005da4132000
0x0000005da4cff350:   00000222349d95a0 00007ffd7db6f1ca
0x0000005da4cff360:   00000222349d8740 00007ffd4af70000 

Instructions: (pc=0x00007ffd4af98e37)
0x00007ffd4af98d37:   8b 4d 58 e8 d9 ce ff ff 48 8b 4d 60 e8 d0 ce ff
0x00007ffd4af98d47:   ff 48 8b 95 80 00 00 00 48 8b 8d 18 01 00 00 e8
0x00007ffd4af98d57:   b6 c4 ff ff 33 d2 33 c9 e8 1c e1 ff ff 90 48 89
0x00007ffd4af98d67:   54 24 10 55 48 83 ec 20 48 8b ea 48 b8 00 00 00
0x00007ffd4af98d77:   00 00 00 00 00 48 83 c4 20 5d c3 cc 40 55 48 8b
0x00007ffd4af98d87:   ea 48 8b 01 33 c9 81 38 05 00 00 c0 0f 94 c1 8b
0x00007ffd4af98d97:   c1 5d c3 cc 40 55 48 83 ec 20 48 8b ea 8a 4d 40
0x00007ffd4af98da7:   48 83 c4 20 5d e9 c3 d2 ff ff cc 40 55 48 83 ec
0x00007ffd4af98db7:   20 48 8b ea 8a 4d 20 e8 b1 d2 ff ff 90 48 83 c4
0x00007ffd4af98dc7:   20 5d c3 cc 40 55 48 83 ec 20 48 8b ea 48 83 c4
0x00007ffd4af98dd7:   20 5d e9 12 d1 ff ff cc 40 55 48 83 ec 30 48 8b
0x00007ffd4af98de7:   ea 48 8b 01 8b 10 48 89 4c 24 28 89 54 24 20 4c
0x00007ffd4af98df7:   8d 0d b3 d5 ff ff 4c 8b 45 70 8b 55 68 48 8b 4d
0x00007ffd4af98e07:   60 e8 53 d0 ff ff 90 48 83 c4 30 5d c3 cc cc cc
0x00007ffd4af98e17:   cc cc cc cc cc cc cc cc cc 40 53 48 83 ec 20 48
0x00007ffd4af98e27:   8b 1d 2b 6a 01 00 48 85 db 74 16 e8 a9 8f ff ff
0x00007ffd4af98e37:   4c 8b 00 48 8b d3 48 8b c8 41 ff 90 b0 00 00 00
0x00007ffd4af98e47:   90 48 83 c4 20 5b c3 cc cc 40 53 48 83 ec 20 48
0x00007ffd4af98e57:   8b 1d 6b 6b 01 00 48 85 db 74 57 b8 ff ff ff ff
0x00007ffd4af98e67:   f0 0f c1 43 10 83 f8 01 75 3d 48 85 db 74 38 48
0x00007ffd4af98e77:   8b 0b 48 85 c9 74 0d ff 15 2c 14 00 00 48 c7 03
0x00007ffd4af98e87:   00 00 00 00 48 8b 4b 08 48 85 c9 74 0d e8 7f cd
0x00007ffd4af98e97:   ff ff 48 c7 43 08 00 00 00 00 ba 18 00 00 00 48
0x00007ffd4af98ea7:   8b cb e8 6a cd ff ff 48 c7 05 0f 6b 01 00 00 00
0x00007ffd4af98eb7:   00 00 48 83 c4 20 5b c3 cc 40 53 48 83 ec 20 48
0x00007ffd4af98ec7:   8b 1d db 6a 01 00 48 85 db 74 57 b8 ff ff ff ff
0x00007ffd4af98ed7:   f0 0f c1 43 10 83 f8 01 75 3d 48 85 db 74 38 48
0x00007ffd4af98ee7:   8b 0b 48 85 c9 74 0d ff 15 bc 13 00 00 48 c7 03
0x00007ffd4af98ef7:   00 00 00 00 48 8b 4b 08 48 85 c9 74 0d e8 0f cd
0x00007ffd4af98f07:   ff ff 48 c7 43 08 00 00 00 00 ba 18 00 00 00 48
0x00007ffd4af98f17:   8b cb e8 fa cc ff ff 48 c7 05 7f 6a 01 00 00 00
0x00007ffd4af98f27:   00 00 48 83 c4 20 5b c3 cc 40 53 48 83 ec 20 48 


Stack slot to memory mapping:

stack at sp + 0 slots: 0x0 is null
stack at sp + 1 slots: 0x000002223477da80 points into unknown readable memory: 0x4af9c57266d44e9d | 9d 4e d4 66 72 c5 f9 4a
stack at sp + 2 slots: 0x00007ffd3d44c6e0 jvm.dll
stack at sp + 3 slots: 0x00007ffd4af966d0 glass.dll
stack at sp + 4 slots: 0x000002223477da88 points into unknown readable memory: 0x0000a49a66d43160 | 60 31 d4 66 9a a4 00 00
stack at sp + 5 slots: 0x00007ffd7ba442d6 ucrtbase.dll
stack at sp + 6 slots: 0x0000a49a66d43160 is an unknown value
stack at sp + 7 slots: 0x0000022200000000 points into unknown readable memory: 0x0000000000000000 | 00 00 00 00 00 00 00 00

VM_Operation (0x0000005da6cfef90): Exit, mode: safepoint, requested by thread 0x0000022234721730


---------------  P R O C E S S  ---------------

Threads class SMR info:
_java_thread_list=0x00000222344d7af0, length=25, elements={
0x00000222185f96b0, 0x000002223417f970, 0x0000022234180530, 0x0000022234182100,
0x0000022234182b60, 0x00000222341835c0, 0x0000022234184020, 0x0000022234184db0,
0x00000222341e6df0, 0x000002223426f820, 0x000002227a15a140, 0x0000022234b783a0,
0x0000022234a31c10, 0x0000022234992890, 0x000002227a13a8b0, 0x000002227a5d5bc0,
0x000002227a5d6230, 0x000002227a2d6040, 0x000002227a2d8e30, 0x000002227a2d94c0,
0x000002227a2d8110, 0x000002227a2d7a80, 0x000002223471c1e0, 0x0000022234721730,
0x000002223471e940
}
_to_delete_list=0x00000222344d7760, length=26, elements={
0x00000222185f96b0, 0x000002223417f970, 0x0000022234180530, 0x0000022234182100,
0x0000022234182b60, 0x00000222341835c0, 0x0000022234184020, 0x0000022234184db0,
0x00000222341e6df0, 0x000002223426f820, 0x000002227a15a140, 0x0000022234b783a0,
0x0000022234a31c10, 0x0000022234992890, 0x000002227a13a8b0, 0x000002227a5d5bc0,
0x000002227a5d6230, 0x000002227a2d6040, 0x000002227a2d8e30, 0x000002227a2d94c0,
0x000002227a2d8110, 0x000002227a2d7a80, 0x000002223471c1e0, 0x0000022234721730,
0x0000022234722ae0, 0x000002223471e940
}

Java Threads: ( => current thread )
  0x00000222185f96b0 JavaThread "main"                              [_thread_blocked, id=10368, stack(0x0000005da4500000,0x0000005da4600000) (1024K)]
  0x000002223417f970 JavaThread "Reference Handler"          daemon [_thread_blocked, id=12780, stack(0x0000005da4d00000,0x0000005da4e00000) (1024K)]
  0x0000022234180530 JavaThread "Finalizer"                  daemon [_thread_blocked, id=3344, stack(0x0000005da4e00000,0x0000005da4f00000) (1024K)]
  0x0000022234182100 JavaThread "Signal Dispatcher"          daemon [_thread_blocked, id=9616, stack(0x0000005da4f00000,0x0000005da5000000) (1024K)]
  0x0000022234182b60 JavaThread "Attach Listener"            daemon [_thread_blocked, id=7268, stack(0x0000005da5000000,0x0000005da5100000) (1024K)]
  0x00000222341835c0 JavaThread "Service Thread"             daemon [_thread_blocked, id=5724, stack(0x0000005da5100000,0x0000005da5200000) (1024K)]
  0x0000022234184020 JavaThread "Monitor Deflation Thread"   daemon [_thread_blocked, id=6308, stack(0x0000005da5200000,0x0000005da5300000) (1024K)]
  0x0000022234184db0 JavaThread "C2 CompilerThread0"         daemon [_thread_blocked, id=892, stack(0x0000005da5300000,0x0000005da5400000) (1024K)]
  0x00000222341e6df0 JavaThread "C1 CompilerThread0"         daemon [_thread_blocked, id=10564, stack(0x0000005da5400000,0x0000005da5500000) (1024K)]
  0x000002223426f820 JavaThread "Common-Cleaner"             daemon [_thread_blocked, id=6572, stack(0x0000005da5500000,0x0000005da5600000) (1024K)]
  0x000002227a15a140 JavaThread "Monitor Ctrl-Break"         daemon [_thread_in_native, id=13140, stack(0x0000005da5700000,0x0000005da5800000) (1024K)]
  0x0000022234b783a0 JavaThread "Notification Thread"        daemon [_thread_blocked, id=8088, stack(0x0000005da5800000,0x0000005da5900000) (1024K)]
  0x0000022234a31c10 JavaThread "QuantumRenderer-0"          daemon [_thread_blocked, id=11048, stack(0x0000005da5900000,0x0000005da5a00000) (1024K)]
  0x0000022234992890 JavaThread "InvokeLaterDispatcher"      daemon [_thread_blocked, id=5264, stack(0x0000005da5b00000,0x0000005da5c00000) (1024K)]
  0x000002227a13a8b0 JavaThread "JavaFX Application Thread"         [_thread_in_native, id=12472, stack(0x0000005da5c00000,0x0000005da5d00000) (1024K)]
  0x000002227a5d5bc0 JavaThread "JavaFX-Launcher"                   [_thread_blocked, id=12888, stack(0x0000005da6400000,0x0000005da6500000) (1024K)]
  0x000002227a5d6230 JavaThread "Thread-2"                   daemon [_thread_in_native, id=4648, stack(0x0000005da6300000,0x0000005da6400000) (1024K)]
  0x000002227a2d6040 JavaThread "Prism Font Disposer"        daemon [_thread_blocked, id=7232, stack(0x0000005da6600000,0x0000005da6700000) (1024K)]
  0x000002227a2d8e30 JavaThread "Cleaner-0"                  daemon [_thread_blocked, id=1160, stack(0x0000005da6700000,0x0000005da6800000) (1024K)]
  0x000002227a2d94c0 JavaThread "Thread-3"                   daemon [_thread_in_native, id=2252, stack(0x0000005da6a00000,0x0000005da6b00000) (1024K)]
  0x000002227a2d8110 JavaThread "Timer-0"                    daemon [_thread_blocked, id=10300, stack(0x0000005da6500000,0x0000005da6600000) (1024K)]
  0x000002227a2d7a80 JavaThread "Timer-1"                    daemon [_thread_blocked, id=6544, stack(0x0000005da6b00000,0x0000005da6c00000) (1024K)]
  0x000002223471c1e0 JavaThread "Thread-26"                  daemon [_thread_blocked, id=9068, stack(0x0000005da4300000,0x0000005da4400000) (1024K)]
  0x0000022234721730 JavaThread "SIGINT handler"             daemon [_thread_blocked, id=7624, stack(0x0000005da6c00000,0x0000005da6d00000) (1024K)]
  0x000002223471e940 JavaThread "Thread-30"                  daemon [_thread_blocked, id=1196, stack(0x0000005da6d00000,0x0000005da6e00000) (1024K)]
Total: 25

Other Threads:
=>0x000002223416b160 VMThread "VM Thread"                           [id=12952, stack(0x0000005da4c00000,0x0000005da4d00000) (1024K)]
  0x0000022218648ac0 WorkerThread "GC Thread#0"                     [id=3000, stack(0x0000005da4600000,0x0000005da4700000) (1024K)]
  0x0000022234bfcc90 WorkerThread "GC Thread#1"                     [id=3860, stack(0x0000005da5600000,0x0000005da5700000) (1024K)]
  0x000002221865b130 ConcurrentGCThread "G1 Main Marker"            terminated
  0x000002221865bc40 WorkerThread "G1 Conc#0"                       [id=12956, stack(0x0000005da4800000,0x0000005da4900000) (1024K)]
  0x00000222340320c0 ConcurrentGCThread "G1 Refine#0"               terminated
  0x00000222186b92b0 ConcurrentGCThread "G1 Service"                terminated
Total: 7

Threads with active compile tasks:
Total: 0

VM state: at safepoint (shutting down)

VM Mutex/Monitor currently owned by a thread:  ([mutex/lock_event])
[0x00007ffd3d424888] Threads_lock - owner thread: 0x000002223416b160
[0x00007ffd3d424988] Heap_lock - owner thread: 0x0000022234721730

Heap address: 0x0000000090c00000, size: 1780 MB, Compressed Oops mode: 32-bit

CDS archive(s) mapped at: [0x0000022235000000-0x0000022235d70000-0x0000022235d70000), size 14090240, SharedBaseAddress: 0x0000022235000000, ArchiveRelocationMode: 1.
Compressed class space mapped at: 0x0000022236000000-0x0000022276000000, reserved size: 1073741824
Narrow klass base: 0x0000022235000000, Narrow klass shift: 0, Narrow klass range: 0x41000000

GC Precious Log:
 CardTable entry size: 512
 Card Set container configuration: InlinePtr #cards 5 size 8 Array Of Cards #cards 10 size 36 Howl #buckets 4 coarsen threshold 1843 Howl Bitmap #cards 512 size 80 coarsen threshold 460 Card regions per heap region 1 cards per card region 2048
 CPUs: 2 total, 2 available
 Memory: 7116M
 Large Page Support: Disabled
 NUMA Support: Disabled
 Compressed Oops: Enabled (32-bit)
 Heap Region Size: 1M
 Heap Min Capacity: 8M
 Heap Initial Capacity: 112M
 Heap Max Capacity: 1780M
 Pre-touch: Disabled
 Parallel Workers: 2
 Concurrent Workers: 1
 Concurrent Refinement Workers: 2
 Periodic GC: Disabled

Heap:
 garbage-first heap   total reserved 1822720K, committed 250880K, used 132180K [0x0000000090c00000, 0x0000000100000000)
  region size 1024K, 30 young (30720K), 4 survivors (4096K)
 Metaspace       used 27863K, committed 28288K, reserved 1114112K
  class space    used 3910K, committed 4096K, reserved 1048576K

Heap Regions: E=young(eden), S=young(survivor), O=old, HS=humongous(starts), HC=humongous(continues), CS=collection set, F=free, TAMS=top-at-mark-start, PB=parsable bottom
|   0|0x0000000090c00000, 0x0000000090d00000, 0x0000000090d00000|100%|HS|  |TAMS 0x0000000090c00000| PB 0x0000000090c00000| Complete |  0
|   1|0x0000000090d00000, 0x0000000090e00000, 0x0000000090e00000|100%| O|  |TAMS 0x0000000090d00000| PB 0x0000000090d00000| Untracked |  0
|   2|0x0000000090e00000, 0x0000000090f00000, 0x0000000090f00000|100%| O|  |TAMS 0x0000000090e00000| PB 0x0000000090e00000| Untracked |  0
|   3|0x0000000090f00000, 0x0000000091000000, 0x0000000091000000|100%| O|  |TAMS 0x0000000090f00000| PB 0x0000000090f00000| Untracked |  0
|   4|0x0000000091000000, 0x0000000091100000, 0x0000000091100000|100%| O|  |TAMS 0x0000000091000000| PB 0x0000000091000000| Untracked |  0
|   5|0x0000000091100000, 0x0000000091200000, 0x0000000091200000|100%| O|  |TAMS 0x0000000091100000| PB 0x0000000091100000| Untracked |  0
|   6|0x0000000091200000, 0x0000000091300000, 0x0000000091300000|100%| O|  |TAMS 0x0000000091200000| PB 0x0000000091200000| Untracked |  0
|   7|0x0000000091300000, 0x0000000091400000, 0x0000000091400000|100%| O|  |TAMS 0x0000000091300000| PB 0x0000000091300000| Untracked |  0
|   8|0x0000000091400000, 0x0000000091500000, 0x0000000091500000|100%|HS|  |TAMS 0x0000000091400000| PB 0x0000000091400000| Complete |  0
|   9|0x0000000091500000, 0x0000000091600000, 0x0000000091600000|100%|HC|  |TAMS 0x0000000091500000| PB 0x0000000091500000| Complete |  0
|  10|0x0000000091600000, 0x0000000091700000, 0x0000000091700000|100%|HC|  |TAMS 0x0000000091600000| PB 0x0000000091600000| Complete |  0
|  11|0x0000000091700000, 0x0000000091800000, 0x0000000091800000|100%|HC|  |TAMS 0x0000000091700000| PB 0x0000000091700000| Complete |  0
|  12|0x0000000091800000, 0x0000000091900000, 0x0000000091900000|100%|HC|  |TAMS 0x0000000091800000| PB 0x0000000091800000| Complete |  0
|  13|0x0000000091900000, 0x0000000091a00000, 0x0000000091a00000|100%|HC|  |TAMS 0x0000000091900000| PB 0x0000000091900000| Complete |  0
|  14|0x0000000091a00000, 0x0000000091b00000, 0x0000000091b00000|100%|HC|  |TAMS 0x0000000091a00000| PB 0x0000000091a00000| Complete |  0
|  15|0x0000000091b00000, 0x0000000091c00000, 0x0000000091c00000|100%| O|  |TAMS 0x0000000091b00000| PB 0x0000000091b00000| Untracked |  0
|  16|0x0000000091c00000, 0x0000000091d00000, 0x0000000091d00000|100%| O|  |TAMS 0x0000000091c00000| PB 0x0000000091c00000| Untracked |  0
|  17|0x0000000091d00000, 0x0000000091d00000, 0x0000000091e00000|  0%| F|  |TAMS 0x0000000091d00000| PB 0x0000000091d00000| Untracked |  0
|  18|0x0000000091e00000, 0x0000000091f00000, 0x0000000091f00000|100%|HS|  |TAMS 0x0000000091e00000| PB 0x0000000091e00000| Complete |  0
|  19|0x0000000091f00000, 0x0000000092000000, 0x0000000092000000|100%|HC|  |TAMS 0x0000000091f00000| PB 0x0000000091f00000| Complete |  0
|  20|0x0000000092000000, 0x0000000092100000, 0x0000000092100000|100%|HC|  |TAMS 0x0000000092000000| PB 0x0000000092000000| Complete |  0
|  21|0x0000000092100000, 0x0000000092200000, 0x0000000092200000|100%|HC|  |TAMS 0x0000000092100000| PB 0x0000000092100000| Complete |  0
|  22|0x0000000092200000, 0x0000000092300000, 0x0000000092300000|100%|HS|  |TAMS 0x0000000092200000| PB 0x0000000092200000| Complete |  0
|  23|0x0000000092300000, 0x0000000092400000, 0x0000000092400000|100%|HC|  |TAMS 0x0000000092300000| PB 0x0000000092300000| Complete |  0
|  24|0x0000000092400000, 0x0000000092500000, 0x0000000092500000|100%|HS|  |TAMS 0x0000000092400000| PB 0x0000000092400000| Complete |  0
|  25|0x0000000092500000, 0x0000000092600000, 0x0000000092600000|100%|HC|  |TAMS 0x0000000092500000| PB 0x0000000092500000| Complete |  0
|  26|0x0000000092600000, 0x0000000092700000, 0x0000000092700000|100%| O|  |TAMS 0x0000000092600000| PB 0x0000000092600000| Untracked |  0
|  27|0x0000000092700000, 0x0000000092800000, 0x0000000092800000|100%|HS|  |TAMS 0x0000000092700000| PB 0x0000000092700000| Complete |  0
|  28|0x0000000092800000, 0x0000000092900000, 0x0000000092900000|100%|HC|  |TAMS 0x0000000092800000| PB 0x0000000092800000| Complete |  0
|  29|0x0000000092900000, 0x0000000092a00000, 0x0000000092a00000|100%|HC|  |TAMS 0x0000000092900000| PB 0x0000000092900000| Complete |  0
|  30|0x0000000092a00000, 0x0000000092b00000, 0x0000000092b00000|100%|HC|  |TAMS 0x0000000092a00000| PB 0x0000000092a00000| Complete |  0
|  31|0x0000000092b00000, 0x0000000092b00000, 0x0000000092c00000|  0%| F|  |TAMS 0x0000000092b00000| PB 0x0000000092b00000| Untracked |  0
|  32|0x0000000092c00000, 0x0000000092c00000, 0x0000000092d00000|  0%| F|  |TAMS 0x0000000092c00000| PB 0x0000000092c00000| Untracked |  0
|  33|0x0000000092d00000, 0x0000000092d00000, 0x0000000092e00000|  0%| F|  |TAMS 0x0000000092d00000| PB 0x0000000092d00000| Untracked |  0
|  34|0x0000000092e00000, 0x0000000092e00000, 0x0000000092f00000|  0%| F|  |TAMS 0x0000000092e00000| PB 0x0000000092e00000| Untracked |  0
|  35|0x0000000092f00000, 0x0000000092f00000, 0x0000000093000000|  0%| F|  |TAMS 0x0000000092f00000| PB 0x0000000092f00000| Untracked |  0
|  36|0x0000000093000000, 0x0000000093000000, 0x0000000093100000|  0%| F|  |TAMS 0x0000000093000000| PB 0x0000000093000000| Untracked |  0
|  37|0x0000000093100000, 0x0000000093100000, 0x0000000093200000|  0%| F|  |TAMS 0x0000000093100000| PB 0x0000000093100000| Untracked |  0
|  38|0x0000000093200000, 0x000000009324cfe0, 0x0000000093300000| 30%| O|  |TAMS 0x0000000093200000| PB 0x0000000093200000| Untracked |  0
|  39|0x0000000093300000, 0x0000000093400000, 0x0000000093400000|100%|HS|  |TAMS 0x0000000093300000| PB 0x0000000093300000| Complete |  0
|  40|0x0000000093400000, 0x0000000093500000, 0x0000000093500000|100%|HC|  |TAMS 0x0000000093400000| PB 0x0000000093400000| Complete |  0
|  41|0x0000000093500000, 0x0000000093600000, 0x0000000093600000|100%|HS|  |TAMS 0x0000000093500000| PB 0x0000000093500000| Complete |  0
|  42|0x0000000093600000, 0x0000000093700000, 0x0000000093700000|100%|HC|  |TAMS 0x0000000093600000| PB 0x0000000093600000| Complete |  0
|  43|0x0000000093700000, 0x0000000093700000, 0x0000000093800000|  0%| F|  |TAMS 0x0000000093700000| PB 0x0000000093700000| Untracked |  0
|  44|0x0000000093800000, 0x0000000093800000, 0x0000000093900000|  0%| F|  |TAMS 0x0000000093800000| PB 0x0000000093800000| Untracked |  0
|  45|0x0000000093900000, 0x0000000093900000, 0x0000000093a00000|  0%| F|  |TAMS 0x0000000093900000| PB 0x0000000093900000| Untracked |  0
|  46|0x0000000093a00000, 0x0000000093a00000, 0x0000000093b00000|  0%| F|  |TAMS 0x0000000093a00000| PB 0x0000000093a00000| Untracked |  0
|  47|0x0000000093b00000, 0x0000000093b00000, 0x0000000093c00000|  0%| F|  |TAMS 0x0000000093b00000| PB 0x0000000093b00000| Untracked |  0
|  48|0x0000000093c00000, 0x0000000093c00000, 0x0000000093d00000|  0%| F|  |TAMS 0x0000000093c00000| PB 0x0000000093c00000| Untracked |  0
|  49|0x0000000093d00000, 0x0000000093d00000, 0x0000000093e00000|  0%| F|  |TAMS 0x0000000093d00000| PB 0x0000000093d00000| Untracked |  0
|  50|0x0000000093e00000, 0x0000000093f00000, 0x0000000093f00000|100%| O|  |TAMS 0x0000000093e00000| PB 0x0000000093e00000| Untracked |  0
|  51|0x0000000093f00000, 0x0000000094000000, 0x0000000094000000|100%|HS|  |TAMS 0x0000000093f00000| PB 0x0000000093f00000| Complete |  0
|  52|0x0000000094000000, 0x0000000094000000, 0x0000000094100000|  0%| F|  |TAMS 0x0000000094000000| PB 0x0000000094000000| Untracked |  0
|  53|0x0000000094100000, 0x0000000094100000, 0x0000000094200000|  0%| F|  |TAMS 0x0000000094100000| PB 0x0000000094100000| Untracked |  0
|  54|0x0000000094200000, 0x0000000094200000, 0x0000000094300000|  0%| F|  |TAMS 0x0000000094200000| PB 0x0000000094200000| Untracked |  0
|  55|0x0000000094300000, 0x0000000094300000, 0x0000000094400000|  0%| F|  |TAMS 0x0000000094300000| PB 0x0000000094300000| Untracked |  0
|  56|0x0000000094400000, 0x0000000094400000, 0x0000000094500000|  0%| F|  |TAMS 0x0000000094400000| PB 0x0000000094400000| Untracked |  0
|  57|0x0000000094500000, 0x0000000094500000, 0x0000000094600000|  0%| F|  |TAMS 0x0000000094500000| PB 0x0000000094500000| Untracked |  0
|  58|0x0000000094600000, 0x0000000094700000, 0x0000000094700000|100%|HS|  |TAMS 0x0000000094600000| PB 0x0000000094600000| Complete |  0
|  59|0x0000000094700000, 0x0000000094800000, 0x0000000094800000|100%|HC|  |TAMS 0x0000000094700000| PB 0x0000000094700000| Complete |  0
|  60|0x0000000094800000, 0x0000000094900000, 0x0000000094900000|100%|HC|  |TAMS 0x0000000094800000| PB 0x0000000094800000| Complete |  0
|  61|0x0000000094900000, 0x0000000094a00000, 0x0000000094a00000|100%|HC|  |TAMS 0x0000000094900000| PB 0x0000000094900000| Complete |  0
|  62|0x0000000094a00000, 0x0000000094b00000, 0x0000000094b00000|100%|HS|  |TAMS 0x0000000094a00000| PB 0x0000000094a00000| Complete |  0
|  63|0x0000000094b00000, 0x0000000094c00000, 0x0000000094c00000|100%|HC|  |TAMS 0x0000000094b00000| PB 0x0000000094b00000| Complete |  0
|  64|0x0000000094c00000, 0x0000000094c00000, 0x0000000094d00000|  0%| F|  |TAMS 0x0000000094c00000| PB 0x0000000094c00000| Untracked |  0
|  65|0x0000000094d00000, 0x0000000094d00000, 0x0000000094e00000|  0%| F|  |TAMS 0x0000000094d00000| PB 0x0000000094d00000| Untracked |  0
|  66|0x0000000094e00000, 0x0000000094e00000, 0x0000000094f00000|  0%| F|  |TAMS 0x0000000094e00000| PB 0x0000000094e00000| Untracked |  0
|  67|0x0000000094f00000, 0x0000000094f00000, 0x0000000095000000|  0%| F|  |TAMS 0x0000000094f00000| PB 0x0000000094f00000| Untracked |  0
|  68|0x0000000095000000, 0x0000000095000000, 0x0000000095100000|  0%| F|  |TAMS 0x0000000095000000| PB 0x0000000095000000| Untracked |  0
|  69|0x0000000095100000, 0x0000000095100000, 0x0000000095200000|  0%| F|  |TAMS 0x0000000095100000| PB 0x0000000095100000| Untracked |  0
|  70|0x0000000095200000, 0x0000000095300000, 0x0000000095300000|100%|HS|  |TAMS 0x0000000095200000| PB 0x0000000095200000| Complete |  0
|  71|0x0000000095300000, 0x0000000095400000, 0x0000000095400000|100%|HC|  |TAMS 0x0000000095300000| PB 0x0000000095300000| Complete |  0
|  72|0x0000000095400000, 0x0000000095500000, 0x0000000095500000|100%|HC|  |TAMS 0x0000000095400000| PB 0x0000000095400000| Complete |  0
|  73|0x0000000095500000, 0x0000000095600000, 0x0000000095600000|100%|HC|  |TAMS 0x0000000095500000| PB 0x0000000095500000| Complete |  0
|  74|0x0000000095600000, 0x0000000095600000, 0x0000000095700000|  0%| F|  |TAMS 0x0000000095600000| PB 0x0000000095600000| Untracked |  0
|  75|0x0000000095700000, 0x0000000095700000, 0x0000000095800000|  0%| F|  |TAMS 0x0000000095700000| PB 0x0000000095700000| Untracked |  0
|  76|0x0000000095800000, 0x0000000095800000, 0x0000000095900000|  0%| F|  |TAMS 0x0000000095800000| PB 0x0000000095800000| Untracked |  0
|  77|0x0000000095900000, 0x0000000095900000, 0x0000000095a00000|  0%| F|  |TAMS 0x0000000095900000| PB 0x0000000095900000| Untracked |  0
|  78|0x0000000095a00000, 0x0000000095b00000, 0x0000000095b00000|100%|HS|  |TAMS 0x0000000095a00000| PB 0x0000000095a00000| Complete |  0
|  79|0x0000000095b00000, 0x0000000095c00000, 0x0000000095c00000|100%|HC|  |TAMS 0x0000000095b00000| PB 0x0000000095b00000| Complete |  0
|  80|0x0000000095c00000, 0x0000000095d00000, 0x0000000095d00000|100%|HC|  |TAMS 0x0000000095c00000| PB 0x0000000095c00000| Complete |  0
|  81|0x0000000095d00000, 0x0000000095e00000, 0x0000000095e00000|100%|HC|  |TAMS 0x0000000095d00000| PB 0x0000000095d00000| Complete |  0
|  82|0x0000000095e00000, 0x0000000095e00000, 0x0000000095f00000|  0%| F|  |TAMS 0x0000000095e00000| PB 0x0000000095e00000| Untracked |  0
|  83|0x0000000095f00000, 0x0000000095f00000, 0x0000000096000000|  0%| F|  |TAMS 0x0000000095f00000| PB 0x0000000095f00000| Untracked |  0
|  84|0x0000000096000000, 0x0000000096000000, 0x0000000096100000|  0%| F|  |TAMS 0x0000000096000000| PB 0x0000000096000000| Untracked |  0
|  85|0x0000000096100000, 0x0000000096100000, 0x0000000096200000|  0%| F|  |TAMS 0x0000000096100000| PB 0x0000000096100000| Untracked |  0
|  86|0x0000000096200000, 0x0000000096300000, 0x0000000096300000|100%|HS|  |TAMS 0x0000000096200000| PB 0x0000000096200000| Complete |  0
|  87|0x0000000096300000, 0x0000000096400000, 0x0000000096400000|100%|HC|  |TAMS 0x0000000096300000| PB 0x0000000096300000| Complete |  0
|  88|0x0000000096400000, 0x0000000096500000, 0x0000000096500000|100%|HS|  |TAMS 0x0000000096400000| PB 0x0000000096400000| Complete |  0
|  89|0x0000000096500000, 0x0000000096600000, 0x0000000096600000|100%|HC|  |TAMS 0x0000000096500000| PB 0x0000000096500000| Complete |  0
|  90|0x0000000096600000, 0x0000000096700000, 0x0000000096700000|100%|HC|  |TAMS 0x0000000096600000| PB 0x0000000096600000| Complete |  0
|  91|0x0000000096700000, 0x0000000096800000, 0x0000000096800000|100%|HC|  |TAMS 0x0000000096700000| PB 0x0000000096700000| Complete |  0
|  92|0x0000000096800000, 0x0000000096900000, 0x0000000096900000|100%|HS|  |TAMS 0x0000000096800000| PB 0x0000000096800000| Complete |  0
|  93|0x0000000096900000, 0x0000000096a00000, 0x0000000096a00000|100%|HC|  |TAMS 0x0000000096900000| PB 0x0000000096900000| Complete |  0
|  94|0x0000000096a00000, 0x0000000096b00000, 0x0000000096b00000|100%|HS|  |TAMS 0x0000000096a00000| PB 0x0000000096a00000| Complete |  0
|  95|0x0000000096b00000, 0x0000000096c00000, 0x0000000096c00000|100%|HC|  |TAMS 0x0000000096b00000| PB 0x0000000096b00000| Complete |  0
|  96|0x0000000096c00000, 0x0000000096c00000, 0x0000000096d00000|  0%| F|  |TAMS 0x0000000096c00000| PB 0x0000000096c00000| Untracked |  0
|  97|0x0000000096d00000, 0x0000000096d00000, 0x0000000096e00000|  0%| F|  |TAMS 0x0000000096d00000| PB 0x0000000096d00000| Untracked |  0
|  98|0x0000000096e00000, 0x0000000096e00000, 0x0000000096f00000|  0%| F|  |TAMS 0x0000000096e00000| PB 0x0000000096e00000| Untracked |  0
|  99|0x0000000096f00000, 0x0000000096f00000, 0x0000000097000000|  0%| F|  |TAMS 0x0000000096f00000| PB 0x0000000096f00000| Untracked |  0
| 100|0x0000000097000000, 0x0000000097000000, 0x0000000097100000|  0%| F|  |TAMS 0x0000000097000000| PB 0x0000000097000000| Untracked |  0
| 101|0x0000000097100000, 0x0000000097100000, 0x0000000097200000|  0%| F|  |TAMS 0x0000000097100000| PB 0x0000000097100000| Untracked |  0
| 102|0x0000000097200000, 0x0000000097200000, 0x0000000097300000|  0%| F|  |TAMS 0x0000000097200000| PB 0x0000000097200000| Untracked |  0
| 103|0x0000000097300000, 0x0000000097300000, 0x0000000097400000|  0%| F|  |TAMS 0x0000000097300000| PB 0x0000000097300000| Untracked |  0
| 104|0x0000000097400000, 0x0000000097400000, 0x0000000097500000|  0%| F|  |TAMS 0x0000000097400000| PB 0x0000000097400000| Untracked |  0
| 105|0x0000000097500000, 0x0000000097500000, 0x0000000097600000|  0%| F|  |TAMS 0x0000000097500000| PB 0x0000000097500000| Untracked |  0
| 106|0x0000000097600000, 0x0000000097700000, 0x0000000097700000|100%|HS|  |TAMS 0x0000000097600000| PB 0x0000000097600000| Complete |  0
| 107|0x0000000097700000, 0x0000000097800000, 0x0000000097800000|100%|HC|  |TAMS 0x0000000097700000| PB 0x0000000097700000| Complete |  0
| 108|0x0000000097800000, 0x0000000097900000, 0x0000000097900000|100%|HC|  |TAMS 0x0000000097800000| PB 0x0000000097800000| Complete |  0
| 109|0x0000000097900000, 0x0000000097a00000, 0x0000000097a00000|100%|HC|  |TAMS 0x0000000097900000| PB 0x0000000097900000| Complete |  0
| 110|0x0000000097a00000, 0x0000000097a00000, 0x0000000097b00000|  0%| F|  |TAMS 0x0000000097a00000| PB 0x0000000097a00000| Untracked |  0
| 111|0x0000000097b00000, 0x0000000097b00000, 0x0000000097c00000|  0%| F|  |TAMS 0x0000000097b00000| PB 0x0000000097b00000| Untracked |  0
| 112|0x0000000097c00000, 0x0000000097cc8070, 0x0000000097d00000| 78%| S|CS|TAMS 0x0000000097c00000| PB 0x0000000097c00000| Complete |  0
| 113|0x0000000097d00000, 0x0000000097e00000, 0x0000000097e00000|100%| S|CS|TAMS 0x0000000097d00000| PB 0x0000000097d00000| Complete |  0
| 114|0x0000000097e00000, 0x0000000097f00000, 0x0000000097f00000|100%| S|CS|TAMS 0x0000000097e00000| PB 0x0000000097e00000| Complete |  0
| 115|0x0000000097f00000, 0x0000000098000000, 0x0000000098000000|100%| S|CS|TAMS 0x0000000097f00000| PB 0x0000000097f00000| Complete |  0
| 116|0x0000000098000000, 0x0000000098000000, 0x0000000098100000|  0%| F|  |TAMS 0x0000000098000000| PB 0x0000000098000000| Untracked |  0
| 117|0x0000000098100000, 0x0000000098100000, 0x0000000098200000|  0%| F|  |TAMS 0x0000000098100000| PB 0x0000000098100000| Untracked |  0
| 118|0x0000000098200000, 0x0000000098200000, 0x0000000098300000|  0%| F|  |TAMS 0x0000000098200000| PB 0x0000000098200000| Untracked |  0
| 119|0x0000000098300000, 0x0000000098300000, 0x0000000098400000|  0%| F|  |TAMS 0x0000000098300000| PB 0x0000000098300000| Untracked |  0
| 120|0x0000000098400000, 0x0000000098400000, 0x0000000098500000|  0%| F|  |TAMS 0x0000000098400000| PB 0x0000000098400000| Untracked |  0
| 121|0x0000000098500000, 0x0000000098500000, 0x0000000098600000|  0%| F|  |TAMS 0x0000000098500000| PB 0x0000000098500000| Untracked |  0
| 122|0x0000000098600000, 0x0000000098600000, 0x0000000098700000|  0%| F|  |TAMS 0x0000000098600000| PB 0x0000000098600000| Untracked |  0
| 123|0x0000000098700000, 0x0000000098700000, 0x0000000098800000|  0%| F|  |TAMS 0x0000000098700000| PB 0x0000000098700000| Untracked |  0
| 124|0x0000000098800000, 0x0000000098800000, 0x0000000098900000|  0%| F|  |TAMS 0x0000000098800000| PB 0x0000000098800000| Untracked |  0
| 125|0x0000000098900000, 0x0000000098900000, 0x0000000098a00000|  0%| F|  |TAMS 0x0000000098900000| PB 0x0000000098900000| Untracked |  0
| 126|0x0000000098a00000, 0x0000000098b00000, 0x0000000098b00000|100%|HS|  |TAMS 0x0000000098a00000| PB 0x0000000098a00000| Complete |  0
| 127|0x0000000098b00000, 0x0000000098c00000, 0x0000000098c00000|100%|HC|  |TAMS 0x0000000098b00000| PB 0x0000000098b00000| Complete |  0
| 128|0x0000000098c00000, 0x0000000098d00000, 0x0000000098d00000|100%|HC|  |TAMS 0x0000000098c00000| PB 0x0000000098c00000| Complete |  0
| 129|0x0000000098d00000, 0x0000000098e00000, 0x0000000098e00000|100%|HC|  |TAMS 0x0000000098d00000| PB 0x0000000098d00000| Complete |  0
| 130|0x0000000098e00000, 0x0000000098f00000, 0x0000000098f00000|100%|HS|  |TAMS 0x0000000098e00000| PB 0x0000000098e00000| Complete |  0
| 131|0x0000000098f00000, 0x0000000099000000, 0x0000000099000000|100%|HC|  |TAMS 0x0000000098f00000| PB 0x0000000098f00000| Complete |  0
| 132|0x0000000099000000, 0x0000000099100000, 0x0000000099100000|100%|HS|  |TAMS 0x0000000099000000| PB 0x0000000099000000| Complete |  0
| 133|0x0000000099100000, 0x0000000099200000, 0x0000000099200000|100%|HC|  |TAMS 0x0000000099100000| PB 0x0000000099100000| Complete |  0
| 134|0x0000000099200000, 0x0000000099300000, 0x0000000099300000|100%|HC|  |TAMS 0x0000000099200000| PB 0x0000000099200000| Complete |  0
| 135|0x0000000099300000, 0x0000000099400000, 0x0000000099400000|100%|HC|  |TAMS 0x0000000099300000| PB 0x0000000099300000| Complete |  0
| 136|0x0000000099400000, 0x0000000099500000, 0x0000000099500000|100%|HS|  |TAMS 0x0000000099400000| PB 0x0000000099400000| Complete |  0
| 137|0x0000000099500000, 0x0000000099600000, 0x0000000099600000|100%|HC|  |TAMS 0x0000000099500000| PB 0x0000000099500000| Complete |  0
| 138|0x0000000099600000, 0x0000000099600000, 0x0000000099700000|  0%| F|  |TAMS 0x0000000099600000| PB 0x0000000099600000| Untracked |  0
| 139|0x0000000099700000, 0x0000000099700000, 0x0000000099800000|  0%| F|  |TAMS 0x0000000099700000| PB 0x0000000099700000| Untracked |  0
| 140|0x0000000099800000, 0x0000000099800000, 0x0000000099900000|  0%| F|  |TAMS 0x0000000099800000| PB 0x0000000099800000| Untracked |  0
| 141|0x0000000099900000, 0x0000000099900000, 0x0000000099a00000|  0%| F|  |TAMS 0x0000000099900000| PB 0x0000000099900000| Untracked |  0
| 142|0x0000000099a00000, 0x0000000099a00000, 0x0000000099b00000|  0%| F|  |TAMS 0x0000000099a00000| PB 0x0000000099a00000| Untracked |  0
| 143|0x0000000099b00000, 0x0000000099b00000, 0x0000000099c00000|  0%| F|  |TAMS 0x0000000099b00000| PB 0x0000000099b00000| Untracked |  0
| 144|0x0000000099c00000, 0x0000000099d00000, 0x0000000099d00000|100%|HS|  |TAMS 0x0000000099c00000| PB 0x0000000099c00000| Complete |  0
| 145|0x0000000099d00000, 0x0000000099e00000, 0x0000000099e00000|100%|HC|  |TAMS 0x0000000099d00000| PB 0x0000000099d00000| Complete |  0
| 146|0x0000000099e00000, 0x0000000099f00000, 0x0000000099f00000|100%|HC|  |TAMS 0x0000000099e00000| PB 0x0000000099e00000| Complete |  0
| 147|0x0000000099f00000, 0x000000009a000000, 0x000000009a000000|100%|HC|  |TAMS 0x0000000099f00000| PB 0x0000000099f00000| Complete |  0
| 148|0x000000009a000000, 0x000000009a100000, 0x000000009a100000|100%|HS|  |TAMS 0x000000009a000000| PB 0x000000009a000000| Complete |  0
| 149|0x000000009a100000, 0x000000009a200000, 0x000000009a200000|100%|HC|  |TAMS 0x000000009a100000| PB 0x000000009a100000| Complete |  0
| 150|0x000000009a200000, 0x000000009a200000, 0x000000009a300000|  0%| F|  |TAMS 0x000000009a200000| PB 0x000000009a200000| Untracked |  0
| 151|0x000000009a300000, 0x000000009a300000, 0x000000009a400000|  0%| F|  |TAMS 0x000000009a300000| PB 0x000000009a300000| Untracked |  0
| 152|0x000000009a400000, 0x000000009a400000, 0x000000009a500000|  0%| F|  |TAMS 0x000000009a400000| PB 0x000000009a400000| Untracked |  0
| 153|0x000000009a500000, 0x000000009a500000, 0x000000009a600000|  0%| F|  |TAMS 0x000000009a500000| PB 0x000000009a500000| Untracked |  0
| 154|0x000000009a600000, 0x000000009a600000, 0x000000009a700000|  0%| F|  |TAMS 0x000000009a600000| PB 0x000000009a600000| Untracked |  0
| 155|0x000000009a700000, 0x000000009a700000, 0x000000009a800000|  0%| F|  |TAMS 0x000000009a700000| PB 0x000000009a700000| Untracked |  0
| 156|0x000000009a800000, 0x000000009a800000, 0x000000009a900000|  0%| F|  |TAMS 0x000000009a800000| PB 0x000000009a800000| Untracked |  0
| 157|0x000000009a900000, 0x000000009a900000, 0x000000009aa00000|  0%| F|  |TAMS 0x000000009a900000| PB 0x000000009a900000| Untracked |  0
| 158|0x000000009aa00000, 0x000000009aa00000, 0x000000009ab00000|  0%| F|  |TAMS 0x000000009aa00000| PB 0x000000009aa00000| Untracked |  0
| 159|0x000000009ab00000, 0x000000009ab00000, 0x000000009ac00000|  0%| F|  |TAMS 0x000000009ab00000| PB 0x000000009ab00000| Untracked |  0
| 160|0x000000009ac00000, 0x000000009ac00000, 0x000000009ad00000|  0%| F|  |TAMS 0x000000009ac00000| PB 0x000000009ac00000| Untracked |  0
| 161|0x000000009ad00000, 0x000000009ad00000, 0x000000009ae00000|  0%| F|  |TAMS 0x000000009ad00000| PB 0x000000009ad00000| Untracked |  0
| 162|0x000000009ae00000, 0x000000009ae00000, 0x000000009af00000|  0%| F|  |TAMS 0x000000009ae00000| PB 0x000000009ae00000| Untracked |  0
| 163|0x000000009af00000, 0x000000009af00000, 0x000000009b000000|  0%| F|  |TAMS 0x000000009af00000| PB 0x000000009af00000| Untracked |  0
| 164|0x000000009b000000, 0x000000009b000000, 0x000000009b100000|  0%| F|  |TAMS 0x000000009b000000| PB 0x000000009b000000| Untracked |  0
| 165|0x000000009b100000, 0x000000009b100000, 0x000000009b200000|  0%| F|  |TAMS 0x000000009b100000| PB 0x000000009b100000| Untracked |  0
| 166|0x000000009b200000, 0x000000009b200000, 0x000000009b300000|  0%| F|  |TAMS 0x000000009b200000| PB 0x000000009b200000| Untracked |  0
| 167|0x000000009b300000, 0x000000009b300000, 0x000000009b400000|  0%| F|  |TAMS 0x000000009b300000| PB 0x000000009b300000| Untracked |  0
| 168|0x000000009b400000, 0x000000009b400000, 0x000000009b500000|  0%| F|  |TAMS 0x000000009b400000| PB 0x000000009b400000| Untracked |  0
| 169|0x000000009b500000, 0x000000009b500000, 0x000000009b600000|  0%| F|  |TAMS 0x000000009b500000| PB 0x000000009b500000| Untracked |  0
| 170|0x000000009b600000, 0x000000009b600000, 0x000000009b700000|  0%| F|  |TAMS 0x000000009b600000| PB 0x000000009b600000| Untracked |  0
| 171|0x000000009b700000, 0x000000009b700000, 0x000000009b800000|  0%| F|  |TAMS 0x000000009b700000| PB 0x000000009b700000| Untracked |  0
| 172|0x000000009b800000, 0x000000009b800000, 0x000000009b900000|  0%| F|  |TAMS 0x000000009b800000| PB 0x000000009b800000| Untracked |  0
| 173|0x000000009b900000, 0x000000009b900000, 0x000000009ba00000|  0%| F|  |TAMS 0x000000009b900000| PB 0x000000009b900000| Untracked |  0
| 174|0x000000009ba00000, 0x000000009ba00000, 0x000000009bb00000|  0%| F|  |TAMS 0x000000009ba00000| PB 0x000000009ba00000| Untracked |  0
| 175|0x000000009bb00000, 0x000000009bb00000, 0x000000009bc00000|  0%| F|  |TAMS 0x000000009bb00000| PB 0x000000009bb00000| Untracked |  0
| 176|0x000000009bc00000, 0x000000009bc00000, 0x000000009bd00000|  0%| F|  |TAMS 0x000000009bc00000| PB 0x000000009bc00000| Untracked |  0
| 177|0x000000009bd00000, 0x000000009bd00000, 0x000000009be00000|  0%| F|  |TAMS 0x000000009bd00000| PB 0x000000009bd00000| Untracked |  0
| 178|0x000000009be00000, 0x000000009be00000, 0x000000009bf00000|  0%| F|  |TAMS 0x000000009be00000| PB 0x000000009be00000| Untracked |  0
| 179|0x000000009bf00000, 0x000000009bf00000, 0x000000009c000000|  0%| F|  |TAMS 0x000000009bf00000| PB 0x000000009bf00000| Untracked |  0
| 180|0x000000009c000000, 0x000000009c000000, 0x000000009c100000|  0%| F|  |TAMS 0x000000009c000000| PB 0x000000009c000000| Untracked |  0
| 181|0x000000009c100000, 0x000000009c100000, 0x000000009c200000|  0%| F|  |TAMS 0x000000009c100000| PB 0x000000009c100000| Untracked |  0
| 182|0x000000009c200000, 0x000000009c200000, 0x000000009c300000|  0%| F|  |TAMS 0x000000009c200000| PB 0x000000009c200000| Untracked |  0
| 183|0x000000009c300000, 0x000000009c300000, 0x000000009c400000|  0%| F|  |TAMS 0x000000009c300000| PB 0x000000009c300000| Untracked |  0
| 184|0x000000009c400000, 0x000000009c400000, 0x000000009c500000|  0%| F|  |TAMS 0x000000009c400000| PB 0x000000009c400000| Untracked |  0
| 185|0x000000009c500000, 0x000000009c500000, 0x000000009c600000|  0%| F|  |TAMS 0x000000009c500000| PB 0x000000009c500000| Untracked |  0
| 186|0x000000009c600000, 0x000000009c600000, 0x000000009c700000|  0%| F|  |TAMS 0x000000009c600000| PB 0x000000009c600000| Untracked |  0
| 187|0x000000009c700000, 0x000000009c700000, 0x000000009c800000|  0%| F|  |TAMS 0x000000009c700000| PB 0x000000009c700000| Untracked |  0
| 188|0x000000009c800000, 0x000000009c800000, 0x000000009c900000|  0%| F|  |TAMS 0x000000009c800000| PB 0x000000009c800000| Untracked |  0
| 189|0x000000009c900000, 0x000000009c900000, 0x000000009ca00000|  0%| F|  |TAMS 0x000000009c900000| PB 0x000000009c900000| Untracked |  0
| 190|0x000000009ca00000, 0x000000009ca00000, 0x000000009cb00000|  0%| F|  |TAMS 0x000000009ca00000| PB 0x000000009ca00000| Untracked |  0
| 191|0x000000009cb00000, 0x000000009cc00000, 0x000000009cc00000|100%|HS|  |TAMS 0x000000009cb00000| PB 0x000000009cb00000| Complete |  0
| 192|0x000000009cc00000, 0x000000009cd00000, 0x000000009cd00000|100%|HC|  |TAMS 0x000000009cc00000| PB 0x000000009cc00000| Complete |  0
| 193|0x000000009cd00000, 0x000000009ce00000, 0x000000009ce00000|100%|HC|  |TAMS 0x000000009cd00000| PB 0x000000009cd00000| Complete |  0
| 194|0x000000009ce00000, 0x000000009cf00000, 0x000000009cf00000|100%|HC|  |TAMS 0x000000009ce00000| PB 0x000000009ce00000| Complete |  0
| 195|0x000000009cf00000, 0x000000009cf00000, 0x000000009d000000|  0%| F|  |TAMS 0x000000009cf00000| PB 0x000000009cf00000| Untracked |  0
| 196|0x000000009d000000, 0x000000009d100000, 0x000000009d100000|100%|HS|  |TAMS 0x000000009d000000| PB 0x000000009d000000| Complete |  0
| 197|0x000000009d100000, 0x000000009d200000, 0x000000009d200000|100%|HC|  |TAMS 0x000000009d100000| PB 0x000000009d100000| Complete |  0
| 198|0x000000009d200000, 0x000000009d200000, 0x000000009d300000|  0%| F|  |TAMS 0x000000009d200000| PB 0x000000009d200000| Untracked |  0
| 199|0x000000009d300000, 0x000000009d300000, 0x000000009d400000|  0%| F|  |TAMS 0x000000009d300000| PB 0x000000009d300000| Untracked |  0
| 200|0x000000009d400000, 0x000000009d400000, 0x000000009d500000|  0%| F|  |TAMS 0x000000009d400000| PB 0x000000009d400000| Untracked |  0
| 201|0x000000009d500000, 0x000000009d500000, 0x000000009d600000|  0%| F|  |TAMS 0x000000009d500000| PB 0x000000009d500000| Untracked |  0
| 202|0x000000009d600000, 0x000000009d600000, 0x000000009d700000|  0%| F|  |TAMS 0x000000009d600000| PB 0x000000009d600000| Untracked |  0
| 203|0x000000009d700000, 0x000000009d700000, 0x000000009d800000|  0%| F|  |TAMS 0x000000009d700000| PB 0x000000009d700000| Untracked |  0
| 204|0x000000009d800000, 0x000000009d800000, 0x000000009d900000|  0%| F|  |TAMS 0x000000009d800000| PB 0x000000009d800000| Untracked |  0
| 205|0x000000009d900000, 0x000000009d900000, 0x000000009da00000|  0%| F|  |TAMS 0x000000009d900000| PB 0x000000009d900000| Untracked |  0
| 206|0x000000009da00000, 0x000000009da00000, 0x000000009db00000|  0%| F|  |TAMS 0x000000009da00000| PB 0x000000009da00000| Untracked |  0
| 207|0x000000009db00000, 0x000000009dbfd778, 0x000000009dc00000| 99%| E|  |TAMS 0x000000009db00000| PB 0x000000009db00000| Complete |  0
| 208|0x000000009dc00000, 0x000000009dd00000, 0x000000009dd00000|100%| E|CS|TAMS 0x000000009dc00000| PB 0x000000009dc00000| Complete |  0
| 209|0x000000009dd00000, 0x000000009de00000, 0x000000009de00000|100%| E|CS|TAMS 0x000000009dd00000| PB 0x000000009dd00000| Complete |  0
| 210|0x000000009de00000, 0x000000009df00000, 0x000000009df00000|100%| E|CS|TAMS 0x000000009de00000| PB 0x000000009de00000| Complete |  0
| 211|0x000000009df00000, 0x000000009e000000, 0x000000009e000000|100%|HS|  |TAMS 0x000000009df00000| PB 0x000000009df00000| Complete |  0
| 212|0x000000009e000000, 0x000000009e100000, 0x000000009e100000|100%|HC|  |TAMS 0x000000009e000000| PB 0x000000009e000000| Complete |  0
| 213|0x000000009e100000, 0x000000009e200000, 0x000000009e200000|100%|HC|  |TAMS 0x000000009e100000| PB 0x000000009e100000| Complete |  0
| 214|0x000000009e200000, 0x000000009e300000, 0x000000009e300000|100%|HC|  |TAMS 0x000000009e200000| PB 0x000000009e200000| Complete |  0
| 215|0x000000009e300000, 0x000000009e400000, 0x000000009e400000|100%| E|CS|TAMS 0x000000009e300000| PB 0x000000009e300000| Complete |  0
| 216|0x000000009e400000, 0x000000009e500000, 0x000000009e500000|100%| E|CS|TAMS 0x000000009e400000| PB 0x000000009e400000| Complete |  0
| 217|0x000000009e500000, 0x000000009e600000, 0x000000009e600000|100%| E|CS|TAMS 0x000000009e500000| PB 0x000000009e500000| Complete |  0
| 218|0x000000009e600000, 0x000000009e700000, 0x000000009e700000|100%| E|CS|TAMS 0x000000009e600000| PB 0x000000009e600000| Complete |  0
| 219|0x000000009e700000, 0x000000009e800000, 0x000000009e800000|100%| E|CS|TAMS 0x000000009e700000| PB 0x000000009e700000| Complete |  0
| 220|0x000000009e800000, 0x000000009e900000, 0x000000009e900000|100%| E|CS|TAMS 0x000000009e800000| PB 0x000000009e800000| Complete |  0
| 221|0x000000009e900000, 0x000000009ea00000, 0x000000009ea00000|100%| E|CS|TAMS 0x000000009e900000| PB 0x000000009e900000| Complete |  0
| 222|0x000000009ea00000, 0x000000009eb00000, 0x000000009eb00000|100%| E|CS|TAMS 0x000000009ea00000| PB 0x000000009ea00000| Complete |  0
| 223|0x000000009eb00000, 0x000000009ec00000, 0x000000009ec00000|100%| E|CS|TAMS 0x000000009eb00000| PB 0x000000009eb00000| Complete |  0
| 224|0x000000009ec00000, 0x000000009ed00000, 0x000000009ed00000|100%| E|CS|TAMS 0x000000009ec00000| PB 0x000000009ec00000| Complete |  0
| 225|0x000000009ed00000, 0x000000009ee00000, 0x000000009ee00000|100%| E|CS|TAMS 0x000000009ed00000| PB 0x000000009ed00000| Complete |  0
| 226|0x000000009ee00000, 0x000000009ef00000, 0x000000009ef00000|100%| E|CS|TAMS 0x000000009ee00000| PB 0x000000009ee00000| Complete |  0
| 227|0x000000009ef00000, 0x000000009f000000, 0x000000009f000000|100%| E|CS|TAMS 0x000000009ef00000| PB 0x000000009ef00000| Complete |  0
| 228|0x000000009f000000, 0x000000009f100000, 0x000000009f100000|100%| E|CS|TAMS 0x000000009f000000| PB 0x000000009f000000| Complete |  0
| 229|0x000000009f100000, 0x000000009f200000, 0x000000009f200000|100%| E|CS|TAMS 0x000000009f100000| PB 0x000000009f100000| Complete |  0
| 230|0x000000009f200000, 0x000000009f300000, 0x000000009f300000|100%| E|CS|TAMS 0x000000009f200000| PB 0x000000009f200000| Complete |  0
| 231|0x000000009f300000, 0x000000009f400000, 0x000000009f400000|100%| E|CS|TAMS 0x000000009f300000| PB 0x000000009f300000| Complete |  0
| 232|0x000000009f400000, 0x000000009f500000, 0x000000009f500000|100%| E|CS|TAMS 0x000000009f400000| PB 0x000000009f400000| Complete |  0
| 233|0x000000009f500000, 0x000000009f600000, 0x000000009f600000|100%| E|CS|TAMS 0x000000009f500000| PB 0x000000009f500000| Complete |  0
| 234|0x000000009f600000, 0x000000009f700000, 0x000000009f700000|100%| E|CS|TAMS 0x000000009f600000| PB 0x000000009f600000| Complete |  0
|1770|0x00000000ff600000, 0x00000000ff700000, 0x00000000ff700000|100%| O|  |TAMS 0x00000000ff600000| PB 0x00000000ff600000| Untracked |  0
|1771|0x00000000ff700000, 0x00000000ff800000, 0x00000000ff800000|100%| O|  |TAMS 0x00000000ff700000| PB 0x00000000ff700000| Untracked |  0
|1772|0x00000000ff800000, 0x00000000ff900000, 0x00000000ff900000|100%| E|CS|TAMS 0x00000000ff800000| PB 0x00000000ff800000| Complete |  0
|1773|0x00000000ff900000, 0x00000000ffa00000, 0x00000000ffa00000|100%| O|  |TAMS 0x00000000ff900000| PB 0x00000000ff900000| Untracked |  0
|1774|0x00000000ffa00000, 0x00000000ffb00000, 0x00000000ffb00000|100%| O|  |TAMS 0x00000000ffa00000| PB 0x00000000ffa00000| Untracked |  0
|1775|0x00000000ffb00000, 0x00000000ffc00000, 0x00000000ffc00000|100%| O|  |TAMS 0x00000000ffb00000| PB 0x00000000ffb00000| Untracked |  0
|1776|0x00000000ffc00000, 0x00000000ffd00000, 0x00000000ffd00000|100%| O|  |TAMS 0x00000000ffc00000| PB 0x00000000ffc00000| Untracked |  0
|1777|0x00000000ffd00000, 0x00000000ffe00000, 0x00000000ffe00000|100%| O|  |TAMS 0x00000000ffd00000| PB 0x00000000ffd00000| Untracked |  0
|1778|0x00000000ffe00000, 0x00000000fff00000, 0x00000000fff00000|100%| O|  |TAMS 0x00000000ffe00000| PB 0x00000000ffe00000| Untracked |  0
|1779|0x00000000fff00000, 0x0000000100000000, 0x0000000100000000|100%| E|CS|TAMS 0x00000000fff00000| PB 0x00000000fff00000| Complete |  0

Card table byte_map: [0x00000222300c0000,0x0000022230440000] _byte_map_base: 0x000002222fc3a000

Marking Bits: (CMBitMap*) 0x00000222186491d0
 Bits: [0x0000022230440000, 0x0000022232010000)

Polling page: 0x00000222165f0000

Metaspace:

Usage:
  Non-class:     23.39 MB used.
      Class:      3.82 MB used.
       Both:     27.21 MB used.

Virtual space:
  Non-class space:       64.00 MB reserved,      23.62 MB ( 37%) committed,  1 nodes.
      Class space:        1.00 GB reserved,       4.00 MB ( <1%) committed,  1 nodes.
             Both:        1.06 GB reserved,      27.62 MB (  3%) committed. 

Chunk freelists:
   Non-Class:  8.20 MB
       Class:  11.85 MB
        Both:  20.05 MB

MaxMetaspaceSize: unlimited
CompressedClassSpaceSize: 1.00 GB
Initial GC threshold: 21.00 MB
Current GC threshold: 44.69 MB
CDS: on
 - commit_granule_bytes: 65536.
 - commit_granule_words: 8192.
 - virtual_space_node_default_size: 8388608.
 - enlarge_chunks_in_place: 1.
 - use_allocation_guard: 0.


Internal statistics:

num_allocs_failed_limit: 3.
num_arena_births: 550.
num_arena_deaths: 0.
num_vsnodes_births: 2.
num_vsnodes_deaths: 0.
num_space_committed: 442.
num_space_uncommitted: 0.
num_chunks_returned_to_freelist: 3.
num_chunks_taken_from_freelist: 1503.
num_chunk_merges: 3.
num_chunk_splits: 989.
num_chunks_enlarged: 689.
num_inconsistent_stats: 0.

CodeHeap 'non-profiled nmethods': size=120128Kb used=4597Kb max_used=4597Kb free=115531Kb
 bounds [0x00000222287f0000, 0x0000022228c70000, 0x000002222fd40000]
CodeHeap 'profiled nmethods': size=120000Kb used=11602Kb max_used=11602Kb free=108397Kb
 bounds [0x0000022220d40000, 0x00000222218a0000, 0x0000022228270000]
CodeHeap 'non-nmethods': size=5632Kb used=1889Kb max_used=1945Kb free=3742Kb
 bounds [0x0000022228270000, 0x00000222284e0000, 0x00000222287f0000]
CodeCache: size=245760Kb, used=18088Kb, max_used=18144Kb, free=227670Kb
 total_blobs=8541, nmethods=7629, adapters=816, full_count=0
Compilation: enabled, stopped_count=0, restarted_count=0

Compilation events (20 events):
Event: 184.195 Thread 0x00000222341e6df0 nmethod 9344 0x000002222188dd88 code [0x000002222188dee0, 0x000002222188e3b0]
Event: 184.195 Thread 0x00000222341e6df0 9345       3       javafx.scene.effect.DropShadow::getBlurType (24 bytes)
Event: 184.196 Thread 0x00000222341e6df0 nmethod 9345 0x000002222188e408 code [0x000002222188e560, 0x000002222188e9b0]
Event: 184.287 Thread 0x00000222341e6df0 9346       3       com.sun.marlin.MaskMarlinAlphaConsumer::setAndClearRelativeAlphas (641 bytes)
Event: 184.292 Thread 0x00000222341e6df0 nmethod 9346 0x000002222188ea08 code [0x000002222188ece0, 0x00000222218905e8]
Event: 184.309 Thread 0x0000022234184db0 nmethod 9328 0x0000022228c64988 code [0x0000022228c64c80, 0x0000022228c67148]
Event: 184.310 Thread 0x0000022234184db0 9340   !   4       com.sun.javafx.text.PrismTextLayout::layout (1659 bytes)
Event: 184.374 Thread 0x00000222341e6df0 9347       3       com.google.gson.internal.$Gson$Types::equals (283 bytes)
Event: 184.376 Thread 0x00000222341e6df0 nmethod 9347 0x0000022221890688 code [0x0000022221890a40, 0x0000022221892fe0]
Event: 184.737 Thread 0x0000022234184db0 nmethod 9340 0x0000022228c67288 code [0x0000022228c67880, 0x0000022228c6cd98]
Event: 184.738 Thread 0x0000022234184db0 9334       4       javafx.scene.Node::layoutYProperty (25 bytes)
Event: 184.744 Thread 0x0000022234184db0 nmethod 9334 0x0000022228c6d088 code [0x0000022228c6d1a0, 0x0000022228c6d378]
Event: 191.756 Thread 0x00000222341e6df0 9348       3       javafx.scene.control.TextInputControl::getTextFormatter (11 bytes)
Event: 191.757 Thread 0x00000222341e6df0 nmethod 9348 0x0000022221893088 code [0x00000222218931c0, 0x00000222218935a0]
Event: 191.758 Thread 0x00000222341e6df0 9349       3       com.sun.scenario.animation.shared.ClipEnvelope::setCurrentRate (17 bytes)
Event: 191.758 Thread 0x00000222341e6df0 nmethod 9349 0x0000022221893608 code [0x0000022221893740, 0x00000222218939c0]
Event: 191.758 Thread 0x00000222341e6df0 9350       3       javafx.animation.AnimationAccessorImpl::setCurrentRate (6 bytes)
Event: 191.759 Thread 0x00000222341e6df0 nmethod 9350 0x0000022221893a08 code [0x0000022221893b20, 0x0000022221893cf8]
Event: 195.663 Thread 0x00000222341e6df0 9351       3       java.lang.invoke.MemberName::equals (69 bytes)
Event: 195.667 Thread 0x00000222341e6df0 nmethod 9351 0x0000022221893d88 code [0x0000022221893f80, 0x0000022221894a48]

GC Heap History (20 events):
Event: 78.271 GC heap before
{Heap before GC invocations=52 (full 0):
 garbage-first heap   total reserved 1822720K, committed 250880K, used 114133K [0x0000000090c00000, 0x0000000100000000)
  region size 1024K, 5 young (5120K), 3 survivors (3072K)
 Metaspace       used 26555K, committed 27008K, reserved 1114112K
  class space    used 3726K, committed 3904K, reserved 1048576K
}
Event: 78.281 GC heap after
{Heap after GC invocations=53 (full 0):
 garbage-first heap   total reserved 1822720K, committed 250880K, used 110820K [0x0000000090c00000, 0x0000000100000000)
  region size 1024K, 3 young (3072K), 3 survivors (3072K)
 Metaspace       used 26555K, committed 27008K, reserved 1114112K
  class space    used 3726K, committed 3904K, reserved 1048576K
}
Event: 78.966 GC heap before
{Heap before GC invocations=54 (full 0):
 garbage-first heap   total reserved 1822720K, committed 250880K, used 115940K [0x0000000090c00000, 0x0000000100000000)
  region size 1024K, 7 young (7168K), 3 survivors (3072K)
 Metaspace       used 26567K, committed 27008K, reserved 1114112K
  class space    used 3726K, committed 3904K, reserved 1048576K
}
Event: 78.975 GC heap after
{Heap after GC invocations=55 (full 0):
 garbage-first heap   total reserved 1822720K, committed 250880K, used 105871K [0x0000000090c00000, 0x0000000100000000)
  region size 1024K, 3 young (3072K), 3 survivors (3072K)
 Metaspace       used 26567K, committed 27008K, reserved 1114112K
  class space    used 3726K, committed 3904K, reserved 1048576K
}
Event: 79.104 GC heap before
{Heap before GC invocations=56 (full 0):
 garbage-first heap   total reserved 1822720K, committed 250880K, used 114063K [0x0000000090c00000, 0x0000000100000000)
  region size 1024K, 6 young (6144K), 3 survivors (3072K)
 Metaspace       used 26574K, committed 27008K, reserved 1114112K
  class space    used 3726K, committed 3904K, reserved 1048576K
}
Event: 79.115 GC heap after
{Heap after GC invocations=57 (full 0):
 garbage-first heap   total reserved 1822720K, committed 250880K, used 110040K [0x0000000090c00000, 0x0000000100000000)
  region size 1024K, 3 young (3072K), 3 survivors (3072K)
 Metaspace       used 26574K, committed 27008K, reserved 1114112K
  class space    used 3726K, committed 3904K, reserved 1048576K
}
Event: 79.246 GC heap before
{Heap before GC invocations=58 (full 0):
 garbage-first heap   total reserved 1822720K, committed 250880K, used 120280K [0x0000000090c00000, 0x0000000100000000)
  region size 1024K, 7 young (7168K), 3 survivors (3072K)
 Metaspace       used 26581K, committed 27008K, reserved 1114112K
  class space    used 3726K, committed 3904K, reserved 1048576K
}
Event: 79.254 GC heap after
{Heap after GC invocations=59 (full 0):
 garbage-first heap   total reserved 1822720K, committed 250880K, used 112292K [0x0000000090c00000, 0x0000000100000000)
  region size 1024K, 3 young (3072K), 3 survivors (3072K)
 Metaspace       used 26581K, committed 27008K, reserved 1114112K
  class space    used 3726K, committed 3904K, reserved 1048576K
}
Event: 90.184 GC heap before
{Heap before GC invocations=60 (full 0):
 garbage-first heap   total reserved 1822720K, committed 250880K, used 158372K [0x0000000090c00000, 0x0000000100000000)
  region size 1024K, 47 young (48128K), 3 survivors (3072K)
 Metaspace       used 26857K, committed 27264K, reserved 1114112K
  class space    used 3771K, committed 3968K, reserved 1048576K
}
Event: 90.201 GC heap after
{Heap after GC invocations=61 (full 0):
 garbage-first heap   total reserved 1822720K, committed 250880K, used 107635K [0x0000000090c00000, 0x0000000100000000)
  region size 1024K, 4 young (4096K), 4 survivors (4096K)
 Metaspace       used 26857K, committed 27264K, reserved 1114112K
  class space    used 3771K, committed 3968K, reserved 1048576K
}
Event: 90.447 GC heap before
{Heap before GC invocations=62 (full 0):
 garbage-first heap   total reserved 1822720K, committed 250880K, used 115827K [0x0000000090c00000, 0x0000000100000000)
  region size 1024K, 6 young (6144K), 4 survivors (4096K)
 Metaspace       used 26906K, committed 27328K, reserved 1114112K
  class space    used 3783K, committed 3968K, reserved 1048576K
}
Event: 90.459 GC heap after
{Heap after GC invocations=63 (full 0):
 garbage-first heap   total reserved 1822720K, committed 250880K, used 114717K [0x0000000090c00000, 0x0000000100000000)
  region size 1024K, 4 young (4096K), 4 survivors (4096K)
 Metaspace       used 26906K, committed 27328K, reserved 1114112K
  class space    used 3783K, committed 3968K, reserved 1048576K
}
Event: 111.788 GC heap before
{Heap before GC invocations=64 (full 0):
 garbage-first heap   total reserved 1822720K, committed 250880K, used 202781K [0x0000000090c00000, 0x0000000100000000)
  region size 1024K, 83 young (84992K), 4 survivors (4096K)
 Metaspace       used 26963K, committed 27392K, reserved 1114112K
  class space    used 3783K, committed 3968K, reserved 1048576K
}
Event: 111.812 GC heap after
{Heap after GC invocations=65 (full 0):
 garbage-first heap   total reserved 1822720K, committed 250880K, used 108497K [0x0000000090c00000, 0x0000000100000000)
  region size 1024K, 4 young (4096K), 4 survivors (4096K)
 Metaspace       used 26963K, committed 27392K, reserved 1114112K
  class space    used 3783K, committed 3968K, reserved 1048576K
}
Event: 128.864 GC heap before
{Heap before GC invocations=65 (full 0):
 garbage-first heap   total reserved 1822720K, committed 250880K, used 174033K [0x0000000090c00000, 0x0000000100000000)
  region size 1024K, 69 young (70656K), 4 survivors (4096K)
 Metaspace       used 26992K, committed 27456K, reserved 1114112K
  class space    used 3783K, committed 3968K, reserved 1048576K
}
Event: 128.874 GC heap after
{Heap after GC invocations=66 (full 0):
 garbage-first heap   total reserved 1822720K, committed 250880K, used 104639K [0x0000000090c00000, 0x0000000100000000)
  region size 1024K, 2 young (2048K), 2 survivors (2048K)
 Metaspace       used 26992K, committed 27456K, reserved 1114112K
  class space    used 3783K, committed 3968K, reserved 1048576K
}
Event: 152.839 GC heap before
{Heap before GC invocations=67 (full 0):
 garbage-first heap   total reserved 1822720K, committed 250880K, used 239807K [0x0000000090c00000, 0x0000000100000000)
  region size 1024K, 97 young (99328K), 2 survivors (2048K)
 Metaspace       used 27644K, committed 28096K, reserved 1114112K
  class space    used 3886K, committed 4096K, reserved 1048576K
}
Event: 152.856 GC heap after
{Heap after GC invocations=68 (full 0):
 garbage-first heap   total reserved 1822720K, committed 250880K, used 107670K [0x0000000090c00000, 0x0000000100000000)
  region size 1024K, 4 young (4096K), 4 survivors (4096K)
 Metaspace       used 27644K, committed 28096K, reserved 1114112K
  class space    used 3886K, committed 4096K, reserved 1048576K
}
Event: 178.257 GC heap before
{Heap before GC invocations=68 (full 0):
 garbage-first heap   total reserved 1822720K, committed 250880K, used 217238K [0x0000000090c00000, 0x0000000100000000)
  region size 1024K, 97 young (99328K), 4 survivors (4096K)
 Metaspace       used 27771K, committed 28224K, reserved 1114112K
  class space    used 3895K, committed 4096K, reserved 1048576K
}
Event: 178.284 GC heap after
{Heap after GC invocations=69 (full 0):
 garbage-first heap   total reserved 1822720K, committed 250880K, used 106580K [0x0000000090c00000, 0x0000000100000000)
  region size 1024K, 4 young (4096K), 4 survivors (4096K)
 Metaspace       used 27771K, committed 28224K, reserved 1114112K
  class space    used 3895K, committed 4096K, reserved 1048576K
}

Dll operation events (20 events):
Event: 1.467 Loaded shared library C:\javafx-sdk-24.0.1\bin\api-ms-win-crt-multibyte-l1-1-0.dll
Event: 1.470 Loaded shared library C:\javafx-sdk-24.0.1\bin\api-ms-win-crt-private-l1-1-0.dll
Event: 1.473 Loaded shared library C:\javafx-sdk-24.0.1\bin\api-ms-win-crt-process-l1-1-0.dll
Event: 1.477 Loaded shared library C:\javafx-sdk-24.0.1\bin\api-ms-win-crt-runtime-l1-1-0.dll
Event: 1.481 Loaded shared library C:\javafx-sdk-24.0.1\bin\api-ms-win-crt-stdio-l1-1-0.dll
Event: 1.485 Loaded shared library C:\javafx-sdk-24.0.1\bin\api-ms-win-crt-string-l1-1-0.dll
Event: 1.489 Loaded shared library C:\javafx-sdk-24.0.1\bin\api-ms-win-crt-time-l1-1-0.dll
Event: 1.492 Loaded shared library C:\javafx-sdk-24.0.1\bin\api-ms-win-crt-utility-l1-1-0.dll
Event: 1.495 Loaded shared library C:\javafx-sdk-24.0.1\bin\ucrtbase.dll
Event: 1.500 Loaded shared library C:\javafx-sdk-24.0.1\bin\vcruntime140.dll
Event: 1.502 Loaded shared library C:\javafx-sdk-24.0.1\bin\vcruntime140_1.dll
Event: 1.506 Loaded shared library C:\javafx-sdk-24.0.1\bin\msvcp140.dll
Event: 1.512 Loaded shared library C:\javafx-sdk-24.0.1\bin\msvcp140_1.dll
Event: 1.515 Loaded shared library C:\javafx-sdk-24.0.1\bin\msvcp140_2.dll
Event: 1.619 Loaded shared library C:\javafx-sdk-24.0.1\bin\prism_d3d.dll
Event: 1.706 Loaded shared library C:\javafx-sdk-24.0.1\bin\glass.dll
Event: 2.230 Loaded shared library C:\Program Files\Java\jdk-23\bin\jimage.dll
Event: 4.374 Loaded shared library C:\javafx-sdk-24.0.1\bin\javafx_font.dll
Event: 5.121 Loaded shared library C:\Program Files\Java\jdk-23\bin\prefs.dll
Event: 39.553 Loaded shared library C:\javafx-sdk-24.0.1\bin\javafx_iio.dll

Deoptimization events (20 events):
Event: 184.277 Thread 0x0000022234a31c10 DEOPT PACKING pc=0x0000022228995630 sp=0x0000005da59fe3c0
Event: 184.277 Thread 0x0000022234a31c10 DEOPT UNPACKING pc=0x00000222282c4402 sp=0x0000005da59fe2f8 mode 2
Event: 184.292 Thread 0x0000022234a31c10 DEOPT PACKING pc=0x000002222189050e sp=0x0000005da59fe360
Event: 184.292 Thread 0x0000022234a31c10 DEOPT UNPACKING pc=0x00000222282c4b22 sp=0x0000005da59fd7c8 mode 0
Event: 184.295 Thread 0x0000022234a31c10 DEOPT PACKING pc=0x000002222189050e sp=0x0000005da59fe360
Event: 184.295 Thread 0x0000022234a31c10 DEOPT UNPACKING pc=0x00000222282c4b22 sp=0x0000005da59fd7c8 mode 0
Event: 184.295 Thread 0x0000022234a31c10 DEOPT PACKING pc=0x000002222189050e sp=0x0000005da59fe360
Event: 184.295 Thread 0x0000022234a31c10 DEOPT UNPACKING pc=0x00000222282c4b22 sp=0x0000005da59fd7c8 mode 0
Event: 195.671 Thread 0x0000022234722ae0 Uncommon trap: trap_request=0xffffff45 fr.pc=0x0000022228a23584 relative=0x0000000000001704
Event: 195.671 Thread 0x0000022234722ae0 Uncommon trap: reason=unstable_if action=reinterpret pc=0x0000022228a23584 method=java.util.concurrent.locks.AbstractQueuedSynchronizer.acquire(Ljava/util/concurrent/locks/AbstractQueuedSynchronizer$Node;IZZZJ)I @ 357 c2
Event: 195.671 Thread 0x0000022234722ae0 DEOPT PACKING pc=0x0000022228a23584 sp=0x0000005da5efeec0
Event: 195.671 Thread 0x0000022234722ae0 DEOPT UNPACKING pc=0x00000222282c4402 sp=0x0000005da5efeea8 mode 2
Event: 195.677 Thread 0x0000022234a31c10 Uncommon trap: trap_request=0xffffff45 fr.pc=0x0000022228b49258 relative=0x0000000000000558
Event: 195.677 Thread 0x0000022234a31c10 Uncommon trap: reason=unstable_if action=reinterpret pc=0x0000022228b49258 method=java.util.concurrent.locks.AbstractQueuedSynchronizer$ConditionNode.isReleasable()Z @ 14 c2
Event: 195.677 Thread 0x0000022234a31c10 DEOPT PACKING pc=0x0000022228b49258 sp=0x0000005da59ff2b0
Event: 195.678 Thread 0x0000022234a31c10 DEOPT UNPACKING pc=0x00000222282c4402 sp=0x0000005da59ff0c8 mode 2
Event: 195.678 Thread 0x0000022234a31c10 Uncommon trap: trap_request=0xffffff45 fr.pc=0x0000022228ace158 relative=0x0000000000000058
Event: 195.678 Thread 0x0000022234a31c10 Uncommon trap: reason=unstable_if action=reinterpret pc=0x0000022228ace158 method=java.lang.Thread.getAndClearInterrupt()Z @ 6 c2
Event: 195.678 Thread 0x0000022234a31c10 DEOPT PACKING pc=0x0000022228ace158 sp=0x0000005da59ff250
Event: 195.678 Thread 0x0000022234a31c10 DEOPT UNPACKING pc=0x00000222282c4402 sp=0x0000005da59ff188 mode 2

Classes loaded (20 events):
Event: 39.413 Loading class sun/net/www/MimeTable$DefaultInstanceHolder$1
Event: 39.413 Loading class sun/net/www/MimeTable$DefaultInstanceHolder$1 done
Event: 39.415 Loading class sun/net/www/MimeEntry
Event: 39.415 Loading class sun/net/www/MimeEntry done
Event: 39.496 Loading class sun/text/resources/cldr/FormatData_en
Event: 39.497 Loading class sun/text/resources/cldr/FormatData_en done
Event: 39.498 Loading class sun/text/resources/cldr/FormatData_en_US
Event: 39.498 Loading class sun/text/resources/cldr/FormatData_en_US done
Event: 39.546 Loading class java/io/InterruptedIOException
Event: 39.546 Loading class java/io/InterruptedIOException done
Event: 49.803 Loading class java/lang/foreign/MemorySegment
Event: 49.804 Loading class java/lang/foreign/MemorySegment done
Event: 59.541 Loading class java/lang/FdLibm$Cbrt
Event: 59.541 Loading class java/lang/FdLibm$Cbrt done
Event: 148.625 Loading class java/lang/FdLibm$Atan2
Event: 148.626 Loading class java/lang/FdLibm$Atan2 done
Event: 184.372 Loading class sun/reflect/generics/repository/FieldRepository
Event: 184.373 Loading class sun/reflect/generics/repository/FieldRepository done
Event: 195.657 Loading class jdk/internal/misc/Signal$1
Event: 195.657 Loading class jdk/internal/misc/Signal$1 done

Classes unloaded (0 events):
No events

Classes redefined (0 events):
No events

Internal exceptions (20 events):
Event: 104.493 Thread 0x000002227a13a8b0 Exception <a 'java/io/FileNotFoundException'{0x000000009b739a20}> (0x000000009b739a20) 
thrown [s\open\src\hotspot\share\prims\jni.cpp, line 520]
Event: 107.886 Thread 0x000002227a13a8b0 Implicit null exception at 0x0000022228a6a64d to 0x0000022228a6c4e8
Event: 110.600 Thread 0x000002227a13a8b0 Implicit null exception at 0x000002222897e38c to 0x000002222897e9e8
Event: 110.600 Thread 0x000002227a13a8b0 Implicit null exception at 0x0000022228a5014f to 0x0000022228a50cd8
Event: 110.601 Thread 0x000002227a13a8b0 Implicit null exception at 0x000002222886b835 to 0x000002222886c6fc
Event: 111.646 Thread 0x000002227a13a8b0 Implicit null exception at 0x0000022228a091cf to 0x0000022228a0a0a0
Event: 115.869 Thread 0x000002227a13a8b0 Exception <a 'java/io/FileNotFoundException'{0x000000009e98bf68}> (0x000000009e98bf68) 
thrown [s\open\src\hotspot\share\prims\jni.cpp, line 520]
Event: 129.128 Thread 0x000002227a13a8b0 Exception <a 'java/io/FileNotFoundException'{0x00000000ff870148}> (0x00000000ff870148) 
thrown [s\open\src\hotspot\share\prims\jni.cpp, line 520]
Event: 144.909 Thread 0x000002227a13a8b0 Exception <a 'java/io/FileNotFoundException'{0x000000009b67fdf0}> (0x000000009b67fdf0) 
thrown [s\open\src\hotspot\share\prims\jni.cpp, line 520]
Event: 148.405 Thread 0x000002227a13a8b0 Implicit null exception at 0x0000022228b6a399 to 0x0000022228b6cefc
Event: 148.408 Thread 0x000002227a13a8b0 Exception <a 'java/io/FileNotFoundException'{0x000000009a4bddc8}> (0x000000009a4bddc8) 
thrown [s\open\src\hotspot\share\prims\jni.cpp, line 520]
Event: 153.654 Thread 0x000002227a13a8b0 Exception <a 'java/io/FileNotFoundException'{0x000000009f5a6338}> (0x000000009f5a6338) 
thrown [s\open\src\hotspot\share\prims\jni.cpp, line 520]
Event: 162.363 Thread 0x000002227a13a8b0 Exception <a 'java/io/FileNotFoundException'{0x000000009cabd9c8}> (0x000000009cabd9c8) 
thrown [s\open\src\hotspot\share\prims\jni.cpp, line 520]
Event: 164.824 Thread 0x000002227a5d6230 Implicit null exception at 0x00000222289eb846 to 0x00000222289ec5a0
Event: 172.378 Thread 0x000002227a13a8b0 Exception <a 'java/io/FileNotFoundException'{0x000000009a8f37b8}> (0x000000009a8f37b8) 
thrown [s\open\src\hotspot\share\prims\jni.cpp, line 520]
Event: 174.080 Thread 0x000002227a13a8b0 Exception <a 'java/io/FileNotFoundException'{0x0000000099b23c30}> (0x0000000099b23c30) 
thrown [s\open\src\hotspot\share\prims\jni.cpp, line 520]
Event: 180.988 Thread 0x000002227a13a8b0 Implicit null exception at 0x0000022228a6a64d to 0x0000022228a6c4e8
Event: 183.982 Thread 0x000002227a13a8b0 Exception <a 'java/io/FileNotFoundException'{0x000000009e371970}> (0x000000009e371970) 
thrown [s\open\src\hotspot\share\prims\jni.cpp, line 520]
Event: 183.984 Thread 0x000002227a13a8b0 Exception <a 'java/io/FileNotFoundException'{0x000000009e3734f8}> (0x000000009e3734f8) 
thrown [s\open\src\hotspot\share\prims\jni.cpp, line 520]
Event: 184.036 Thread 0x000002227a13a8b0 Exception <a 'java/io/FileNotFoundException'{0x000000009de4e820}> (0x000000009de4e820) 
thrown [s\open\src\hotspot\share\prims\jni.cpp, line 520]

VM Operations (20 events):
Event: 148.486 Executing VM operation: HandshakeAllThreads (Deoptimize) done
Event: 148.506 Executing VM operation: HandshakeAllThreads (Deoptimize)
Event: 148.506 Executing VM operation: HandshakeAllThreads (Deoptimize) done
Event: 148.564 Executing VM operation: HandshakeAllThreads (Deoptimize)
Event: 148.564 Executing VM operation: HandshakeAllThreads (Deoptimize) done
Event: 148.613 Executing VM operation: HandshakeAllThreads (Deoptimize)
Event: 148.613 Executing VM operation: HandshakeAllThreads (Deoptimize) done
Event: 149.770 Executing VM operation: HandshakeAllThreads (Deoptimize)
Event: 149.770 Executing VM operation: HandshakeAllThreads (Deoptimize) done
Event: 152.839 Executing VM operation: G1CollectForAllocation (G1 Evacuation Pause)
Event: 152.856 Executing VM operation: G1CollectForAllocation (G1 Evacuation Pause) done
Event: 162.379 Executing VM operation: HandshakeAllThreads (Deoptimize)
Event: 162.379 Executing VM operation: HandshakeAllThreads (Deoptimize) done
Event: 178.257 Executing VM operation: G1CollectForAllocation (G1 Evacuation Pause)
Event: 178.284 Executing VM operation: G1CollectForAllocation (G1 Evacuation Pause) done
Event: 180.636 Executing VM operation: HandshakeAllThreads (HandshakeForDeflation)
Event: 180.636 Executing VM operation: HandshakeAllThreads (HandshakeForDeflation) done
Event: 180.636 Executing VM operation: RendezvousGCThreads
Event: 180.636 Executing VM operation: RendezvousGCThreads done
Event: 195.678 Executing VM operation: Exit

Memory protections (0 events):
No events

Nmethod flushes (20 events):
Event: 90.623 Thread 0x000002223416b160 flushing  nmethod 0x0000022221549688
Event: 90.623 Thread 0x000002223416b160 flushing  nmethod 0x000002222154a708
Event: 90.623 Thread 0x000002223416b160 flushing  nmethod 0x000002222154b008
Event: 90.623 Thread 0x000002223416b160 flushing  nmethod 0x0000022221572708
Event: 90.623 Thread 0x000002223416b160 flushing  nmethod 0x0000022221574308
Event: 90.623 Thread 0x000002223416b160 flushing  nmethod 0x0000022221575188
Event: 90.623 Thread 0x000002223416b160 flushing  nmethod 0x0000022221579188
Event: 90.623 Thread 0x000002223416b160 flushing  nmethod 0x00000222215a9188
Event: 90.623 Thread 0x000002223416b160 flushing  nmethod 0x0000022221636e88
Event: 90.623 Thread 0x000002223416b160 flushing  nmethod 0x00000222216dee88
Event: 90.623 Thread 0x000002223416b160 flushing  nmethod 0x00000222216f0888
Event: 90.623 Thread 0x000002223416b160 flushing  nmethod 0x00000222216ffb88
Event: 90.623 Thread 0x000002223416b160 flushing  nmethod 0x0000022221717b08
Event: 90.623 Thread 0x000002223416b160 flushing  nmethod 0x000002222174e308
Event: 128.998 Thread 0x000002223416b160 flushing  nmethod 0x0000022228af1788
Event: 128.998 Thread 0x000002223416b160 flushing  nmethod 0x0000022221683708
Event: 128.998 Thread 0x000002223416b160 flushing  nmethod 0x0000022221685008
Event: 128.998 Thread 0x000002223416b160 flushing  nmethod 0x00000222289b9808
Event: 128.998 Thread 0x000002223416b160 flushing  nmethod 0x0000022221302408
Event: 128.998 Thread 0x000002223416b160 flushing  nmethod 0x00000222216b8008

Events (20 events):
Event: 128.437 Thread 0x0000022234722ae0 Thread exited: 0x0000022234722ae0
Event: 129.126 Thread 0x000002227a13a8b0 Thread added: 0x0000022234722ae0
Event: 129.133 Thread 0x0000022234722ae0 Thread exited: 0x0000022234722ae0
Event: 139.197 Thread 0x000002223471fcf0 Thread exited: 0x000002223471fcf0
Event: 144.816 Thread 0x000002227a13a8b0 Thread added: 0x000002223471e2b0
Event: 144.919 Thread 0x000002223471e2b0 Thread exited: 0x000002223471e2b0
Event: 145.213 Thread 0x000002227a13a8b0 Thread added: 0x000002223471c1e0
Event: 168.354 Thread 0x000002227a13a8b0 Thread added: 0x00000222347210a0
Event: 168.456 Thread 0x00000222347210a0 Thread exited: 0x00000222347210a0
Event: 172.376 Thread 0x000002227a13a8b0 Thread added: 0x000002223471f660
Event: 172.640 Thread 0x000002223471f660 Thread exited: 0x000002223471f660
Event: 184.012 Thread 0x000002227a13a8b0 Thread added: 0x000002223471d590
Event: 184.378 Thread 0x000002223471d590 Thread exited: 0x000002223471d590
Event: 195.657 Thread 0x0000022234182100 Thread added: 0x0000022234721730
Event: 195.659 Thread 0x0000022234721730 Thread added: 0x0000022234722ae0
Event: 195.659 Thread 0x0000022234721730 Thread added: 0x00000222347210a0
Event: 195.663 Thread 0x00000222347210a0 Thread exited: 0x00000222347210a0
Event: 195.669 Thread 0x0000022234722ae0 Thread added: 0x000002223471e940
Event: 195.678 Thread 0x0000022234722ae0 Thread exited: 0x0000022234722ae0
Event: 195.678 Thread 0x0000022234721730 Before exit entered


Dynamic libraries:
0x00007ff7a86a0000 - 0x00007ff7a86b0000 	C:\Program Files\Java\jdk-23\bin\java.exe
0x00007ffd7db10000 - 0x00007ffd7dd08000 	C:\Windows\SYSTEM32\ntdll.dll
0x00007ffd7d820000 - 0x00007ffd7d8e2000 	C:\Windows\System32\KERNEL32.DLL
0x00007ffd7b590000 - 0x00007ffd7b887000 	C:\Windows\System32\KERNELBASE.dll
0x00007ffd7ba30000 - 0x00007ffd7bb30000 	C:\Windows\System32\ucrtbase.dll
0x00007ffd74ed0000 - 0x00007ffd74eeb000 	C:\Program Files\Java\jdk-23\bin\VCRUNTIME140.dll
0x00007ffd76060000 - 0x00007ffd76077000 	C:\Program Files\Java\jdk-23\bin\jli.dll
0x00007ffd7d4e0000 - 0x00007ffd7d67d000 	C:\Windows\System32\USER32.dll
0x00007ffd7b3a0000 - 0x00007ffd7b3c2000 	C:\Windows\System32\win32u.dll
0x00007ffd7c360000 - 0x00007ffd7c38b000 	C:\Windows\System32\GDI32.dll
0x00007ffd7b890000 - 0x00007ffd7b9a9000 	C:\Windows\System32\gdi32full.dll
0x00007ffd7b1a0000 - 0x00007ffd7b23d000 	C:\Windows\System32\msvcp_win.dll
0x00007ffd56010000 - 0x00007ffd562aa000 	C:\Windows\WinSxS\amd64_microsoft.windows.common-controls_6595b64144ccf1df_6.0.19041.5915_none_60b4b9d171f9c7c7\COMCTL32.dll
0x00007ffd7c0d0000 - 0x00007ffd7c16e000 	C:\Windows\System32\msvcrt.dll
0x00007ffd7daa0000 - 0x00007ffd7dacf000 	C:\Windows\System32\IMM32.DLL
0x00007ffd77b30000 - 0x00007ffd77b3c000 	C:\Program Files\Java\jdk-23\bin\vcruntime140_1.dll
0x00007ffd53140000 - 0x00007ffd531ce000 	C:\Program Files\Java\jdk-23\bin\msvcp140.dll
0x00007ffd3c7b0000 - 0x00007ffd3d500000 	C:\Program Files\Java\jdk-23\bin\server\jvm.dll
0x00007ffd7d760000 - 0x00007ffd7d811000 	C:\Windows\System32\ADVAPI32.dll
0x00007ffd7c030000 - 0x00007ffd7c0cf000 	C:\Windows\System32\sechost.dll
0x00007ffd7bb30000 - 0x00007ffd7bc56000 	C:\Windows\System32\RPCRT4.dll
0x00007ffd7b9b0000 - 0x00007ffd7b9d7000 	C:\Windows\System32\bcrypt.dll
0x00007ffd7cd20000 - 0x00007ffd7cd8b000 	C:\Windows\System32\WS2_32.dll
0x00007ffd7af50000 - 0x00007ffd7af9b000 	C:\Windows\SYSTEM32\POWRPROF.dll
0x00007ffd713f0000 - 0x00007ffd71417000 	C:\Windows\SYSTEM32\WINMM.dll
0x00007ffd713e0000 - 0x00007ffd713ea000 	C:\Windows\SYSTEM32\VERSION.dll
0x00007ffd7af30000 - 0x00007ffd7af42000 	C:\Windows\SYSTEM32\UMPDC.dll
0x00007ffd79020000 - 0x00007ffd79032000 	C:\Windows\SYSTEM32\kernel.appcore.dll
0x00007ffd77b10000 - 0x00007ffd77b1a000 	C:\Program Files\Java\jdk-23\bin\jimage.dll
0x00007ffd6adf0000 - 0x00007ffd6aff1000 	C:\Windows\SYSTEM32\DBGHELP.DLL
0x00007ffd6ad10000 - 0x00007ffd6ad44000 	C:\Windows\SYSTEM32\dbgcore.DLL
0x00007ffd7b500000 - 0x00007ffd7b582000 	C:\Windows\System32\bcryptPrimitives.dll
0x00007ffd74ec0000 - 0x00007ffd74ecf000 	C:\Program Files\Java\jdk-23\bin\instrument.dll
0x00007ffd73bf0000 - 0x00007ffd73c0e000 	C:\Program Files\Java\jdk-23\bin\java.dll
0x00007ffd7d300000 - 0x00007ffd7d42b000 	C:\Windows\System32\ole32.dll
0x00007ffd7bcc0000 - 0x00007ffd7c013000 	C:\Windows\System32\combase.dll
0x00007ffd7c390000 - 0x00007ffd7cafe000 	C:\Windows\System32\SHELL32.dll
0x00007ffd79220000 - 0x00007ffd799c4000 	C:\Windows\SYSTEM32\windows.storage.dll
0x00007ffd7ab60000 - 0x00007ffd7ab8b000 	C:\Windows\SYSTEM32\Wldp.dll
0x00007ffd7c170000 - 0x00007ffd7c23d000 	C:\Windows\System32\OLEAUT32.dll
0x00007ffd7d430000 - 0x00007ffd7d4dd000 	C:\Windows\System32\SHCORE.dll
0x00007ffd7cd90000 - 0x00007ffd7cdeb000 	C:\Windows\System32\shlwapi.dll
0x00007ffd7b0d0000 - 0x00007ffd7b0f4000 	C:\Windows\SYSTEM32\profapi.dll
0x00007ffd50f10000 - 0x00007ffd50fe7000 	C:\Program Files\Java\jdk-23\bin\jsvml.dll
0x00007ffd73bc0000 - 0x00007ffd73bd0000 	C:\Program Files\Java\jdk-23\bin\net.dll
0x00007ffd7a860000 - 0x00007ffd7a8ca000 	C:\Windows\system32\mswsock.dll
0x00007ffd73ba0000 - 0x00007ffd73bb6000 	C:\Program Files\Java\jdk-23\bin\nio.dll
0x00007ffd73bd0000 - 0x00007ffd73be7000 	C:\Program Files\Java\jdk-23\bin\zip.dll
0x00007ffd73b90000 - 0x00007ffd73b99000 	C:\Program Files\Java\jdk-23\bin\extnet.dll
0x00000222185b0000 - 0x00000222185b4000 	C:\javafx-sdk-24.0.1\bin\api-ms-win-core-console-l1-1-0.dll
0x0000022234e10000 - 0x0000022234e14000 	C:\javafx-sdk-24.0.1\bin\api-ms-win-core-console-l1-2-0.dll
0x0000022234e20000 - 0x0000022234e24000 	C:\javafx-sdk-24.0.1\bin\api-ms-win-core-datetime-l1-1-0.dll
0x0000022234e30000 - 0x0000022234e34000 	C:\javafx-sdk-24.0.1\bin\api-ms-win-core-debug-l1-1-0.dll
0x0000022234e40000 - 0x0000022234e44000 	C:\javafx-sdk-24.0.1\bin\api-ms-win-core-errorhandling-l1-1-0.dll
0x0000022234e50000 - 0x0000022234e55000 	C:\javafx-sdk-24.0.1\bin\api-ms-win-core-file-l1-1-0.dll
0x0000022234e60000 - 0x0000022234e64000 	C:\javafx-sdk-24.0.1\bin\api-ms-win-core-file-l1-2-0.dll
0x0000022234e70000 - 0x0000022234e74000 	C:\javafx-sdk-24.0.1\bin\api-ms-win-core-file-l2-1-0.dll
0x0000022234e80000 - 0x0000022234e84000 	C:\javafx-sdk-24.0.1\bin\api-ms-win-core-handle-l1-1-0.dll
0x0000022234e90000 - 0x0000022234e94000 	C:\javafx-sdk-24.0.1\bin\api-ms-win-core-heap-l1-1-0.dll
0x0000022234ea0000 - 0x0000022234ea4000 	C:\javafx-sdk-24.0.1\bin\api-ms-win-core-interlocked-l1-1-0.dll
0x0000022234eb0000 - 0x0000022234eb4000 	C:\javafx-sdk-24.0.1\bin\api-ms-win-core-libraryloader-l1-1-0.dll
0x0000022234ec0000 - 0x0000022234ec4000 	C:\javafx-sdk-24.0.1\bin\api-ms-win-core-localization-l1-2-0.dll
0x0000022234ed0000 - 0x0000022234ed4000 	C:\javafx-sdk-24.0.1\bin\api-ms-win-core-memory-l1-1-0.dll
0x0000022234ee0000 - 0x0000022234ee4000 	C:\javafx-sdk-24.0.1\bin\api-ms-win-core-namedpipe-l1-1-0.dll
0x0000022234ef0000 - 0x0000022234ef4000 	C:\javafx-sdk-24.0.1\bin\api-ms-win-core-processenvironment-l1-1-0.dll
0x0000022234f00000 - 0x0000022234f04000 	C:\javafx-sdk-24.0.1\bin\api-ms-win-core-processthreads-l1-1-0.dll
0x0000022234f10000 - 0x0000022234f14000 	C:\javafx-sdk-24.0.1\bin\api-ms-win-core-processthreads-l1-1-1.dll
0x0000022234f20000 - 0x0000022234f24000 	C:\javafx-sdk-24.0.1\bin\api-ms-win-core-profile-l1-1-0.dll
0x0000022234f30000 - 0x0000022234f34000 	C:\javafx-sdk-24.0.1\bin\api-ms-win-core-rtlsupport-l1-1-0.dll
0x0000022234f40000 - 0x0000022234f44000 	C:\javafx-sdk-24.0.1\bin\api-ms-win-core-string-l1-1-0.dll
0x0000022234f50000 - 0x0000022234f54000 	C:\javafx-sdk-24.0.1\bin\api-ms-win-core-synch-l1-1-0.dll
0x0000022234f60000 - 0x0000022234f64000 	C:\javafx-sdk-24.0.1\bin\api-ms-win-core-synch-l1-2-0.dll
0x0000022234f70000 - 0x0000022234f74000 	C:\javafx-sdk-24.0.1\bin\api-ms-win-core-sysinfo-l1-1-0.dll
0x0000022234f80000 - 0x0000022234f84000 	C:\javafx-sdk-24.0.1\bin\api-ms-win-core-timezone-l1-1-0.dll
0x0000022234f90000 - 0x0000022234f94000 	C:\javafx-sdk-24.0.1\bin\api-ms-win-core-util-l1-1-0.dll
0x0000022234fa0000 - 0x0000022234fa4000 	C:\javafx-sdk-24.0.1\bin\api-ms-win-crt-conio-l1-1-0.dll
0x0000022234fb0000 - 0x0000022234fb5000 	C:\javafx-sdk-24.0.1\bin\api-ms-win-crt-convert-l1-1-0.dll
0x0000022234fc0000 - 0x0000022234fc4000 	C:\javafx-sdk-24.0.1\bin\api-ms-win-crt-environment-l1-1-0.dll
0x0000022234fd0000 - 0x0000022234fd4000 	C:\javafx-sdk-24.0.1\bin\api-ms-win-crt-filesystem-l1-1-0.dll
0x0000022234fe0000 - 0x0000022234fe4000 	C:\javafx-sdk-24.0.1\bin\api-ms-win-crt-heap-l1-1-0.dll
0x0000022234ff0000 - 0x0000022234ff4000 	C:\javafx-sdk-24.0.1\bin\api-ms-win-crt-locale-l1-1-0.dll
0x000002227afd0000 - 0x000002227afd6000 	C:\javafx-sdk-24.0.1\bin\api-ms-win-crt-math-l1-1-0.dll
0x000002227afe0000 - 0x000002227afe6000 	C:\javafx-sdk-24.0.1\bin\api-ms-win-crt-multibyte-l1-1-0.dll
0x000002227aff0000 - 0x000002227b001000 	C:\javafx-sdk-24.0.1\bin\api-ms-win-crt-private-l1-1-0.dll
0x000002227b010000 - 0x000002227b014000 	C:\javafx-sdk-24.0.1\bin\api-ms-win-crt-process-l1-1-0.dll
0x000002227b020000 - 0x000002227b025000 	C:\javafx-sdk-24.0.1\bin\api-ms-win-crt-runtime-l1-1-0.dll
0x000002227b030000 - 0x000002227b035000 	C:\javafx-sdk-24.0.1\bin\api-ms-win-crt-stdio-l1-1-0.dll
0x000002227b040000 - 0x000002227b045000 	C:\javafx-sdk-24.0.1\bin\api-ms-win-crt-string-l1-1-0.dll
0x000002227b050000 - 0x000002227b054000 	C:\javafx-sdk-24.0.1\bin\api-ms-win-crt-time-l1-1-0.dll
0x000002227b060000 - 0x000002227b064000 	C:\javafx-sdk-24.0.1\bin\api-ms-win-crt-utility-l1-1-0.dll
0x00007ffd433f0000 - 0x00007ffd43501000 	C:\javafx-sdk-24.0.1\bin\ucrtbase.dll
0x00007ffd734f0000 - 0x00007ffd7350b000 	C:\javafx-sdk-24.0.1\bin\vcruntime140.dll
0x00007ffd734e0000 - 0x00007ffd734ec000 	C:\javafx-sdk-24.0.1\bin\vcruntime140_1.dll
0x00007ffd4ffb0000 - 0x00007ffd5003e000 	C:\javafx-sdk-24.0.1\bin\msvcp140.dll
0x00007ffd734d0000 - 0x00007ffd734d9000 	C:\javafx-sdk-24.0.1\bin\msvcp140_1.dll
0x00007ffd4b1e0000 - 0x00007ffd4b221000 	C:\javafx-sdk-24.0.1\bin\msvcp140_2.dll
0x00007ffd53520000 - 0x00007ffd53550000 	C:\javafx-sdk-24.0.1\bin\prism_d3d.dll
0x00007ffd2bc50000 - 0x00007ffd2be21000 	C:\Windows\system32\d3d9.dll
0x00007ffd78d20000 - 0x00007ffd78d4e000 	C:\Windows\SYSTEM32\dwmapi.dll
0x00007ffd78b30000 - 0x00007ffd78bce000 	C:\Windows\system32\uxtheme.dll
0x00007ffd71420000 - 0x00007ffd715fb000 	C:\Windows\System32\DriverStore\FileRepository\u0360470.inf_amd64_35c64671e7fac064\B360357\aticfx64.dll
0x00007ffd532e0000 - 0x00007ffd53313000 	C:\Windows\System32\DriverStore\FileRepository\u0360470.inf_amd64_35c64671e7fac064\B360357\atiu9p64.dll
0x00007ffd2ef60000 - 0x00007ffd2fbf6000 	C:\Windows\System32\DriverStore\FileRepository\u0360470.inf_amd64_35c64671e7fac064\B360357\atiumd64.dll
0x0000000051d20000 - 0x0000000052b99000 	C:\Windows\System32\DriverStore\FileRepository\u0360470.inf_amd64_35c64671e7fac064\B360357\atiumd6a.dll
0x00007ffd6f990000 - 0x00007ffd6f9bf000 	C:\Windows\SYSTEM32\amdihk64.dll
0x00007ffd4af70000 - 0x00007ffd4afb8000 	C:\javafx-sdk-24.0.1\bin\glass.dll
0x00007ffd7cc40000 - 0x00007ffd7cd1a000 	C:\Windows\System32\COMDLG32.dll
0x00007ffd7cb90000 - 0x00007ffd7cc39000 	C:\Windows\System32\clbcatq.dll
0x00007ffd53600000 - 0x00007ffd5373f000 	C:\Windows\System32\Windows.UI.dll
0x00007ffd410c0000 - 0x00007ffd411b9000 	C:\Windows\System32\TextInputFramework.dll
0x00007ffd74c90000 - 0x00007ffd74d31000 	C:\Windows\System32\WindowManagementAPI.dll
0x00007ffd56830000 - 0x00007ffd56982000 	C:\Windows\System32\InputHost.dll
0x00007ffd77150000 - 0x00007ffd774ab000 	C:\Windows\System32\CoreUIComponents.dll
0x00007ffd77980000 - 0x00007ffd77a72000 	C:\Windows\System32\CoreMessaging.dll
0x00007ffd77ca0000 - 0x00007ffd77df7000 	C:\Windows\SYSTEM32\wintypes.dll
0x00007ffd74a80000 - 0x00007ffd74c83000 	C:\Windows\SYSTEM32\twinapi.appcore.dll
0x00007ffd77e00000 - 0x00007ffd77ef4000 	C:\Windows\System32\PROPSYS.dll
0x00007ffd7a3d0000 - 0x00007ffd7a403000 	C:\Windows\SYSTEM32\ntmarta.dll
0x00007ffd53f60000 - 0x00007ffd54019000 	C:\Windows\System32\Windows.Networking.Connectivity.dll
0x00007ffd7c240000 - 0x00007ffd7c355000 	C:\Windows\System32\MSCTF.dll
0x00007ffd71600000 - 0x00007ffd7163b000 	C:\Windows\SYSTEM32\dxcore.dll
0x00007ffd7b9e0000 - 0x00007ffd7ba2e000 	C:\Windows\System32\cfgmgr32.dll
0x00007ffd52e20000 - 0x00007ffd52f58000 	C:\Windows\System32\Windows.UI.Immersive.dll
0x00007ffd5a940000 - 0x00007ffd5a950000 	C:\Windows\System32\npmproxy.dll
0x00007ffd72140000 - 0x00007ffd72182000 	C:\Windows\System32\CapabilityAccessManagerClient.dll
0x00007ffd6e570000 - 0x00007ffd6e5e4000 	C:\Windows\SYSTEM32\wlanapi.dll
0x00007ffd7a540000 - 0x00007ffd7a57b000 	C:\Windows\System32\IPHLPAPI.DLL
0x00007ffd7cb60000 - 0x00007ffd7cb68000 	C:\Windows\System32\NSI.dll

dbghelp: loaded successfully - version: 4.0.5 - missing functions: none
symbol engine: initialized successfully - sym options: 0x614 - pdb path: .;C:\Program Files\Java\jdk-23\bin;C:\Windows\SYSTEM32;C:\Windows\WinSxS\amd64_microsoft.windows.common-controls_6595b64144ccf1df_6.0.19041.5915_none_60b4b9d171f9c7c7;C:\Program Files\Java\jdk-23\bin\server;C:\javafx-sdk-24.0.1\bin;C:\Windows\System32\DriverStore\FileRepository\u0360470.inf_amd64_35c64671e7fac064\B360357;C:\Program Files\Common Files\Microsoft Shared\Ink

VM Arguments:
jvm_args: --module-path=C:\javafx-sdk-24.0.1\lib --add-modules=javafx.controls,javafx.fxml,javafx.web -javaagent:D:\05_Programs\IntelliJ IDEA Community Edition 2024.3.5\lib\idea_rt.jar=62063 -Dfile.encoding=UTF-8 -Dsun.stdout.encoding=UTF-8 -Dsun.stderr.encoding=UTF-8 
java_command: Client.Main
java_class_path (initial): D:\01_Projects\University\Term_2\P01\Final_Project\TelegramClone\out\production\classes;D:\01_Projects\University\Term_2\P01\Final_Project\TelegramClone\out\production\resources;C:\Users\Mahdi Hoseinpoor\.gradle\caches\modules-2\files-2.1\org.openjfx\javafx-fxml\23.0.2\b032052fc189c1c702cc9b01f416f7cae53674df\javafx-fxml-23.0.2-win.jar;C:\Users\Mahdi Hoseinpoor\.gradle\caches\modules-2\files-2.1\org.openjfx\javafx-controls\23.0.2\ea7a2048ce6b344273affb916713120fe77fb1e8\javafx-controls-23.0.2-win.jar;C:\Users\Mahdi Hoseinpoor\.gradle\caches\modules-2\files-2.1\org.openjfx\javafx-media\23.0.2\b27f12b417de89f6fd6180a6540f6f26ab98a0ee\javafx-media-23.0.2-win.jar;C:\Users\Mahdi Hoseinpoor\.gradle\caches\modules-2\files-2.1\com.google.code.gson\gson\2.10.1\b3add478d4382b78ea20b1671390a858002feb6c\gson-2.10.1.jar;C:\Users\Mahdi Hoseinpoor\.gradle\caches\modules-2\files-2.1\com.jfoenix\jfoenix\9.0.10\a7625792db8d15615ea6eebbc31e01504f20b2df\jfoenix-9.0.10.jar;C:\Users\Mahdi Hoseinpoor\.gradle\caches\modules-2\files-2.1\org.postgresql\postgresql\42.6.0\7614cfce466145b84972781ab0079b8dea49e363\postgresql-42.6.0.jar;C:\Users\Mahdi Hoseinpoor\.gradle\caches\modules-2\files-2.1\org.hibernate.orm\hibernate-community-dialects\6.4.2.Final\9856329563362d2f26541285a2036e86addba30c\hibernate-community-dialects-6.4.2.Final.jar;C:\Users\Mahdi Hoseinpoor\.gradle\caches\modules-2\files-2.1\org.hibernate.orm\hibernate-core\6.4.2.Final\4dd48cbc3c97c71ca42db0a9d0d7f9c220675edb\hibernate-core-6.4.2.Final.jar;C:\Users\Mahdi Hoseinpoor\.gradle\caches\modules-2\files-2.1\jakarta.persistence\jakarta.persistence-api\3.1.0\66901fa1c373c6aff65c13791cc11da72060a8d6\jakarta.persistence-api-3.1.0.jar;C:\Users\Mahdi Hoseinpoor\.gradle\caches\modules-2\files-2.1\com.zaxxer\HikariCP\5.0.1\a74c7f0a37046846e88d54f7cb6ea6d565c65f9c\HikariCP-5.0.1.jar;C:\Users\Mahdi Hoseinpoor\.gradle\caches\modules-2\files-2.1\org.xerial\sqlite-jdbc\3.36.0.3\7fa71c4dfab806490cb909714fb41373ec552c29\sqlite-jdbc-3.36.0.3.jar;C:\Users\Mahdi Hoseinpoor\.gradle\caches\modules-2\files-2.1\org.openjfx\javafx-graphics\23.0.2\21ed994c9ba8a9d30099204c556e6dba3a23f169\javafx-graphics-23.0.2-win.jar;C:\Users\Mahdi Hoseinpoor\.gradle\caches\modules-2\files-2.1\jakarta.transaction\jakarta.transaction-api\2.0.1\51a520e3fae406abb84e2e1148e6746ce3f80a1a\jakarta.transaction-api-2.0.1.jar;C:\Users\Mahdi Hoseinpoor\.gradle\caches\modules-2\files-2.1\org.slf4j\slf4j-api\1.7.30\b5a4b6d16ab13e34a88fae84c35cd5d68cac922c\slf4j-api-1.7.30.jar;C:\Users\Mahdi Hoseinpoor\.gradle\caches\modules-2\files-2.1\org.openjfx\javafx-base\23.0.2\e44e750005596dc44ce37c07fc3b8c10da9ab354\javafx-base-23.0.2-win.jar;C:\Users\Mahdi Hoseinpoor\.gradle\caches\modules-2\files-2.1\org.checkerframework\checker-qual\3.31.0\eeefd4af42e2f4221d145c1791582f91868f99ab\checker-qual-3.31.0.jar;C:\Users\Mahdi Hoseinpoor\.gradle\caches\modules-2\files-2.1\org.jboss.logging\jboss-logging\3.5.0.Final\c19307cc11f28f5e2679347e633a3294d865334d\jboss-logging-3.5.0.Final.jar;C:\Users\Mahdi Hoseinpoor\.gradle\caches\modules-2\files-2.1\org.hibernate.common\hibernate-commons-annotations\6.0.6.Final\77a5f94b56d49508e0ee334751db5b78e5ccd50c\hibernate-commons-annotations-6.0.6.Final.jar;C:\Users\Mahdi Hoseinpoor\.gradle\caches\modules-2\files-2.1\io.smallrye\jandex\3.1.2\a6c1c89925c7df06242b03dddb353116ceb9584c\jandex-3.1.2.jar;C:\Users\Mahdi Hoseinpoor\.gradle\caches\modules-2\files-2.1\com.fasterxml\classmate\1.5.1\3fe0bed568c62df5e89f4f174c101eab25345b6c\classmate-1.5.1.jar;C:\Users\Mahdi Hoseinpoor\.gradle\caches\modules-2\files-2.1\net.bytebuddy\byte-buddy\1.14.7\34efde5f0bb93afc94aaf9d400521899c4806873\byte-buddy-1.14.7.jar;C:\Users\Mahdi Hoseinpoor\.gradle\caches\modules-2\files-2.1\org.glassfish.jaxb\jaxb-runtime\4.0.2\e4e4e0c5b0d42054d00dc4023901572a60d368c7\jaxb-runtime-4.0.2.jar;C:\Users\Mahdi Hoseinpoor\.gradle\caches\modules-2\files-2.1\jakarta.xml.bind\jakarta.xml.bind-api\4.0.0\bbb399208d288b15ec101fa4fcfc4bd77cedc97a\jakarta.xml.bind-api-4.0.0.jar;C:\Users\Mahdi Hoseinpoor\.gradle\caches\modules-2\files-2.1\jakarta.inject\jakarta.inject-api\2.0.1\4c28afe1991a941d7702fe1362c365f0a8641d1e\jakarta.inject-api-2.0.1.jar;C:\Users\Mahdi Hoseinpoor\.gradle\caches\modules-2\files-2.1\org.antlr\antlr4-runtime\4.13.0\5a02e48521624faaf5ff4d99afc88b01686af655\antlr4-runtime-4.13.0.jar;C:\Users\Mahdi Hoseinpoor\.gradle\caches\modules-2\files-2.1\org.glassfish.jaxb\jaxb-core\4.0.2\8c29249f6c10f4ee08967783831580b0f5c5360\jaxb-core-4.0.2.jar;C:\Users\Mahdi Hoseinpoor\.gradle\caches\modules-2\files-2.1\jakarta.activation\jakarta.activation-api\2.1.1\88c774ab863a21fb2fc4219af95379fafe499a31\jakarta.activation-api-2.1.1.jar;C:\Users\Mahdi Hoseinpoor\.gradle\caches\modules-2\files-2.1\org.eclipse.angus\angus-activation\2.0.0\72369f4e2314d38de2dcbb277141ef0226f73151\angus-activation-2.0.0.jar;C:\Users\Mahdi Hoseinpoor\.gradle\caches\modules-2\files-2.1\org.glassfish.jaxb\txw2\4.0.2\24e167be69c29ebb7ee0a3b1f9b546f1dfd111fc\txw2-4.0.2.jar;C:\Users\Mahdi Hoseinpoor\.gradle\caches\modules-2\files-2.1\com.sun.istack\istack-commons-runtime\4.1.1\9b3769c76235bc283b060da4fae2318c6d53f07e\istack-commons-runtime-4.1.1.jar
Launcher Type: SUN_STANDARD

[Global flags]
     intx CICompilerCount                          = 2                                         {product} {ergonomic}
     uint ConcGCThreads                            = 1                                         {product} {ergonomic}
     uint G1ConcRefinementThreads                  = 2                                         {product} {ergonomic}
   size_t G1HeapRegionSize                         = 1048576                                   {product} {ergonomic}
   size_t InitialHeapSize                          = 117440512                                 {product} {ergonomic}
   size_t MarkStackSize                            = 4194304                                   {product} {ergonomic}
   size_t MarkStackSizeMax                         = 536870912                                 {product} {ergonomic}
   size_t MaxHeapSize                              = 1866465280                                {product} {ergonomic}
   size_t MaxNewSize                               = 1119879168                                {product} {ergonomic}
   size_t MinHeapDeltaBytes                        = 1048576                                   {product} {ergonomic}
   size_t MinHeapSize                              = 8388608                                   {product} {ergonomic}
    uintx NonNMethodCodeHeapSize                   = 5767168                                {pd product} {ergonomic}
    uintx NonProfiledCodeHeapSize                  = 123011072                              {pd product} {ergonomic}
    uintx ProfiledCodeHeapSize                     = 122880000                              {pd product} {ergonomic}
    uintx ReservedCodeCacheSize                    = 251658240                              {pd product} {ergonomic}
     bool SegmentedCodeCache                       = true                                      {product} {ergonomic}
   size_t SoftMaxHeapSize                          = 1866465280                             {manageable} {ergonomic}
     bool UseCompressedOops                        = true                           {product lp64_product} {ergonomic}
     bool UseG1GC                                  = true                                      {product} {ergonomic}
     bool UseLargePagesIndividualAllocation        = false                                  {pd product} {ergonomic}

Logging:
Log output configuration:
 #0: stdout all=off uptime,level,tags foldmultilines=false
 #1: stderr all=off uptime,level,tags foldmultilines=false

Environment Variables:
JAVA_HOME=C:\Program Files\Java\jdk-23
PATH=C:\Program Files (x86)\NVIDIA Corporation\PhysX\Common;C:\Program Files\Common Files\Oracle\Java\javapath;C:\Windows\system32;C:\Windows;C:\Windows\System32\Wbem;C:\Windows\System32\WindowsPowerShell\v1.0\;C:\Windows\System32\OpenSSH\;C:\Program Files\Microsoft SQL Server\Client SDK\ODBC\170\Tools\Binn\;C:\Program Files\Microsoft SQL Server\150\Tools\Binn\;C:\Program Files\dotnet\;D:\05_Programs\Matlab\runtime\win64;D:\05_Programs\Matlab\bin;C:\Program Files\Git\cmd;C:\Program Files\Java\jdk-23\bin;C:\Program Files\Go\bin;C:\Program Files\GitHub CLI\;C:\Program Files\PostgreSQL\17\bin;C:\Users\Mahdi Hoseinpoor\AppData\Local\Programs\Python\Launcher\;C:\Users\Mahdi Hoseinpoor\AppData\Local\Microsoft\WindowsApps;C:\Users\Mahdi Hoseinpoor\.dotnet\tools;C:\Users\Mahdi Hoseinpoor\AppData\Local\Programs\Microsoft VS Code\bin;C:\Program Files\mingw64\bin;C:\Program Files\JetBrains\CLion 2021.3.4\bin;;C:\Users\Mahdi Hoseinpoor\go\bin;C:\ffmpeg\bin;C:\Gradle\bin;D:\05_Programs\IntelliJ IDEA 2020.2.3\bin;;D:\05_Programs\IntelliJ IDEA Community Edition 2024.3.5\bin;;C:\Maven\bin;C:\Users\Mahdi Hoseinpoor\AppData\Local\Muse Hub\lib
USERNAME=Mahdi Hoseinpoor
OS=Windows_NT
PROCESSOR_IDENTIFIER=AMD64 Family 21 Model 112 Stepping 0, AuthenticAMD
TMP=C:\Users\MAHDIH~1\AppData\Local\Temp
TEMP=C:\Users\MAHDIH~1\AppData\Local\Temp




Periodic native trim disabled

---------------  S Y S T E M  ---------------

OS:
 Windows 10 , 64 bit Build 19041 (10.0.19041.5915)
OS uptime: 5 days 19:30 hours

CPU: total 2 (initial active 2) (2 cores per cpu, 1 threads per core) family 21 model 112 stepping 0 microcode 0x0, cx8, cmov, fxsr, mmx, 3dnowpref, sse, sse2, sse3, ssse3, sse4a, sse4.1, sse4.2, popcnt, lzcnt, tsc, tscinvbit, avx, avx2, aes, clmul, bmi1, bmi2, fma, vzeroupper, clflush, rdtscp, f16c
Processor Information for the first 2 processors :
  Max Mhz: 2500, Current Mhz: 1300, Mhz Limit: 2500

Memory: 4k page, system-wide physical 7116M (650M free)
TotalPageFile size 11258M (AvailPageFile size 1720M)
current process WorkingSet (physical memory assigned to process): 413M, peak: 417M
current process commit charge ("private bytes"): 551M, peak: 565M

vm_info: Java HotSpot(TM) 64-Bit Server VM (23.0.2+7-58) for windows-amd64 JRE (23.0.2+7-58), built on 2024-11-29T09:34:55Z with MS VC++ 17.6 (VS2022)

END.
