#
# A fatal error has been detected by the Java Runtime Environment:
#
#  EXCEPTION_ACCESS_VIOLATION (0xc0000005) at pc=0x00007ffd521f8e37, pid=11820, tid=10564
#
# JRE version: Java(TM) SE Runtime Environment (23.0.2+7) (build 23.0.2+7-58)
# Java VM: Java HotSpot(TM) 64-Bit Server VM (23.0.2+7-58, mixed mode, sharing, tiered, compressed oops, compressed class ptrs, g1 gc, windows-amd64)
# Problematic frame:
# C  [glass.dll+0x28e37]
#
# No core dump will be written. Minidumps are not enabled by default on client versions of Windows
#
# If you would like to submit a bug report, please visit:
#   https://bugreport.java.com/bugreport/crash.jsp
#

---------------  S U M M A R Y ------------

Command Line: --module-path=C:\javafx-sdk-24.0.1\lib --add-modules=javafx.controls,javafx.fxml,javafx.web -javaagent:D:\05_Programs\IntelliJ IDEA Community Edition 2024.3.5\lib\idea_rt.jar=63542 -Dfile.encoding=UTF-8 -Dsun.stdout.encoding=UTF-8 -Dsun.stderr.encoding=UTF-8 Client.Main

Host: AMD A6-9220 RADEON R4, 5 COMPUTE CORES 2C+3G   , 2 cores, 6G,  Windows 10 , 64 bit Build 19041 (10.0.19041.5915)
Time: Sun Sep  7 20:58:17 2025 Iran Standard Time elapsed time: 203.280268 seconds (0d 0h 3m 23s)

---------------  T H R E A D  ---------------

Current thread (0x000002a56df48510):  VMThread "VM Thread"          [id=10564, stack(0x000000f389300000,0x000000f389400000) (1024K)]

Stack: [0x000000f389300000,0x000000f389400000],  sp=0x000000f3893fec80,  free space=1019k
Native frames: (J=compiled Java code, j=interpreted, Vv=VM code, C=native code)
C  [glass.dll+0x28e37]  (no source info available)
C  [ucrtbase.dll+0x142d6]  (no source info available)
C  [ucrtbase.dll+0x141fb]  (no source info available)
C  [ucrtbase.dll+0x141b4]  (no source info available)
C  [glass.dll+0x2655d]  (no source info available)
C  [glass.dll+0x26682]  (no source info available)
C  [ntdll.dll+0x19a1d]  (no source info available)
C  [ntdll.dll+0x5f1ca]  (no source info available)
C  [ntdll.dll+0x5ef7d]  (no source info available)
C  [KERNEL32.DLL+0x1e3eb]  (no source info available)
C  [ucrtbase.dll+0x205bc]  (no source info available)
C  [ucrtbase.dll+0x2045f]  (no source info available)
V  [jvm.dll+0x6d9b3c]  (no source info available)
V  [jvm.dll+0x6d9670]  (no source info available)
V  [jvm.dll+0x3da724]  (no source info available)
V  [jvm.dll+0x886d50]  (no source info available)
V  [jvm.dll+0x888077]  (no source info available)
V  [jvm.dll+0x8885a8]  (no source info available)
V  [jvm.dll+0x888843]  (no source info available)
V  [jvm.dll+0x8254cb]  (no source info available)
V  [jvm.dll+0x6df345]  (no source info available)
C  [ucrtbase.dll+0x21bb2]  (no source info available)
C  [KERNEL32.DLL+0x17374]  (no source info available)
C  [ntdll.dll+0x4cc91]  (no source info available)


siginfo: EXCEPTION_ACCESS_VIOLATION (0xc0000005), reading address 0x0000000000000000


Registers:
RAX=0x0000000000000000, RBX=0x000002a56df4e54a, RCX=0x000002a56df48510, RDX=0x000000f3893fec80
RSP=0x000000f3893fec80, RBP=0x000002a545859dc8, RSI=0x000002a545859da0, RDI=0x00006d83bc992c74
R8 =0x0000000000010002, R9 =0x00006d83bc992c74, R10=0x0000000000008000, R11=0x000000f3893fec10
R12=0x00007ffd521f66d0, R13=0x00007ffd3d44c6e0, R14=0x000000f3893fed78, R15=0x000002a545859da0
RIP=0x00007ffd521f8e37, EFLAGS=0x0000000000010206


Register to memory mapping:

RAX=0x0 is null
RBX=0x000002a56df4e54a is a global jni handle
RCX=0x000002a56df48510 points into unknown readable memory: 0x00007ffd3d250748 | 48 07 25 3d fd 7f 00 00
RDX=0x000000f3893fec80 points into unknown readable memory: 0x0000000000000000 | 00 00 00 00 00 00 00 00
RSP=0x000000f3893fec80 points into unknown readable memory: 0x0000000000000000 | 00 00 00 00 00 00 00 00
RBP=0x000002a545859dc8 points into unknown readable memory: 0x00006d83bc992c74 | 74 2c 99 bc 83 6d 00 00
RSI=0x000002a545859da0 points into unknown readable memory: 0x1e806d84434c0d82 | 82 0d 4c 43 84 6d 80 1e
RDI=0x00006d83bc992c74 is an unknown value
R8 =0x0000000000010002 is an unknown value
R9 =0x00006d83bc992c74 is an unknown value
R10=0x0000000000008000 is an unknown value
R11=0x000000f3893fec10 points into unknown readable memory: 0x000002a545859da0 | a0 9d 85 45 a5 02 00 00
R12=0x00007ffd521f66d0 glass.dll
R13=0x00007ffd3d44c6e0 jvm.dll
R14=0x000000f3893fed78 points into unknown readable memory: 0x000000f3893fed60 | 60 ed 3f 89 f3 00 00 00
R15=0x000002a545859da0 points into unknown readable memory: 0x1e806d84434c0d82 | 82 0d 4c 43 84 6d 80 1e

Top of Stack: (sp=0x000000f3893fec80)
0x000000f3893fec80:   0000000000000000 000002a545859da0
0x000000f3893fec90:   00007ffd3d44c6e0 00007ffd521f66d0
0x000000f3893feca0:   000002a545859da8 00007ffd7ba442d6
0x000000f3893fecb0:   00006d83bc992c74 000002a500000000
0x000000f3893fecc0:   000002a545859dc8 000002a545859da0
0x000000f3893fecd0:   fffffffffffffffe 0000000000000000
0x000000f3893fece0:   0000000000000001 00007ffd521d0000
0x000000f3893fecf0:   000000f3893fed68 00007ffd7ba441fb
0x000000f3893fed00:   0000000000000000 000000f3893fed78
0x000000f3893fed10:   000000f3893ff050 00007ffd7bb20e40
0x000000f3893fed20:   0000000000000001 00007ffd7ba441b4
0x000000f3893fed30:   0000000000000000 0000000000000001
0x000000f3893fed40:   00007ffd77dd3300 000000f3893fed68
0x000000f3893fed50:   000000000000000d 00007ffd521f655d
0x000000f3893fed60:   00007ffd5220fda8 00007ffd00000002
0x000000f3893fed70:   0000000000000002 000000f3893fed60
0x000000f3893fed80:   0000000000000000 00007ffd7db29993
0x000000f3893fed90:   0000000000000000 00007ffd521f6682
0x000000f3893feda0:   0000000000000001 0000000000000000
0x000000f3893fedb0:   00000000000000c0 0000000000000001
0x000000f3893fedc0:   00007ffd74ca1d90 0000000000000000
0x000000f3893fedd0:   0000000000000001 00007ffd74ca2ef0
0x000000f3893fede0:   00007ffd521d0000 000000007ffe0384
0x000000f3893fedf0:   0000000000000000 00007ffd7db29a1d
0x000000f3893fee00:   00007ffd521d0000 0000000000000000
0x000000f3893fee10:   0000000000000001 000000007ffe0385
0x000000f3893fee20:   0000000000000000 00007ffd7db6f331
0x000000f3893fee30:   000042d40df29d00 0000000000000014
0x000000f3893fee40:   00007ffd521f66d0 0000000000000000
0x000000f3893fee50:   0000000000000000 000000f388930000
0x000000f3893fee60:   000002a5451bf120 00007ffd7db6f1ca
0x000000f3893fee70:   000002a5451be190 00007ffd521d0000 

Instructions: (pc=0x00007ffd521f8e37)
0x00007ffd521f8d37:   8b 4d 58 e8 d9 ce ff ff 48 8b 4d 60 e8 d0 ce ff
0x00007ffd521f8d47:   ff 48 8b 95 80 00 00 00 48 8b 8d 18 01 00 00 e8
0x00007ffd521f8d57:   b6 c4 ff ff 33 d2 33 c9 e8 1c e1 ff ff 90 48 89
0x00007ffd521f8d67:   54 24 10 55 48 83 ec 20 48 8b ea 48 b8 00 00 00
0x00007ffd521f8d77:   00 00 00 00 00 48 83 c4 20 5d c3 cc 40 55 48 8b
0x00007ffd521f8d87:   ea 48 8b 01 33 c9 81 38 05 00 00 c0 0f 94 c1 8b
0x00007ffd521f8d97:   c1 5d c3 cc 40 55 48 83 ec 20 48 8b ea 8a 4d 40
0x00007ffd521f8da7:   48 83 c4 20 5d e9 c3 d2 ff ff cc 40 55 48 83 ec
0x00007ffd521f8db7:   20 48 8b ea 8a 4d 20 e8 b1 d2 ff ff 90 48 83 c4
0x00007ffd521f8dc7:   20 5d c3 cc 40 55 48 83 ec 20 48 8b ea 48 83 c4
0x00007ffd521f8dd7:   20 5d e9 12 d1 ff ff cc 40 55 48 83 ec 30 48 8b
0x00007ffd521f8de7:   ea 48 8b 01 8b 10 48 89 4c 24 28 89 54 24 20 4c
0x00007ffd521f8df7:   8d 0d b3 d5 ff ff 4c 8b 45 70 8b 55 68 48 8b 4d
0x00007ffd521f8e07:   60 e8 53 d0 ff ff 90 48 83 c4 30 5d c3 cc cc cc
0x00007ffd521f8e17:   cc cc cc cc cc cc cc cc cc 40 53 48 83 ec 20 48
0x00007ffd521f8e27:   8b 1d 2b 6a 01 00 48 85 db 74 16 e8 a9 8f ff ff
0x00007ffd521f8e37:   4c 8b 00 48 8b d3 48 8b c8 41 ff 90 b0 00 00 00
0x00007ffd521f8e47:   90 48 83 c4 20 5b c3 cc cc 40 53 48 83 ec 20 48
0x00007ffd521f8e57:   8b 1d 6b 6b 01 00 48 85 db 74 57 b8 ff ff ff ff
0x00007ffd521f8e67:   f0 0f c1 43 10 83 f8 01 75 3d 48 85 db 74 38 48
0x00007ffd521f8e77:   8b 0b 48 85 c9 74 0d ff 15 2c 14 00 00 48 c7 03
0x00007ffd521f8e87:   00 00 00 00 48 8b 4b 08 48 85 c9 74 0d e8 7f cd
0x00007ffd521f8e97:   ff ff 48 c7 43 08 00 00 00 00 ba 18 00 00 00 48
0x00007ffd521f8ea7:   8b cb e8 6a cd ff ff 48 c7 05 0f 6b 01 00 00 00
0x00007ffd521f8eb7:   00 00 48 83 c4 20 5b c3 cc 40 53 48 83 ec 20 48
0x00007ffd521f8ec7:   8b 1d db 6a 01 00 48 85 db 74 57 b8 ff ff ff ff
0x00007ffd521f8ed7:   f0 0f c1 43 10 83 f8 01 75 3d 48 85 db 74 38 48
0x00007ffd521f8ee7:   8b 0b 48 85 c9 74 0d ff 15 bc 13 00 00 48 c7 03
0x00007ffd521f8ef7:   00 00 00 00 48 8b 4b 08 48 85 c9 74 0d e8 0f cd
0x00007ffd521f8f07:   ff ff 48 c7 43 08 00 00 00 00 ba 18 00 00 00 48
0x00007ffd521f8f17:   8b cb e8 fa cc ff ff 48 c7 05 7f 6a 01 00 00 00
0x00007ffd521f8f27:   00 00 48 83 c4 20 5b c3 cc 40 53 48 83 ec 20 48 


Stack slot to memory mapping:

stack at sp + 0 slots: 0x0 is null
stack at sp + 1 slots: 0x000002a545859da0 points into unknown readable memory: 0x1e806d84434c0d82 | 82 0d 4c 43 84 6d 80 1e
stack at sp + 2 slots: 0x00007ffd3d44c6e0 jvm.dll
stack at sp + 3 slots: 0x00007ffd521f66d0 glass.dll
stack at sp + 4 slots: 0x000002a545859da8 points into unknown readable memory: 0x00006d83bc992c74 | 74 2c 99 bc 83 6d 00 00
stack at sp + 5 slots: 0x00007ffd7ba442d6 ucrtbase.dll
stack at sp + 6 slots: 0x00006d83bc992c74 is an unknown value
stack at sp + 7 slots: 0x000002a500000000 is pointing into metadata

VM_Operation (0x000000f38acff3e0): Exit, mode: safepoint, requested by thread 0x000002a5464179f0


---------------  P R O C E S S  ---------------

Threads class SMR info:
_java_thread_list=0x000002a5464915a0, length=23, elements={
0x000002a5523d9030, 0x000002a56df5cff0, 0x000002a56df5e0c0, 0x000002a56df62900,
0x000002a56df63360, 0x000002a56df63dc0, 0x000002a56df64b50, 0x000002a56dfd14d0,
0x000002a5450b7110, 0x000002a5457e6960, 0x000002a545286b10, 0x000002a54600d360,
0x000002a5451c3de0, 0x000002a5460f9a20, 0x000002a545abc110, 0x000002a545a66f80,
0x000002a546418710, 0x000002a546415290, 0x000002a546415920, 0x000002a546417360,
0x000002a5464179f0, 0x000002a54538e020, 0x000002a545389e80
}
_to_delete_list=0x000002a54ebee630, length=24, elements={
0x000002a5523d9030, 0x000002a56df5cff0, 0x000002a56df5e0c0, 0x000002a56df5fe90,
0x000002a56df62900, 0x000002a56df63360, 0x000002a56df63dc0, 0x000002a56df64b50,
0x000002a56dfd14d0, 0x000002a5450b7110, 0x000002a5457e6960, 0x000002a545286b10,
0x000002a54600d360, 0x000002a5451c3de0, 0x000002a5460f9a20, 0x000002a545abc110,
0x000002a545a66f80, 0x000002a546418710, 0x000002a546415290, 0x000002a546415920,
0x000002a546417360, 0x000002a5464179f0, 0x000002a54538e020, 0x000002a545389e80
}

Java Threads: ( => current thread )
  0x000002a5523d9030 JavaThread "main"                              [_thread_blocked, id=9400, stack(0x000000f388c00000,0x000000f388d00000) (1024K)]
  0x000002a56df5cff0 JavaThread "Reference Handler"          daemon [_thread_blocked, id=8252, stack(0x000000f389400000,0x000000f389500000) (1024K)]
  0x000002a56df5e0c0 JavaThread "Finalizer"                  daemon [_thread_blocked, id=6152, stack(0x000000f389500000,0x000000f389600000) (1024K)]
  0x000002a56df62900 JavaThread "Attach Listener"            daemon [_thread_blocked, id=8292, stack(0x000000f389700000,0x000000f389800000) (1024K)]
  0x000002a56df63360 JavaThread "Service Thread"             daemon [_thread_blocked, id=10500, stack(0x000000f389800000,0x000000f389900000) (1024K)]
  0x000002a56df63dc0 JavaThread "Monitor Deflation Thread"   daemon [_thread_blocked, id=836, stack(0x000000f389900000,0x000000f389a00000) (1024K)]
  0x000002a56df64b50 JavaThread "C2 CompilerThread0"         daemon [_thread_blocked, id=4576, stack(0x000000f389a00000,0x000000f389b00000) (1024K)]
  0x000002a56dfd14d0 JavaThread "C1 CompilerThread0"         daemon [_thread_blocked, id=10208, stack(0x000000f389b00000,0x000000f389c00000) (1024K)]
  0x000002a5450b7110 JavaThread "Common-Cleaner"             daemon [_thread_blocked, id=10684, stack(0x000000f389c00000,0x000000f389d00000) (1024K)]
  0x000002a5457e6960 JavaThread "Monitor Ctrl-Break"         daemon [_thread_in_native, id=4884, stack(0x000000f389e00000,0x000000f389f00000) (1024K)]
  0x000002a545286b10 JavaThread "Notification Thread"        daemon [_thread_blocked, id=7304, stack(0x000000f389f00000,0x000000f38a000000) (1024K)]
  0x000002a54600d360 JavaThread "QuantumRenderer-0"          daemon [_thread_blocked, id=1520, stack(0x000000f38a000000,0x000000f38a100000) (1024K)]
  0x000002a5451c3de0 JavaThread "InvokeLaterDispatcher"      daemon [_thread_blocked, id=6420, stack(0x000000f38a300000,0x000000f38a400000) (1024K)]
  0x000002a5460f9a20 JavaThread "JavaFX Application Thread"         [_thread_in_native, id=6904, stack(0x000000f38a400000,0x000000f38a500000) (1024K)]
  0x000002a545abc110 JavaThread "JavaFX-Launcher"                   [_thread_blocked, id=1920, stack(0x000000f38ab00000,0x000000f38ac00000) (1024K)]
  0x000002a545a66f80 JavaThread "Thread-2"                   daemon [_thread_in_native, id=7600, stack(0x000000f38aa00000,0x000000f38ab00000) (1024K)]
  0x000002a546418710 JavaThread "Prism Font Disposer"        daemon [_thread_blocked, id=6916, stack(0x000000f38ad00000,0x000000f38ae00000) (1024K)]
  0x000002a546415290 JavaThread "Cleaner-0"                  daemon [_thread_blocked, id=8312, stack(0x000000f38ae00000,0x000000f38af00000) (1024K)]
  0x000002a546415920 JavaThread "Thread-3"                   daemon [_thread_in_native, id=4724, stack(0x000000f38b100000,0x000000f38b200000) (1024K)]
  0x000002a546417360 JavaThread "Timer-0"                    daemon [_thread_blocked, id=6448, stack(0x000000f388b00000,0x000000f388c00000) (1024K)]
  0x000002a5464179f0 JavaThread "SIGINT handler"             daemon [_thread_blocked, id=3060, stack(0x000000f38ac00000,0x000000f38ad00000) (1024K)]
  0x000002a54538e020 JavaThread "Glass/Prism Shutdown Hook"         [_thread_blocked, id=12608, stack(0x000000f38b200000,0x000000f38b300000) (1024K)]
  0x000002a545389e80 JavaThread "Thread-9"                   daemon [_thread_blocked, id=12000, stack(0x000000f38b300000,0x000000f38b400000) (1024K)]
Total: 23

Other Threads:
=>0x000002a56df48510 VMThread "VM Thread"                           [id=10564, stack(0x000000f389300000,0x000000f389400000) (1024K)]
  0x000002a552429ae0 WorkerThread "GC Thread#0"                     [id=1720, stack(0x000000f388d00000,0x000000f388e00000) (1024K)]
  0x000002a545876ec0 WorkerThread "GC Thread#1"                     [id=7956, stack(0x000000f389d00000,0x000000f389e00000) (1024K)]
  0x000002a55243c150 ConcurrentGCThread "G1 Main Marker"            terminated
  0x000002a55243ce10 WorkerThread "G1 Conc#0"                       [id=5532, stack(0x000000f388f00000,0x000000f389000000) (1024K)]
  0x000002a56de124c0 ConcurrentGCThread "G1 Refine#0"               terminated
  0x000002a552497110 ConcurrentGCThread "G1 Service"                terminated
Total: 7

Threads with active compile tasks:
Total: 0

VM state: at safepoint (shutting down)

VM Mutex/Monitor currently owned by a thread:  ([mutex/lock_event])
[0x00007ffd3d424888] Threads_lock - owner thread: 0x000002a56df48510
[0x00007ffd3d424988] Heap_lock - owner thread: 0x000002a5464179f0

Heap address: 0x0000000090c00000, size: 1780 MB, Compressed Oops mode: 32-bit

CDS archive(s) mapped at: [0x000002a500000000-0x000002a500d70000-0x000002a500d70000), size 14090240, SharedBaseAddress: 0x000002a500000000, ArchiveRelocationMode: 1.
Compressed class space mapped at: 0x000002a501000000-0x000002a541000000, reserved size: 1073741824
Narrow klass base: 0x000002a500000000, Narrow klass shift: 0, Narrow klass range: 0x41000000

GC Precious Log:
 CardTable entry size: 512
 Card Set container configuration: InlinePtr #cards 5 size 8 Array Of Cards #cards 10 size 36 Howl #buckets 4 coarsen threshold 1843 Howl Bitmap #cards 512 size 80 coarsen threshold 460 Card regions per heap region 1 cards per card region 2048
 CPUs: 2 total, 2 available
 Memory: 7116M
 Large Page Support: Disabled
 NUMA Support: Disabled
 Compressed Oops: Enabled (32-bit)
 Heap Region Size: 1M
 Heap Min Capacity: 8M
 Heap Initial Capacity: 112M
 Heap Max Capacity: 1780M
 Pre-touch: Disabled
 Parallel Workers: 2
 Concurrent Workers: 1
 Concurrent Refinement Workers: 2
 Periodic GC: Disabled

Heap:
 garbage-first heap   total reserved 1822720K, committed 176128K, used 114836K [0x0000000090c00000, 0x0000000100000000)
  region size 1024K, 7 young (7168K), 2 survivors (2048K)
 Metaspace       used 25636K, committed 26048K, reserved 1114112K
  class space    used 3660K, committed 3840K, reserved 1048576K

Heap Regions: E=young(eden), S=young(survivor), O=old, HS=humongous(starts), HC=humongous(continues), CS=collection set, F=free, TAMS=top-at-mark-start, PB=parsable bottom
|   0|0x0000000090c00000, 0x0000000090d00000, 0x0000000090d00000|100%|HS|  |TAMS 0x0000000090c00000| PB 0x0000000090c00000| Complete |  0
|   1|0x0000000090d00000, 0x0000000090e00000, 0x0000000090e00000|100%| O|  |TAMS 0x0000000090d00000| PB 0x0000000090d00000| Untracked |  0
|   2|0x0000000090e00000, 0x0000000090f00000, 0x0000000090f00000|100%| O|  |TAMS 0x0000000090e00000| PB 0x0000000090e00000| Untracked |  0
|   3|0x0000000090f00000, 0x0000000091000000, 0x0000000091000000|100%| O|  |TAMS 0x0000000090f00000| PB 0x0000000090f00000| Untracked |  0
|   4|0x0000000091000000, 0x0000000091100000, 0x0000000091100000|100%| O|  |TAMS 0x0000000091000000| PB 0x0000000091000000| Untracked |  0
|   5|0x0000000091100000, 0x0000000091200000, 0x0000000091200000|100%| O|  |TAMS 0x0000000091100000| PB 0x0000000091100000| Untracked |  0
|   6|0x0000000091200000, 0x0000000091300000, 0x0000000091300000|100%| O|  |TAMS 0x0000000091200000| PB 0x0000000091200000| Untracked |  1
|   7|0x0000000091300000, 0x0000000091400000, 0x0000000091400000|100%| O|  |TAMS 0x0000000091300000| PB 0x0000000091300000| Untracked |  0
|   8|0x0000000091400000, 0x0000000091500000, 0x0000000091500000|100%| O|  |TAMS 0x0000000091400000| PB 0x0000000091400000| Untracked |  0
|   9|0x0000000091500000, 0x0000000091600000, 0x0000000091600000|100%|HS|  |TAMS 0x0000000091500000| PB 0x0000000091500000| Complete |  0
|  10|0x0000000091600000, 0x0000000091700000, 0x0000000091700000|100%|HC|  |TAMS 0x0000000091600000| PB 0x0000000091600000| Complete |  0
|  11|0x0000000091700000, 0x0000000091800000, 0x0000000091800000|100%|HC|  |TAMS 0x0000000091700000| PB 0x0000000091700000| Complete |  0
|  12|0x0000000091800000, 0x0000000091900000, 0x0000000091900000|100%|HC|  |TAMS 0x0000000091800000| PB 0x0000000091800000| Complete |  0
|  13|0x0000000091900000, 0x0000000091a00000, 0x0000000091a00000|100%|HC|  |TAMS 0x0000000091900000| PB 0x0000000091900000| Complete |  0
|  14|0x0000000091a00000, 0x0000000091b00000, 0x0000000091b00000|100%|HC|  |TAMS 0x0000000091a00000| PB 0x0000000091a00000| Complete |  0
|  15|0x0000000091b00000, 0x0000000091c00000, 0x0000000091c00000|100%|HC|  |TAMS 0x0000000091b00000| PB 0x0000000091b00000| Complete |  0
|  16|0x0000000091c00000, 0x0000000091d00000, 0x0000000091d00000|100%| O|  |TAMS 0x0000000091c00000| PB 0x0000000091c00000| Untracked |  0
|  17|0x0000000091d00000, 0x0000000091dca4c0, 0x0000000091e00000| 79%| O|Cm|TAMS 0x0000000091d00000| PB 0x0000000091d00000| Complete |  0
|  18|0x0000000091e00000, 0x0000000091f00000, 0x0000000091f00000|100%|HS|  |TAMS 0x0000000091e00000| PB 0x0000000091e00000| Complete |  0
|  19|0x0000000091f00000, 0x0000000092000000, 0x0000000092000000|100%|HC|  |TAMS 0x0000000091f00000| PB 0x0000000091f00000| Complete |  0
|  20|0x0000000092000000, 0x0000000092100000, 0x0000000092100000|100%|HC|  |TAMS 0x0000000092000000| PB 0x0000000092000000| Complete |  0
|  21|0x0000000092100000, 0x0000000092200000, 0x0000000092200000|100%|HC|  |TAMS 0x0000000092100000| PB 0x0000000092100000| Complete |  0
|  22|0x0000000092200000, 0x0000000092300000, 0x0000000092300000|100%|HS|  |TAMS 0x0000000092200000| PB 0x0000000092200000| Complete |  0
|  23|0x0000000092300000, 0x0000000092400000, 0x0000000092400000|100%|HC|  |TAMS 0x0000000092300000| PB 0x0000000092300000| Complete |  0
|  24|0x0000000092400000, 0x0000000092500000, 0x0000000092500000|100%|HS|  |TAMS 0x0000000092400000| PB 0x0000000092400000| Complete |  0
|  25|0x0000000092500000, 0x0000000092600000, 0x0000000092600000|100%|HC|  |TAMS 0x0000000092500000| PB 0x0000000092500000| Complete |  0
|  26|0x0000000092600000, 0x0000000092600000, 0x0000000092700000|  0%| F|  |TAMS 0x0000000092600000| PB 0x0000000092600000| Untracked |  0
|  27|0x0000000092700000, 0x0000000092800000, 0x0000000092800000|100%|HS|  |TAMS 0x0000000092700000| PB 0x0000000092700000| Complete |  0
|  28|0x0000000092800000, 0x0000000092900000, 0x0000000092900000|100%|HC|  |TAMS 0x0000000092800000| PB 0x0000000092800000| Complete |  0
|  29|0x0000000092900000, 0x0000000092a00000, 0x0000000092a00000|100%|HC|  |TAMS 0x0000000092900000| PB 0x0000000092900000| Complete |  0
|  30|0x0000000092a00000, 0x0000000092b00000, 0x0000000092b00000|100%|HC|  |TAMS 0x0000000092a00000| PB 0x0000000092a00000| Complete |  0
|  31|0x0000000092b00000, 0x0000000092c00000, 0x0000000092c00000|100%|HS|  |TAMS 0x0000000092b00000| PB 0x0000000092b00000| Complete |  0
|  32|0x0000000092c00000, 0x0000000092d00000, 0x0000000092d00000|100%|HC|  |TAMS 0x0000000092c00000| PB 0x0000000092c00000| Complete |  0
|  33|0x0000000092d00000, 0x0000000092e00000, 0x0000000092e00000|100%|HC|  |TAMS 0x0000000092d00000| PB 0x0000000092d00000| Complete |  0
|  34|0x0000000092e00000, 0x0000000092f00000, 0x0000000092f00000|100%|HC|  |TAMS 0x0000000092e00000| PB 0x0000000092e00000| Complete |  0
|  35|0x0000000092f00000, 0x0000000092f00000, 0x0000000093000000|  0%| F|  |TAMS 0x0000000092f00000| PB 0x0000000092f00000| Untracked |  0
|  36|0x0000000093000000, 0x0000000093100000, 0x0000000093100000|100%|HS|  |TAMS 0x0000000093000000| PB 0x0000000093000000| Complete |  0
|  37|0x0000000093100000, 0x0000000093200000, 0x0000000093200000|100%|HC|  |TAMS 0x0000000093100000| PB 0x0000000093100000| Complete |  0
|  38|0x0000000093200000, 0x0000000093300000, 0x0000000093300000|100%|HS|  |TAMS 0x0000000093200000| PB 0x0000000093200000| Complete |  0
|  39|0x0000000093300000, 0x0000000093400000, 0x0000000093400000|100%|HC|  |TAMS 0x0000000093300000| PB 0x0000000093300000| Complete |  0
|  40|0x0000000093400000, 0x0000000093500000, 0x0000000093500000|100%|HC|  |TAMS 0x0000000093400000| PB 0x0000000093400000| Complete |  0
|  41|0x0000000093500000, 0x0000000093600000, 0x0000000093600000|100%|HC|  |TAMS 0x0000000093500000| PB 0x0000000093500000| Complete |  0
|  42|0x0000000093600000, 0x0000000093700000, 0x0000000093700000|100%|HS|  |TAMS 0x0000000093600000| PB 0x0000000093600000| Complete |  0
|  43|0x0000000093700000, 0x0000000093800000, 0x0000000093800000|100%|HC|  |TAMS 0x0000000093700000| PB 0x0000000093700000| Complete |  0
|  44|0x0000000093800000, 0x0000000093800000, 0x0000000093900000|  0%| F|  |TAMS 0x0000000093800000| PB 0x0000000093800000| Untracked |  0
|  45|0x0000000093900000, 0x0000000093900000, 0x0000000093a00000|  0%| F|  |TAMS 0x0000000093900000| PB 0x0000000093900000| Untracked |  0
|  46|0x0000000093a00000, 0x0000000093b00000, 0x0000000093b00000|100%|HS|  |TAMS 0x0000000093a00000| PB 0x0000000093a00000| Complete |  0
|  47|0x0000000093b00000, 0x0000000093c00000, 0x0000000093c00000|100%|HC|  |TAMS 0x0000000093b00000| PB 0x0000000093b00000| Complete |  0
|  48|0x0000000093c00000, 0x0000000093d00000, 0x0000000093d00000|100%|HC|  |TAMS 0x0000000093c00000| PB 0x0000000093c00000| Complete |  0
|  49|0x0000000093d00000, 0x0000000093e00000, 0x0000000093e00000|100%|HC|  |TAMS 0x0000000093d00000| PB 0x0000000093d00000| Complete |  0
|  50|0x0000000093e00000, 0x0000000093e00000, 0x0000000093f00000|  0%| F|  |TAMS 0x0000000093e00000| PB 0x0000000093e00000| Untracked |  0
|  51|0x0000000093f00000, 0x0000000094000000, 0x0000000094000000|100%|HS|  |TAMS 0x0000000093f00000| PB 0x0000000093f00000| Complete |  0
|  52|0x0000000094000000, 0x0000000094100000, 0x0000000094100000|100%|HC|  |TAMS 0x0000000094000000| PB 0x0000000094000000| Complete |  0
|  53|0x0000000094100000, 0x0000000094200000, 0x0000000094200000|100%|HC|  |TAMS 0x0000000094100000| PB 0x0000000094100000| Complete |  0
|  54|0x0000000094200000, 0x0000000094300000, 0x0000000094300000|100%|HC|  |TAMS 0x0000000094200000| PB 0x0000000094200000| Complete |  0
|  55|0x0000000094300000, 0x00000000943e1640, 0x0000000094400000| 88%| O|  |TAMS 0x0000000094300000| PB 0x0000000094300000| Untracked |  0
|  56|0x0000000094400000, 0x0000000094500000, 0x0000000094500000|100%|HS|  |TAMS 0x0000000094400000| PB 0x0000000094400000| Complete |  0
|  57|0x0000000094500000, 0x0000000094600000, 0x0000000094600000|100%|HC|  |TAMS 0x0000000094500000| PB 0x0000000094500000| Complete |  0
|  58|0x0000000094600000, 0x0000000094700000, 0x0000000094700000|100%|HS|  |TAMS 0x0000000094600000| PB 0x0000000094600000| Complete |  0
|  59|0x0000000094700000, 0x0000000094800000, 0x0000000094800000|100%|HC|  |TAMS 0x0000000094700000| PB 0x0000000094700000| Complete |  0
|  60|0x0000000094800000, 0x0000000094900000, 0x0000000094900000|100%|HC|  |TAMS 0x0000000094800000| PB 0x0000000094800000| Complete |  0
|  61|0x0000000094900000, 0x0000000094a00000, 0x0000000094a00000|100%|HC|  |TAMS 0x0000000094900000| PB 0x0000000094900000| Complete |  0
|  62|0x0000000094a00000, 0x0000000094b00000, 0x0000000094b00000|100%|HS|  |TAMS 0x0000000094a00000| PB 0x0000000094a00000| Complete |  0
|  63|0x0000000094b00000, 0x0000000094c00000, 0x0000000094c00000|100%|HC|  |TAMS 0x0000000094b00000| PB 0x0000000094b00000| Complete |  0
|  64|0x0000000094c00000, 0x0000000094c00000, 0x0000000094d00000|  0%| F|  |TAMS 0x0000000094c00000| PB 0x0000000094c00000| Untracked |  0
|  65|0x0000000094d00000, 0x0000000094e00000, 0x0000000094e00000|100%|HS|  |TAMS 0x0000000094d00000| PB 0x0000000094d00000| Complete |  0
|  66|0x0000000094e00000, 0x0000000094f00000, 0x0000000094f00000|100%|HC|  |TAMS 0x0000000094e00000| PB 0x0000000094e00000| Complete |  0
|  67|0x0000000094f00000, 0x0000000095000000, 0x0000000095000000|100%|HC|  |TAMS 0x0000000094f00000| PB 0x0000000094f00000| Complete |  0
|  68|0x0000000095000000, 0x0000000095100000, 0x0000000095100000|100%|HC|  |TAMS 0x0000000095000000| PB 0x0000000095000000| Complete |  0
|  69|0x0000000095100000, 0x0000000095100000, 0x0000000095200000|  0%| F|  |TAMS 0x0000000095100000| PB 0x0000000095100000| Untracked |  0
|  70|0x0000000095200000, 0x0000000095300000, 0x0000000095300000|100%|HS|  |TAMS 0x0000000095200000| PB 0x0000000095200000| Complete |  0
|  71|0x0000000095300000, 0x0000000095400000, 0x0000000095400000|100%|HC|  |TAMS 0x0000000095300000| PB 0x0000000095300000| Complete |  0
|  72|0x0000000095400000, 0x0000000095500000, 0x0000000095500000|100%|HS|  |TAMS 0x0000000095400000| PB 0x0000000095400000| Complete |  0
|  73|0x0000000095500000, 0x0000000095600000, 0x0000000095600000|100%|HC|  |TAMS 0x0000000095500000| PB 0x0000000095500000| Complete |  0
|  74|0x0000000095600000, 0x0000000095700000, 0x0000000095700000|100%|HS|  |TAMS 0x0000000095600000| PB 0x0000000095600000| Complete |  0
|  75|0x0000000095700000, 0x0000000095800000, 0x0000000095800000|100%|HC|  |TAMS 0x0000000095700000| PB 0x0000000095700000| Complete |  0
|  76|0x0000000095800000, 0x0000000095900000, 0x0000000095900000|100%|HC|  |TAMS 0x0000000095800000| PB 0x0000000095800000| Complete |  0
|  77|0x0000000095900000, 0x0000000095a00000, 0x0000000095a00000|100%|HC|  |TAMS 0x0000000095900000| PB 0x0000000095900000| Complete |  0
|  78|0x0000000095a00000, 0x0000000095b00000, 0x0000000095b00000|100%|HS|  |TAMS 0x0000000095a00000| PB 0x0000000095a00000| Complete |  0
|  79|0x0000000095b00000, 0x0000000095c00000, 0x0000000095c00000|100%|HC|  |TAMS 0x0000000095b00000| PB 0x0000000095b00000| Complete |  0
|  80|0x0000000095c00000, 0x0000000095d00000, 0x0000000095d00000|100%|HC|  |TAMS 0x0000000095c00000| PB 0x0000000095c00000| Complete |  0
|  81|0x0000000095d00000, 0x0000000095e00000, 0x0000000095e00000|100%|HC|  |TAMS 0x0000000095d00000| PB 0x0000000095d00000| Complete |  0
|  82|0x0000000095e00000, 0x0000000095f00000, 0x0000000095f00000|100%|HS|  |TAMS 0x0000000095e00000| PB 0x0000000095e00000| Complete |  0
|  83|0x0000000095f00000, 0x0000000096000000, 0x0000000096000000|100%|HC|  |TAMS 0x0000000095f00000| PB 0x0000000095f00000| Complete |  0
|  84|0x0000000096000000, 0x0000000096100000, 0x0000000096100000|100%|HS|  |TAMS 0x0000000096000000| PB 0x0000000096000000| Complete |  0
|  85|0x0000000096100000, 0x0000000096200000, 0x0000000096200000|100%|HC|  |TAMS 0x0000000096100000| PB 0x0000000096100000| Complete |  0
|  86|0x0000000096200000, 0x0000000096300000, 0x0000000096300000|100%|HS|  |TAMS 0x0000000096200000| PB 0x0000000096200000| Complete |  0
|  87|0x0000000096300000, 0x0000000096400000, 0x0000000096400000|100%|HC|  |TAMS 0x0000000096300000| PB 0x0000000096300000| Complete |  0
|  88|0x0000000096400000, 0x0000000096500000, 0x0000000096500000|100%|HC|  |TAMS 0x0000000096400000| PB 0x0000000096400000| Complete |  0
|  89|0x0000000096500000, 0x0000000096600000, 0x0000000096600000|100%|HC|  |TAMS 0x0000000096500000| PB 0x0000000096500000| Complete |  0
|  90|0x0000000096600000, 0x0000000096600000, 0x0000000096700000|  0%| F|  |TAMS 0x0000000096600000| PB 0x0000000096600000| Untracked |  0
|  91|0x0000000096700000, 0x0000000096700000, 0x0000000096800000|  0%| F|  |TAMS 0x0000000096700000| PB 0x0000000096700000| Untracked |  0
|  92|0x0000000096800000, 0x0000000096900000, 0x0000000096900000|100%|HS|  |TAMS 0x0000000096800000| PB 0x0000000096800000| Complete |  0
|  93|0x0000000096900000, 0x0000000096a00000, 0x0000000096a00000|100%|HC|  |TAMS 0x0000000096900000| PB 0x0000000096900000| Complete |  0
|  94|0x0000000096a00000, 0x0000000096b00000, 0x0000000096b00000|100%|HC|  |TAMS 0x0000000096a00000| PB 0x0000000096a00000| Complete |  0
|  95|0x0000000096b00000, 0x0000000096c00000, 0x0000000096c00000|100%|HC|  |TAMS 0x0000000096b00000| PB 0x0000000096b00000| Complete |  0
|  96|0x0000000096c00000, 0x0000000096c00000, 0x0000000096d00000|  0%| F|  |TAMS 0x0000000096c00000| PB 0x0000000096c00000| Untracked |  0
|  97|0x0000000096d00000, 0x0000000096d00000, 0x0000000096e00000|  0%| F|  |TAMS 0x0000000096d00000| PB 0x0000000096d00000| Untracked |  0
|  98|0x0000000096e00000, 0x0000000096e00000, 0x0000000096f00000|  0%| F|  |TAMS 0x0000000096e00000| PB 0x0000000096e00000| Untracked |  0
|  99|0x0000000096f00000, 0x0000000096f00000, 0x0000000097000000|  0%| F|  |TAMS 0x0000000096f00000| PB 0x0000000096f00000| Untracked |  0
| 100|0x0000000097000000, 0x0000000097100000, 0x0000000097100000|100%|HS|  |TAMS 0x0000000097000000| PB 0x0000000097000000| Complete |  0
| 101|0x0000000097100000, 0x0000000097200000, 0x0000000097200000|100%|HC|  |TAMS 0x0000000097100000| PB 0x0000000097100000| Complete |  0
| 102|0x0000000097200000, 0x0000000097300000, 0x0000000097300000|100%|HC|  |TAMS 0x0000000097200000| PB 0x0000000097200000| Complete |  0
| 103|0x0000000097300000, 0x0000000097400000, 0x0000000097400000|100%|HC|  |TAMS 0x0000000097300000| PB 0x0000000097300000| Complete |  0
| 104|0x0000000097400000, 0x0000000097400000, 0x0000000097500000|  0%| F|  |TAMS 0x0000000097400000| PB 0x0000000097400000| Untracked |  0
| 105|0x0000000097500000, 0x0000000097500000, 0x0000000097600000|  0%| F|  |TAMS 0x0000000097500000| PB 0x0000000097500000| Untracked |  0
| 106|0x0000000097600000, 0x0000000097600000, 0x0000000097700000|  0%| F|  |TAMS 0x0000000097600000| PB 0x0000000097600000| Untracked |  0
| 107|0x0000000097700000, 0x0000000097700000, 0x0000000097800000|  0%| F|  |TAMS 0x0000000097700000| PB 0x0000000097700000| Untracked |  0
| 108|0x0000000097800000, 0x0000000097800000, 0x0000000097900000|  0%| F|  |TAMS 0x0000000097800000| PB 0x0000000097800000| Untracked |  0
| 109|0x0000000097900000, 0x0000000097a00000, 0x0000000097a00000|100%|HS|  |TAMS 0x0000000097900000| PB 0x0000000097900000| Complete |  0
| 110|0x0000000097a00000, 0x0000000097b00000, 0x0000000097b00000|100%|HC|  |TAMS 0x0000000097a00000| PB 0x0000000097a00000| Complete |  0
| 111|0x0000000097b00000, 0x0000000097c00000, 0x0000000097c00000|100%|HC|  |TAMS 0x0000000097b00000| PB 0x0000000097b00000| Complete |  0
| 112|0x0000000097c00000, 0x0000000097d00000, 0x0000000097d00000|100%|HC|  |TAMS 0x0000000097c00000| PB 0x0000000097c00000| Complete |  0
| 113|0x0000000097d00000, 0x0000000097e00000, 0x0000000097e00000|100%|HS|  |TAMS 0x0000000097d00000| PB 0x0000000097d00000| Complete |  0
| 114|0x0000000097e00000, 0x0000000097f00000, 0x0000000097f00000|100%|HC|  |TAMS 0x0000000097e00000| PB 0x0000000097e00000| Complete |  0
| 115|0x0000000097f00000, 0x0000000098000000, 0x0000000098000000|100%|HC|  |TAMS 0x0000000097f00000| PB 0x0000000097f00000| Complete |  0
| 116|0x0000000098000000, 0x0000000098100000, 0x0000000098100000|100%|HC|  |TAMS 0x0000000098000000| PB 0x0000000098000000| Complete |  0
| 117|0x0000000098100000, 0x0000000098100000, 0x0000000098200000|  0%| F|  |TAMS 0x0000000098100000| PB 0x0000000098100000| Untracked |  0
| 118|0x0000000098200000, 0x0000000098200000, 0x0000000098300000|  0%| F|  |TAMS 0x0000000098200000| PB 0x0000000098200000| Untracked |  0
| 119|0x0000000098300000, 0x0000000098300000, 0x0000000098400000|  0%| F|  |TAMS 0x0000000098300000| PB 0x0000000098300000| Untracked |  0
| 120|0x0000000098400000, 0x0000000098400000, 0x0000000098500000|  0%| F|  |TAMS 0x0000000098400000| PB 0x0000000098400000| Untracked |  0
| 121|0x0000000098500000, 0x0000000098500000, 0x0000000098600000|  0%| F|  |TAMS 0x0000000098500000| PB 0x0000000098500000| Untracked |  0
| 122|0x0000000098600000, 0x0000000098600000, 0x0000000098700000|  0%| F|  |TAMS 0x0000000098600000| PB 0x0000000098600000| Untracked |  0
| 123|0x0000000098700000, 0x0000000098700000, 0x0000000098800000|  0%| F|  |TAMS 0x0000000098700000| PB 0x0000000098700000| Untracked |  0
| 124|0x0000000098800000, 0x0000000098800000, 0x0000000098900000|  0%| F|  |TAMS 0x0000000098800000| PB 0x0000000098800000| Untracked |  0
| 125|0x0000000098900000, 0x0000000098900000, 0x0000000098a00000|  0%| F|  |TAMS 0x0000000098900000| PB 0x0000000098900000| Untracked |  0
| 126|0x0000000098a00000, 0x0000000098a00000, 0x0000000098b00000|  0%| F|  |TAMS 0x0000000098a00000| PB 0x0000000098a00000| Untracked |  0
| 127|0x0000000098b00000, 0x0000000098b00000, 0x0000000098c00000|  0%| F|  |TAMS 0x0000000098b00000| PB 0x0000000098b00000| Untracked |  0
| 128|0x0000000098c00000, 0x0000000098c00000, 0x0000000098d00000|  0%| F|  |TAMS 0x0000000098c00000| PB 0x0000000098c00000| Untracked |  0
| 129|0x0000000098d00000, 0x0000000098d00000, 0x0000000098e00000|  0%| F|  |TAMS 0x0000000098d00000| PB 0x0000000098d00000| Untracked |  0
| 130|0x0000000098e00000, 0x0000000098e00000, 0x0000000098f00000|  0%| F|  |TAMS 0x0000000098e00000| PB 0x0000000098e00000| Untracked |  0
| 131|0x0000000098f00000, 0x0000000098f00000, 0x0000000099000000|  0%| F|  |TAMS 0x0000000098f00000| PB 0x0000000098f00000| Untracked |  0
| 132|0x0000000099000000, 0x0000000099000000, 0x0000000099100000|  0%| F|  |TAMS 0x0000000099000000| PB 0x0000000099000000| Untracked |  0
| 133|0x0000000099100000, 0x0000000099100000, 0x0000000099200000|  0%| F|  |TAMS 0x0000000099100000| PB 0x0000000099100000| Untracked |  0
| 134|0x0000000099200000, 0x0000000099200000, 0x0000000099300000|  0%| F|  |TAMS 0x0000000099200000| PB 0x0000000099200000| Untracked |  0
| 135|0x0000000099300000, 0x0000000099300000, 0x0000000099400000|  0%| F|  |TAMS 0x0000000099300000| PB 0x0000000099300000| Untracked |  0
| 136|0x0000000099400000, 0x0000000099400000, 0x0000000099500000|  0%| F|  |TAMS 0x0000000099400000| PB 0x0000000099400000| Untracked |  0
| 137|0x0000000099500000, 0x0000000099500000, 0x0000000099600000|  0%| F|  |TAMS 0x0000000099500000| PB 0x0000000099500000| Untracked |  0
| 138|0x0000000099600000, 0x0000000099600000, 0x0000000099700000|  0%| F|  |TAMS 0x0000000099600000| PB 0x0000000099600000| Untracked |  0
| 139|0x0000000099700000, 0x0000000099700000, 0x0000000099800000|  0%| F|  |TAMS 0x0000000099700000| PB 0x0000000099700000| Untracked |  0
| 140|0x0000000099800000, 0x0000000099800000, 0x0000000099900000|  0%| F|  |TAMS 0x0000000099800000| PB 0x0000000099800000| Untracked |  0
| 141|0x0000000099900000, 0x0000000099900000, 0x0000000099a00000|  0%| F|  |TAMS 0x0000000099900000| PB 0x0000000099900000| Untracked |  0
| 142|0x0000000099a00000, 0x0000000099a00000, 0x0000000099b00000|  0%| F|  |TAMS 0x0000000099a00000| PB 0x0000000099a00000| Untracked |  0
| 143|0x0000000099b00000, 0x0000000099b00000, 0x0000000099c00000|  0%| F|  |TAMS 0x0000000099b00000| PB 0x0000000099b00000| Untracked |  0
| 144|0x0000000099c00000, 0x0000000099c798c0, 0x0000000099d00000| 47%| S|CS|TAMS 0x0000000099c00000| PB 0x0000000099c00000| Complete |  0
| 145|0x0000000099d00000, 0x0000000099e00000, 0x0000000099e00000|100%| S|CS|TAMS 0x0000000099d00000| PB 0x0000000099d00000| Complete |  0
| 146|0x0000000099e00000, 0x0000000099e00000, 0x0000000099f00000|  0%| F|  |TAMS 0x0000000099e00000| PB 0x0000000099e00000| Untracked |  0
| 147|0x0000000099f00000, 0x0000000099f00000, 0x000000009a000000|  0%| F|  |TAMS 0x0000000099f00000| PB 0x0000000099f00000| Untracked |  0
| 148|0x000000009a000000, 0x000000009a000000, 0x000000009a100000|  0%| F|  |TAMS 0x000000009a000000| PB 0x000000009a000000| Untracked |  0
| 149|0x000000009a100000, 0x000000009a100000, 0x000000009a200000|  0%| F|  |TAMS 0x000000009a100000| PB 0x000000009a100000| Untracked |  0
| 150|0x000000009a200000, 0x000000009a200000, 0x000000009a300000|  0%| F|  |TAMS 0x000000009a200000| PB 0x000000009a200000| Untracked |  0
| 151|0x000000009a300000, 0x000000009a300000, 0x000000009a400000|  0%| F|  |TAMS 0x000000009a300000| PB 0x000000009a300000| Untracked |  0
| 152|0x000000009a400000, 0x000000009a400000, 0x000000009a500000|  0%| F|  |TAMS 0x000000009a400000| PB 0x000000009a400000| Untracked |  0
| 153|0x000000009a500000, 0x000000009a500000, 0x000000009a600000|  0%| F|  |TAMS 0x000000009a500000| PB 0x000000009a500000| Untracked |  0
| 154|0x000000009a600000, 0x000000009a600000, 0x000000009a700000|  0%| F|  |TAMS 0x000000009a600000| PB 0x000000009a600000| Untracked |  0
| 155|0x000000009a700000, 0x000000009a700000, 0x000000009a800000|  0%| F|  |TAMS 0x000000009a700000| PB 0x000000009a700000| Untracked |  0
| 156|0x000000009a800000, 0x000000009a800000, 0x000000009a900000|  0%| F|  |TAMS 0x000000009a800000| PB 0x000000009a800000| Untracked |  0
| 157|0x000000009a900000, 0x000000009a900000, 0x000000009aa00000|  0%| F|  |TAMS 0x000000009a900000| PB 0x000000009a900000| Untracked |  0
| 158|0x000000009aa00000, 0x000000009aa00000, 0x000000009ab00000|  0%| F|  |TAMS 0x000000009aa00000| PB 0x000000009aa00000| Untracked |  0
| 159|0x000000009ab00000, 0x000000009ab73380, 0x000000009ac00000| 45%| E|  |TAMS 0x000000009ab00000| PB 0x000000009ab00000| Complete |  0
| 160|0x000000009ac00000, 0x000000009ad00000, 0x000000009ad00000|100%| E|CS|TAMS 0x000000009ac00000| PB 0x000000009ac00000| Complete |  0
| 161|0x000000009ad00000, 0x000000009ae00000, 0x000000009ae00000|100%| E|CS|TAMS 0x000000009ad00000| PB 0x000000009ad00000| Complete |  0
| 162|0x000000009ae00000, 0x000000009af00000, 0x000000009af00000|100%| E|CS|TAMS 0x000000009ae00000| PB 0x000000009ae00000| Complete |  0
|1771|0x00000000ff700000, 0x00000000ff800000, 0x00000000ff800000|100%| O|  |TAMS 0x00000000ff700000| PB 0x00000000ff700000| Untracked |  0
|1772|0x00000000ff800000, 0x00000000ff900000, 0x00000000ff900000|100%| E|CS|TAMS 0x00000000ff800000| PB 0x00000000ff800000| Complete |  0
|1773|0x00000000ff900000, 0x00000000ffa00000, 0x00000000ffa00000|100%| O|  |TAMS 0x00000000ff900000| PB 0x00000000ff900000| Untracked |  0
|1774|0x00000000ffa00000, 0x00000000ffb00000, 0x00000000ffb00000|100%| O|  |TAMS 0x00000000ffa00000| PB 0x00000000ffa00000| Untracked |  0
|1775|0x00000000ffb00000, 0x00000000ffc00000, 0x00000000ffc00000|100%| O|  |TAMS 0x00000000ffb00000| PB 0x00000000ffb00000| Untracked |  0
|1776|0x00000000ffc00000, 0x00000000ffd00000, 0x00000000ffd00000|100%| O|  |TAMS 0x00000000ffc00000| PB 0x00000000ffc00000| Untracked |  0
|1777|0x00000000ffd00000, 0x00000000ffe00000, 0x00000000ffe00000|100%| O|  |TAMS 0x00000000ffd00000| PB 0x00000000ffd00000| Untracked |  0
|1778|0x00000000ffe00000, 0x00000000fff00000, 0x00000000fff00000|100%| O|  |TAMS 0x00000000ffe00000| PB 0x00000000ffe00000| Untracked |  0
|1779|0x00000000fff00000, 0x0000000100000000, 0x0000000100000000|100%| O|  |TAMS 0x00000000fff00000| PB 0x00000000fff00000| Untracked |  0

Card table byte_map: [0x000002a569ea0000,0x000002a56a220000] _byte_map_base: 0x000002a569a1a000

Marking Bits: (CMBitMap*) 0x000002a55242a1f0
 Bits: [0x000002a56a220000, 0x000002a56bdf0000)

Polling page: 0x000002a5500a0000

Metaspace:

Usage:
  Non-class:     21.46 MB used.
      Class:      3.58 MB used.
       Both:     25.04 MB used.

Virtual space:
  Non-class space:       64.00 MB reserved,      21.69 MB ( 34%) committed,  1 nodes.
      Class space:        1.00 GB reserved,       3.75 MB ( <1%) committed,  1 nodes.
             Both:        1.06 GB reserved,      25.44 MB (  2%) committed. 

Chunk freelists:
   Non-Class:  9.72 MB
       Class:  12.08 MB
        Both:  21.80 MB

MaxMetaspaceSize: unlimited
CompressedClassSpaceSize: 1.00 GB
Initial GC threshold: 21.00 MB
Current GC threshold: 41.69 MB
CDS: on
 - commit_granule_bytes: 65536.
 - commit_granule_words: 8192.
 - virtual_space_node_default_size: 8388608.
 - enlarge_chunks_in_place: 1.
 - use_allocation_guard: 0.


Internal statistics:

num_allocs_failed_limit: 3.
num_arena_births: 502.
num_arena_deaths: 0.
num_vsnodes_births: 2.
num_vsnodes_deaths: 0.
num_space_committed: 407.
num_space_uncommitted: 0.
num_chunks_returned_to_freelist: 3.
num_chunks_taken_from_freelist: 1370.
num_chunk_merges: 3.
num_chunk_splits: 902.
num_chunks_enlarged: 623.
num_inconsistent_stats: 0.

CodeHeap 'non-profiled nmethods': size=120128Kb used=2405Kb max_used=2405Kb free=117722Kb
 bounds [0x000002a5625d0000, 0x000002a562840000, 0x000002a569b20000]
CodeHeap 'profiled nmethods': size=120000Kb used=9303Kb max_used=9303Kb free=110696Kb
 bounds [0x000002a55ab20000, 0x000002a55b440000, 0x000002a562050000]
CodeHeap 'non-nmethods': size=5632Kb used=1861Kb max_used=1902Kb free=3770Kb
 bounds [0x000002a562050000, 0x000002a5622c0000, 0x000002a5625d0000]
CodeCache: size=245760Kb, used=13569Kb, max_used=13610Kb, free=232188Kb
 total_blobs=6819, nmethods=5931, adapters=793, full_count=0
Compilation: enabled, stopped_count=0, restarted_count=0

Compilation events (20 events):
Event: 188.169 Thread 0x000002a56dfd14d0 6779       3       com.google.gson.internal.bind.ReflectiveTypeAdapterFactory$FieldReflectionAdapter::finalize (2 bytes)
Event: 188.169 Thread 0x000002a56dfd14d0 nmethod 6779 0x000002a55b432908 code [0x000002a55b432a20, 0x000002a55b432b30]
Event: 188.172 Thread 0x000002a56dfd14d0 6780       3       java.lang.Class::isEnum (27 bytes)
Event: 188.172 Thread 0x000002a56dfd14d0 nmethod 6780 0x000002a55b432c08 code [0x000002a55b432d40, 0x000002a55b432f30]
Event: 188.174 Thread 0x000002a56dfd14d0 6781       3       com.google.gson.stream.JsonReader::nextQuotedValue (270 bytes)
Event: 188.177 Thread 0x000002a56dfd14d0 nmethod 6781 0x000002a55b432f88 code [0x000002a55b433280, 0x000002a55b4346e0]
Event: 188.177 Thread 0x000002a56dfd14d0 6782       3       java.lang.reflect.ReflectAccess::getRoot (5 bytes)
Event: 188.177 Thread 0x000002a56dfd14d0 nmethod 6782 0x000002a55b434788 code [0x000002a55b4348a0, 0x000002a55b434a78]
Event: 188.177 Thread 0x000002a56dfd14d0 6783       3       jdk.internal.reflect.MethodHandleAccessorFactory::ensureClassInitialized (18 bytes)
Event: 188.178 Thread 0x000002a56dfd14d0 nmethod 6783 0x000002a55b434a88 code [0x000002a55b434c00, 0x000002a55b435058]
Event: 188.178 Thread 0x000002a56dfd14d0 6784       3       jdk.internal.reflect.MagicAccessorImpl::<init> (5 bytes)
Event: 188.178 Thread 0x000002a56dfd14d0 nmethod 6784 0x000002a55b435088 code [0x000002a55b4351a0, 0x000002a55b435308]
Event: 189.281 Thread 0x000002a56dfd14d0 6785       3       java.util.EnumMap::values (25 bytes)
Event: 189.281 Thread 0x000002a56dfd14d0 nmethod 6785 0x000002a55b435388 code [0x000002a55b4354c0, 0x000002a55b435828]
Event: 189.282 Thread 0x000002a56dfd14d0 6786       3       java.util.EnumMap$Values::iterator (12 bytes)
Event: 189.282 Thread 0x000002a56dfd14d0 nmethod 6786 0x000002a55b435888 code [0x000002a55b4359c0, 0x000002a55b435d08]
Event: 189.345 Thread 0x000002a56df64b50 6787       4       com.sun.javafx.geom.PickRay::setDirection (12 bytes)
Event: 189.346 Thread 0x000002a56df64b50 nmethod 6787 0x000002a562829188 code [0x000002a562829280, 0x000002a562829330]
Event: 202.426 Thread 0x000002a56df64b50 6788       4       java.lang.invoke.DirectMethodHandle$Holder::invokeStatic (15 bytes)
Event: 202.429 Thread 0x000002a56df64b50 nmethod 6788 0x000002a562829488 code [0x000002a5628295a0, 0x000002a562829688]

GC Heap History (20 events):
Event: 5.294 GC heap before
{Heap before GC invocations=4 (full 0):
 garbage-first heap   total reserved 1822720K, committed 114688K, used 25726K [0x0000000090c00000, 0x0000000100000000)
  region size 1024K, 21 young (21504K), 3 survivors (3072K)
 Metaspace       used 12157K, committed 12544K, reserved 1114112K
  class space    used 1625K, committed 1792K, reserved 1048576K
}
Event: 5.310 GC heap after
{Heap after GC invocations=5 (full 0):
 garbage-first heap   total reserved 1822720K, committed 114688K, used 11258K [0x0000000090c00000, 0x0000000100000000)
  region size 1024K, 3 young (3072K), 3 survivors (3072K)
 Metaspace       used 12157K, committed 12544K, reserved 1114112K
  class space    used 1625K, committed 1792K, reserved 1048576K
}
Event: 162.114 GC heap before
{Heap before GC invocations=5 (full 0):
 garbage-first heap   total reserved 1822720K, committed 114688K, used 57338K [0x0000000090c00000, 0x0000000100000000)
  region size 1024K, 33 young (33792K), 3 survivors (3072K)
 Metaspace       used 19130K, committed 19456K, reserved 1114112K
  class space    used 2795K, committed 2944K, reserved 1048576K
}
Event: 162.133 GC heap after
{Heap after GC invocations=6 (full 0):
 garbage-first heap   total reserved 1822720K, committed 114688K, used 22958K [0x0000000090c00000, 0x0000000100000000)
  region size 1024K, 5 young (5120K), 5 survivors (5120K)
 Metaspace       used 19130K, committed 19456K, reserved 1114112K
  class space    used 2795K, committed 2944K, reserved 1048576K
}
Event: 172.757 GC heap before
{Heap before GC invocations=6 (full 0):
 garbage-first heap   total reserved 1822720K, committed 114688K, used 31150K [0x0000000090c00000, 0x0000000100000000)
  region size 1024K, 14 young (14336K), 5 survivors (5120K)
 Metaspace       used 21150K, committed 21504K, reserved 1114112K
  class space    used 2989K, committed 3136K, reserved 1048576K
}
Event: 172.778 GC heap after
{Heap after GC invocations=7 (full 0):
 garbage-first heap   total reserved 1822720K, committed 114688K, used 24149K [0x0000000090c00000, 0x0000000100000000)
  region size 1024K, 4 young (4096K), 4 survivors (4096K)
 Metaspace       used 21150K, committed 21504K, reserved 1114112K
  class space    used 2989K, committed 3136K, reserved 1048576K
}
Event: 178.919 GC heap before
{Heap before GC invocations=8 (full 0):
 garbage-first heap   total reserved 1822720K, committed 86016K, used 85589K [0x0000000090c00000, 0x0000000100000000)
  region size 1024K, 32 young (32768K), 4 survivors (4096K)
 Metaspace       used 24686K, committed 25088K, reserved 1114112K
  class space    used 3597K, committed 3776K, reserved 1048576K
}
Event: 178.938 GC heap after
{Heap after GC invocations=9 (full 0):
 garbage-first heap   total reserved 1822720K, committed 94208K, used 41912K [0x0000000090c00000, 0x0000000100000000)
  region size 1024K, 5 young (5120K), 5 survivors (5120K)
 Metaspace       used 24686K, committed 25088K, reserved 1114112K
  class space    used 3597K, committed 3776K, reserved 1048576K
}
Event: 179.415 GC heap before
{Heap before GC invocations=9 (full 0):
 garbage-first heap   total reserved 1822720K, committed 105472K, used 103352K [0x0000000090c00000, 0x0000000100000000)
  region size 1024K, 13 young (13312K), 5 survivors (5120K)
 Metaspace       used 24781K, committed 25152K, reserved 1114112K
  class space    used 3602K, committed 3776K, reserved 1048576K
}
Event: 179.433 GC heap after
{Heap after GC invocations=10 (full 0):
 garbage-first heap   total reserved 1822720K, committed 111616K, used 57129K [0x0000000090c00000, 0x0000000100000000)
  region size 1024K, 1 young (1024K), 1 survivors (1024K)
 Metaspace       used 24781K, committed 25152K, reserved 1114112K
  class space    used 3602K, committed 3776K, reserved 1048576K
}
Event: 179.471 GC heap before
{Heap before GC invocations=10 (full 0):
 garbage-first heap   total reserved 1822720K, committed 111616K, used 57129K [0x0000000090c00000, 0x0000000100000000)
  region size 1024K, 2 young (2048K), 1 survivors (1024K)
 Metaspace       used 24781K, committed 25152K, reserved 1114112K
  class space    used 3602K, committed 3776K, reserved 1048576K
}
Event: 179.473 GC heap after
{Heap after GC invocations=11 (full 0):
 garbage-first heap   total reserved 1822720K, committed 111616K, used 56926K [0x0000000090c00000, 0x0000000100000000)
  region size 1024K, 1 young (1024K), 1 survivors (1024K)
 Metaspace       used 24781K, committed 25152K, reserved 1114112K
  class space    used 3602K, committed 3776K, reserved 1048576K
}
Event: 180.003 GC heap before
{Heap before GC invocations=12 (full 0):
 garbage-first heap   total reserved 1822720K, committed 122880K, used 121438K [0x0000000090c00000, 0x0000000100000000)
  region size 1024K, 9 young (9216K), 1 survivors (1024K)
 Metaspace       used 24911K, committed 25344K, reserved 1114112K
  class space    used 3604K, committed 3776K, reserved 1048576K
}
Event: 180.007 GC heap after
{Heap after GC invocations=13 (full 0):
 garbage-first heap   total reserved 1822720K, committed 124928K, used 81769K [0x0000000090c00000, 0x0000000100000000)
  region size 1024K, 2 young (2048K), 2 survivors (2048K)
 Metaspace       used 24911K, committed 25344K, reserved 1114112K
  class space    used 3604K, committed 3776K, reserved 1048576K
}
Event: 181.247 GC heap before
{Heap before GC invocations=13 (full 0):
 garbage-first heap   total reserved 1822720K, committed 124928K, used 122729K [0x0000000090c00000, 0x0000000100000000)
  region size 1024K, 12 young (12288K), 2 survivors (2048K)
 Metaspace       used 25175K, committed 25536K, reserved 1114112K
  class space    used 3609K, committed 3776K, reserved 1048576K
}
Event: 181.256 GC heap after
{Heap after GC invocations=14 (full 0):
 garbage-first heap   total reserved 1822720K, committed 129024K, used 96896K [0x0000000090c00000, 0x0000000100000000)
  region size 1024K, 3 young (3072K), 3 survivors (3072K)
 Metaspace       used 25175K, committed 25536K, reserved 1114112K
  class space    used 3609K, committed 3776K, reserved 1048576K
}
Event: 182.163 GC heap before
{Heap before GC invocations=14 (full 0):
 garbage-first heap   total reserved 1822720K, committed 129024K, used 98944K [0x0000000090c00000, 0x0000000100000000)
  region size 1024K, 6 young (6144K), 3 survivors (3072K)
 Metaspace       used 25227K, committed 25600K, reserved 1114112K
  class space    used 3610K, committed 3776K, reserved 1048576K
}
Event: 182.170 GC heap after
{Heap after GC invocations=15 (full 0):
 garbage-first heap   total reserved 1822720K, committed 129024K, used 97041K [0x0000000090c00000, 0x0000000100000000)
  region size 1024K, 2 young (2048K), 2 survivors (2048K)
 Metaspace       used 25227K, committed 25600K, reserved 1114112K
  class space    used 3610K, committed 3776K, reserved 1048576K
}
Event: 187.352 GC heap before
{Heap before GC invocations=16 (full 0):
 garbage-first heap   total reserved 1822720K, committed 176128K, used 136977K [0x0000000090c00000, 0x0000000100000000)
  region size 1024K, 20 young (20480K), 2 survivors (2048K)
 Metaspace       used 25523K, committed 25984K, reserved 1114112K
  class space    used 3641K, committed 3840K, reserved 1048576K
}
Event: 187.363 GC heap after
{Heap after GC invocations=17 (full 0):
 garbage-first heap   total reserved 1822720K, committed 176128K, used 110740K [0x0000000090c00000, 0x0000000100000000)
  region size 1024K, 2 young (2048K), 2 survivors (2048K)
 Metaspace       used 25523K, committed 25984K, reserved 1114112K
  class space    used 3641K, committed 3840K, reserved 1048576K
}

Dll operation events (20 events):
Event: 1.470 Loaded shared library C:\javafx-sdk-24.0.1\bin\api-ms-win-crt-locale-l1-1-0.dll
Event: 1.474 Loaded shared library C:\javafx-sdk-24.0.1\bin\api-ms-win-crt-math-l1-1-0.dll
Event: 1.480 Loaded shared library C:\javafx-sdk-24.0.1\bin\api-ms-win-crt-multibyte-l1-1-0.dll
Event: 1.483 Loaded shared library C:\javafx-sdk-24.0.1\bin\api-ms-win-crt-private-l1-1-0.dll
Event: 1.489 Loaded shared library C:\javafx-sdk-24.0.1\bin\api-ms-win-crt-process-l1-1-0.dll
Event: 1.493 Loaded shared library C:\javafx-sdk-24.0.1\bin\api-ms-win-crt-runtime-l1-1-0.dll
Event: 1.496 Loaded shared library C:\javafx-sdk-24.0.1\bin\api-ms-win-crt-stdio-l1-1-0.dll
Event: 1.499 Loaded shared library C:\javafx-sdk-24.0.1\bin\api-ms-win-crt-string-l1-1-0.dll
Event: 1.502 Loaded shared library C:\javafx-sdk-24.0.1\bin\api-ms-win-crt-time-l1-1-0.dll
Event: 1.505 Loaded shared library C:\javafx-sdk-24.0.1\bin\api-ms-win-crt-utility-l1-1-0.dll
Event: 1.508 Loaded shared library C:\javafx-sdk-24.0.1\bin\ucrtbase.dll
Event: 1.511 Loaded shared library C:\javafx-sdk-24.0.1\bin\vcruntime140.dll
Event: 1.514 Loaded shared library C:\javafx-sdk-24.0.1\bin\vcruntime140_1.dll
Event: 1.517 Loaded shared library C:\javafx-sdk-24.0.1\bin\msvcp140.dll
Event: 1.523 Loaded shared library C:\javafx-sdk-24.0.1\bin\msvcp140_1.dll
Event: 1.526 Loaded shared library C:\javafx-sdk-24.0.1\bin\msvcp140_2.dll
Event: 1.621 Loaded shared library C:\javafx-sdk-24.0.1\bin\prism_d3d.dll
Event: 1.716 Loaded shared library C:\javafx-sdk-24.0.1\bin\glass.dll
Event: 2.259 Loaded shared library C:\Program Files\Java\jdk-23\bin\jimage.dll
Event: 4.614 Loaded shared library C:\javafx-sdk-24.0.1\bin\javafx_font.dll

Deoptimization events (20 events):
Event: 184.969 Thread 0x000002a54600d360 DEOPT PACKING pc=0x000002a55b2bf605 sp=0x000000f38a0fc8f0
Event: 184.969 Thread 0x000002a54600d360 DEOPT UNPACKING pc=0x000002a5620a4b22 sp=0x000000f38a0fbda0 mode 0
Event: 185.654 Thread 0x000002a54600d360 Uncommon trap: trap_request=0xffffff6e fr.pc=0x000002a5627f8fb8 relative=0x0000000000000598
Event: 185.654 Thread 0x000002a54600d360 Uncommon trap: reason=loop_limit_check action=maybe_recompile pc=0x000002a5627f8fb8 method=com.sun.javafx.geom.transform.AffineBase.doTransform([FI[FIII)V @ 464 c2
Event: 185.654 Thread 0x000002a54600d360 DEOPT PACKING pc=0x000002a5627f8fb8 sp=0x000000f38a0fca20
Event: 185.654 Thread 0x000002a54600d360 DEOPT UNPACKING pc=0x000002a5620a4402 sp=0x000000f38a0fc938 mode 2
Event: 185.757 Thread 0x000002a54600d360 Uncommon trap: trap_request=0xffffff6e fr.pc=0x000002a5627fbde8 relative=0x0000000000000868
Event: 185.757 Thread 0x000002a54600d360 Uncommon trap: reason=loop_limit_check action=maybe_recompile pc=0x000002a5627fbde8 method=com.sun.scenario.effect.impl.state.GaussianRenderState.getGaussianWeights(Ljava/nio/FloatBuffer;IFF)Ljava/nio/FloatBuffer; @ 66 c2
Event: 185.757 Thread 0x000002a54600d360 DEOPT PACKING pc=0x000002a5627fbde8 sp=0x000000f38a0fc880
Event: 185.757 Thread 0x000002a54600d360 DEOPT UNPACKING pc=0x000002a5620a4402 sp=0x000000f38a0fc810 mode 2
Event: 187.726 Thread 0x000002a54600d360 Uncommon trap: trap_request=0xffffff6e fr.pc=0x000002a56281b9b4 relative=0x0000000000001454
Event: 187.726 Thread 0x000002a54600d360 Uncommon trap: reason=loop_limit_check action=maybe_recompile pc=0x000002a56281b9b4 method=com.sun.javafx.sg.prism.NGGroup.computeRenderRoot(Lcom/sun/javafx/sg/prism/NodePath;Lcom/sun/javafx/geom/RectBounds;ILcom/sun/javafx/geom/transform/BaseTransform;Lc
Event: 187.726 Thread 0x000002a54600d360 DEOPT PACKING pc=0x000002a56281b9b4 sp=0x000000f38a0fec70
Event: 187.726 Thread 0x000002a54600d360 DEOPT UNPACKING pc=0x000002a5620a4402 sp=0x000000f38a0febc0 mode 2
Event: 187.888 Thread 0x000002a5460f9a20 Uncommon trap: trap_request=0xffffff76 fr.pc=0x000002a56264f11c relative=0x00000000000004bc
Event: 187.888 Thread 0x000002a5460f9a20 Uncommon trap: reason=predicate action=maybe_recompile pc=0x000002a56264f11c method=java.util.ArrayList.remove(Ljava/lang/Object;)Z @ 42 c2
Event: 187.888 Thread 0x000002a5460f9a20 DEOPT PACKING pc=0x000002a56264f11c sp=0x000000f38a4fbf50
Event: 187.888 Thread 0x000002a5460f9a20 DEOPT UNPACKING pc=0x000002a5620a4402 sp=0x000000f38a4fbf20 mode 2
Event: 187.934 Thread 0x000002a5460f9a20 DEOPT PACKING pc=0x000002a55b0ae950 sp=0x000000f38a4face0
Event: 187.934 Thread 0x000002a5460f9a20 DEOPT UNPACKING pc=0x000002a5620a4b22 sp=0x000000f38a4fa1d0 mode 0

Classes loaded (20 events):
Event: 178.785 Loading class java/time/zone/ZoneOffsetTransition
Event: 178.785 Loading class java/time/zone/ZoneOffsetTransition done
Event: 180.301 Loading class jdk/internal/icu/impl/UCharacterProperty
Event: 180.302 Loading class jdk/internal/icu/impl/UCharacterProperty done
Event: 180.302 Loading class jdk/internal/icu/impl/UCharacterProperty$1
Event: 180.302 Loading class jdk/internal/icu/impl/UCharacterProperty$BiDiIntProperty
Event: 180.302 Loading class jdk/internal/icu/impl/UCharacterProperty$IntProperty
Event: 180.302 Loading class jdk/internal/icu/impl/UCharacterProperty$IntProperty done
Event: 180.302 Loading class jdk/internal/icu/impl/UCharacterProperty$BiDiIntProperty done
Event: 180.302 Loading class jdk/internal/icu/impl/UCharacterProperty$1 done
Event: 180.303 Loading class jdk/internal/icu/impl/UCharacterProperty$IsAcceptable
Event: 180.303 Loading class jdk/internal/icu/impl/UCharacterProperty$IsAcceptable done
Event: 180.303 Loading class jdk/internal/icu/util/VersionInfo
Event: 180.303 Loading class jdk/internal/icu/util/VersionInfo done
Event: 180.343 Loading class java/lang/CharacterData01
Event: 180.343 Loading class java/lang/CharacterData01 done
Event: 188.169 Loading class sun/reflect/generics/repository/FieldRepository
Event: 188.169 Loading class sun/reflect/generics/repository/FieldRepository done
Event: 202.420 Loading class jdk/internal/misc/Signal$1
Event: 202.420 Loading class jdk/internal/misc/Signal$1 done

Classes unloaded (0 events):
No events

Classes redefined (0 events):
No events

Internal exceptions (20 events):
Event: 178.895 Thread 0x000002a5460f9a20 Exception <a 'java/io/FileNotFoundException'{0x0000000093c906c8}> (0x0000000093c906c8) 
thrown [s\open\src\hotspot\share\prims\jni.cpp, line 520]
Event: 179.025 Thread 0x000002a5460f9a20 Exception <a 'java/io/FileNotFoundException'{0x000000009727e1c8}> (0x000000009727e1c8) 
thrown [s\open\src\hotspot\share\prims\jni.cpp, line 520]
Event: 179.075 Thread 0x000002a5460f9a20 Exception <a 'java/io/FileNotFoundException'{0x00000000971cb238}> (0x00000000971cb238) 
thrown [s\open\src\hotspot\share\prims\jni.cpp, line 520]
Event: 179.137 Thread 0x000002a5460f9a20 Exception <a 'java/io/FileNotFoundException'{0x00000000970ccf40}> (0x00000000970ccf40) 
thrown [s\open\src\hotspot\share\prims\jni.cpp, line 520]
Event: 179.187 Thread 0x000002a5460f9a20 Exception <a 'java/io/FileNotFoundException'{0x0000000096f9e6c0}> (0x0000000096f9e6c0) 
thrown [s\open\src\hotspot\share\prims\jni.cpp, line 520]
Event: 179.310 Thread 0x000002a5460f9a20 Exception <a 'java/io/FileNotFoundException'{0x00000000956a8a70}> (0x00000000956a8a70) 
thrown [s\open\src\hotspot\share\prims\jni.cpp, line 520]
Event: 180.318 Thread 0x000002a5460f9a20 Exception <a 'java/io/FileNotFoundException'{0x0000000096fea4c0}> (0x0000000096fea4c0) 
thrown [s\open\src\hotspot\share\prims\jni.cpp, line 520]
Event: 180.319 Thread 0x000002a5460f9a20 Exception <a 'java/io/FileNotFoundException'{0x0000000096febde0}> (0x0000000096febde0) 
thrown [s\open\src\hotspot\share\prims\jni.cpp, line 520]
Event: 180.323 Thread 0x000002a5460f9a20 Exception <a 'java/io/FileNotFoundException'{0x0000000096d0dcf0}> (0x0000000096d0dcf0) 
thrown [s\open\src\hotspot\share\prims\jni.cpp, line 520]
Event: 180.324 Thread 0x000002a5460f9a20 Exception <a 'java/io/FileNotFoundException'{0x0000000096d0f080}> (0x0000000096d0f080) 
thrown [s\open\src\hotspot\share\prims\jni.cpp, line 520]
Event: 180.360 Thread 0x000002a5460f9a20 Exception <a 'java/io/FileNotFoundException'{0x0000000096c339d0}> (0x0000000096c339d0) 
thrown [s\open\src\hotspot\share\prims\jni.cpp, line 520]
Event: 180.360 Thread 0x000002a5460f9a20 Exception <a 'java/io/FileNotFoundException'{0x0000000096c34d60}> (0x0000000096c34d60) 
thrown [s\open\src\hotspot\share\prims\jni.cpp, line 520]
Event: 180.361 Thread 0x000002a5460f9a20 Exception <a 'java/io/FileNotFoundException'{0x0000000096c36108}> (0x0000000096c36108) 
thrown [s\open\src\hotspot\share\prims\jni.cpp, line 520]
Event: 180.361 Thread 0x000002a5460f9a20 Exception <a 'java/io/FileNotFoundException'{0x0000000096c37498}> (0x0000000096c37498) 
thrown [s\open\src\hotspot\share\prims\jni.cpp, line 520]
Event: 180.470 Thread 0x000002a54600d360 Implicit null exception at 0x000002a56278cbba to 0x000002a56278cc4c
Event: 182.347 Thread 0x000002a5460f9a20 Exception <a 'java/io/FileNotFoundException'{0x000000009aed5768}> (0x000000009aed5768) 
thrown [s\open\src\hotspot\share\prims\jni.cpp, line 520]
Event: 182.572 Thread 0x000002a54600d360 Implicit null exception at 0x000002a5627bc704 to 0x000002a5627bfa78
Event: 182.659 Thread 0x000002a54600d360 Implicit null exception at 0x000002a56278034e to 0x000002a5627803c0
Event: 183.916 Thread 0x000002a5460f9a20 Exception <a 'java/io/FileNotFoundException'{0x000000009a8f5818}> (0x000000009a8f5818) 
thrown [s\open\src\hotspot\share\prims\jni.cpp, line 520]
Event: 187.896 Thread 0x000002a5460f9a20 Exception <a 'java/io/FileNotFoundException'{0x000000009ad38c20}> (0x000000009ad38c20) 
thrown [s\open\src\hotspot\share\prims\jni.cpp, line 520]

VM Operations (20 events):
Event: 179.536 Executing VM operation: G1PauseCleanup done
Event: 180.003 Executing VM operation: G1CollectForAllocation (G1 Evacuation Pause)
Event: 180.007 Executing VM operation: G1CollectForAllocation (G1 Evacuation Pause) done
Event: 180.345 Executing VM operation: HandshakeAllThreads (Deoptimize)
Event: 180.346 Executing VM operation: HandshakeAllThreads (Deoptimize) done
Event: 181.247 Executing VM operation: G1CollectForAllocation (G1 Evacuation Pause)
Event: 181.256 Executing VM operation: G1CollectForAllocation (G1 Evacuation Pause) done
Event: 182.162 Executing VM operation: G1TryInitiateConcMark (G1 Humongous Allocation)
Event: 182.181 Executing VM operation: G1TryInitiateConcMark (G1 Humongous Allocation) done
Event: 182.226 Executing VM operation: G1PauseRemark
Event: 182.236 Executing VM operation: G1PauseRemark done
Event: 182.251 Executing VM operation: G1PauseCleanup
Event: 182.251 Executing VM operation: G1PauseCleanup done
Event: 183.935 Executing VM operation: HandshakeAllThreads (Deoptimize)
Event: 183.935 Executing VM operation: HandshakeAllThreads (Deoptimize) done
Event: 184.165 Executing VM operation: HandshakeAllThreads (Deoptimize)
Event: 184.165 Executing VM operation: HandshakeAllThreads (Deoptimize) done
Event: 187.352 Executing VM operation: G1CollectForAllocation (G1 Evacuation Pause)
Event: 187.363 Executing VM operation: G1CollectForAllocation (G1 Evacuation Pause) done
Event: 202.709 Executing VM operation: Exit

Memory protections (0 events):
No events

Nmethod flushes (20 events):
Event: 182.234 Thread 0x000002a56df48510 flushing  nmethod 0x000002a55b19ee08
Event: 182.234 Thread 0x000002a56df48510 flushing  nmethod 0x000002a55b19f988
Event: 182.234 Thread 0x000002a56df48510 flushing  nmethod 0x000002a55b223108
Event: 182.234 Thread 0x000002a56df48510 flushing  nmethod 0x000002a55b228408
Event: 182.234 Thread 0x000002a56df48510 flushing  nmethod 0x000002a55b228708
Event: 182.234 Thread 0x000002a56df48510 flushing  nmethod 0x000002a55b228c08
Event: 182.234 Thread 0x000002a56df48510 flushing  nmethod 0x000002a55b229988
Event: 182.234 Thread 0x000002a56df48510 flushing  nmethod 0x000002a55b229c88
Event: 182.234 Thread 0x000002a56df48510 flushing  nmethod 0x000002a55b25e608
Event: 182.234 Thread 0x000002a56df48510 flushing  nmethod 0x000002a55b283a08
Event: 182.234 Thread 0x000002a56df48510 flushing  nmethod 0x000002a55b2bb108
Event: 182.234 Thread 0x000002a56df48510 flushing  nmethod 0x000002a55b2bff08
Event: 182.234 Thread 0x000002a56df48510 flushing  nmethod 0x000002a55b2cd988
Event: 182.234 Thread 0x000002a56df48510 flushing  nmethod 0x000002a55b2d5d88
Event: 182.234 Thread 0x000002a56df48510 flushing  nmethod 0x000002a55b2d6c08
Event: 182.234 Thread 0x000002a56df48510 flushing  nmethod 0x000002a55b2db108
Event: 182.234 Thread 0x000002a56df48510 flushing  nmethod 0x000002a55b2e9908
Event: 182.234 Thread 0x000002a56df48510 flushing  nmethod 0x000002a55b397b88
Event: 182.234 Thread 0x000002a56df48510 flushing  nmethod 0x000002a55b3a0408
Event: 182.234 Thread 0x000002a56df48510 flushing  nmethod 0x000002a55b3ab208

Events (20 events):
Event: 5.875 Thread 0x000002a5460f9a20 Thread added: 0x000002a546418710
Event: 6.416 Thread 0x000002a54600d360 Thread added: 0x000002a546415290
Event: 6.774 Thread 0x000002a5464b1070 Thread added: 0x000002a546415920
Event: 6.776 Thread 0x000002a5464b1070 Thread exited: 0x000002a5464b1070
Event: 167.450 Thread 0x000002a5460f9a20 Thread added: 0x000002a546417360
Event: 170.282 Thread 0x000002a546417360 Thread exited: 0x000002a546417360
Event: 171.930 Thread 0x000002a5460f9a20 Thread added: 0x000002a546416640
Event: 172.185 Thread 0x000002a546416640 Thread exited: 0x000002a546416640
Event: 173.585 Thread 0x000002a5460f9a20 Thread added: 0x000002a546417360
Event: 173.591 Thread 0x000002a5460f9a20 Thread added: 0x000002a5464179f0
Event: 178.517 Thread 0x000002a5464179f0 Thread exited: 0x000002a5464179f0
Event: 187.866 Thread 0x000002a5460f9a20 Thread added: 0x000002a5464179f0
Event: 188.175 Thread 0x000002a5464179f0 Thread exited: 0x000002a5464179f0
Event: 202.420 Thread 0x000002a56df5fe90 Thread added: 0x000002a5464179f0
Event: 202.430 Thread 0x000002a5464179f0 Thread added: 0x000002a546418080
Event: 202.431 Thread 0x000002a5464179f0 Thread added: 0x000002a54538e020
Event: 202.471 Thread 0x000002a54538e020 Thread added: 0x000002a545389e80
Event: 202.475 Thread 0x000002a546418080 Thread exited: 0x000002a546418080
Event: 202.709 Thread 0x000002a5464179f0 Before exit entered
Event: 202.709 Thread 0x000002a56df5fe90 Thread exited: 0x000002a56df5fe90


Dynamic libraries:
0x00007ff7a86a0000 - 0x00007ff7a86b0000 	C:\Program Files\Java\jdk-23\bin\java.exe
0x00007ffd7db10000 - 0x00007ffd7dd08000 	C:\Windows\SYSTEM32\ntdll.dll
0x00007ffd7d820000 - 0x00007ffd7d8e2000 	C:\Windows\System32\KERNEL32.DLL
0x00007ffd7b590000 - 0x00007ffd7b887000 	C:\Windows\System32\KERNELBASE.dll
0x00007ffd7ba30000 - 0x00007ffd7bb30000 	C:\Windows\System32\ucrtbase.dll
0x00007ffd76060000 - 0x00007ffd76077000 	C:\Program Files\Java\jdk-23\bin\jli.dll
0x00007ffd7d4e0000 - 0x00007ffd7d67d000 	C:\Windows\System32\USER32.dll
0x00007ffd7b3a0000 - 0x00007ffd7b3c2000 	C:\Windows\System32\win32u.dll
0x00007ffd7c360000 - 0x00007ffd7c38b000 	C:\Windows\System32\GDI32.dll
0x00007ffd7b890000 - 0x00007ffd7b9a9000 	C:\Windows\System32\gdi32full.dll
0x00007ffd74ed0000 - 0x00007ffd74eeb000 	C:\Program Files\Java\jdk-23\bin\VCRUNTIME140.dll
0x00007ffd7b1a0000 - 0x00007ffd7b23d000 	C:\Windows\System32\msvcp_win.dll
0x00007ffd56010000 - 0x00007ffd562aa000 	C:\Windows\WinSxS\amd64_microsoft.windows.common-controls_6595b64144ccf1df_6.0.19041.5915_none_60b4b9d171f9c7c7\COMCTL32.dll
0x00007ffd7c0d0000 - 0x00007ffd7c16e000 	C:\Windows\System32\msvcrt.dll
0x00007ffd7daa0000 - 0x00007ffd7dacf000 	C:\Windows\System32\IMM32.DLL
0x00007ffd77b30000 - 0x00007ffd77b3c000 	C:\Program Files\Java\jdk-23\bin\vcruntime140_1.dll
0x00007ffd73b90000 - 0x00007ffd73c1e000 	C:\Program Files\Java\jdk-23\bin\msvcp140.dll
0x00007ffd3c7b0000 - 0x00007ffd3d500000 	C:\Program Files\Java\jdk-23\bin\server\jvm.dll
0x00007ffd7d760000 - 0x00007ffd7d811000 	C:\Windows\System32\ADVAPI32.dll
0x00007ffd7c030000 - 0x00007ffd7c0cf000 	C:\Windows\System32\sechost.dll
0x00007ffd7bb30000 - 0x00007ffd7bc56000 	C:\Windows\System32\RPCRT4.dll
0x00007ffd7b9b0000 - 0x00007ffd7b9d7000 	C:\Windows\System32\bcrypt.dll
0x00007ffd7cd20000 - 0x00007ffd7cd8b000 	C:\Windows\System32\WS2_32.dll
0x00007ffd7af50000 - 0x00007ffd7af9b000 	C:\Windows\SYSTEM32\POWRPROF.dll
0x00007ffd713f0000 - 0x00007ffd71417000 	C:\Windows\SYSTEM32\WINMM.dll
0x00007ffd713e0000 - 0x00007ffd713ea000 	C:\Windows\SYSTEM32\VERSION.dll
0x00007ffd7af30000 - 0x00007ffd7af42000 	C:\Windows\SYSTEM32\UMPDC.dll
0x00007ffd79020000 - 0x00007ffd79032000 	C:\Windows\SYSTEM32\kernel.appcore.dll
0x00007ffd77b10000 - 0x00007ffd77b1a000 	C:\Program Files\Java\jdk-23\bin\jimage.dll
0x00007ffd6adf0000 - 0x00007ffd6aff1000 	C:\Windows\SYSTEM32\DBGHELP.DLL
0x00007ffd6ad10000 - 0x00007ffd6ad44000 	C:\Windows\SYSTEM32\dbgcore.DLL
0x00007ffd7b500000 - 0x00007ffd7b582000 	C:\Windows\System32\bcryptPrimitives.dll
0x00007ffd75710000 - 0x00007ffd7571f000 	C:\Program Files\Java\jdk-23\bin\instrument.dll
0x00007ffd73b50000 - 0x00007ffd73b6e000 	C:\Program Files\Java\jdk-23\bin\java.dll
0x00007ffd7d300000 - 0x00007ffd7d42b000 	C:\Windows\System32\ole32.dll
0x00007ffd7bcc0000 - 0x00007ffd7c013000 	C:\Windows\System32\combase.dll
0x00007ffd7c390000 - 0x00007ffd7cafe000 	C:\Windows\System32\SHELL32.dll
0x00007ffd79220000 - 0x00007ffd799c4000 	C:\Windows\SYSTEM32\windows.storage.dll
0x00007ffd7ab60000 - 0x00007ffd7ab8b000 	C:\Windows\SYSTEM32\Wldp.dll
0x00007ffd7c170000 - 0x00007ffd7c23d000 	C:\Windows\System32\OLEAUT32.dll
0x00007ffd7d430000 - 0x00007ffd7d4dd000 	C:\Windows\System32\SHCORE.dll
0x00007ffd7cd90000 - 0x00007ffd7cdeb000 	C:\Windows\System32\shlwapi.dll
0x00007ffd7b0d0000 - 0x00007ffd7b0f4000 	C:\Windows\SYSTEM32\profapi.dll
0x00007ffd530f0000 - 0x00007ffd531c7000 	C:\Program Files\Java\jdk-23\bin\jsvml.dll
0x00007ffd756e0000 - 0x00007ffd756f0000 	C:\Program Files\Java\jdk-23\bin\net.dll
0x00007ffd7a860000 - 0x00007ffd7a8ca000 	C:\Windows\system32\mswsock.dll
0x00007ffd73610000 - 0x00007ffd73626000 	C:\Program Files\Java\jdk-23\bin\nio.dll
0x00007ffd73630000 - 0x00007ffd73647000 	C:\Program Files\Java\jdk-23\bin\zip.dll
0x00007ffd74ec0000 - 0x00007ffd74ec9000 	C:\Program Files\Java\jdk-23\bin\extnet.dll
0x000002a546c00000 - 0x000002a546c04000 	C:\javafx-sdk-24.0.1\bin\api-ms-win-core-console-l1-1-0.dll
0x000002a546c10000 - 0x000002a546c14000 	C:\javafx-sdk-24.0.1\bin\api-ms-win-core-console-l1-2-0.dll
0x000002a546c20000 - 0x000002a546c24000 	C:\javafx-sdk-24.0.1\bin\api-ms-win-core-datetime-l1-1-0.dll
0x000002a546c30000 - 0x000002a546c34000 	C:\javafx-sdk-24.0.1\bin\api-ms-win-core-debug-l1-1-0.dll
0x000002a546c40000 - 0x000002a546c44000 	C:\javafx-sdk-24.0.1\bin\api-ms-win-core-errorhandling-l1-1-0.dll
0x000002a546c50000 - 0x000002a546c55000 	C:\javafx-sdk-24.0.1\bin\api-ms-win-core-file-l1-1-0.dll
0x000002a546c60000 - 0x000002a546c64000 	C:\javafx-sdk-24.0.1\bin\api-ms-win-core-file-l1-2-0.dll
0x000002a546c70000 - 0x000002a546c74000 	C:\javafx-sdk-24.0.1\bin\api-ms-win-core-file-l2-1-0.dll
0x000002a546c80000 - 0x000002a546c84000 	C:\javafx-sdk-24.0.1\bin\api-ms-win-core-handle-l1-1-0.dll
0x000002a546c90000 - 0x000002a546c94000 	C:\javafx-sdk-24.0.1\bin\api-ms-win-core-heap-l1-1-0.dll
0x000002a546ca0000 - 0x000002a546ca4000 	C:\javafx-sdk-24.0.1\bin\api-ms-win-core-interlocked-l1-1-0.dll
0x000002a546cb0000 - 0x000002a546cb4000 	C:\javafx-sdk-24.0.1\bin\api-ms-win-core-libraryloader-l1-1-0.dll
0x000002a546cc0000 - 0x000002a546cc4000 	C:\javafx-sdk-24.0.1\bin\api-ms-win-core-localization-l1-2-0.dll
0x000002a546cd0000 - 0x000002a546cd4000 	C:\javafx-sdk-24.0.1\bin\api-ms-win-core-memory-l1-1-0.dll
0x000002a546ce0000 - 0x000002a546ce4000 	C:\javafx-sdk-24.0.1\bin\api-ms-win-core-namedpipe-l1-1-0.dll
0x000002a546cf0000 - 0x000002a546cf4000 	C:\javafx-sdk-24.0.1\bin\api-ms-win-core-processenvironment-l1-1-0.dll
0x000002a546d00000 - 0x000002a546d04000 	C:\javafx-sdk-24.0.1\bin\api-ms-win-core-processthreads-l1-1-0.dll
0x000002a546d10000 - 0x000002a546d14000 	C:\javafx-sdk-24.0.1\bin\api-ms-win-core-processthreads-l1-1-1.dll
0x000002a546d20000 - 0x000002a546d24000 	C:\javafx-sdk-24.0.1\bin\api-ms-win-core-profile-l1-1-0.dll
0x000002a546d30000 - 0x000002a546d34000 	C:\javafx-sdk-24.0.1\bin\api-ms-win-core-rtlsupport-l1-1-0.dll
0x000002a546d40000 - 0x000002a546d44000 	C:\javafx-sdk-24.0.1\bin\api-ms-win-core-string-l1-1-0.dll
0x000002a546d50000 - 0x000002a546d54000 	C:\javafx-sdk-24.0.1\bin\api-ms-win-core-synch-l1-1-0.dll
0x000002a546d60000 - 0x000002a546d64000 	C:\javafx-sdk-24.0.1\bin\api-ms-win-core-synch-l1-2-0.dll
0x000002a546d70000 - 0x000002a546d74000 	C:\javafx-sdk-24.0.1\bin\api-ms-win-core-sysinfo-l1-1-0.dll
0x000002a546d80000 - 0x000002a546d84000 	C:\javafx-sdk-24.0.1\bin\api-ms-win-core-timezone-l1-1-0.dll
0x000002a546d90000 - 0x000002a546d94000 	C:\javafx-sdk-24.0.1\bin\api-ms-win-core-util-l1-1-0.dll
0x000002a546da0000 - 0x000002a546da4000 	C:\javafx-sdk-24.0.1\bin\api-ms-win-crt-conio-l1-1-0.dll
0x000002a546db0000 - 0x000002a546db5000 	C:\javafx-sdk-24.0.1\bin\api-ms-win-crt-convert-l1-1-0.dll
0x000002a546dc0000 - 0x000002a546dc4000 	C:\javafx-sdk-24.0.1\bin\api-ms-win-crt-environment-l1-1-0.dll
0x000002a546dd0000 - 0x000002a546dd4000 	C:\javafx-sdk-24.0.1\bin\api-ms-win-crt-filesystem-l1-1-0.dll
0x000002a546de0000 - 0x000002a546de4000 	C:\javafx-sdk-24.0.1\bin\api-ms-win-crt-heap-l1-1-0.dll
0x000002a546df0000 - 0x000002a546df4000 	C:\javafx-sdk-24.0.1\bin\api-ms-win-crt-locale-l1-1-0.dll
0x000002a546e00000 - 0x000002a546e06000 	C:\javafx-sdk-24.0.1\bin\api-ms-win-crt-math-l1-1-0.dll
0x000002a546e10000 - 0x000002a546e16000 	C:\javafx-sdk-24.0.1\bin\api-ms-win-crt-multibyte-l1-1-0.dll
0x000002a546e20000 - 0x000002a546e31000 	C:\javafx-sdk-24.0.1\bin\api-ms-win-crt-private-l1-1-0.dll
0x000002a546e40000 - 0x000002a546e44000 	C:\javafx-sdk-24.0.1\bin\api-ms-win-crt-process-l1-1-0.dll
0x000002a546e50000 - 0x000002a546e55000 	C:\javafx-sdk-24.0.1\bin\api-ms-win-crt-runtime-l1-1-0.dll
0x000002a546e60000 - 0x000002a546e65000 	C:\javafx-sdk-24.0.1\bin\api-ms-win-crt-stdio-l1-1-0.dll
0x000002a546e70000 - 0x000002a546e75000 	C:\javafx-sdk-24.0.1\bin\api-ms-win-crt-string-l1-1-0.dll
0x000002a546e80000 - 0x000002a546e84000 	C:\javafx-sdk-24.0.1\bin\api-ms-win-crt-time-l1-1-0.dll
0x000002a546e90000 - 0x000002a546e94000 	C:\javafx-sdk-24.0.1\bin\api-ms-win-crt-utility-l1-1-0.dll
0x00007ffd43400000 - 0x00007ffd43511000 	C:\javafx-sdk-24.0.1\bin\ucrtbase.dll
0x00007ffd73560000 - 0x00007ffd7357b000 	C:\javafx-sdk-24.0.1\bin\vcruntime140.dll
0x00007ffd73550000 - 0x00007ffd7355c000 	C:\javafx-sdk-24.0.1\bin\vcruntime140_1.dll
0x00007ffd52350000 - 0x00007ffd523de000 	C:\javafx-sdk-24.0.1\bin\msvcp140.dll
0x00007ffd73540000 - 0x00007ffd73549000 	C:\javafx-sdk-24.0.1\bin\msvcp140_1.dll
0x00007ffd734f0000 - 0x00007ffd73531000 	C:\javafx-sdk-24.0.1\bin\msvcp140_2.dll
0x00007ffd532f0000 - 0x00007ffd53320000 	C:\javafx-sdk-24.0.1\bin\prism_d3d.dll
0x00007ffd2bc50000 - 0x00007ffd2be21000 	C:\Windows\system32\d3d9.dll
0x00007ffd78d20000 - 0x00007ffd78d4e000 	C:\Windows\SYSTEM32\dwmapi.dll
0x00007ffd78b30000 - 0x00007ffd78bce000 	C:\Windows\system32\uxtheme.dll
0x00007ffd521d0000 - 0x00007ffd52218000 	C:\javafx-sdk-24.0.1\bin\glass.dll
0x00007ffd7cc40000 - 0x00007ffd7cd1a000 	C:\Windows\System32\COMDLG32.dll
0x00007ffd7cb90000 - 0x00007ffd7cc39000 	C:\Windows\System32\clbcatq.dll
0x00007ffd53600000 - 0x00007ffd5373f000 	C:\Windows\System32\Windows.UI.dll
0x00007ffd74c90000 - 0x00007ffd74d31000 	C:\Windows\System32\WindowManagementAPI.dll
0x00007ffd410c0000 - 0x00007ffd411b9000 	C:\Windows\System32\TextInputFramework.dll
0x00007ffd56830000 - 0x00007ffd56982000 	C:\Windows\System32\InputHost.dll
0x00007ffd77ca0000 - 0x00007ffd77df7000 	C:\Windows\SYSTEM32\wintypes.dll
0x00007ffd74a80000 - 0x00007ffd74c83000 	C:\Windows\SYSTEM32\twinapi.appcore.dll
0x00007ffd77980000 - 0x00007ffd77a72000 	C:\Windows\System32\CoreMessaging.dll
0x00007ffd77150000 - 0x00007ffd774ab000 	C:\Windows\System32\CoreUIComponents.dll
0x00007ffd77e00000 - 0x00007ffd77ef4000 	C:\Windows\System32\PROPSYS.dll
0x00007ffd7a3d0000 - 0x00007ffd7a403000 	C:\Windows\SYSTEM32\ntmarta.dll
0x00007ffd53f60000 - 0x00007ffd54019000 	C:\Windows\System32\Windows.Networking.Connectivity.dll
0x00007ffd7c240000 - 0x00007ffd7c355000 	C:\Windows\System32\MSCTF.dll
0x00007ffd71600000 - 0x00007ffd7163b000 	C:\Windows\SYSTEM32\dxcore.dll
0x00007ffd7b9e0000 - 0x00007ffd7ba2e000 	C:\Windows\System32\cfgmgr32.dll
0x00007ffd52e20000 - 0x00007ffd52f58000 	C:\Windows\System32\Windows.UI.Immersive.dll
0x00007ffd5a940000 - 0x00007ffd5a950000 	C:\Windows\System32\npmproxy.dll
0x00007ffd72140000 - 0x00007ffd72182000 	C:\Windows\System32\CapabilityAccessManagerClient.dll
0x00007ffd6e570000 - 0x00007ffd6e5e4000 	C:\Windows\SYSTEM32\wlanapi.dll
0x00007ffd7a540000 - 0x00007ffd7a57b000 	C:\Windows\System32\IPHLPAPI.DLL
0x00007ffd7cb60000 - 0x00007ffd7cb68000 	C:\Windows\System32\NSI.dll
0x00007ffd490a0000 - 0x00007ffd490b1000 	C:\Windows\System32\dusmapi.dll
0x00007ffd7aa50000 - 0x00007ffd7aa68000 	C:\Windows\SYSTEM32\CRYPTSP.dll
0x00007ffd7a180000 - 0x00007ffd7a1b8000 	C:\Windows\system32\rsaenh.dll
0x00007ffd7b050000 - 0x00007ffd7b07e000 	C:\Windows\SYSTEM32\USERENV.dll
0x00007ffd7aa70000 - 0x00007ffd7aa7c000 	C:\Windows\SYSTEM32\CRYPTBASE.dll

dbghelp: loaded successfully - version: 4.0.5 - missing functions: none
symbol engine: initialized successfully - sym options: 0x614 - pdb path: .;C:\Program Files\Java\jdk-23\bin;C:\Windows\SYSTEM32;C:\Windows\WinSxS\amd64_microsoft.windows.common-controls_6595b64144ccf1df_6.0.19041.5915_none_60b4b9d171f9c7c7;C:\Program Files\Java\jdk-23\bin\server;C:\javafx-sdk-24.0.1\bin;C:\Windows\System32\DriverStore\FileRepository\u0360470.inf_amd64_35c64671e7fac064\B360357;C:\Program Files\Common Files\Microsoft Shared\Ink

VM Arguments:
jvm_args: --module-path=C:\javafx-sdk-24.0.1\lib --add-modules=javafx.controls,javafx.fxml,javafx.web -javaagent:D:\05_Programs\IntelliJ IDEA Community Edition 2024.3.5\lib\idea_rt.jar=63542 -Dfile.encoding=UTF-8 -Dsun.stdout.encoding=UTF-8 -Dsun.stderr.encoding=UTF-8 
java_command: Client.Main
java_class_path (initial): D:\01_Projects\University\Term_2\P01\Final_Project\TelegramClone\out\production\classes;D:\01_Projects\University\Term_2\P01\Final_Project\TelegramClone\out\production\resources;C:\Users\Mahdi Hoseinpoor\.gradle\caches\modules-2\files-2.1\org.openjfx\javafx-fxml\23.0.2\b032052fc189c1c702cc9b01f416f7cae53674df\javafx-fxml-23.0.2-win.jar;C:\Users\Mahdi Hoseinpoor\.gradle\caches\modules-2\files-2.1\org.openjfx\javafx-controls\23.0.2\ea7a2048ce6b344273affb916713120fe77fb1e8\javafx-controls-23.0.2-win.jar;C:\Users\Mahdi Hoseinpoor\.gradle\caches\modules-2\files-2.1\org.openjfx\javafx-media\23.0.2\b27f12b417de89f6fd6180a6540f6f26ab98a0ee\javafx-media-23.0.2-win.jar;C:\Users\Mahdi Hoseinpoor\.gradle\caches\modules-2\files-2.1\com.google.code.gson\gson\2.10.1\b3add478d4382b78ea20b1671390a858002feb6c\gson-2.10.1.jar;C:\Users\Mahdi Hoseinpoor\.gradle\caches\modules-2\files-2.1\com.jfoenix\jfoenix\9.0.10\a7625792db8d15615ea6eebbc31e01504f20b2df\jfoenix-9.0.10.jar;C:\Users\Mahdi Hoseinpoor\.gradle\caches\modules-2\files-2.1\org.postgresql\postgresql\42.6.0\7614cfce466145b84972781ab0079b8dea49e363\postgresql-42.6.0.jar;C:\Users\Mahdi Hoseinpoor\.gradle\caches\modules-2\files-2.1\org.hibernate.orm\hibernate-community-dialects\6.4.2.Final\9856329563362d2f26541285a2036e86addba30c\hibernate-community-dialects-6.4.2.Final.jar;C:\Users\Mahdi Hoseinpoor\.gradle\caches\modules-2\files-2.1\org.hibernate.orm\hibernate-core\6.4.2.Final\4dd48cbc3c97c71ca42db0a9d0d7f9c220675edb\hibernate-core-6.4.2.Final.jar;C:\Users\Mahdi Hoseinpoor\.gradle\caches\modules-2\files-2.1\jakarta.persistence\jakarta.persistence-api\3.1.0\66901fa1c373c6aff65c13791cc11da72060a8d6\jakarta.persistence-api-3.1.0.jar;C:\Users\Mahdi Hoseinpoor\.gradle\caches\modules-2\files-2.1\com.zaxxer\HikariCP\5.0.1\a74c7f0a37046846e88d54f7cb6ea6d565c65f9c\HikariCP-5.0.1.jar;C:\Users\Mahdi Hoseinpoor\.gradle\caches\modules-2\files-2.1\org.xerial\sqlite-jdbc\3.36.0.3\7fa71c4dfab806490cb909714fb41373ec552c29\sqlite-jdbc-3.36.0.3.jar;C:\Users\Mahdi Hoseinpoor\.gradle\caches\modules-2\files-2.1\org.openjfx\javafx-graphics\23.0.2\21ed994c9ba8a9d30099204c556e6dba3a23f169\javafx-graphics-23.0.2-win.jar;C:\Users\Mahdi Hoseinpoor\.gradle\caches\modules-2\files-2.1\jakarta.transaction\jakarta.transaction-api\2.0.1\51a520e3fae406abb84e2e1148e6746ce3f80a1a\jakarta.transaction-api-2.0.1.jar;C:\Users\Mahdi Hoseinpoor\.gradle\caches\modules-2\files-2.1\org.slf4j\slf4j-api\1.7.30\b5a4b6d16ab13e34a88fae84c35cd5d68cac922c\slf4j-api-1.7.30.jar;C:\Users\Mahdi Hoseinpoor\.gradle\caches\modules-2\files-2.1\org.openjfx\javafx-base\23.0.2\e44e750005596dc44ce37c07fc3b8c10da9ab354\javafx-base-23.0.2-win.jar;C:\Users\Mahdi Hoseinpoor\.gradle\caches\modules-2\files-2.1\org.checkerframework\checker-qual\3.31.0\eeefd4af42e2f4221d145c1791582f91868f99ab\checker-qual-3.31.0.jar;C:\Users\Mahdi Hoseinpoor\.gradle\caches\modules-2\files-2.1\org.jboss.logging\jboss-logging\3.5.0.Final\c19307cc11f28f5e2679347e633a3294d865334d\jboss-logging-3.5.0.Final.jar;C:\Users\Mahdi Hoseinpoor\.gradle\caches\modules-2\files-2.1\org.hibernate.common\hibernate-commons-annotations\6.0.6.Final\77a5f94b56d49508e0ee334751db5b78e5ccd50c\hibernate-commons-annotations-6.0.6.Final.jar;C:\Users\Mahdi Hoseinpoor\.gradle\caches\modules-2\files-2.1\io.smallrye\jandex\3.1.2\a6c1c89925c7df06242b03dddb353116ceb9584c\jandex-3.1.2.jar;C:\Users\Mahdi Hoseinpoor\.gradle\caches\modules-2\files-2.1\com.fasterxml\classmate\1.5.1\3fe0bed568c62df5e89f4f174c101eab25345b6c\classmate-1.5.1.jar;C:\Users\Mahdi Hoseinpoor\.gradle\caches\modules-2\files-2.1\net.bytebuddy\byte-buddy\1.14.7\34efde5f0bb93afc94aaf9d400521899c4806873\byte-buddy-1.14.7.jar;C:\Users\Mahdi Hoseinpoor\.gradle\caches\modules-2\files-2.1\org.glassfish.jaxb\jaxb-runtime\4.0.2\e4e4e0c5b0d42054d00dc4023901572a60d368c7\jaxb-runtime-4.0.2.jar;C:\Users\Mahdi Hoseinpoor\.gradle\caches\modules-2\files-2.1\jakarta.xml.bind\jakarta.xml.bind-api\4.0.0\bbb399208d288b15ec101fa4fcfc4bd77cedc97a\jakarta.xml.bind-api-4.0.0.jar;C:\Users\Mahdi Hoseinpoor\.gradle\caches\modules-2\files-2.1\jakarta.inject\jakarta.inject-api\2.0.1\4c28afe1991a941d7702fe1362c365f0a8641d1e\jakarta.inject-api-2.0.1.jar;C:\Users\Mahdi Hoseinpoor\.gradle\caches\modules-2\files-2.1\org.antlr\antlr4-runtime\4.13.0\5a02e48521624faaf5ff4d99afc88b01686af655\antlr4-runtime-4.13.0.jar;C:\Users\Mahdi Hoseinpoor\.gradle\caches\modules-2\files-2.1\org.glassfish.jaxb\jaxb-core\4.0.2\8c29249f6c10f4ee08967783831580b0f5c5360\jaxb-core-4.0.2.jar;C:\Users\Mahdi Hoseinpoor\.gradle\caches\modules-2\files-2.1\jakarta.activation\jakarta.activation-api\2.1.1\88c774ab863a21fb2fc4219af95379fafe499a31\jakarta.activation-api-2.1.1.jar;C:\Users\Mahdi Hoseinpoor\.gradle\caches\modules-2\files-2.1\org.eclipse.angus\angus-activation\2.0.0\72369f4e2314d38de2dcbb277141ef0226f73151\angus-activation-2.0.0.jar;C:\Users\Mahdi Hoseinpoor\.gradle\caches\modules-2\files-2.1\org.glassfish.jaxb\txw2\4.0.2\24e167be69c29ebb7ee0a3b1f9b546f1dfd111fc\txw2-4.0.2.jar;C:\Users\Mahdi Hoseinpoor\.gradle\caches\modules-2\files-2.1\com.sun.istack\istack-commons-runtime\4.1.1\9b3769c76235bc283b060da4fae2318c6d53f07e\istack-commons-runtime-4.1.1.jar
Launcher Type: SUN_STANDARD

[Global flags]
     intx CICompilerCount                          = 2                                         {product} {ergonomic}
     uint ConcGCThreads                            = 1                                         {product} {ergonomic}
     uint G1ConcRefinementThreads                  = 2                                         {product} {ergonomic}
   size_t G1HeapRegionSize                         = 1048576                                   {product} {ergonomic}
   size_t InitialHeapSize                          = 117440512                                 {product} {ergonomic}
   size_t MarkStackSize                            = 4194304                                   {product} {ergonomic}
   size_t MarkStackSizeMax                         = 536870912                                 {product} {ergonomic}
   size_t MaxHeapSize                              = 1866465280                                {product} {ergonomic}
   size_t MaxNewSize                               = 1119879168                                {product} {ergonomic}
   size_t MinHeapDeltaBytes                        = 1048576                                   {product} {ergonomic}
   size_t MinHeapSize                              = 8388608                                   {product} {ergonomic}
    uintx NonNMethodCodeHeapSize                   = 5767168                                {pd product} {ergonomic}
    uintx NonProfiledCodeHeapSize                  = 123011072                              {pd product} {ergonomic}
    uintx ProfiledCodeHeapSize                     = 122880000                              {pd product} {ergonomic}
    uintx ReservedCodeCacheSize                    = 251658240                              {pd product} {ergonomic}
     bool SegmentedCodeCache                       = true                                      {product} {ergonomic}
   size_t SoftMaxHeapSize                          = 1866465280                             {manageable} {ergonomic}
     bool UseCompressedOops                        = true                           {product lp64_product} {ergonomic}
     bool UseG1GC                                  = true                                      {product} {ergonomic}
     bool UseLargePagesIndividualAllocation        = false                                  {pd product} {ergonomic}

Logging:
Log output configuration:
 #0: stdout all=off uptime,level,tags foldmultilines=false
 #1: stderr all=off uptime,level,tags foldmultilines=false

Environment Variables:
JAVA_HOME=C:\Program Files\Java\jdk-23
PATH=C:\Program Files (x86)\NVIDIA Corporation\PhysX\Common;C:\Program Files\Common Files\Oracle\Java\javapath;C:\Windows\system32;C:\Windows;C:\Windows\System32\Wbem;C:\Windows\System32\WindowsPowerShell\v1.0\;C:\Windows\System32\OpenSSH\;C:\Program Files\Microsoft SQL Server\Client SDK\ODBC\170\Tools\Binn\;C:\Program Files\Microsoft SQL Server\150\Tools\Binn\;C:\Program Files\dotnet\;D:\05_Programs\Matlab\runtime\win64;D:\05_Programs\Matlab\bin;C:\Program Files\Git\cmd;C:\Program Files\Java\jdk-23\bin;C:\Program Files\Go\bin;C:\Program Files\GitHub CLI\;C:\Program Files\PostgreSQL\17\bin;C:\Users\Mahdi Hoseinpoor\AppData\Local\Programs\Python\Launcher\;C:\Users\Mahdi Hoseinpoor\AppData\Local\Microsoft\WindowsApps;C:\Users\Mahdi Hoseinpoor\.dotnet\tools;C:\Users\Mahdi Hoseinpoor\AppData\Local\Programs\Microsoft VS Code\bin;C:\Program Files\mingw64\bin;C:\Program Files\JetBrains\CLion 2021.3.4\bin;;C:\Users\Mahdi Hoseinpoor\go\bin;C:\ffmpeg\bin;C:\Gradle\bin;D:\05_Programs\IntelliJ IDEA 2020.2.3\bin;;D:\05_Programs\IntelliJ IDEA Community Edition 2024.3.5\bin;;C:\Maven\bin;C:\Users\Mahdi Hoseinpoor\AppData\Local\Muse Hub\lib
USERNAME=Mahdi Hoseinpoor
OS=Windows_NT
PROCESSOR_IDENTIFIER=AMD64 Family 21 Model 112 Stepping 0, AuthenticAMD
TMP=C:\Users\MAHDIH~1\AppData\Local\Temp
TEMP=C:\Users\MAHDIH~1\AppData\Local\Temp




Periodic native trim disabled

---------------  S Y S T E M  ---------------

OS:
 Windows 10 , 64 bit Build 19041 (10.0.19041.5915)
OS uptime: 5 days 11:03 hours

CPU: total 2 (initial active 2) (2 cores per cpu, 1 threads per core) family 21 model 112 stepping 0 microcode 0x0, cx8, cmov, fxsr, mmx, 3dnowpref, sse, sse2, sse3, ssse3, sse4a, sse4.1, sse4.2, popcnt, lzcnt, tsc, tscinvbit, avx, avx2, aes, clmul, bmi1, bmi2, fma, vzeroupper, clflush, rdtscp, f16c
Processor Information for the first 2 processors :
  Max Mhz: 2500, Current Mhz: 2300, Mhz Limit: 2500

Memory: 4k page, system-wide physical 7116M (1238M free)
TotalPageFile size 11258M (AvailPageFile size 3144M)
current process WorkingSet (physical memory assigned to process): 260M, peak: 288M
current process commit charge ("private bytes"): 407M, peak: 448M

vm_info: Java HotSpot(TM) 64-Bit Server VM (23.0.2+7-58) for windows-amd64 JRE (23.0.2+7-58), built on 2024-11-29T09:34:55Z with MS VC++ 17.6 (VS2022)

END.
