#
# A fatal error has been detected by the Java Runtime Environment:
#
#  EXCEPTION_ACCESS_VIOLATION (0xc0000005) at pc=0x00007ffb2b178e37, pid=14000, tid=23084
#
# JRE version: Java(TM) SE Runtime Environment (23.0.2+7) (build 23.0.2+7-58)
# Java VM: Java HotSpot(TM) 64-Bit Server VM (23.0.2+7-58, mixed mode, sharing, tiered, compressed oops, compressed class ptrs, g1 gc, windows-amd64)
# Problematic frame:
# C  0x00007ffb2b178e37
#
# No core dump will be written. Minidumps are not enabled by default on client versions of Windows
#
# If you would like to submit a bug report, please visit:
#   https://bugreport.java.com/bugreport/crash.jsp
#

---------------  S U M M A R Y ------------

Command Line: --module-path=C:\javafx-sdk-24.0.1\lib --add-modules=javafx.controls,javafx.fxml,javafx.media -javaagent:G:\IntelliJ IDEA 2024.3.5\lib\idea_rt.jar=60384 -Dfile.encoding=UTF-8 -Dsun.stdout.encoding=UTF-8 -Dsun.stderr.encoding=UTF-8 Client.Main

Host: 12th Gen Intel(R) Core(TM) i7-12650H, 16 cores, 15G,  Windows 10 , 64 bit Build 19041 (10.0.19041.5915)
Time: Mon Sep  8 02:32:54 2025 Iran Standard Time elapsed time: 121.818829 seconds (0d 0h 2m 1s)

---------------  T H R E A D  ---------------

Current thread (0x0000025a64f3f020):  VMThread "VM Thread"          [id=23084, stack(0x0000007f1be00000,0x0000007f1bf00000) (1024K)]

Stack: [0x0000007f1be00000,0x0000007f1bf00000],  sp=0x0000007f1befefa0,  free space=1019k
Native frames: (J=compiled Java code, j=interpreted, Vv=VM code, C=native code)
C  0x00007ffb2b178e37  (no source info available)
C  [ucrtbase.dll+0x142d6]  (no source info available)
C  [ucrtbase.dll+0x141fb]  (no source info available)
C  [ucrtbase.dll+0x141b4]  (no source info available)
C  0x00007ffb2b17655d  (no source info available)
C  0x00007ffb2b176682  (no source info available)
C  [ntdll.dll+0x19a1d]  (no source info available)
C  [ntdll.dll+0x5f1ca]  (no source info available)
C  [ntdll.dll+0x5ef7d]  (no source info available)
C  [KERNEL32.DLL+0x1e3eb]  (no source info available)
C  [ucrtbase.dll+0x205bc]  (no source info available)
C  [ucrtbase.dll+0x2045f]  (no source info available)
V  [jvm.dll+0x6d9b3c]  (no source info available)
V  [jvm.dll+0x6d9670]  (no source info available)
V  [jvm.dll+0x3da724]  (no source info available)
V  [jvm.dll+0x886d50]  (no source info available)
V  [jvm.dll+0x888077]  (no source info available)
V  [jvm.dll+0x8885a8]  (no source info available)
V  [jvm.dll+0x888843]  (no source info available)
V  [jvm.dll+0x8254cb]  (no source info available)
V  [jvm.dll+0x6df345]  (no source info available)
C  [ucrtbase.dll+0x21bb2]  (no source info available)
C  [KERNEL32.DLL+0x17374]  (no source info available)
C  [ntdll.dll+0x4cc91]  (no source info available)


siginfo: EXCEPTION_ACCESS_VIOLATION (0xc0000005), reading address 0x0000000000000000


Registers:
RAX=0x0000000000000000, RBX=0x0000025a64f4fd32, RCX=0x0000025a64f3f020, RDX=0x0000007f1befefa0
RSP=0x0000007f1befefa0, RBP=0x0000025a4269c678, RSI=0x0000025a4269c650, RDI=0x00009b3fe21ea964
R8 =0x0000000000010002, R9 =0x00009b3fe21ea964, R10=0x0000000000008000, R11=0x0000007f1befef30
R12=0x00007ffb2b1766d0, R13=0x00007ffb2370c6e0, R14=0x0000007f1beff098, R15=0x0000025a4269c650
RIP=0x00007ffb2b178e37, EFLAGS=0x0000000000010202


Register to memory mapping:

RAX=0x0 is null
RBX=0x0000025a64f4fd32 is a global jni handle
RCX=0x0000025a64f3f020 points into unknown readable memory: 0x00007ffb23510748 | 48 07 51 23 fb 7f 00 00
RDX=0x0000007f1befefa0 points into unknown readable memory: 0x0000000000000000 | 00 00 00 00 00 00 00 00
RSP=0x0000007f1befefa0 points into unknown readable memory: 0x0000000000000000 | 00 00 00 00 00 00 00 00
RBP=0x0000025a4269c678 points into unknown readable memory: 0x00009b3fe21ea964 | 64 a9 1e e2 3f 9b 00 00
RSI=0x0000025a4269c650 points into unknown readable memory: 0xb17685bfe21956d6 | d6 56 19 e2 bf 85 76 b1
RDI=0x00009b3fe21ea964 is an unknown value
R8 =0x0000000000010002 is an unknown value
R9 =0x00009b3fe21ea964 is an unknown value
R10=0x0000000000008000 is an unknown value
R11=0x0000007f1befef30 points into unknown readable memory: 0x0000025a4269c650 | 50 c6 69 42 5a 02 00 00
R12=0x00007ffb2b1766d0 points into unknown readable memory: 0x74894808245c8948 | 48 89 5c 24 08 48 89 74
R13=0x00007ffb2370c6e0 jvm.dll
R14=0x0000007f1beff098 points into unknown readable memory: 0x0000007f1beff080 | 80 f0 ef 1b 7f 00 00 00
R15=0x0000025a4269c650 points into unknown readable memory: 0xb17685bfe21956d6 | d6 56 19 e2 bf 85 76 b1

Top of Stack: (sp=0x0000007f1befefa0)
0x0000007f1befefa0:   0000000000000000 0000025a4269c650
0x0000007f1befefb0:   00007ffb2370c6e0 00007ffb2b1766d0
0x0000007f1befefc0:   0000025a4269c658 00007ffb858942d6
0x0000007f1befefd0:   00009b3fe21ea964 0000025a00000000
0x0000007f1befefe0:   0000025a4269c678 0000025a4269c650
0x0000007f1befeff0:   fffffffffffffffe 0000000000000000
0x0000007f1beff000:   0000000000000001 00007ffb2b150000
0x0000007f1beff010:   0000007f1beff088 00007ffb858941fb
0x0000007f1beff020:   0000000000000000 0000007f1beff098
0x0000007f1beff030:   0000007f1beff370 00007ffb85970e40
0x0000007f1beff040:   0000000000000001 00007ffb858941b4
0x0000007f1beff050:   0000000000000000 0000000000000001
0x0000007f1beff060:   00007ffb81b63300 0000007f1beff088
0x0000007f1beff070:   000000000000000d 00007ffb2b17655d
0x0000007f1beff080:   00007ffb2b18fda8 00007ffb00000002
0x0000007f1beff090:   0000000000000002 0000007f1beff080
0x0000007f1beff0a0:   0000000000000000 00007ffb88169993
0x0000007f1beff0b0:   0000000000000000 00007ffb2b176682
0x0000007f1beff0c0:   0000000000000001 0000000000000000
0x0000007f1beff0d0:   0000000000000000 0000000000000001
0x0000007f1beff0e0:   00007ffb7cc41d90 0000000000000000
0x0000007f1beff0f0:   0000000000000001 00007ffb7cc42ef0
0x0000007f1beff100:   00007ffb2b150000 000000007ffe0384
0x0000007f1beff110:   0000000000000000 00007ffb88169a1d
0x0000007f1beff120:   00007ffb2b150000 0000000000000000
0x0000007f1beff130:   0000000000000001 000000007ffe0385
0x0000007f1beff140:   0000000000000000 00007ffb881af331
0x0000007f1beff150:   00004b093e905800 0000000000000014
0x0000007f1beff160:   00007ffb2b1766d0 0000000000000000
0x0000007f1beff170:   0000000000000000 0000007f1b3b4000
0x0000007f1beff180:   0000025a42007670 00007ffb881af1ca
0x0000007f1beff190:   0000025a42004b90 00007ffb2b150000 

Instructions: (pc=0x00007ffb2b178e37)
0x00007ffb2b178d37:   8b 4d 58 e8 d9 ce ff ff 48 8b 4d 60 e8 d0 ce ff
0x00007ffb2b178d47:   ff 48 8b 95 80 00 00 00 48 8b 8d 18 01 00 00 e8
0x00007ffb2b178d57:   b6 c4 ff ff 33 d2 33 c9 e8 1c e1 ff ff 90 48 89
0x00007ffb2b178d67:   54 24 10 55 48 83 ec 20 48 8b ea 48 b8 00 00 00
0x00007ffb2b178d77:   00 00 00 00 00 48 83 c4 20 5d c3 cc 40 55 48 8b
0x00007ffb2b178d87:   ea 48 8b 01 33 c9 81 38 05 00 00 c0 0f 94 c1 8b
0x00007ffb2b178d97:   c1 5d c3 cc 40 55 48 83 ec 20 48 8b ea 8a 4d 40
0x00007ffb2b178da7:   48 83 c4 20 5d e9 c3 d2 ff ff cc 40 55 48 83 ec
0x00007ffb2b178db7:   20 48 8b ea 8a 4d 20 e8 b1 d2 ff ff 90 48 83 c4
0x00007ffb2b178dc7:   20 5d c3 cc 40 55 48 83 ec 20 48 8b ea 48 83 c4
0x00007ffb2b178dd7:   20 5d e9 12 d1 ff ff cc 40 55 48 83 ec 30 48 8b
0x00007ffb2b178de7:   ea 48 8b 01 8b 10 48 89 4c 24 28 89 54 24 20 4c
0x00007ffb2b178df7:   8d 0d b3 d5 ff ff 4c 8b 45 70 8b 55 68 48 8b 4d
0x00007ffb2b178e07:   60 e8 53 d0 ff ff 90 48 83 c4 30 5d c3 cc cc cc
0x00007ffb2b178e17:   cc cc cc cc cc cc cc cc cc 40 53 48 83 ec 20 48
0x00007ffb2b178e27:   8b 1d 2b 6a 01 00 48 85 db 74 16 e8 a9 8f ff ff
0x00007ffb2b178e37:   4c 8b 00 48 8b d3 48 8b c8 41 ff 90 b0 00 00 00
0x00007ffb2b178e47:   90 48 83 c4 20 5b c3 cc cc 40 53 48 83 ec 20 48
0x00007ffb2b178e57:   8b 1d 6b 6b 01 00 48 85 db 74 57 b8 ff ff ff ff
0x00007ffb2b178e67:   f0 0f c1 43 10 83 f8 01 75 3d 48 85 db 74 38 48
0x00007ffb2b178e77:   8b 0b 48 85 c9 74 0d ff 15 2c 14 00 00 48 c7 03
0x00007ffb2b178e87:   00 00 00 00 48 8b 4b 08 48 85 c9 74 0d e8 7f cd
0x00007ffb2b178e97:   ff ff 48 c7 43 08 00 00 00 00 ba 18 00 00 00 48
0x00007ffb2b178ea7:   8b cb e8 6a cd ff ff 48 c7 05 0f 6b 01 00 00 00
0x00007ffb2b178eb7:   00 00 48 83 c4 20 5b c3 cc 40 53 48 83 ec 20 48
0x00007ffb2b178ec7:   8b 1d db 6a 01 00 48 85 db 74 57 b8 ff ff ff ff
0x00007ffb2b178ed7:   f0 0f c1 43 10 83 f8 01 75 3d 48 85 db 74 38 48
0x00007ffb2b178ee7:   8b 0b 48 85 c9 74 0d ff 15 bc 13 00 00 48 c7 03
0x00007ffb2b178ef7:   00 00 00 00 48 8b 4b 08 48 85 c9 74 0d e8 0f cd
0x00007ffb2b178f07:   ff ff 48 c7 43 08 00 00 00 00 ba 18 00 00 00 48
0x00007ffb2b178f17:   8b cb e8 fa cc ff ff 48 c7 05 7f 6a 01 00 00 00
0x00007ffb2b178f27:   00 00 48 83 c4 20 5b c3 cc 40 53 48 83 ec 20 48 


Stack slot to memory mapping:

stack at sp + 0 slots: 0x0 is null
stack at sp + 1 slots: 0x0000025a4269c650 points into unknown readable memory: 0xb17685bfe21956d6 | d6 56 19 e2 bf 85 76 b1
stack at sp + 2 slots: 0x00007ffb2370c6e0 jvm.dll
stack at sp + 3 slots: 0x00007ffb2b1766d0 points into unknown readable memory: 0x74894808245c8948 | 48 89 5c 24 08 48 89 74
stack at sp + 4 slots: 0x0000025a4269c658 points into unknown readable memory: 0x00009b3fe21ea964 | 64 a9 1e e2 3f 9b 00 00
stack at sp + 5 slots: 0x00007ffb858942d6 ucrtbase.dll
stack at sp + 6 slots: 0x00009b3fe21ea964 is an unknown value
stack at sp + 7 slots: 0x0000025a00000000 is pointing into metadata

VM_Operation (0x0000007f1b5feda0): Exit, mode: safepoint, requested by thread 0x0000025a7953be00


---------------  P R O C E S S  ---------------

Threads class SMR info:
_java_thread_list=0x0000025a6a065aa0, length=26, elements={
0x0000025a45b58810, 0x0000025a64f55a30, 0x0000025a64f56950, 0x0000025a64f58ec0,
0x0000025a64f5e120, 0x0000025a64f5b930, 0x0000025a64f5c740, 0x0000025a41032710,
0x0000025a4103b620, 0x0000025a41142b60, 0x0000025a421a3aa0, 0x0000025a423d9060,
0x0000025a423d96f0, 0x0000025a423d9d80, 0x0000025a423d7620, 0x0000025a423daaa0,
0x0000025a423d7cb0, 0x0000025a41869620, 0x0000025a41868f90, 0x0000025a4186a9d0,
0x0000025a4186b060, 0x0000025a7953b770, 0x0000025a79540630, 0x0000025a7953f910,
0x0000025a79541350, 0x0000025a7953be00
}

Java Threads: ( => current thread )
  0x0000025a45b58810 JavaThread "main"                              [_thread_blocked, id=27428, stack(0x0000007f1b700000,0x0000007f1b800000) (1024K)]
  0x0000025a64f55a30 JavaThread "Reference Handler"          daemon [_thread_blocked, id=26316, stack(0x0000007f1bf00000,0x0000007f1c000000) (1024K)]
  0x0000025a64f56950 JavaThread "Finalizer"                  daemon [_thread_blocked, id=26912, stack(0x0000007f1c000000,0x0000007f1c100000) (1024K)]
  0x0000025a64f58ec0 JavaThread "Signal Dispatcher"          daemon [_thread_blocked, id=27940, stack(0x0000007f1c100000,0x0000007f1c200000) (1024K)]
  0x0000025a64f5e120 JavaThread "Attach Listener"            daemon [_thread_blocked, id=21996, stack(0x0000007f1c200000,0x0000007f1c300000) (1024K)]
  0x0000025a64f5b930 JavaThread "Service Thread"             daemon [_thread_blocked, id=2128, stack(0x0000007f1c300000,0x0000007f1c400000) (1024K)]
  0x0000025a64f5c740 JavaThread "Monitor Deflation Thread"   daemon [_thread_blocked, id=26192, stack(0x0000007f1c400000,0x0000007f1c500000) (1024K)]
  0x0000025a41032710 JavaThread "C2 CompilerThread0"         daemon [_thread_blocked, id=25552, stack(0x0000007f1c500000,0x0000007f1c600000) (1024K)]
  0x0000025a4103b620 JavaThread "C1 CompilerThread0"         daemon [_thread_blocked, id=22156, stack(0x0000007f1c600000,0x0000007f1c700000) (1024K)]
  0x0000025a41142b60 JavaThread "Common-Cleaner"             daemon [_thread_blocked, id=8644, stack(0x0000007f1c700000,0x0000007f1c800000) (1024K)]
  0x0000025a421a3aa0 JavaThread "Monitor Ctrl-Break"         daemon [_thread_in_native, id=20300, stack(0x0000007f1cf00000,0x0000007f1d000000) (1024K)]
  0x0000025a423d9060 JavaThread "Notification Thread"        daemon [_thread_blocked, id=28208, stack(0x0000007f1d000000,0x0000007f1d100000) (1024K)]
  0x0000025a423d96f0 JavaThread "QuantumRenderer-0"          daemon [_thread_blocked, id=26764, stack(0x0000007f1d100000,0x0000007f1d200000) (1024K)]
  0x0000025a423d9d80 JavaThread "RMI TCP Accept-0"           daemon [_thread_in_native, id=12608, stack(0x0000007f1db00000,0x0000007f1dc00000) (1024K)]
  0x0000025a423d7620 JavaThread "RMI TCP Connection(1)-172.19.0.1" daemon [_thread_in_native, id=23564, stack(0x0000007f1dc00000,0x0000007f1dd00000) (1024K)]
  0x0000025a423daaa0 JavaThread "RMI Scheduler(0)"           daemon [_thread_blocked, id=25940, stack(0x0000007f1dd00000,0x0000007f1de00000) (1024K)]
  0x0000025a423d7cb0 JavaThread "JMX server connection timeout 43" daemon [_thread_blocked, id=4784, stack(0x0000007f1de00000,0x0000007f1df00000) (1024K)]
  0x0000025a41869620 JavaThread "InvokeLaterDispatcher"      daemon [_thread_blocked, id=15064, stack(0x0000007f1df00000,0x0000007f1e000000) (1024K)]
  0x0000025a41868f90 JavaThread "JavaFX Application Thread"         [_thread_in_native, id=25716, stack(0x0000007f1e000000,0x0000007f1e100000) (1024K)]
  0x0000025a4186a9d0 JavaThread "JavaFX-Launcher"                   [_thread_blocked, id=20464, stack(0x0000007f1e600000,0x0000007f1e700000) (1024K)]
  0x0000025a4186b060 JavaThread "Thread-2"                   daemon [_thread_in_native, id=28188, stack(0x0000007f1cb00000,0x0000007f1cc00000) (1024K)]
  0x0000025a7953b770 JavaThread "Prism Font Disposer"        daemon [_thread_blocked, id=19772, stack(0x0000007f1f300000,0x0000007f1f400000) (1024K)]
  0x0000025a79540630 JavaThread "Cleaner-0"                  daemon [_thread_blocked, id=4384, stack(0x0000007f1f400000,0x0000007f1f500000) (1024K)]
  0x0000025a7953f910 JavaThread "Thread-3"                   daemon [_thread_in_native, id=26300, stack(0x0000007f1ea00000,0x0000007f1eb00000) (1024K)]
  0x0000025a79541350 JavaThread "Timer-0"                    daemon [_thread_blocked, id=28352, stack(0x0000007f1ca00000,0x0000007f1cb00000) (1024K)]
  0x0000025a7953be00 JavaThread "SIGINT handler"             daemon [_thread_blocked, id=28076, stack(0x0000007f1b500000,0x0000007f1b600000) (1024K)]
Total: 26

Other Threads:
=>0x0000025a64f3f020 VMThread "VM Thread"                           [id=23084, stack(0x0000007f1be00000,0x0000007f1bf00000) (1024K)]
  0x0000025a45bbfcd0 WorkerThread "GC Thread#0"                     [id=20840, stack(0x0000007f1b800000,0x0000007f1b900000) (1024K)]
  0x0000025a41c08610 WorkerThread "GC Thread#1"                     [id=7532, stack(0x0000007f1d200000,0x0000007f1d300000) (1024K)]
  0x0000025a41c094d0 WorkerThread "GC Thread#2"                     [id=8732, stack(0x0000007f1d300000,0x0000007f1d400000) (1024K)]
  0x0000025a41c09880 WorkerThread "GC Thread#3"                     [id=3744, stack(0x0000007f1d400000,0x0000007f1d500000) (1024K)]
  0x0000025a41c07eb0 WorkerThread "GC Thread#4"                     [id=13892, stack(0x0000007f1d500000,0x0000007f1d600000) (1024K)]
  0x0000025a41c08260 WorkerThread "GC Thread#5"                     [id=20680, stack(0x0000007f1d600000,0x0000007f1d700000) (1024K)]
  0x0000025a42ac13f0 WorkerThread "GC Thread#6"                     [id=28632, stack(0x0000007f1d700000,0x0000007f1d800000) (1024K)]
  0x0000025a42ac0c90 WorkerThread "GC Thread#7"                     [id=20288, stack(0x0000007f1d800000,0x0000007f1d900000) (1024K)]
  0x0000025a42ac1040 WorkerThread "GC Thread#8"                     [id=27468, stack(0x0000007f1d900000,0x0000007f1da00000) (1024K)]
  0x0000025a427eebc0 WorkerThread "GC Thread#9"                     [id=10196, stack(0x0000007f1ed00000,0x0000007f1ee00000) (1024K)]
  0x0000025a427efe30 WorkerThread "GC Thread#10"                    [id=23348, stack(0x0000007f1ee00000,0x0000007f1ef00000) (1024K)]
  0x0000025a427eef70 WorkerThread "GC Thread#11"                    [id=26168, stack(0x0000007f1ef00000,0x0000007f1f000000) (1024K)]
  0x0000025a427ef6d0 WorkerThread "GC Thread#12"                    [id=28016, stack(0x0000007f1f000000,0x0000007f1f100000) (1024K)]
  0x0000025a45c0f010 ConcurrentGCThread "G1 Main Marker"            terminated
  0x0000025a45c102c0 WorkerThread "G1 Conc#0"                       [id=25268, stack(0x0000007f1ba00000,0x0000007f1bb00000) (1024K)]
  0x0000025a6aa46140 WorkerThread "G1 Conc#1"                       [id=27140, stack(0x0000007f1e800000,0x0000007f1e900000) (1024K)]
  0x0000025a6aa48d80 WorkerThread "G1 Conc#2"                       [id=23632, stack(0x0000007f1e900000,0x0000007f1ea00000) (1024K)]
  0x0000025a64e03710 ConcurrentGCThread "G1 Refine#0"               terminated
  0x0000025a64e041a0 ConcurrentGCThread "G1 Service"                terminated
Total: 20

Threads with active compile tasks:
Total: 0

VM state: at safepoint (shutting down)

VM Mutex/Monitor currently owned by a thread:  ([mutex/lock_event])
[0x00007ffb236e4888] Threads_lock - owner thread: 0x0000025a64f3f020
[0x00007ffb236e4988] Heap_lock - owner thread: 0x0000025a7953be00

Heap address: 0x0000000705e00000, size: 4002 MB, Compressed Oops mode: Zero based, Oop shift amount: 3

CDS archive(s) mapped at: [0x0000025a00000000-0x0000025a00d70000-0x0000025a00d70000), size 14090240, SharedBaseAddress: 0x0000025a00000000, ArchiveRelocationMode: 1.
Compressed class space mapped at: 0x0000025a01000000-0x0000025a41000000, reserved size: 1073741824
Narrow klass base: 0x0000025a00000000, Narrow klass shift: 0, Narrow klass range: 0x41000000

GC Precious Log:
 CardTable entry size: 512
 Card Set container configuration: InlinePtr #cards 4 size 8 Array Of Cards #cards 16 size 48 Howl #buckets 8 coarsen threshold 3686 Howl Bitmap #cards 512 size 80 coarsen threshold 460 Card regions per heap region 1 cards per card region 4096
 CPUs: 16 total, 16 available
 Memory: 16005M
 Large Page Support: Disabled
 NUMA Support: Disabled
 Compressed Oops: Enabled (Zero based)
 Heap Region Size: 2M
 Heap Min Capacity: 8M
 Heap Initial Capacity: 252M
 Heap Max Capacity: 4002M
 Pre-touch: Disabled
 Parallel Workers: 13
 Concurrent Workers: 3
 Concurrent Refinement Workers: 13
 Periodic GC: Disabled

Heap:
 garbage-first heap   total reserved 4098048K, committed 415744K, used 294385K [0x0000000705e00000, 0x0000000800000000)
  region size 2048K, 46 young (94208K), 2 survivors (4096K)
 Metaspace       used 30536K, committed 31104K, reserved 1114112K
  class space    used 4155K, committed 4416K, reserved 1048576K

Heap Regions: E=young(eden), S=young(survivor), O=old, HS=humongous(starts), HC=humongous(continues), CS=collection set, F=free, TAMS=top-at-mark-start, PB=parsable bottom
|   0|0x0000000705e00000, 0x0000000706000000, 0x0000000706000000|100%| O|  |TAMS 0x0000000705e00000| PB 0x0000000705e00000| Untracked |  0
|   1|0x0000000706000000, 0x0000000706200000, 0x0000000706200000|100%| O|  |TAMS 0x0000000706000000| PB 0x0000000706000000| Untracked |  0
|   2|0x0000000706200000, 0x0000000706400000, 0x0000000706400000|100%| O|  |TAMS 0x0000000706200000| PB 0x0000000706200000| Untracked |  0
|   3|0x0000000706400000, 0x0000000706600000, 0x0000000706600000|100%| O|  |TAMS 0x0000000706400000| PB 0x0000000706400000| Untracked |  0
|   4|0x0000000706600000, 0x0000000706800000, 0x0000000706800000|100%|HS|  |TAMS 0x0000000706600000| PB 0x0000000706600000| Complete |  0
|   5|0x0000000706800000, 0x0000000706a00000, 0x0000000706a00000|100%|HC|  |TAMS 0x0000000706800000| PB 0x0000000706800000| Complete |  0
|   6|0x0000000706a00000, 0x0000000706c00000, 0x0000000706c00000|100%|HC|  |TAMS 0x0000000706a00000| PB 0x0000000706a00000| Complete |  0
|   7|0x0000000706c00000, 0x0000000706e00000, 0x0000000706e00000|100%|HC|  |TAMS 0x0000000706c00000| PB 0x0000000706c00000| Complete |  0
|   8|0x0000000706e00000, 0x0000000707000000, 0x0000000707000000|100%| O|  |TAMS 0x0000000706e00000| PB 0x0000000706e00000| Untracked |  0
|   9|0x0000000707000000, 0x0000000707200000, 0x0000000707200000|100%| O|  |TAMS 0x0000000707000000| PB 0x0000000707000000| Untracked |  0
|  10|0x0000000707200000, 0x0000000707400000, 0x0000000707400000|100%|HS|  |TAMS 0x0000000707200000| PB 0x0000000707200000| Complete |  0
|  11|0x0000000707400000, 0x0000000707600000, 0x0000000707600000|100%|HS|  |TAMS 0x0000000707400000| PB 0x0000000707400000| Complete |  0
|  12|0x0000000707600000, 0x0000000707800000, 0x0000000707800000|100%|HC|  |TAMS 0x0000000707600000| PB 0x0000000707600000| Complete |  0
|  13|0x0000000707800000, 0x0000000707a00000, 0x0000000707a00000|100%|HS|  |TAMS 0x0000000707800000| PB 0x0000000707800000| Complete |  0
|  14|0x0000000707a00000, 0x0000000707c00000, 0x0000000707c00000|100%|HS|  |TAMS 0x0000000707a00000| PB 0x0000000707a00000| Complete |  0
|  15|0x0000000707c00000, 0x0000000707e00000, 0x0000000707e00000|100%|HS|  |TAMS 0x0000000707c00000| PB 0x0000000707c00000| Complete |  0
|  16|0x0000000707e00000, 0x0000000708000000, 0x0000000708000000|100%|HC|  |TAMS 0x0000000707e00000| PB 0x0000000707e00000| Complete |  0
|  17|0x0000000708000000, 0x0000000708200000, 0x0000000708200000|100%| O|  |TAMS 0x0000000708000000| PB 0x0000000708000000| Untracked |  0
|  18|0x0000000708200000, 0x0000000708400000, 0x0000000708400000|100%|HS|  |TAMS 0x0000000708200000| PB 0x0000000708200000| Complete |  0
|  19|0x0000000708400000, 0x0000000708600000, 0x0000000708600000|100%|HS|  |TAMS 0x0000000708400000| PB 0x0000000708400000| Complete |  0
|  20|0x0000000708600000, 0x0000000708600000, 0x0000000708800000|  0%| F|  |TAMS 0x0000000708600000| PB 0x0000000708600000| Untracked |  0
|  21|0x0000000708800000, 0x0000000708a00000, 0x0000000708a00000|100%| O|  |TAMS 0x0000000708800000| PB 0x0000000708800000| Untracked |  0
|  22|0x0000000708a00000, 0x0000000708a00000, 0x0000000708c00000|  0%| F|  |TAMS 0x0000000708a00000| PB 0x0000000708a00000| Untracked |  0
|  23|0x0000000708c00000, 0x0000000708e00000, 0x0000000708e00000|100%|HS|  |TAMS 0x0000000708c00000| PB 0x0000000708c00000| Complete |  0
|  24|0x0000000708e00000, 0x0000000709000000, 0x0000000709000000|100%|HC|  |TAMS 0x0000000708e00000| PB 0x0000000708e00000| Complete |  0
|  25|0x0000000709000000, 0x0000000709000000, 0x0000000709200000|  0%| F|  |TAMS 0x0000000709000000| PB 0x0000000709000000| Untracked |  0
|  26|0x0000000709200000, 0x0000000709400000, 0x0000000709400000|100%|HS|  |TAMS 0x0000000709200000| PB 0x0000000709200000| Complete |  0
|  27|0x0000000709400000, 0x0000000709600000, 0x0000000709600000|100%|HS|  |TAMS 0x0000000709400000| PB 0x0000000709400000| Complete |  0
|  28|0x0000000709600000, 0x0000000709800000, 0x0000000709800000|100%|HC|  |TAMS 0x0000000709600000| PB 0x0000000709600000| Complete |  0
|  29|0x0000000709800000, 0x0000000709a00000, 0x0000000709a00000|100%|HS|  |TAMS 0x0000000709800000| PB 0x0000000709800000| Complete |  0
|  30|0x0000000709a00000, 0x0000000709c00000, 0x0000000709c00000|100%|HC|  |TAMS 0x0000000709a00000| PB 0x0000000709a00000| Complete |  0
|  31|0x0000000709c00000, 0x0000000709c00000, 0x0000000709e00000|  0%| F|  |TAMS 0x0000000709c00000| PB 0x0000000709c00000| Untracked |  0
|  32|0x0000000709e00000, 0x000000070a000000, 0x000000070a000000|100%|HS|  |TAMS 0x0000000709e00000| PB 0x0000000709e00000| Complete |  0
|  33|0x000000070a000000, 0x000000070a200000, 0x000000070a200000|100%|HC|  |TAMS 0x000000070a000000| PB 0x000000070a000000| Complete |  0
|  34|0x000000070a200000, 0x000000070a400000, 0x000000070a400000|100%|HS|  |TAMS 0x000000070a200000| PB 0x000000070a200000| Complete |  0
|  35|0x000000070a400000, 0x000000070a600000, 0x000000070a600000|100%|HC|  |TAMS 0x000000070a400000| PB 0x000000070a400000| Complete |  0
|  36|0x000000070a600000, 0x000000070a800000, 0x000000070a800000|100%|HS|  |TAMS 0x000000070a600000| PB 0x000000070a600000| Complete |  0
|  37|0x000000070a800000, 0x000000070aa00000, 0x000000070aa00000|100%|HS|  |TAMS 0x000000070a800000| PB 0x000000070a800000| Complete |  0
|  38|0x000000070aa00000, 0x000000070aa00000, 0x000000070ac00000|  0%| F|  |TAMS 0x000000070aa00000| PB 0x000000070aa00000| Untracked |  0
|  39|0x000000070ac00000, 0x000000070ac00000, 0x000000070ae00000|  0%| F|  |TAMS 0x000000070ac00000| PB 0x000000070ac00000| Untracked |  0
|  40|0x000000070ae00000, 0x000000070ae00000, 0x000000070b000000|  0%| F|  |TAMS 0x000000070ae00000| PB 0x000000070ae00000| Untracked |  0
|  41|0x000000070b000000, 0x000000070b200000, 0x000000070b200000|100%|HS|  |TAMS 0x000000070b000000| PB 0x000000070b000000| Complete |  0
|  42|0x000000070b200000, 0x000000070b400000, 0x000000070b400000|100%|HC|  |TAMS 0x000000070b200000| PB 0x000000070b200000| Complete |  0
|  43|0x000000070b400000, 0x000000070b600000, 0x000000070b600000|100%|HS|  |TAMS 0x000000070b400000| PB 0x000000070b400000| Complete |  0
|  44|0x000000070b600000, 0x000000070b800000, 0x000000070b800000|100%|HC|  |TAMS 0x000000070b600000| PB 0x000000070b600000| Complete |  0
|  45|0x000000070b800000, 0x000000070b800000, 0x000000070ba00000|  0%| F|  |TAMS 0x000000070b800000| PB 0x000000070b800000| Untracked |  0
|  46|0x000000070ba00000, 0x000000070ba00000, 0x000000070bc00000|  0%| F|  |TAMS 0x000000070ba00000| PB 0x000000070ba00000| Untracked |  0
|  47|0x000000070bc00000, 0x000000070bc00000, 0x000000070be00000|  0%| F|  |TAMS 0x000000070bc00000| PB 0x000000070bc00000| Untracked |  0
|  48|0x000000070be00000, 0x000000070c000000, 0x000000070c000000|100%|HS|  |TAMS 0x000000070be00000| PB 0x000000070be00000| Complete |  0
|  49|0x000000070c000000, 0x000000070c200000, 0x000000070c200000|100%|HC|  |TAMS 0x000000070c000000| PB 0x000000070c000000| Complete |  0
|  50|0x000000070c200000, 0x000000070c400000, 0x000000070c400000|100%|HS|  |TAMS 0x000000070c200000| PB 0x000000070c200000| Complete |  0
|  51|0x000000070c400000, 0x000000070c600000, 0x000000070c600000|100%|HC|  |TAMS 0x000000070c400000| PB 0x000000070c400000| Complete |  0
|  52|0x000000070c600000, 0x000000070c800000, 0x000000070c800000|100%|HS|  |TAMS 0x000000070c600000| PB 0x000000070c600000| Complete |  0
|  53|0x000000070c800000, 0x000000070ca00000, 0x000000070ca00000|100%|HC|  |TAMS 0x000000070c800000| PB 0x000000070c800000| Complete |  0
|  54|0x000000070ca00000, 0x000000070cc00000, 0x000000070cc00000|100%|HS|  |TAMS 0x000000070ca00000| PB 0x000000070ca00000| Complete |  0
|  55|0x000000070cc00000, 0x000000070ce00000, 0x000000070ce00000|100%|HC|  |TAMS 0x000000070cc00000| PB 0x000000070cc00000| Complete |  0
|  56|0x000000070ce00000, 0x000000070d000000, 0x000000070d000000|100%|HS|  |TAMS 0x000000070ce00000| PB 0x000000070ce00000| Complete |  0
|  57|0x000000070d000000, 0x000000070d000000, 0x000000070d200000|  0%| F|  |TAMS 0x000000070d000000| PB 0x000000070d000000| Untracked |  0
|  58|0x000000070d200000, 0x000000070d200000, 0x000000070d400000|  0%| F|  |TAMS 0x000000070d200000| PB 0x000000070d200000| Untracked |  0
|  59|0x000000070d400000, 0x000000070d400000, 0x000000070d600000|  0%| F|  |TAMS 0x000000070d400000| PB 0x000000070d400000| Untracked |  0
|  60|0x000000070d600000, 0x000000070d800000, 0x000000070d800000|100%|HS|  |TAMS 0x000000070d600000| PB 0x000000070d600000| Complete |  0
|  61|0x000000070d800000, 0x000000070da00000, 0x000000070da00000|100%|HC|  |TAMS 0x000000070d800000| PB 0x000000070d800000| Complete |  0
|  62|0x000000070da00000, 0x000000070dc00000, 0x000000070dc00000|100%|HS|  |TAMS 0x000000070da00000| PB 0x000000070da00000| Complete |  0
|  63|0x000000070dc00000, 0x000000070de00000, 0x000000070de00000|100%|HS|  |TAMS 0x000000070dc00000| PB 0x000000070dc00000| Complete |  0
|  64|0x000000070de00000, 0x000000070e000000, 0x000000070e000000|100%|HC|  |TAMS 0x000000070de00000| PB 0x000000070de00000| Complete |  0
|  65|0x000000070e000000, 0x000000070e200000, 0x000000070e200000|100%|HS|  |TAMS 0x000000070e000000| PB 0x000000070e000000| Complete |  0
|  66|0x000000070e200000, 0x000000070e400000, 0x000000070e400000|100%|HC|  |TAMS 0x000000070e200000| PB 0x000000070e200000| Complete |  0
|  67|0x000000070e400000, 0x000000070e600000, 0x000000070e600000|100%|HS|  |TAMS 0x000000070e400000| PB 0x000000070e400000| Complete |  0
|  68|0x000000070e600000, 0x000000070e800000, 0x000000070e800000|100%|HS|  |TAMS 0x000000070e600000| PB 0x000000070e600000| Complete |  0
|  69|0x000000070e800000, 0x000000070ea00000, 0x000000070ea00000|100%|HC|  |TAMS 0x000000070e800000| PB 0x000000070e800000| Complete |  0
|  70|0x000000070ea00000, 0x000000070ec00000, 0x000000070ec00000|100%|HS|  |TAMS 0x000000070ea00000| PB 0x000000070ea00000| Complete |  0
|  71|0x000000070ec00000, 0x000000070ee00000, 0x000000070ee00000|100%|HC|  |TAMS 0x000000070ec00000| PB 0x000000070ec00000| Complete |  0
|  72|0x000000070ee00000, 0x000000070f000000, 0x000000070f000000|100%|HS|  |TAMS 0x000000070ee00000| PB 0x000000070ee00000| Complete |  0
|  73|0x000000070f000000, 0x000000070f200000, 0x000000070f200000|100%|HC|  |TAMS 0x000000070f000000| PB 0x000000070f000000| Complete |  0
|  74|0x000000070f200000, 0x000000070f400000, 0x000000070f400000|100%|HS|  |TAMS 0x000000070f200000| PB 0x000000070f200000| Complete |  0
|  75|0x000000070f400000, 0x000000070f600000, 0x000000070f600000|100%|HC|  |TAMS 0x000000070f400000| PB 0x000000070f400000| Complete |  0
|  76|0x000000070f600000, 0x000000070f800000, 0x000000070f800000|100%|HS|  |TAMS 0x000000070f600000| PB 0x000000070f600000| Complete |  0
|  77|0x000000070f800000, 0x000000070fa00000, 0x000000070fa00000|100%|HC|  |TAMS 0x000000070f800000| PB 0x000000070f800000| Complete |  0
|  78|0x000000070fa00000, 0x000000070fc00000, 0x000000070fc00000|100%|HS|  |TAMS 0x000000070fa00000| PB 0x000000070fa00000| Complete |  0
|  79|0x000000070fc00000, 0x000000070fe00000, 0x000000070fe00000|100%|HC|  |TAMS 0x000000070fc00000| PB 0x000000070fc00000| Complete |  0
|  80|0x000000070fe00000, 0x0000000710000000, 0x0000000710000000|100%|HS|  |TAMS 0x000000070fe00000| PB 0x000000070fe00000| Complete |  0
|  81|0x0000000710000000, 0x0000000710200000, 0x0000000710200000|100%|HC|  |TAMS 0x0000000710000000| PB 0x0000000710000000| Complete |  0
|  82|0x0000000710200000, 0x0000000710400000, 0x0000000710400000|100%|HS|  |TAMS 0x0000000710200000| PB 0x0000000710200000| Complete |  0
|  83|0x0000000710400000, 0x0000000710600000, 0x0000000710600000|100%|HC|  |TAMS 0x0000000710400000| PB 0x0000000710400000| Complete |  0
|  84|0x0000000710600000, 0x0000000710800000, 0x0000000710800000|100%|HS|  |TAMS 0x0000000710600000| PB 0x0000000710600000| Complete |  0
|  85|0x0000000710800000, 0x0000000710a00000, 0x0000000710a00000|100%|HC|  |TAMS 0x0000000710800000| PB 0x0000000710800000| Complete |  0
|  86|0x0000000710a00000, 0x0000000710c00000, 0x0000000710c00000|100%|HS|  |TAMS 0x0000000710a00000| PB 0x0000000710a00000| Complete |  0
|  87|0x0000000710c00000, 0x0000000710e00000, 0x0000000710e00000|100%|HC|  |TAMS 0x0000000710c00000| PB 0x0000000710c00000| Complete |  0
|  88|0x0000000710e00000, 0x0000000711000000, 0x0000000711000000|100%|HS|  |TAMS 0x0000000710e00000| PB 0x0000000710e00000| Complete |  0
|  89|0x0000000711000000, 0x0000000711200000, 0x0000000711200000|100%|HC|  |TAMS 0x0000000711000000| PB 0x0000000711000000| Complete |  0
|  90|0x0000000711200000, 0x0000000711400000, 0x0000000711400000|100%|HS|  |TAMS 0x0000000711200000| PB 0x0000000711200000| Complete |  0
|  91|0x0000000711400000, 0x0000000711600000, 0x0000000711600000|100%|HC|  |TAMS 0x0000000711400000| PB 0x0000000711400000| Complete |  0
|  92|0x0000000711600000, 0x0000000711800000, 0x0000000711800000|100%|HS|  |TAMS 0x0000000711600000| PB 0x0000000711600000| Complete |  0
|  93|0x0000000711800000, 0x0000000711a00000, 0x0000000711a00000|100%|HC|  |TAMS 0x0000000711800000| PB 0x0000000711800000| Complete |  0
|  94|0x0000000711a00000, 0x0000000711a00000, 0x0000000711c00000|  0%| F|  |TAMS 0x0000000711a00000| PB 0x0000000711a00000| Untracked |  0
|  95|0x0000000711c00000, 0x0000000711c00000, 0x0000000711e00000|  0%| F|  |TAMS 0x0000000711c00000| PB 0x0000000711c00000| Untracked |  0
|  96|0x0000000711e00000, 0x0000000711e00000, 0x0000000712000000|  0%| F|  |TAMS 0x0000000711e00000| PB 0x0000000711e00000| Untracked |  0
|  97|0x0000000712000000, 0x0000000712000000, 0x0000000712200000|  0%| F|  |TAMS 0x0000000712000000| PB 0x0000000712000000| Untracked |  0
|  98|0x0000000712200000, 0x0000000712200000, 0x0000000712400000|  0%| F|  |TAMS 0x0000000712200000| PB 0x0000000712200000| Untracked |  0
|  99|0x0000000712400000, 0x0000000712400000, 0x0000000712600000|  0%| F|  |TAMS 0x0000000712400000| PB 0x0000000712400000| Untracked |  0
| 100|0x0000000712600000, 0x0000000712600000, 0x0000000712800000|  0%| F|  |TAMS 0x0000000712600000| PB 0x0000000712600000| Untracked |  0
| 101|0x0000000712800000, 0x0000000712800000, 0x0000000712a00000|  0%| F|  |TAMS 0x0000000712800000| PB 0x0000000712800000| Untracked |  0
| 102|0x0000000712a00000, 0x0000000712a00000, 0x0000000712c00000|  0%| F|  |TAMS 0x0000000712a00000| PB 0x0000000712a00000| Untracked |  0
| 103|0x0000000712c00000, 0x0000000712c00000, 0x0000000712e00000|  0%| F|  |TAMS 0x0000000712c00000| PB 0x0000000712c00000| Untracked |  0
| 104|0x0000000712e00000, 0x0000000712e00000, 0x0000000713000000|  0%| F|  |TAMS 0x0000000712e00000| PB 0x0000000712e00000| Untracked |  0
| 105|0x0000000713000000, 0x0000000713200000, 0x0000000713200000|100%|HS|  |TAMS 0x0000000713000000| PB 0x0000000713000000| Complete |  0
| 106|0x0000000713200000, 0x0000000713200000, 0x0000000713400000|  0%| F|  |TAMS 0x0000000713200000| PB 0x0000000713200000| Untracked |  0
| 107|0x0000000713400000, 0x0000000713400000, 0x0000000713600000|  0%| F|  |TAMS 0x0000000713400000| PB 0x0000000713400000| Untracked |  0
| 108|0x0000000713600000, 0x0000000713600000, 0x0000000713800000|  0%| F|  |TAMS 0x0000000713600000| PB 0x0000000713600000| Untracked |  0
| 109|0x0000000713800000, 0x0000000713800000, 0x0000000713a00000|  0%| F|  |TAMS 0x0000000713800000| PB 0x0000000713800000| Untracked |  0
| 110|0x0000000713a00000, 0x0000000713a00000, 0x0000000713c00000|  0%| F|  |TAMS 0x0000000713a00000| PB 0x0000000713a00000| Untracked |  0
| 111|0x0000000713c00000, 0x0000000713c00000, 0x0000000713e00000|  0%| F|  |TAMS 0x0000000713c00000| PB 0x0000000713c00000| Untracked |  0
| 112|0x0000000713e00000, 0x0000000713e00000, 0x0000000714000000|  0%| F|  |TAMS 0x0000000713e00000| PB 0x0000000713e00000| Untracked |  0
| 113|0x0000000714000000, 0x0000000714000000, 0x0000000714200000|  0%| F|  |TAMS 0x0000000714000000| PB 0x0000000714000000| Untracked |  0
| 114|0x0000000714200000, 0x0000000714200000, 0x0000000714400000|  0%| F|  |TAMS 0x0000000714200000| PB 0x0000000714200000| Untracked |  0
| 115|0x0000000714400000, 0x0000000714400000, 0x0000000714600000|  0%| F|  |TAMS 0x0000000714400000| PB 0x0000000714400000| Untracked |  0
| 116|0x0000000714600000, 0x0000000714600000, 0x0000000714800000|  0%| F|  |TAMS 0x0000000714600000| PB 0x0000000714600000| Untracked |  0
| 117|0x0000000714800000, 0x0000000714800000, 0x0000000714a00000|  0%| F|  |TAMS 0x0000000714800000| PB 0x0000000714800000| Untracked |  0
| 118|0x0000000714a00000, 0x0000000714a00000, 0x0000000714c00000|  0%| F|  |TAMS 0x0000000714a00000| PB 0x0000000714a00000| Untracked |  0
| 119|0x0000000714c00000, 0x0000000714e00000, 0x0000000714e00000|100%|HS|  |TAMS 0x0000000714c00000| PB 0x0000000714c00000| Complete |  0
| 120|0x0000000714e00000, 0x0000000715000000, 0x0000000715000000|100%|HC|  |TAMS 0x0000000714e00000| PB 0x0000000714e00000| Complete |  0
| 121|0x0000000715000000, 0x00000007150a9a50, 0x0000000715200000| 33%| O|  |TAMS 0x0000000715000000| PB 0x0000000715000000| Untracked |  0
| 122|0x0000000715200000, 0x0000000715400000, 0x0000000715400000|100%| S|CS|TAMS 0x0000000715200000| PB 0x0000000715200000| Complete |  0
| 123|0x0000000715400000, 0x0000000715400000, 0x0000000715600000|  0%| F|  |TAMS 0x0000000715400000| PB 0x0000000715400000| Untracked |  0
| 124|0x0000000715600000, 0x0000000715600000, 0x0000000715800000|  0%| F|  |TAMS 0x0000000715600000| PB 0x0000000715600000| Untracked |  0
| 125|0x0000000715800000, 0x0000000715800000, 0x0000000715a00000|  0%| F|  |TAMS 0x0000000715800000| PB 0x0000000715800000| Untracked |  0
| 126|0x0000000715a00000, 0x0000000715a00000, 0x0000000715c00000|  0%| F|  |TAMS 0x0000000715a00000| PB 0x0000000715a00000| Untracked |  0
| 127|0x0000000715c00000, 0x0000000715c00000, 0x0000000715e00000|  0%| F|  |TAMS 0x0000000715c00000| PB 0x0000000715c00000| Untracked |  0
| 128|0x0000000715e00000, 0x0000000715e00000, 0x0000000716000000|  0%| F|  |TAMS 0x0000000715e00000| PB 0x0000000715e00000| Untracked |  0
| 129|0x0000000716000000, 0x0000000716000000, 0x0000000716200000|  0%| F|  |TAMS 0x0000000716000000| PB 0x0000000716000000| Untracked |  0
| 130|0x0000000716200000, 0x0000000716200000, 0x0000000716400000|  0%| F|  |TAMS 0x0000000716200000| PB 0x0000000716200000| Untracked |  0
| 131|0x0000000716400000, 0x0000000716400000, 0x0000000716600000|  0%| F|  |TAMS 0x0000000716400000| PB 0x0000000716400000| Untracked |  0
| 132|0x0000000716600000, 0x0000000716600000, 0x0000000716800000|  0%| F|  |TAMS 0x0000000716600000| PB 0x0000000716600000| Untracked |  0
| 133|0x0000000716800000, 0x0000000716800000, 0x0000000716a00000|  0%| F|  |TAMS 0x0000000716800000| PB 0x0000000716800000| Untracked |  0
| 134|0x0000000716a00000, 0x0000000716a00000, 0x0000000716c00000|  0%| F|  |TAMS 0x0000000716a00000| PB 0x0000000716a00000| Untracked |  0
| 135|0x0000000716c00000, 0x0000000716c00000, 0x0000000716e00000|  0%| F|  |TAMS 0x0000000716c00000| PB 0x0000000716c00000| Untracked |  0
| 136|0x0000000716e00000, 0x0000000716e00000, 0x0000000717000000|  0%| F|  |TAMS 0x0000000716e00000| PB 0x0000000716e00000| Untracked |  0
| 137|0x0000000717000000, 0x0000000717000000, 0x0000000717200000|  0%| F|  |TAMS 0x0000000717000000| PB 0x0000000717000000| Untracked |  0
| 138|0x0000000717200000, 0x0000000717200000, 0x0000000717400000|  0%| F|  |TAMS 0x0000000717200000| PB 0x0000000717200000| Untracked |  0
| 139|0x0000000717400000, 0x0000000717400000, 0x0000000717600000|  0%| F|  |TAMS 0x0000000717400000| PB 0x0000000717400000| Untracked |  0
| 140|0x0000000717600000, 0x0000000717600000, 0x0000000717800000|  0%| F|  |TAMS 0x0000000717600000| PB 0x0000000717600000| Untracked |  0
| 141|0x0000000717800000, 0x0000000717800000, 0x0000000717a00000|  0%| F|  |TAMS 0x0000000717800000| PB 0x0000000717800000| Untracked |  0
| 142|0x0000000717a00000, 0x0000000717a00000, 0x0000000717c00000|  0%| F|  |TAMS 0x0000000717a00000| PB 0x0000000717a00000| Untracked |  0
| 143|0x0000000717c00000, 0x0000000717d3d778, 0x0000000717e00000| 62%| E|  |TAMS 0x0000000717c00000| PB 0x0000000717c00000| Complete |  0
| 144|0x0000000717e00000, 0x0000000718000000, 0x0000000718000000|100%| E|CS|TAMS 0x0000000717e00000| PB 0x0000000717e00000| Complete |  0
| 145|0x0000000718000000, 0x0000000718200000, 0x0000000718200000|100%| E|CS|TAMS 0x0000000718000000| PB 0x0000000718000000| Complete |  0
| 146|0x0000000718200000, 0x0000000718400000, 0x0000000718400000|100%| E|CS|TAMS 0x0000000718200000| PB 0x0000000718200000| Complete |  0
| 147|0x0000000718400000, 0x0000000718600000, 0x0000000718600000|100%| E|CS|TAMS 0x0000000718400000| PB 0x0000000718400000| Complete |  0
| 148|0x0000000718600000, 0x0000000718800000, 0x0000000718800000|100%| E|CS|TAMS 0x0000000718600000| PB 0x0000000718600000| Complete |  0
| 149|0x0000000718800000, 0x0000000718a00000, 0x0000000718a00000|100%| E|CS|TAMS 0x0000000718800000| PB 0x0000000718800000| Complete |  0
| 150|0x0000000718a00000, 0x0000000718c00000, 0x0000000718c00000|100%| E|CS|TAMS 0x0000000718a00000| PB 0x0000000718a00000| Complete |  0
| 151|0x0000000718c00000, 0x0000000718e00000, 0x0000000718e00000|100%| E|CS|TAMS 0x0000000718c00000| PB 0x0000000718c00000| Complete |  0
| 152|0x0000000718e00000, 0x0000000719000000, 0x0000000719000000|100%| E|CS|TAMS 0x0000000718e00000| PB 0x0000000718e00000| Complete |  0
| 153|0x0000000719000000, 0x0000000719200000, 0x0000000719200000|100%| E|CS|TAMS 0x0000000719000000| PB 0x0000000719000000| Complete |  0
| 154|0x0000000719200000, 0x0000000719400000, 0x0000000719400000|100%|HS|  |TAMS 0x0000000719200000| PB 0x0000000719200000| Complete |  0
| 155|0x0000000719400000, 0x0000000719600000, 0x0000000719600000|100%|HC|  |TAMS 0x0000000719400000| PB 0x0000000719400000| Complete |  0
| 156|0x0000000719600000, 0x0000000719800000, 0x0000000719800000|100%|HS|  |TAMS 0x0000000719600000| PB 0x0000000719600000| Complete |  0
| 157|0x0000000719800000, 0x0000000719a00000, 0x0000000719a00000|100%|HS|  |TAMS 0x0000000719800000| PB 0x0000000719800000| Complete |  0
| 158|0x0000000719a00000, 0x0000000719c00000, 0x0000000719c00000|100%|HC|  |TAMS 0x0000000719a00000| PB 0x0000000719a00000| Complete |  0
| 159|0x0000000719c00000, 0x0000000719e00000, 0x0000000719e00000|100%|HS|  |TAMS 0x0000000719c00000| PB 0x0000000719c00000| Complete |  0
| 160|0x0000000719e00000, 0x000000071a000000, 0x000000071a000000|100%|HS|  |TAMS 0x0000000719e00000| PB 0x0000000719e00000| Complete |  0
| 161|0x000000071a000000, 0x000000071a200000, 0x000000071a200000|100%| E|CS|TAMS 0x000000071a000000| PB 0x000000071a000000| Complete |  0
| 162|0x000000071a200000, 0x000000071a400000, 0x000000071a400000|100%| E|CS|TAMS 0x000000071a200000| PB 0x000000071a200000| Complete |  0
| 163|0x000000071a400000, 0x000000071a600000, 0x000000071a600000|100%| E|CS|TAMS 0x000000071a400000| PB 0x000000071a400000| Complete |  0
| 164|0x000000071a600000, 0x000000071a800000, 0x000000071a800000|100%| E|CS|TAMS 0x000000071a600000| PB 0x000000071a600000| Complete |  0
| 165|0x000000071a800000, 0x000000071aa00000, 0x000000071aa00000|100%| E|CS|TAMS 0x000000071a800000| PB 0x000000071a800000| Complete |  0
| 166|0x000000071aa00000, 0x000000071ac00000, 0x000000071ac00000|100%| E|CS|TAMS 0x000000071aa00000| PB 0x000000071aa00000| Complete |  0
| 167|0x000000071ac00000, 0x000000071ae00000, 0x000000071ae00000|100%| E|CS|TAMS 0x000000071ac00000| PB 0x000000071ac00000| Complete |  0
| 168|0x000000071ae00000, 0x000000071b000000, 0x000000071b000000|100%| E|CS|TAMS 0x000000071ae00000| PB 0x000000071ae00000| Complete |  0
| 169|0x000000071b000000, 0x000000071b200000, 0x000000071b200000|100%|HS|  |TAMS 0x000000071b000000| PB 0x000000071b000000| Complete |  0
| 170|0x000000071b200000, 0x000000071b400000, 0x000000071b400000|100%| E|CS|TAMS 0x000000071b200000| PB 0x000000071b200000| Complete |  0
| 171|0x000000071b400000, 0x000000071b600000, 0x000000071b600000|100%| E|CS|TAMS 0x000000071b400000| PB 0x000000071b400000| Complete |  0
| 172|0x000000071b600000, 0x000000071b800000, 0x000000071b800000|100%| E|CS|TAMS 0x000000071b600000| PB 0x000000071b600000| Complete |  0
| 173|0x000000071b800000, 0x000000071ba00000, 0x000000071ba00000|100%| E|CS|TAMS 0x000000071b800000| PB 0x000000071b800000| Complete |  0
| 174|0x000000071ba00000, 0x000000071bc00000, 0x000000071bc00000|100%| E|CS|TAMS 0x000000071ba00000| PB 0x000000071ba00000| Complete |  0
| 175|0x000000071bc00000, 0x000000071be00000, 0x000000071be00000|100%| E|CS|TAMS 0x000000071bc00000| PB 0x000000071bc00000| Complete |  0
| 176|0x000000071be00000, 0x000000071c000000, 0x000000071c000000|100%| E|CS|TAMS 0x000000071be00000| PB 0x000000071be00000| Complete |  0
| 177|0x000000071c000000, 0x000000071c200000, 0x000000071c200000|100%| E|CS|TAMS 0x000000071c000000| PB 0x000000071c000000| Complete |  0
| 178|0x000000071c200000, 0x000000071c400000, 0x000000071c400000|100%| E|CS|TAMS 0x000000071c200000| PB 0x000000071c200000| Complete |  0
| 179|0x000000071c400000, 0x000000071c600000, 0x000000071c600000|100%| E|CS|TAMS 0x000000071c400000| PB 0x000000071c400000| Complete |  0
| 180|0x000000071c600000, 0x000000071c800000, 0x000000071c800000|100%| E|CS|TAMS 0x000000071c600000| PB 0x000000071c600000| Complete |  0
| 181|0x000000071c800000, 0x000000071ca00000, 0x000000071ca00000|100%| E|CS|TAMS 0x000000071c800000| PB 0x000000071c800000| Complete |  0
| 182|0x000000071ca00000, 0x000000071cc00000, 0x000000071cc00000|100%| E|CS|TAMS 0x000000071ca00000| PB 0x000000071ca00000| Complete |  0
| 183|0x000000071cc00000, 0x000000071ce00000, 0x000000071ce00000|100%| E|CS|TAMS 0x000000071cc00000| PB 0x000000071cc00000| Complete |  0
| 184|0x000000071ce00000, 0x000000071d000000, 0x000000071d000000|100%| E|CS|TAMS 0x000000071ce00000| PB 0x000000071ce00000| Complete |  0
| 185|0x000000071d000000, 0x000000071d200000, 0x000000071d200000|100%| E|CS|TAMS 0x000000071d000000| PB 0x000000071d000000| Complete |  0
| 186|0x000000071d200000, 0x000000071d400000, 0x000000071d400000|100%| E|CS|TAMS 0x000000071d200000| PB 0x000000071d200000| Complete |  0
| 187|0x000000071d400000, 0x000000071d600000, 0x000000071d600000|100%| E|CS|TAMS 0x000000071d400000| PB 0x000000071d400000| Complete |  0
| 188|0x000000071d600000, 0x000000071d800000, 0x000000071d800000|100%| E|CS|TAMS 0x000000071d600000| PB 0x000000071d600000| Complete |  0
| 189|0x000000071d800000, 0x000000071da00000, 0x000000071da00000|100%| E|CS|TAMS 0x000000071d800000| PB 0x000000071d800000| Complete |  0
| 190|0x000000071da00000, 0x000000071dc00000, 0x000000071dc00000|100%| E|CS|TAMS 0x000000071da00000| PB 0x000000071da00000| Complete |  0
| 191|0x000000071dc00000, 0x000000071de00000, 0x000000071de00000|100%|HS|  |TAMS 0x000000071dc00000| PB 0x000000071dc00000| Complete |  0
| 192|0x000000071de00000, 0x000000071e000000, 0x000000071e000000|100%|HC|  |TAMS 0x000000071de00000| PB 0x000000071de00000| Complete |  0
| 193|0x000000071e000000, 0x000000071e200000, 0x000000071e200000|100%| E|CS|TAMS 0x000000071e000000| PB 0x000000071e000000| Complete |  0
| 194|0x000000071e200000, 0x000000071e400000, 0x000000071e400000|100%| E|CS|TAMS 0x000000071e200000| PB 0x000000071e200000| Complete |  0
| 195|0x000000071e400000, 0x000000071e600000, 0x000000071e600000|100%|HS|  |TAMS 0x000000071e400000| PB 0x000000071e400000| Complete |  0
| 196|0x000000071e600000, 0x000000071e800000, 0x000000071e800000|100%|HC|  |TAMS 0x000000071e600000| PB 0x000000071e600000| Complete |  0
| 197|0x000000071e800000, 0x000000071ea00000, 0x000000071ea00000|100%| E|CS|TAMS 0x000000071e800000| PB 0x000000071e800000| Complete |  0
| 198|0x000000071ea00000, 0x000000071ec00000, 0x000000071ec00000|100%| E|CS|TAMS 0x000000071ea00000| PB 0x000000071ea00000| Complete |  0
| 199|0x000000071ec00000, 0x000000071ecd2a00, 0x000000071ee00000| 41%| S|CS|TAMS 0x000000071ec00000| PB 0x000000071ec00000| Complete |  0
|1998|0x00000007ffa00000, 0x00000007ffc00000, 0x00000007ffc00000|100%| O|  |TAMS 0x00000007ffa00000| PB 0x00000007ffa00000| Untracked |  0
|1999|0x00000007ffc00000, 0x00000007ffe00000, 0x00000007ffe00000|100%| O|  |TAMS 0x00000007ffc00000| PB 0x00000007ffc00000| Untracked |  0
|2000|0x00000007ffe00000, 0x0000000800000000, 0x0000000800000000|100%| O|  |TAMS 0x00000007ffe00000| PB 0x00000007ffe00000| Untracked |  0

Card table byte_map: [0x0000025a5e410000,0x0000025a5ebf0000] _byte_map_base: 0x0000025a5abe1000

Marking Bits: (CMBitMap*) 0x0000025a45bc13f0
 Bits: [0x0000025a5ebf0000, 0x0000025a62a78000)

Polling page: 0x0000025a43900000

Metaspace:

Usage:
  Non-class:     25.76 MB used.
      Class:      4.06 MB used.
       Both:     29.82 MB used.

Virtual space:
  Non-class space:       64.00 MB reserved,      26.06 MB ( 41%) committed,  1 nodes.
      Class space:        1.00 GB reserved,       4.31 MB ( <1%) committed,  1 nodes.
             Both:        1.06 GB reserved,      30.38 MB (  3%) committed. 

Chunk freelists:
   Non-Class:  5.47 MB
       Class:  11.75 MB
        Both:  17.22 MB

MaxMetaspaceSize: unlimited
CompressedClassSpaceSize: 1.00 GB
Initial GC threshold: 21.00 MB
Current GC threshold: 49.50 MB
CDS: on
 - commit_granule_bytes: 65536.
 - commit_granule_words: 8192.
 - virtual_space_node_default_size: 8388608.
 - enlarge_chunks_in_place: 1.
 - use_allocation_guard: 0.


Internal statistics:

num_allocs_failed_limit: 3.
num_arena_births: 668.
num_arena_deaths: 0.
num_vsnodes_births: 2.
num_vsnodes_deaths: 0.
num_space_committed: 486.
num_space_uncommitted: 0.
num_chunks_returned_to_freelist: 3.
num_chunks_taken_from_freelist: 1592.
num_chunk_merges: 3.
num_chunk_splits: 1048.
num_chunks_enlarged: 714.
num_inconsistent_stats: 0.

CodeHeap 'non-profiled nmethods': size=119232Kb used=4592Kb max_used=4592Kb free=114639Kb
 bounds [0x0000025a55e30000, 0x0000025a562b0000, 0x0000025a5d2a0000]
CodeHeap 'profiled nmethods': size=119104Kb used=12850Kb max_used=12850Kb free=106253Kb
 bounds [0x0000025a4e2a0000, 0x0000025a4ef30000, 0x0000025a556f0000]
CodeHeap 'non-nmethods': size=7424Kb used=1895Kb max_used=3649Kb free=5528Kb
 bounds [0x0000025a556f0000, 0x0000025a55a90000, 0x0000025a55e30000]
CodeCache: size=245760Kb, used=19337Kb, max_used=21091Kb, free=226420Kb
 total_blobs=9128, nmethods=8212, adapters=820, full_count=0
Compilation: enabled, stopped_count=0, restarted_count=0

Compilation events (20 events):
Event: 103.814 Thread 0x0000025a41032710 9508       4       java.io.ObjectInputStream$BlockDataInputStream::setBlockDataMode (74 bytes)
Event: 103.815 Thread 0x0000025a41032710 nmethod 9508 0x0000025a562aa088 code [0x0000025a562aa180, 0x0000025a562aa250]
Event: 106.891 Thread 0x0000025a41032710 9509       4       java.io.BufferedOutputStream::growIfNeeded (59 bytes)
Event: 106.892 Thread 0x0000025a41032710 nmethod 9509 0x0000025a562aa388 code [0x0000025a562aa480, 0x0000025a562aa560]
Event: 114.067 Thread 0x0000025a41032710 9510       4       java.util.TreeMap::getEntry (77 bytes)
Event: 114.077 Thread 0x0000025a41032710 nmethod 9510 0x0000025a562aa688 code [0x0000025a562aa820, 0x0000025a562ab408]
Event: 115.069 Thread 0x0000025a4103b620 9511   !   3       sun.rmi.server.UnicastServerRef::dispatch (492 bytes)
Event: 115.071 Thread 0x0000025a4103b620 nmethod 9511 0x0000025a4ef22e88 code [0x0000025a4ef23560, 0x0000025a4ef27080]
Event: 116.119 Thread 0x0000025a41032710 9512       4       java.lang.StringLatin1::toChars (16 bytes)
Event: 116.120 Thread 0x0000025a41032710 nmethod 9512 0x0000025a562ab508 code [0x0000025a562ab600, 0x0000025a562ab7d0]
Event: 119.172 Thread 0x0000025a41032710 9513       4       java.lang.invoke.DirectMethodHandle::allocateInstance (16 bytes)
Event: 119.173 Thread 0x0000025a41032710 nmethod 9513 0x0000025a562ab808 code [0x0000025a562ab920, 0x0000025a562abb20]
Event: 119.173 Thread 0x0000025a41032710 9514       4       java.lang.invoke.DirectMethodHandle::constructorMethod (10 bytes)
Event: 119.174 Thread 0x0000025a41032710 nmethod 9514 0x0000025a562abb88 code [0x0000025a562abc80, 0x0000025a562abd28]
Event: 119.197 Thread 0x0000025a4103b620 9515       3       java.io.ObjectStreamClass::initNonProxy (628 bytes)
Event: 119.198 Thread 0x0000025a4103b620 nmethod 9515 0x0000025a4ef27208 code [0x0000025a4ef27640, 0x0000025a4ef29a58]
Event: 121.247 Thread 0x0000025a41032710 9516       4       java.io.ObjectOutputStream$BlockDataOutputStream::writeInt (46 bytes)
Event: 121.248 Thread 0x0000025a4103b620 9517   !   3       java.io.ObjectStreamClass::readNonProxy (395 bytes)
Event: 121.248 Thread 0x0000025a41032710 nmethod 9516 0x0000025a562abe88 code [0x0000025a562abfa0, 0x0000025a562ac0d0]
Event: 121.250 Thread 0x0000025a4103b620 nmethod 9517 0x0000025a4ef29b08 code [0x0000025a4ef29fe0, 0x0000025a4ef2c830]

GC Heap History (20 events):
Event: 14.552 GC heap before
{Heap before GC invocations=60 (full 0):
 garbage-first heap   total reserved 4098048K, committed 301056K, used 179661K [0x0000000705e00000, 0x0000000800000000)
  region size 2048K, 2 young (4096K), 1 survivors (2048K)
 Metaspace       used 29303K, committed 29824K, reserved 1114112K
  class space    used 4062K, committed 4288K, reserved 1048576K
}
Event: 14.554 GC heap after
{Heap after GC invocations=61 (full 0):
 garbage-first heap   total reserved 4098048K, committed 301056K, used 177658K [0x0000000705e00000, 0x0000000800000000)
  region size 2048K, 1 young (2048K), 1 survivors (2048K)
 Metaspace       used 29303K, committed 29824K, reserved 1114112K
  class space    used 4062K, committed 4288K, reserved 1048576K
}
Event: 14.573 GC heap before
{Heap before GC invocations=62 (full 0):
 garbage-first heap   total reserved 4098048K, committed 311296K, used 183802K [0x0000000705e00000, 0x0000000800000000)
  region size 2048K, 2 young (4096K), 1 survivors (2048K)
 Metaspace       used 29303K, committed 29824K, reserved 1114112K
  class space    used 4062K, committed 4288K, reserved 1048576K
}
Event: 14.574 GC heap after
{Heap after GC invocations=63 (full 0):
 garbage-first heap   total reserved 4098048K, committed 311296K, used 181796K [0x0000000705e00000, 0x0000000800000000)
  region size 2048K, 1 young (2048K), 1 survivors (2048K)
 Metaspace       used 29303K, committed 29824K, reserved 1114112K
  class space    used 4062K, committed 4288K, reserved 1048576K
}
Event: 14.593 GC heap before
{Heap before GC invocations=64 (full 0):
 garbage-first heap   total reserved 4098048K, committed 317440K, used 187940K [0x0000000705e00000, 0x0000000800000000)
  region size 2048K, 2 young (4096K), 1 survivors (2048K)
 Metaspace       used 29303K, committed 29824K, reserved 1114112K
  class space    used 4062K, committed 4288K, reserved 1048576K
}
Event: 14.595 GC heap after
{Heap after GC invocations=65 (full 0):
 garbage-first heap   total reserved 4098048K, committed 317440K, used 185928K [0x0000000705e00000, 0x0000000800000000)
  region size 2048K, 1 young (2048K), 1 survivors (2048K)
 Metaspace       used 29303K, committed 29824K, reserved 1114112K
  class space    used 4062K, committed 4288K, reserved 1048576K
}
Event: 15.749 GC heap before
{Heap before GC invocations=66 (full 0):
 garbage-first heap   total reserved 4098048K, committed 321536K, used 204360K [0x0000000705e00000, 0x0000000800000000)
  region size 2048K, 8 young (16384K), 1 survivors (2048K)
 Metaspace       used 29375K, committed 29888K, reserved 1114112K
  class space    used 4065K, committed 4288K, reserved 1048576K
}
Event: 15.751 GC heap after
{Heap after GC invocations=67 (full 0):
 garbage-first heap   total reserved 4098048K, committed 321536K, used 190277K [0x0000000705e00000, 0x0000000800000000)
  region size 2048K, 1 young (2048K), 1 survivors (2048K)
 Metaspace       used 29375K, committed 29888K, reserved 1114112K
  class space    used 4065K, committed 4288K, reserved 1048576K
}
Event: 15.895 GC heap before
{Heap before GC invocations=68 (full 0):
 garbage-first heap   total reserved 4098048K, committed 331776K, used 198469K [0x0000000705e00000, 0x0000000800000000)
  region size 2048K, 3 young (6144K), 1 survivors (2048K)
 Metaspace       used 29425K, committed 29888K, reserved 1114112K
  class space    used 4067K, committed 4288K, reserved 1048576K
}
Event: 15.896 GC heap after
{Heap after GC invocations=69 (full 0):
 garbage-first heap   total reserved 4098048K, committed 331776K, used 196689K [0x0000000705e00000, 0x0000000800000000)
  region size 2048K, 1 young (2048K), 1 survivors (2048K)
 Metaspace       used 29425K, committed 29888K, reserved 1114112K
  class space    used 4067K, committed 4288K, reserved 1048576K
}
Event: 27.800 GC heap before
{Heap before GC invocations=70 (full 0):
 garbage-first heap   total reserved 4098048K, committed 335872K, used 331857K [0x0000000705e00000, 0x0000000800000000)
  region size 2048K, 41 young (83968K), 1 survivors (2048K)
 Metaspace       used 29798K, committed 30336K, reserved 1114112K
  class space    used 4105K, committed 4352K, reserved 1048576K
}
Event: 27.802 GC heap after
{Heap after GC invocations=71 (full 0):
 garbage-first heap   total reserved 4098048K, committed 337920K, used 232423K [0x0000000705e00000, 0x0000000800000000)
  region size 2048K, 1 young (2048K), 1 survivors (2048K)
 Metaspace       used 29798K, committed 30336K, reserved 1114112K
  class space    used 4105K, committed 4352K, reserved 1048576K
}
Event: 29.773 GC heap before
{Heap before GC invocations=71 (full 0):
 garbage-first heap   total reserved 4098048K, committed 350208K, used 347111K [0x0000000705e00000, 0x0000000800000000)
  region size 2048K, 17 young (34816K), 1 survivors (2048K)
 Metaspace       used 29880K, committed 30400K, reserved 1114112K
  class space    used 4105K, committed 4352K, reserved 1048576K
}
Event: 29.776 GC heap after
{Heap after GC invocations=72 (full 0):
 garbage-first heap   total reserved 4098048K, committed 356352K, used 268275K [0x0000000705e00000, 0x0000000800000000)
  region size 2048K, 2 young (4096K), 2 survivors (4096K)
 Metaspace       used 29880K, committed 30400K, reserved 1114112K
  class space    used 4105K, committed 4352K, reserved 1048576K
}
Event: 29.781 GC heap before
{Heap before GC invocations=72 (full 0):
 garbage-first heap   total reserved 4098048K, committed 356352K, used 268275K [0x0000000705e00000, 0x0000000800000000)
  region size 2048K, 3 young (6144K), 2 survivors (4096K)
 Metaspace       used 29880K, committed 30400K, reserved 1114112K
  class space    used 4105K, committed 4352K, reserved 1048576K
}
Event: 29.783 GC heap after
{Heap after GC invocations=73 (full 0):
 garbage-first heap   total reserved 4098048K, committed 356352K, used 268721K [0x0000000705e00000, 0x0000000800000000)
  region size 2048K, 2 young (4096K), 2 survivors (4096K)
 Metaspace       used 29880K, committed 30400K, reserved 1114112K
  class space    used 4105K, committed 4352K, reserved 1048576K
}
Event: 31.498 GC heap before
{Heap before GC invocations=74 (full 0):
 garbage-first heap   total reserved 4098048K, committed 409600K, used 405937K [0x0000000705e00000, 0x0000000800000000)
  region size 2048K, 23 young (47104K), 2 survivors (4096K)
 Metaspace       used 29956K, committed 30464K, reserved 1114112K
  class space    used 4105K, committed 4352K, reserved 1048576K
}
Event: 31.500 GC heap after
{Heap after GC invocations=75 (full 0):
 garbage-first heap   total reserved 4098048K, committed 413696K, used 222495K [0x0000000705e00000, 0x0000000800000000)
  region size 2048K, 2 young (4096K), 2 survivors (4096K)
 Metaspace       used 29956K, committed 30464K, reserved 1114112K
  class space    used 4105K, committed 4352K, reserved 1048576K
}
Event: 46.726 GC heap before
{Heap before GC invocations=75 (full 0):
 garbage-first heap   total reserved 4098048K, committed 413696K, used 404767K [0x0000000705e00000, 0x0000000800000000)
  region size 2048K, 64 young (131072K), 2 survivors (4096K)
 Metaspace       used 30269K, committed 30784K, reserved 1114112K
  class space    used 4127K, committed 4352K, reserved 1048576K
}
Event: 46.730 GC heap after
{Heap after GC invocations=76 (full 0):
 garbage-first heap   total reserved 4098048K, committed 415744K, used 206321K [0x0000000705e00000, 0x0000000800000000)
  region size 2048K, 2 young (4096K), 2 survivors (4096K)
 Metaspace       used 30269K, committed 30784K, reserved 1114112K
  class space    used 4127K, committed 4352K, reserved 1048576K
}

Dll operation events (20 events):
Event: 0.177 Loaded shared library C:\javafx-sdk-24.0.1\bin\api-ms-win-crt-heap-l1-1-0.dll
Event: 0.177 Loaded shared library C:\javafx-sdk-24.0.1\bin\api-ms-win-crt-locale-l1-1-0.dll
Event: 0.177 Loaded shared library C:\javafx-sdk-24.0.1\bin\api-ms-win-crt-math-l1-1-0.dll
Event: 0.178 Loaded shared library C:\javafx-sdk-24.0.1\bin\api-ms-win-crt-multibyte-l1-1-0.dll
Event: 0.178 Loaded shared library C:\javafx-sdk-24.0.1\bin\api-ms-win-crt-private-l1-1-0.dll
Event: 0.179 Loaded shared library C:\javafx-sdk-24.0.1\bin\api-ms-win-crt-process-l1-1-0.dll
Event: 0.180 Loaded shared library C:\javafx-sdk-24.0.1\bin\api-ms-win-crt-runtime-l1-1-0.dll
Event: 0.181 Loaded shared library C:\javafx-sdk-24.0.1\bin\api-ms-win-crt-stdio-l1-1-0.dll
Event: 0.181 Loaded shared library C:\javafx-sdk-24.0.1\bin\api-ms-win-crt-string-l1-1-0.dll
Event: 0.182 Loaded shared library C:\javafx-sdk-24.0.1\bin\api-ms-win-crt-time-l1-1-0.dll
Event: 0.183 Loaded shared library C:\javafx-sdk-24.0.1\bin\api-ms-win-crt-utility-l1-1-0.dll
Event: 0.183 Loaded shared library C:\javafx-sdk-24.0.1\bin\ucrtbase.dll
Event: 0.184 Loaded shared library C:\javafx-sdk-24.0.1\bin\vcruntime140.dll
Event: 0.185 Loaded shared library C:\javafx-sdk-24.0.1\bin\vcruntime140_1.dll
Event: 0.186 Loaded shared library C:\javafx-sdk-24.0.1\bin\msvcp140.dll
Event: 0.186 Loaded shared library C:\javafx-sdk-24.0.1\bin\msvcp140_1.dll
Event: 0.187 Loaded shared library C:\javafx-sdk-24.0.1\bin\msvcp140_2.dll
Event: 0.206 Loaded shared library C:\javafx-sdk-24.0.1\bin\prism_d3d.dll
Event: 0.366 Loaded shared library C:\javafx-sdk-24.0.1\bin\glass.dll
Event: 0.938 Loaded shared library C:\javafx-sdk-24.0.1\bin\javafx_font.dll

Deoptimization events (20 events):
Event: 56.961 Thread 0x0000025a41868f90 Uncommon trap: trap_request=0xffffff45 fr.pc=0x0000025a560e34f4 relative=0x0000000000000914
Event: 56.962 Thread 0x0000025a41868f90 Uncommon trap: reason=unstable_if action=reinterpret pc=0x0000025a560e34f4 method=javafx.scene.Parent.getOrderedChildren()Ljava/util/List; @ 7 c2
Event: 56.962 Thread 0x0000025a41868f90 DEOPT PACKING pc=0x0000025a560e34f4 sp=0x0000007f1e0fb2f0
Event: 56.962 Thread 0x0000025a41868f90 DEOPT UNPACKING pc=0x0000025a55744402 sp=0x0000007f1e0fb030 mode 2
Event: 121.489 Thread 0x0000025a7953d1b0 Uncommon trap: trap_request=0xffffff45 fr.pc=0x0000025a56192c6c relative=0x000000000000150c
Event: 121.489 Thread 0x0000025a7953d1b0 Uncommon trap: reason=unstable_if action=reinterpret pc=0x0000025a56192c6c method=java.util.concurrent.locks.AbstractQueuedSynchronizer.acquire(Ljava/util/concurrent/locks/AbstractQueuedSynchronizer$Node;IZZZJ)I @ 357 c2
Event: 121.489 Thread 0x0000025a7953d1b0 DEOPT PACKING pc=0x0000025a56192c6c sp=0x0000007f1c8ff370
Event: 121.489 Thread 0x0000025a7953d1b0 DEOPT UNPACKING pc=0x0000025a55744402 sp=0x0000007f1c8ff338 mode 2
Event: 121.489 Thread 0x0000025a423d96f0 Uncommon trap: trap_request=0xffffff45 fr.pc=0x0000025a5619e7c4 relative=0x00000000000004c4
Event: 121.489 Thread 0x0000025a423d96f0 Uncommon trap: reason=unstable_if action=reinterpret pc=0x0000025a5619e7c4 method=java.util.concurrent.locks.AbstractQueuedSynchronizer$ConditionNode.isReleasable()Z @ 14 c2
Event: 121.489 Thread 0x0000025a423d96f0 DEOPT PACKING pc=0x0000025a5619e7c4 sp=0x0000007f1d1ff0c0
Event: 121.489 Thread 0x0000025a423d96f0 DEOPT UNPACKING pc=0x0000025a55744402 sp=0x0000007f1d1feed8 mode 2
Event: 121.489 Thread 0x0000025a423d96f0 Uncommon trap: trap_request=0xffffff45 fr.pc=0x0000025a56151158 relative=0x0000000000000058
Event: 121.489 Thread 0x0000025a423d96f0 Uncommon trap: reason=unstable_if action=reinterpret pc=0x0000025a56151158 method=java.lang.Thread.getAndClearInterrupt()Z @ 6 c2
Event: 121.489 Thread 0x0000025a423d96f0 DEOPT PACKING pc=0x0000025a56151158 sp=0x0000007f1d1ff060
Event: 121.489 Thread 0x0000025a423d96f0 DEOPT UNPACKING pc=0x0000025a55744402 sp=0x0000007f1d1fef98 mode 2
Event: 121.490 Thread 0x0000025a423d96f0 Uncommon trap: trap_request=0xffffff9d fr.pc=0x0000025a5629b458 relative=0x0000000000000938
Event: 121.490 Thread 0x0000025a423d96f0 Uncommon trap: reason=unreached action=reinterpret pc=0x0000025a5629b458 method=java.util.concurrent.LinkedBlockingQueue.take()Ljava/lang/Object; @ 67 c2
Event: 121.490 Thread 0x0000025a423d96f0 DEOPT PACKING pc=0x0000025a5629b458 sp=0x0000007f1d1ff130
Event: 121.490 Thread 0x0000025a423d96f0 DEOPT UNPACKING pc=0x0000025a55744402 sp=0x0000007f1d1ff0e8 mode 2

Classes loaded (20 events):
Event: 11.448 Loading class jdk/internal/icu/impl/UCharacterProperty$BiDiIntProperty done
Event: 11.448 Loading class jdk/internal/icu/impl/UCharacterProperty$1 done
Event: 11.448 Loading class jdk/internal/icu/impl/UCharacterProperty$IsAcceptable
Event: 11.448 Loading class jdk/internal/icu/impl/UCharacterProperty$IsAcceptable done
Event: 11.448 Loading class jdk/internal/icu/util/VersionInfo
Event: 11.448 Loading class jdk/internal/icu/util/VersionInfo done
Event: 11.456 Loading class java/lang/CharacterData01
Event: 11.456 Loading class java/lang/CharacterData01 done
Event: 14.033 Loading class sun/reflect/generics/repository/FieldRepository
Event: 14.033 Loading class sun/reflect/generics/repository/FieldRepository done
Event: 14.050 Loading class java/lang/FdLibm$Cbrt
Event: 14.050 Loading class java/lang/FdLibm$Cbrt done
Event: 15.989 Loading class java/time/format/DateTimeParseException
Event: 15.989 Loading class java/time/DateTimeException
Event: 15.989 Loading class java/time/DateTimeException done
Event: 15.989 Loading class java/time/format/DateTimeParseException done
Event: 56.931 Loading class java/util/function/BooleanSupplier
Event: 56.931 Loading class java/util/function/BooleanSupplier done
Event: 121.487 Loading class jdk/internal/misc/Signal$1
Event: 121.488 Loading class jdk/internal/misc/Signal$1 done

Classes unloaded (0 events):
No events

Classes redefined (0 events):
No events

Internal exceptions (20 events):
Event: 29.588 Thread 0x0000025a41868f90 Exception <a 'java/io/FileNotFoundException'{0x00000007197a6118}> (0x00000007197a6118) 
thrown [s\open\src\hotspot\share\prims\jni.cpp, line 520]
Event: 29.589 Thread 0x0000025a41868f90 Exception <a 'java/io/FileNotFoundException'{0x000000071932ced0}> (0x000000071932ced0) 
thrown [s\open\src\hotspot\share\prims\jni.cpp, line 520]
Event: 29.640 Thread 0x0000025a41868f90 Exception <a 'java/io/FileNotFoundException'{0x0000000718ea61f8}> (0x0000000718ea61f8) 
thrown [s\open\src\hotspot\share\prims\jni.cpp, line 520]
Event: 29.655 Thread 0x0000025a41868f90 Exception <a 'java/io/FileNotFoundException'{0x0000000718ff9070}> (0x0000000718ff9070) 
thrown [s\open\src\hotspot\share\prims\jni.cpp, line 520]
Event: 29.669 Thread 0x0000025a41868f90 Exception <a 'java/io/FileNotFoundException'{0x0000000718d2b388}> (0x0000000718d2b388) 
thrown [s\open\src\hotspot\share\prims\jni.cpp, line 520]
Event: 29.682 Thread 0x0000025a41868f90 Exception <a 'java/io/FileNotFoundException'{0x0000000718d7a210}> (0x0000000718d7a210) 
thrown [s\open\src\hotspot\share\prims\jni.cpp, line 520]
Event: 29.711 Thread 0x0000025a41868f90 Exception <a 'java/io/FileNotFoundException'{0x0000000718918188}> (0x0000000718918188) 
thrown [s\open\src\hotspot\share\prims\jni.cpp, line 520]
Event: 29.903 Thread 0x0000025a41868f90 Implicit null exception at 0x0000025a561c90b8 to 0x0000025a561c9b20
Event: 30.041 Thread 0x0000025a423d96f0 Implicit null exception at 0x0000025a56051f53 to 0x0000025a56051fd8
Event: 34.174 Thread 0x0000025a41868f90 Exception <a 'java/io/FileNotFoundException'{0x000000071d0e0530}> (0x000000071d0e0530) 
thrown [s\open\src\hotspot\share\prims\jni.cpp, line 520]
Event: 38.363 Thread 0x0000025a41868f90 Exception <a 'java/io/FileNotFoundException'{0x000000071ab559a0}> (0x000000071ab559a0) 
thrown [s\open\src\hotspot\share\prims\jni.cpp, line 520]
Event: 40.250 Thread 0x0000025a41868f90 Exception <a 'java/io/FileNotFoundException'{0x0000000718c8dac8}> (0x0000000718c8dac8) 
thrown [s\open\src\hotspot\share\prims\jni.cpp, line 520]
Event: 42.766 Thread 0x0000025a41868f90 Exception <a 'java/io/FileNotFoundException'{0x000000071756f840}> (0x000000071756f840) 
thrown [s\open\src\hotspot\share\prims\jni.cpp, line 520]
Event: 43.987 Thread 0x0000025a41868f90 Exception <a 'java/io/FileNotFoundException'{0x0000000716b6cc50}> (0x0000000716b6cc50) 
thrown [s\open\src\hotspot\share\prims\jni.cpp, line 520]
Event: 55.761 Thread 0x0000025a41868f90 Exception <a 'java/lang/NoSuchMethodError'{0x000000071a349408}: 'java.lang.Object java.lang.invoke.DirectMethodHandle$Holder.newInvokeSpecial(java.lang.Object, java.lang.Object, java.lang.Object, double, double, double, double, int, int, int, int, int, int, int, int, int)'> (0x000000071a349408) 
thrown [s\open\src\hotspot\share\interpreter\linkResolver.cpp, line 796]
Event: 56.909 Thread 0x0000025a7953aa50 Exception <a 'java/lang/NoSuchMethodError'{0x00000007183099b0}: 'void java.lang.invoke.DelegatingMethodHandle$Holder.reinvoke_L(java.lang.Object, java.lang.Object, long)'> (0x00000007183099b0) 
thrown [s\open\src\hotspot\share\interpreter\linkResolver.cpp, line 796]
Event: 56.909 Thread 0x0000025a7953aa50 Exception <a 'java/lang/NoSuchMethodError'{0x0000000718310370}: 'long java.lang.invoke.Invokers$Holder.invokeExact_MT(java.lang.Object, java.lang.Object, java.lang.Object)'> (0x0000000718310370) 
thrown [s\open\src\hotspot\share\interpreter\linkResolver.cpp, line 796]
Event: 56.929 Thread 0x0000025a7953aa50 Exception <a 'java/lang/NoSuchMethodError'{0x0000000718325798}: 'void java.lang.invoke.DirectMethodHandle$Holder.invokeStatic(java.lang.Object, long, long)'> (0x0000000718325798) 
thrown [s\open\src\hotspot\share\interpreter\linkResolver.cpp, line 796]
Event: 56.931 Thread 0x0000025a7953be00 Exception <a 'java/lang/NoSuchMethodError'{0x0000000718370398}: 'int java.lang.invoke.DirectMethodHandle$Holder.invokeStatic(java.lang.Object)'> (0x0000000718370398) 
thrown [s\open\src\hotspot\share\interpreter\linkResolver.cpp, line 796]
Event: 56.951 Thread 0x0000025a41868f90 Exception <a 'java/io/FileNotFoundException'{0x00000007183f6810}> (0x00000007183f6810) 
thrown [s\open\src\hotspot\share\prims\jni.cpp, line 520]

VM Operations (20 events):
Event: 15.910 Executing VM operation: G1PauseCleanup done
Event: 27.800 Executing VM operation: G1CollectForAllocation (G1 Evacuation Pause)
Event: 27.802 Executing VM operation: G1CollectForAllocation (G1 Evacuation Pause) done
Event: 29.773 Executing VM operation: G1CollectForAllocation (G1 Evacuation Pause)
Event: 29.776 Executing VM operation: G1CollectForAllocation (G1 Evacuation Pause) done
Event: 29.781 Executing VM operation: G1TryInitiateConcMark (G1 Humongous Allocation)
Event: 29.783 Executing VM operation: G1TryInitiateConcMark (G1 Humongous Allocation) done
Event: 29.792 Executing VM operation: G1PauseRemark
Event: 29.795 Executing VM operation: G1PauseRemark done
Event: 29.798 Executing VM operation: G1PauseCleanup
Event: 29.798 Executing VM operation: G1PauseCleanup done
Event: 31.498 Executing VM operation: G1CollectForAllocation (G1 Evacuation Pause)
Event: 31.500 Executing VM operation: G1CollectForAllocation (G1 Evacuation Pause) done
Event: 46.726 Executing VM operation: G1CollectForAllocation (G1 Evacuation Pause)
Event: 46.730 Executing VM operation: G1CollectForAllocation (G1 Evacuation Pause) done
Event: 60.163 Executing VM operation: HandshakeAllThreads (HandshakeForDeflation)
Event: 60.163 Executing VM operation: HandshakeAllThreads (HandshakeForDeflation) done
Event: 60.163 Executing VM operation: RendezvousGCThreads
Event: 60.163 Executing VM operation: RendezvousGCThreads done
Event: 121.490 Executing VM operation: Exit

Memory protections (0 events):
No events

Nmethod flushes (20 events):
Event: 15.907 Thread 0x0000025a64f3f020 flushing  nmethod 0x0000025a4ed44d08
Event: 15.907 Thread 0x0000025a64f3f020 flushing  nmethod 0x0000025a55f74e08
Event: 15.907 Thread 0x0000025a64f3f020 flushing  nmethod 0x0000025a4e2fbf08
Event: 15.907 Thread 0x0000025a64f3f020 flushing  nmethod 0x0000025a4e45d108
Event: 15.907 Thread 0x0000025a64f3f020 flushing  nmethod 0x0000025a4e5ccc88
Event: 15.907 Thread 0x0000025a64f3f020 flushing  nmethod 0x0000025a4e61e588
Event: 15.907 Thread 0x0000025a64f3f020 flushing  nmethod 0x0000025a4e623a08
Event: 15.907 Thread 0x0000025a64f3f020 flushing  nmethod 0x0000025a4e7fc188
Event: 15.907 Thread 0x0000025a64f3f020 flushing  nmethod 0x0000025a4e82d608
Event: 15.907 Thread 0x0000025a64f3f020 flushing  nmethod 0x0000025a4e8a9308
Event: 15.907 Thread 0x0000025a64f3f020 flushing  nmethod 0x0000025a4e8b0388
Event: 15.907 Thread 0x0000025a64f3f020 flushing  nmethod 0x0000025a4e8ce208
Event: 15.907 Thread 0x0000025a64f3f020 flushing  nmethod 0x0000025a4e8ce808
Event: 15.907 Thread 0x0000025a64f3f020 flushing  nmethod 0x0000025a4ea48388
Event: 29.794 Thread 0x0000025a64f3f020 flushing  nmethod 0x0000025a4e725888
Event: 29.794 Thread 0x0000025a64f3f020 flushing  nmethod 0x0000025a4e726488
Event: 29.794 Thread 0x0000025a64f3f020 flushing  nmethod 0x0000025a4ecf5d08
Event: 29.794 Thread 0x0000025a64f3f020 flushing  nmethod 0x0000025a4e8b5988
Event: 29.794 Thread 0x0000025a64f3f020 flushing  nmethod 0x0000025a55ff4588
Event: 29.794 Thread 0x0000025a64f3f020 flushing  nmethod 0x0000025a4ed49688

Events (20 events):
Event: 35.162 Thread 0x0000025a79541350 Thread added: 0x0000025a7953ebf0
Event: 35.164 Thread 0x0000025a7953ebf0 Thread exited: 0x0000025a7953ebf0
Event: 40.221 Thread 0x0000025a41868f90 Thread added: 0x0000025a7953a3c0
Event: 40.224 Thread 0x0000025a7953a3c0 Thread exited: 0x0000025a7953a3c0
Event: 42.771 Thread 0x0000025a4103b620 Thread added: 0x0000025a6ab4fd50
Event: 43.389 Thread 0x0000025a6ab4fd50 Thread exited: 0x0000025a6ab4fd50
Event: 56.906 Thread 0x0000025a41868f90 Thread added: 0x0000025a7953aa50
Event: 56.930 Thread 0x0000025a7953aa50 Thread added: 0x0000025a7953be00
Event: 56.946 Thread 0x0000025a41868f90 Thread added: 0x0000025a7953a3c0
Event: 56.950 Thread 0x0000025a7953a3c0 Thread exited: 0x0000025a7953a3c0
Event: 116.932 Thread 0x0000025a7953aa50 Thread exited: 0x0000025a7953aa50
Event: 116.943 Thread 0x0000025a7953be00 Thread exited: 0x0000025a7953be00
Event: 121.488 Thread 0x0000025a64f58ec0 Thread added: 0x0000025a7953be00
Event: 121.488 Thread 0x0000025a7953be00 Thread added: 0x0000025a7953cb20
Event: 121.488 Thread 0x0000025a7953be00 Thread added: 0x0000025a7953d1b0
Event: 121.489 Thread 0x0000025a7953cb20 Thread exited: 0x0000025a7953cb20
Event: 121.489 Thread 0x0000025a7953d1b0 Thread added: 0x0000025a7953cb20
Event: 121.490 Thread 0x0000025a7953cb20 Thread exited: 0x0000025a7953cb20
Event: 121.490 Thread 0x0000025a7953d1b0 Thread exited: 0x0000025a7953d1b0
Event: 121.490 Thread 0x0000025a7953be00 Before exit entered


Dynamic libraries:
0x00007ff6be9c0000 - 0x00007ff6be9d0000 	C:\Program Files\Java\jdk-23\bin\java.exe
0x00007ffb88150000 - 0x00007ffb88348000 	C:\Windows\SYSTEM32\ntdll.dll
0x00007ffb87360000 - 0x00007ffb87422000 	C:\Windows\System32\KERNEL32.DLL
0x00007ffb85de0000 - 0x00007ffb860d6000 	C:\Windows\System32\KERNELBASE.dll
0x00007ffb85880000 - 0x00007ffb85980000 	C:\Windows\System32\ucrtbase.dll
0x00007ffb6a090000 - 0x00007ffb6a0ab000 	C:\Program Files\Java\jdk-23\bin\VCRUNTIME140.dll
0x00007ffb67760000 - 0x00007ffb67777000 	C:\Program Files\Java\jdk-23\bin\jli.dll
0x00007ffb86180000 - 0x00007ffb8631d000 	C:\Windows\System32\USER32.dll
0x00007ffb85c50000 - 0x00007ffb85c72000 	C:\Windows\System32\win32u.dll
0x00007ffb6c930000 - 0x00007ffb6cbcb000 	C:\Windows\WinSxS\amd64_microsoft.windows.common-controls_6595b64144ccf1df_6.0.19041.6280_none_60bc30a171f2f3f3\COMCTL32.dll
0x00007ffb86f60000 - 0x00007ffb86f8b000 	C:\Windows\System32\GDI32.dll
0x00007ffb872c0000 - 0x00007ffb8735e000 	C:\Windows\System32\msvcrt.dll
0x00007ffb85b00000 - 0x00007ffb85c19000 	C:\Windows\System32\gdi32full.dll
0x00007ffb860e0000 - 0x00007ffb8617d000 	C:\Windows\System32\msvcp_win.dll
0x00007ffb86e30000 - 0x00007ffb86e5f000 	C:\Windows\System32\IMM32.DLL
0x00007ffb7e1a0000 - 0x00007ffb7e1ac000 	C:\Program Files\Java\jdk-23\bin\vcruntime140_1.dll
0x00007ffb553c0000 - 0x00007ffb5544e000 	C:\Program Files\Java\jdk-23\bin\msvcp140.dll
0x00007ffb22a70000 - 0x00007ffb237c0000 	C:\Program Files\Java\jdk-23\bin\server\jvm.dll
0x00007ffb87c80000 - 0x00007ffb87d31000 	C:\Windows\System32\ADVAPI32.dll
0x00007ffb86ec0000 - 0x00007ffb86f5f000 	C:\Windows\System32\sechost.dll
0x00007ffb86f90000 - 0x00007ffb870b0000 	C:\Windows\System32\RPCRT4.dll
0x00007ffb85c20000 - 0x00007ffb85c47000 	C:\Windows\System32\bcrypt.dll
0x00007ffb87d40000 - 0x00007ffb87dab000 	C:\Windows\System32\WS2_32.dll
0x00007ffb7a830000 - 0x00007ffb7a857000 	C:\Windows\SYSTEM32\WINMM.dll
0x00007ffb84d80000 - 0x00007ffb84dcb000 	C:\Windows\SYSTEM32\POWRPROF.dll
0x00007ffb7e190000 - 0x00007ffb7e19a000 	C:\Windows\SYSTEM32\VERSION.dll
0x00007ffb84bf0000 - 0x00007ffb84c02000 	C:\Windows\SYSTEM32\UMPDC.dll
0x00007ffb84010000 - 0x00007ffb84022000 	C:\Windows\SYSTEM32\kernel.appcore.dll
0x00007ffb7dba0000 - 0x00007ffb7dbaa000 	C:\Program Files\Java\jdk-23\bin\jimage.dll
0x00007ffb833b0000 - 0x00007ffb835b1000 	C:\Windows\SYSTEM32\DBGHELP.DLL
0x00007ffb748b0000 - 0x00007ffb748e4000 	C:\Windows\SYSTEM32\dbgcore.DLL
0x00007ffb857f0000 - 0x00007ffb85872000 	C:\Windows\System32\bcryptPrimitives.dll
0x00007ffb6a670000 - 0x00007ffb6a67f000 	C:\Program Files\Java\jdk-23\bin\instrument.dll
0x00007ffb66ee0000 - 0x00007ffb66efe000 	C:\Program Files\Java\jdk-23\bin\java.dll
0x00007ffb86960000 - 0x00007ffb86a8b000 	C:\Windows\System32\ole32.dll
0x00007ffb87db0000 - 0x00007ffb88103000 	C:\Windows\System32\combase.dll
0x00007ffb87510000 - 0x00007ffb87c80000 	C:\Windows\System32\SHELL32.dll
0x00007ffb83850000 - 0x00007ffb83ff4000 	C:\Windows\SYSTEM32\windows.storage.dll
0x00007ffb85220000 - 0x00007ffb8524b000 	C:\Windows\SYSTEM32\Wldp.dll
0x00007ffb86d60000 - 0x00007ffb86e2d000 	C:\Windows\System32\OLEAUT32.dll
0x00007ffb86bb0000 - 0x00007ffb86c5d000 	C:\Windows\System32\SHCORE.dll
0x00007ffb87430000 - 0x00007ffb8748b000 	C:\Windows\System32\shlwapi.dll
0x00007ffb85720000 - 0x00007ffb85744000 	C:\Windows\SYSTEM32\profapi.dll
0x00007ffb54610000 - 0x00007ffb546e7000 	C:\Program Files\Java\jdk-23\bin\jsvml.dll
0x00007ffb68260000 - 0x00007ffb68270000 	C:\Program Files\Java\jdk-23\bin\net.dll
0x00007ffb84f80000 - 0x00007ffb84fea000 	C:\Windows\system32\mswsock.dll
0x00007ffb5b1d0000 - 0x00007ffb5b1e6000 	C:\Program Files\Java\jdk-23\bin\nio.dll
0x00007ffb66520000 - 0x00007ffb66537000 	C:\Program Files\Java\jdk-23\bin\zip.dll
0x00007ffb66fb0000 - 0x00007ffb66fb9000 	C:\Program Files\Java\jdk-23\bin\extnet.dll
0x00007ffb84c50000 - 0x00007ffb84d1a000 	C:\Windows\SYSTEM32\DNSAPI.dll
0x00007ffb84c10000 - 0x00007ffb84c4b000 	C:\Windows\SYSTEM32\IPHLPAPI.DLL
0x00007ffb86c60000 - 0x00007ffb86c68000 	C:\Windows\System32\NSI.dll
0x0000000064790000 - 0x00000000647b6000 	C:\Program Files\Bonjour\mdnsNSP.dll
0x00007ffb7f740000 - 0x00007ffb7f74a000 	C:\Windows\System32\rasadhlp.dll
0x00007ffb7f100000 - 0x00007ffb7f180000 	C:\Windows\System32\fwpuclnt.dll
0x00007ffb66dd0000 - 0x00007ffb66dda000 	C:\Program Files\Java\jdk-23\bin\management.dll
0x00007ffb65aa0000 - 0x00007ffb65aab000 	C:\Program Files\Java\jdk-23\bin\management_ext.dll
0x00007ffb86950000 - 0x00007ffb86958000 	C:\Windows\System32\PSAPI.DLL
0x0000025a42c80000 - 0x0000025a42c84000 	C:\javafx-sdk-24.0.1\bin\api-ms-win-core-console-l1-1-0.dll
0x0000025a42c90000 - 0x0000025a42c94000 	C:\javafx-sdk-24.0.1\bin\api-ms-win-core-console-l1-2-0.dll
0x0000025a42ca0000 - 0x0000025a42ca4000 	C:\javafx-sdk-24.0.1\bin\api-ms-win-core-datetime-l1-1-0.dll
0x0000025a42cb0000 - 0x0000025a42cb4000 	C:\javafx-sdk-24.0.1\bin\api-ms-win-core-debug-l1-1-0.dll
0x0000025a42cc0000 - 0x0000025a42cc4000 	C:\javafx-sdk-24.0.1\bin\api-ms-win-core-errorhandling-l1-1-0.dll
0x0000025a42cd0000 - 0x0000025a42cd5000 	C:\javafx-sdk-24.0.1\bin\api-ms-win-core-file-l1-1-0.dll
0x0000025a42ce0000 - 0x0000025a42ce4000 	C:\javafx-sdk-24.0.1\bin\api-ms-win-core-file-l1-2-0.dll
0x0000025a42cf0000 - 0x0000025a42cf4000 	C:\javafx-sdk-24.0.1\bin\api-ms-win-core-file-l2-1-0.dll
0x0000025a42d00000 - 0x0000025a42d04000 	C:\javafx-sdk-24.0.1\bin\api-ms-win-core-handle-l1-1-0.dll
0x0000025a42d10000 - 0x0000025a42d14000 	C:\javafx-sdk-24.0.1\bin\api-ms-win-core-heap-l1-1-0.dll
0x0000025a42d20000 - 0x0000025a42d24000 	C:\javafx-sdk-24.0.1\bin\api-ms-win-core-interlocked-l1-1-0.dll
0x0000025a42d30000 - 0x0000025a42d34000 	C:\javafx-sdk-24.0.1\bin\api-ms-win-core-libraryloader-l1-1-0.dll
0x0000025a42d40000 - 0x0000025a42d44000 	C:\javafx-sdk-24.0.1\bin\api-ms-win-core-localization-l1-2-0.dll
0x0000025a42d50000 - 0x0000025a42d54000 	C:\javafx-sdk-24.0.1\bin\api-ms-win-core-memory-l1-1-0.dll
0x0000025a42d60000 - 0x0000025a42d64000 	C:\javafx-sdk-24.0.1\bin\api-ms-win-core-namedpipe-l1-1-0.dll
0x0000025a42d70000 - 0x0000025a42d74000 	C:\javafx-sdk-24.0.1\bin\api-ms-win-core-processenvironment-l1-1-0.dll
0x0000025a42d80000 - 0x0000025a42d84000 	C:\javafx-sdk-24.0.1\bin\api-ms-win-core-processthreads-l1-1-0.dll
0x0000025a42d90000 - 0x0000025a42d94000 	C:\javafx-sdk-24.0.1\bin\api-ms-win-core-processthreads-l1-1-1.dll
0x0000025a42da0000 - 0x0000025a42da4000 	C:\javafx-sdk-24.0.1\bin\api-ms-win-core-profile-l1-1-0.dll
0x0000025a42db0000 - 0x0000025a42db4000 	C:\javafx-sdk-24.0.1\bin\api-ms-win-core-rtlsupport-l1-1-0.dll
0x0000025a42dc0000 - 0x0000025a42dc4000 	C:\javafx-sdk-24.0.1\bin\api-ms-win-core-string-l1-1-0.dll
0x0000025a42dd0000 - 0x0000025a42dd4000 	C:\javafx-sdk-24.0.1\bin\api-ms-win-core-synch-l1-1-0.dll
0x0000025a42de0000 - 0x0000025a42de4000 	C:\javafx-sdk-24.0.1\bin\api-ms-win-core-synch-l1-2-0.dll
0x0000025a43140000 - 0x0000025a43144000 	C:\javafx-sdk-24.0.1\bin\api-ms-win-core-sysinfo-l1-1-0.dll
0x0000025a43270000 - 0x0000025a43274000 	C:\javafx-sdk-24.0.1\bin\api-ms-win-core-timezone-l1-1-0.dll
0x0000025a43280000 - 0x0000025a43284000 	C:\javafx-sdk-24.0.1\bin\api-ms-win-core-util-l1-1-0.dll
0x0000025a43290000 - 0x0000025a43294000 	C:\javafx-sdk-24.0.1\bin\api-ms-win-crt-conio-l1-1-0.dll
0x0000025a432a0000 - 0x0000025a432a5000 	C:\javafx-sdk-24.0.1\bin\api-ms-win-crt-convert-l1-1-0.dll
0x0000025a432b0000 - 0x0000025a432b4000 	C:\javafx-sdk-24.0.1\bin\api-ms-win-crt-environment-l1-1-0.dll
0x0000025a432c0000 - 0x0000025a432c4000 	C:\javafx-sdk-24.0.1\bin\api-ms-win-crt-filesystem-l1-1-0.dll
0x0000025a432d0000 - 0x0000025a432d4000 	C:\javafx-sdk-24.0.1\bin\api-ms-win-crt-heap-l1-1-0.dll
0x0000025a432e0000 - 0x0000025a432e4000 	C:\javafx-sdk-24.0.1\bin\api-ms-win-crt-locale-l1-1-0.dll
0x0000025a432f0000 - 0x0000025a432f6000 	C:\javafx-sdk-24.0.1\bin\api-ms-win-crt-math-l1-1-0.dll
0x0000025a43300000 - 0x0000025a43306000 	C:\javafx-sdk-24.0.1\bin\api-ms-win-crt-multibyte-l1-1-0.dll
0x0000025a43310000 - 0x0000025a43321000 	C:\javafx-sdk-24.0.1\bin\api-ms-win-crt-private-l1-1-0.dll
0x0000025a43330000 - 0x0000025a43334000 	C:\javafx-sdk-24.0.1\bin\api-ms-win-crt-process-l1-1-0.dll
0x0000025a43340000 - 0x0000025a43345000 	C:\javafx-sdk-24.0.1\bin\api-ms-win-crt-runtime-l1-1-0.dll
0x0000025a43350000 - 0x0000025a43355000 	C:\javafx-sdk-24.0.1\bin\api-ms-win-crt-stdio-l1-1-0.dll
0x0000025a43360000 - 0x0000025a43365000 	C:\javafx-sdk-24.0.1\bin\api-ms-win-crt-string-l1-1-0.dll
0x0000025a43370000 - 0x0000025a43374000 	C:\javafx-sdk-24.0.1\bin\api-ms-win-crt-time-l1-1-0.dll
0x0000025a43380000 - 0x0000025a43384000 	C:\javafx-sdk-24.0.1\bin\api-ms-win-crt-utility-l1-1-0.dll
0x00007ffb2a800000 - 0x00007ffb2a911000 	C:\javafx-sdk-24.0.1\bin\ucrtbase.dll
0x00007ffb5b130000 - 0x00007ffb5b14b000 	C:\javafx-sdk-24.0.1\bin\vcruntime140.dll
0x00007ffb5e710000 - 0x00007ffb5e71c000 	C:\javafx-sdk-24.0.1\bin\vcruntime140_1.dll
0x00007ffb2a770000 - 0x00007ffb2a7fe000 	C:\javafx-sdk-24.0.1\bin\msvcp140.dll
0x00007ffb5b120000 - 0x00007ffb5b129000 	C:\javafx-sdk-24.0.1\bin\msvcp140_1.dll
0x00007ffb57390000 - 0x00007ffb573d1000 	C:\javafx-sdk-24.0.1\bin\msvcp140_2.dll
0x00007ffb591d0000 - 0x00007ffb59200000 	C:\javafx-sdk-24.0.1\bin\prism_d3d.dll
0x00007ffb55ee0000 - 0x00007ffb560b1000 	C:\Windows\system32\d3d9.dll
0x00007ffb82e60000 - 0x00007ffb82e8e000 	C:\Windows\SYSTEM32\dwmapi.dll
0x00007ffb829c0000 - 0x00007ffb82a5e000 	C:\Windows\system32\uxtheme.dll
0x00007ffb781e0000 - 0x00007ffb7821b000 	C:\Windows\SYSTEM32\dxcore.dll
0x00007ffb85ab0000 - 0x00007ffb85afe000 	C:\Windows\System32\cfgmgr32.dll
0x00007ffb85c80000 - 0x00007ffb85ddd000 	C:\Windows\System32\CRYPT32.dll
0x00007ffb86320000 - 0x00007ffb86790000 	C:\Windows\System32\SETUPAPI.dll
0x00007ffb855a0000 - 0x00007ffb855d3000 	C:\Windows\SYSTEM32\DEVOBJ.dll
0x00007ffb85980000 - 0x00007ffb859f3000 	C:\Windows\System32\WINTRUST.dll
0x00007ffb853b0000 - 0x00007ffb853c2000 	C:\Windows\SYSTEM32\MSASN1.dll
0x00007ffb701f0000 - 0x00007ffb74750000 	C:\Windows\System32\DriverStore\FileRepository\iigd_dch.inf_amd64_a20fccc4824e3254\igc64.dll
0x00007ffb4d3d0000 - 0x00007ffb50a85000 	C:\Windows\System32\DriverStore\FileRepository\iigd_dch.inf_amd64_a20fccc4824e3254\igd12dxva64.dll
0x00007ffb7d9b0000 - 0x00007ffb7d9e1000 	C:\Windows\SYSTEM32\cryptnet.dll
0x00007ffb85170000 - 0x00007ffb8517c000 	C:\Windows\SYSTEM32\cryptbase.dll
0x00007ffb870b0000 - 0x00007ffb870cd000 	C:\Windows\System32\imagehlp.dll
0x00007ffb85180000 - 0x00007ffb85198000 	C:\Windows\SYSTEM32\CRYPTSP.dll
0x00007ffb84830000 - 0x00007ffb84868000 	C:\Windows\system32\rsaenh.dll
0x00007ffb856a0000 - 0x00007ffb856ce000 	C:\Windows\SYSTEM32\USERENV.dll
0x00007ffb482c0000 - 0x00007ffb482d7000 	C:\Windows\system32\napinsp.dll
0x00007ffb482a0000 - 0x00007ffb482bb000 	C:\Windows\system32\pnrpnsp.dll
0x00007ffb814f0000 - 0x00007ffb8150d000 	C:\Windows\system32\wshbth.dll
0x00007ffb82470000 - 0x00007ffb8248d000 	C:\Windows\system32\NLAapi.dll

dbghelp: loaded successfully - version: 4.0.5 - missing functions: none
symbol engine: initialized successfully - sym options: 0x614 - pdb path: .;C:\Program Files\Java\jdk-23\bin;C:\Windows\SYSTEM32;C:\Windows\WinSxS\amd64_microsoft.windows.common-controls_6595b64144ccf1df_6.0.19041.6280_none_60bc30a171f2f3f3;C:\Program Files\Java\jdk-23\bin\server;C:\Program Files\Bonjour;C:\javafx-sdk-24.0.1\bin;C:\Windows\System32\DriverStore\FileRepository\iigd_dch.inf_amd64_a20fccc4824e3254;C:\Windows\System32\DriverStore\FileRepository\nvam.inf_amd64_4ae7e10b45473e65;C:\Program Files\Common Files\Microsoft Shared\Ink;C:\Windows\WinSxS\amd64_microsoft.windows.gdiplus_6595b64144ccf1df_1.1.19041.6216_none_919f98d0cc8c5626;C:\Program Files (x86)\Internet Download Manager;C:\Users\arya\AppData\Local\Microsoft\OneDrive\25.149.0803.0003;C:\Program Files\DAEMON Tools Pro

VM Arguments:
jvm_args: --module-path=C:\javafx-sdk-24.0.1\lib --add-modules=javafx.controls,javafx.fxml,javafx.media -javaagent:G:\IntelliJ IDEA 2024.3.5\lib\idea_rt.jar=60384 -Dfile.encoding=UTF-8 -Dsun.stdout.encoding=UTF-8 -Dsun.stderr.encoding=UTF-8 
java_command: Client.Main
java_class_path (initial): C:\Users\arya\Desktop\telegram\Telegram-clone\out\production\classes;C:\Users\arya\Desktop\telegram\Telegram-clone\out\production\resources;C:\Users\arya\.gradle\caches\modules-2\files-2.1\org.openjfx\javafx-fxml\23.0.2\b032052fc189c1c702cc9b01f416f7cae53674df\javafx-fxml-23.0.2-win.jar;C:\Users\arya\.gradle\caches\modules-2\files-2.1\org.openjfx\javafx-controls\23.0.2\ea7a2048ce6b344273affb916713120fe77fb1e8\javafx-controls-23.0.2-win.jar;C:\Users\arya\.gradle\caches\modules-2\files-2.1\org.openjfx\javafx-media\23.0.2\b27f12b417de89f6fd6180a6540f6f26ab98a0ee\javafx-media-23.0.2-win.jar;C:\Users\arya\.gradle\caches\modules-2\files-2.1\com.google.code.gson\gson\2.10.1\b3add478d4382b78ea20b1671390a858002feb6c\gson-2.10.1.jar;C:\Users\arya\.gradle\caches\modules-2\files-2.1\com.jfoenix\jfoenix\9.0.10\a7625792db8d15615ea6eebbc31e01504f20b2df\jfoenix-9.0.10.jar;C:\Users\arya\.gradle\caches\modules-2\files-2.1\org.postgresql\postgresql\42.6.0\7614cfce466145b84972781ab0079b8dea49e363\postgresql-42.6.0.jar;C:\Users\arya\.gradle\caches\modules-2\files-2.1\org.hibernate.orm\hibernate-community-dialects\6.4.2.Final\9856329563362d2f26541285a2036e86addba30c\hibernate-community-dialects-6.4.2.Final.jar;C:\Users\arya\.gradle\caches\modules-2\files-2.1\org.hibernate.orm\hibernate-core\6.4.2.Final\4dd48cbc3c97c71ca42db0a9d0d7f9c220675edb\hibernate-core-6.4.2.Final.jar;C:\Users\arya\.gradle\caches\modules-2\files-2.1\jakarta.persistence\jakarta.persistence-api\3.1.0\66901fa1c373c6aff65c13791cc11da72060a8d6\jakarta.persistence-api-3.1.0.jar;C:\Users\arya\.gradle\caches\modules-2\files-2.1\com.zaxxer\HikariCP\5.0.1\a74c7f0a37046846e88d54f7cb6ea6d565c65f9c\HikariCP-5.0.1.jar;C:\Users\arya\.gradle\caches\modules-2\files-2.1\org.xerial\sqlite-jdbc\3.36.0.3\7fa71c4dfab806490cb909714fb41373ec552c29\sqlite-jdbc-3.36.0.3.jar;C:\Users\arya\.gradle\caches\modules-2\files-2.1\org.openjfx\javafx-graphics\23.0.2\21ed994c9ba8a9d30099204c556e6dba3a23f169\javafx-graphics-23.0.2-win.jar;C:\Users\arya\.gradle\caches\modules-2\files-2.1\jakarta.transaction\jakarta.transaction-api\2.0.1\51a520e3fae406abb84e2e1148e6746ce3f80a1a\jakarta.transaction-api-2.0.1.jar;C:\Users\arya\.gradle\caches\modules-2\files-2.1\org.slf4j\slf4j-api\1.7.30\b5a4b6d16ab13e34a88fae84c35cd5d68cac922c\slf4j-api-1.7.30.jar;C:\Users\arya\.gradle\caches\modules-2\files-2.1\org.openjfx\javafx-base\23.0.2\e44e750005596dc44ce37c07fc3b8c10da9ab354\javafx-base-23.0.2-win.jar;C:\Users\arya\.gradle\caches\modules-2\files-2.1\org.checkerframework\checker-qual\3.31.0\eeefd4af42e2f4221d145c1791582f91868f99ab\checker-qual-3.31.0.jar;C:\Users\arya\.gradle\caches\modules-2\files-2.1\org.jboss.logging\jboss-logging\3.5.0.Final\c19307cc11f28f5e2679347e633a3294d865334d\jboss-logging-3.5.0.Final.jar;C:\Users\arya\.gradle\caches\modules-2\files-2.1\org.hibernate.common\hibernate-commons-annotations\6.0.6.Final\77a5f94b56d49508e0ee334751db5b78e5ccd50c\hibernate-commons-annotations-6.0.6.Final.jar;C:\Users\arya\.gradle\caches\modules-2\files-2.1\io.smallrye\jandex\3.1.2\a6c1c89925c7df06242b03dddb353116ceb9584c\jandex-3.1.2.jar;C:\Users\arya\.gradle\caches\modules-2\files-2.1\com.fasterxml\classmate\1.5.1\3fe0bed568c62df5e89f4f174c101eab25345b6c\classmate-1.5.1.jar;C:\Users\arya\.gradle\caches\modules-2\files-2.1\net.bytebuddy\byte-buddy\1.14.7\34efde5f0bb93afc94aaf9d400521899c4806873\byte-buddy-1.14.7.jar;C:\Users\arya\.gradle\caches\modules-2\files-2.1\org.glassfish.jaxb\jaxb-runtime\4.0.2\e4e4e0c5b0d42054d00dc4023901572a60d368c7\jaxb-runtime-4.0.2.jar;C:\Users\arya\.gradle\caches\modules-2\files-2.1\jakarta.xml.bind\jakarta.xml.bind-api\4.0.0\bbb399208d288b15ec101fa4fcfc4bd77cedc97a\jakarta.xml.bind-api-4.0.0.jar;C:\Users\arya\.gradle\caches\modules-2\files-2.1\jakarta.inject\jakarta.inject-api\2.0.1\4c28afe1991a941d7702fe1362c365f0a8641d1e\jakarta.inject-api-2.0.1.jar;C:\Users\arya\.gradle\caches\modules-2\files-2.1\org.antlr\antlr4-runtime\4.13.0\5a02e48521624faaf5ff4d99afc88b01686af655\antlr4-runtime-4.13.0.jar;C:\Users\arya\.gradle\caches\modules-2\files-2.1\org.glassfish.jaxb\jaxb-core\4.0.2\8c29249f6c10f4ee08967783831580b0f5c5360\jaxb-core-4.0.2.jar;C:\Users\arya\.gradle\caches\modules-2\files-2.1\jakarta.activation\jakarta.activation-api\2.1.1\88c774ab863a21fb2fc4219af95379fafe499a31\jakarta.activation-api-2.1.1.jar;C:\Users\arya\.gradle\caches\modules-2\files-2.1\org.eclipse.angus\angus-activation\2.0.0\72369f4e2314d38de2dcbb277141ef0226f73151\angus-activation-2.0.0.jar;C:\Users\arya\.gradle\caches\modules-2\files-2.1\org.glassfish.jaxb\txw2\4.0.2\24e167be69c29ebb7ee0a3b1f9b546f1dfd111fc\txw2-4.0.2.jar;C:\Users\arya\.gradle\caches\modules-2\files-2.1\com.sun.istack\istack-commons-runtime\4.1.1\9b3769c76235bc283b060da4fae2318c6d53f07e\istack-commons-runtime-4.1.1.jar
Launcher Type: SUN_STANDARD

[Global flags]
     intx CICompilerCount                          = 12                                        {product} {ergonomic}
     uint ConcGCThreads                            = 3                                         {product} {ergonomic}
     uint G1ConcRefinementThreads                  = 13                                        {product} {ergonomic}
   size_t G1HeapRegionSize                         = 2097152                                   {product} {ergonomic}
   size_t InitialHeapSize                          = 264241152                                 {product} {ergonomic}
   size_t MarkStackSize                            = 4194304                                   {product} {ergonomic}
   size_t MarkStackSizeMax                         = 536870912                                 {product} {ergonomic}
   size_t MaxHeapSize                              = 4196401152                                {product} {ergonomic}
   size_t MaxNewSize                               = 2516582400                                {product} {ergonomic}
   size_t MinHeapDeltaBytes                        = 2097152                                   {product} {ergonomic}
   size_t MinHeapSize                              = 8388608                                   {product} {ergonomic}
    uintx NonNMethodCodeHeapSize                   = 7602176                                {pd product} {ergonomic}
    uintx NonProfiledCodeHeapSize                  = 122093568                              {pd product} {ergonomic}
    uintx ProfiledCodeHeapSize                     = 121962496                              {pd product} {ergonomic}
    uintx ReservedCodeCacheSize                    = 251658240                              {pd product} {ergonomic}
     bool SegmentedCodeCache                       = true                                      {product} {ergonomic}
   size_t SoftMaxHeapSize                          = 4196401152                             {manageable} {ergonomic}
     bool UseCompressedOops                        = true                           {product lp64_product} {ergonomic}
     bool UseG1GC                                  = true                                      {product} {ergonomic}
     bool UseLargePagesIndividualAllocation        = false                                  {pd product} {ergonomic}

Logging:
Log output configuration:
 #0: stdout all=off uptime,level,tags foldmultilines=false
 #1: stderr all=off uptime,level,tags foldmultilines=false

Environment Variables:
PATH=C:\Program Files\Common Files\Oracle\Java\javapath;C:\Program Files\Python312\Scripts\;C:\Program Files\Python312\;C:\ProgramData\Oracle\Java\javapath;C:\Program Files (x86)\Common Files\Oracle\Java\javapath;C:\Windows\system32;C:\Windows;C:\Windows\System32\Wbem;C:\Windows\System32\WindowsPowerShell\v1.0\;C:\Windows\System32\OpenSSH\;C:\Program Files\dotnet\;C:\Program Files (x86)\NVIDIA Corporation\PhysX\Common;C:\Program Files\NVIDIA Corporation\NVIDIA app\NvDLISR;C:\Program Files\PuTTY\;C:\Program Files (x86)\Bitvise SSH Client;C:\Program Files\nodejs\;C:\msys64\mingw64\bin;C:\Program Files (x86)\Windows Kits\10\Windows Performance Toolkit\;C:\Program Files\Git\cmd;C:\Gradle\gradle-8.6\bin;C:\Gradle\gradle-8.13;C:\Program Files\Go\bin;C:\Users\arya\AppData\Local\Microsoft\WindowsApps;F:\Microsoft VS Code\bin;C:\Users\arya\AppData\Local\GitHubDesktop\bin;C:\Users\arya\AppData\Roaming\npm;G:\apache-maven-3.9.9\bin;G:\IntelliJ IDEA 2024.3.5\bin;;C:\Program Files\Python312\Scripts;C:\Users\arya\AppData\Roaming\Python\Python312\Scripts;C:\Users\arya\go\bin
USERNAME=arya
OS=Windows_NT
PROCESSOR_IDENTIFIER=Intel64 Family 6 Model 154 Stepping 3, GenuineIntel
TMP=C:\Users\arya\AppData\Local\Temp
TEMP=C:\Users\arya\AppData\Local\Temp




Periodic native trim disabled

---------------  S Y S T E M  ---------------

OS:
 Windows 10 , 64 bit Build 19041 (10.0.19041.5915)
OS uptime: 3 days 16:10 hours

CPU: total 16 (initial active 16) (8 cores per cpu, 2 threads per core) family 6 model 154 stepping 3 microcode 0x41c, cx8, cmov, fxsr, ht, mmx, 3dnowpref, sse, sse2, sse3, ssse3, sse4.1, sse4.2, popcnt, lzcnt, tsc, tscinvbit, avx, avx2, aes, erms, clmul, bmi1, bmi2, adx, sha, fma, vzeroupper, clflush, clflushopt, clwb, serialize, rdtscp, rdpid, fsrm, gfni, f16c, pku, cet_ibt, cet_ss
Processor Information for processor 0
  Max Mhz: 2300, Current Mhz: 2300, Mhz Limit: 1679
Processor Information for processor 1
  Max Mhz: 2300, Current Mhz: 2300, Mhz Limit: 2300
Processor Information for processor 2
  Max Mhz: 2300, Current Mhz: 2300, Mhz Limit: 2300
Processor Information for processor 3
  Max Mhz: 2300, Current Mhz: 2300, Mhz Limit: 2300
Processor Information for processor 4
  Max Mhz: 2300, Current Mhz: 2300, Mhz Limit: 2300
Processor Information for processor 5
  Max Mhz: 2300, Current Mhz: 2300, Mhz Limit: 2300
Processor Information for processor 6
  Max Mhz: 2300, Current Mhz: 2300, Mhz Limit: 2300
Processor Information for processor 7
  Max Mhz: 2300, Current Mhz: 2300, Mhz Limit: 2300
Processor Information for processor 8
  Max Mhz: 2300, Current Mhz: 2300, Mhz Limit: 2300
Processor Information for processor 9
  Max Mhz: 2300, Current Mhz: 2300, Mhz Limit: 2300
Processor Information for processor 10
  Max Mhz: 2300, Current Mhz: 2300, Mhz Limit: 2300
Processor Information for processor 11
  Max Mhz: 2300, Current Mhz: 2300, Mhz Limit: 2300
Processor Information for processor 12
  Max Mhz: 2300, Current Mhz: 1700, Mhz Limit: 1679
Processor Information for processor 13
  Max Mhz: 2300, Current Mhz: 1700, Mhz Limit: 1679
Processor Information for processor 14
  Max Mhz: 2300, Current Mhz: 1700, Mhz Limit: 1679
Processor Information for processor 15
  Max Mhz: 2300, Current Mhz: 1700, Mhz Limit: 1679

Memory: 4k page, system-wide physical 16005M (2954M free)
TotalPageFile size 25254M (AvailPageFile size 3620M)
current process WorkingSet (physical memory assigned to process): 682M, peak: 695M
current process commit charge ("private bytes"): 893M, peak: 952M

vm_info: Java HotSpot(TM) 64-Bit Server VM (23.0.2+7-58) for windows-amd64 JRE (23.0.2+7-58), built on 2024-11-29T09:34:55Z with MS VC++ 17.6 (VS2022)

END.
