#
# A fatal error has been detected by the Java Runtime Environment:
#
#  EXCEPTION_ACCESS_VIOLATION (0xc0000005) at pc=0x00007ffb2b178e37, pid=12728, tid=24028
#
# JRE version: Java(TM) SE Runtime Environment (23.0.2+7) (build 23.0.2+7-58)
# Java VM: Java HotSpot(TM) 64-Bit Server VM (23.0.2+7-58, mixed mode, sharing, tiered, compressed oops, compressed class ptrs, g1 gc, windows-amd64)
# Problematic frame:
# C  0x00007ffb2b178e37
#
# No core dump will be written. Minidumps are not enabled by default on client versions of Windows
#
# If you would like to submit a bug report, please visit:
#   https://bugreport.java.com/bugreport/crash.jsp
#

---------------  S U M M A R Y ------------

Command Line: --module-path=C:\javafx-sdk-24.0.1\lib --add-modules=javafx.controls,javafx.fxml,javafx.media -javaagent:G:\IntelliJ IDEA 2024.3.5\lib\idea_rt.jar=60358 -Dfile.encoding=UTF-8 -Dsun.stdout.encoding=UTF-8 -Dsun.stderr.encoding=UTF-8 Client.Main

Host: 12th Gen Intel(R) Core(TM) i7-12650H, 16 cores, 15G,  Windows 10 , 64 bit Build 19041 (10.0.19041.5915)
Time: Mon Sep  8 02:30:49 2025 Iran Standard Time elapsed time: 49.182245 seconds (0d 0h 0m 49s)

---------------  T H R E A D  ---------------

Current thread (0x00000233387a23e0):  VMThread "VM Thread"          [id=24028, stack(0x000000dca6b00000,0x000000dca6c00000) (1024K)]

Stack: [0x000000dca6b00000,0x000000dca6c00000],  sp=0x000000dca6bff250,  free space=1020k
Native frames: (J=compiled Java code, j=interpreted, Vv=VM code, C=native code)
C  0x00007ffb2b178e37  (no source info available)
C  [ucrtbase.dll+0x142d6]  (no source info available)
C  [ucrtbase.dll+0x141fb]  (no source info available)
C  [ucrtbase.dll+0x141b4]  (no source info available)
C  0x00007ffb2b17655d  (no source info available)
C  0x00007ffb2b176682  (no source info available)
C  [ntdll.dll+0x19a1d]  (no source info available)
C  [ntdll.dll+0x5f1ca]  (no source info available)
C  [ntdll.dll+0x5ef7d]  (no source info available)
C  [KERNEL32.DLL+0x1e3eb]  (no source info available)
C  [ucrtbase.dll+0x205bc]  (no source info available)
C  [ucrtbase.dll+0x2045f]  (no source info available)
V  [jvm.dll+0x6d9b3c]  (no source info available)
V  [jvm.dll+0x6d9670]  (no source info available)
V  [jvm.dll+0x3da724]  (no source info available)
V  [jvm.dll+0x886d50]  (no source info available)
V  [jvm.dll+0x888077]  (no source info available)
V  [jvm.dll+0x8885a8]  (no source info available)
V  [jvm.dll+0x888843]  (no source info available)
V  [jvm.dll+0x8254cb]  (no source info available)
V  [jvm.dll+0x6df345]  (no source info available)
C  [ucrtbase.dll+0x21bb2]  (no source info available)
C  [KERNEL32.DLL+0x17374]  (no source info available)
C  [ntdll.dll+0x4cc91]  (no source info available)


siginfo: EXCEPTION_ACCESS_VIOLATION (0xc0000005), reading address 0x0000000000000000


Registers:
RAX=0x0000000000000000, RBX=0x00000233387a636a, RCX=0x00000233387a23e0, RDX=0x000000dca6bff250
RSP=0x000000dca6bff250, RBP=0x000002330063b198, RSI=0x000002330063b170, RDI=0x0000bd84e461b3ac
R8 =0x0000000000010002, R9 =0x0000bd84e461b3ac, R10=0x0000000000008000, R11=0x000000dca6bff1e0
R12=0x00007ffb2b1766d0, R13=0x00007ffb2370c6e0, R14=0x000000dca6bff348, R15=0x000002330063b170
RIP=0x00007ffb2b178e37, EFLAGS=0x0000000000010206


Register to memory mapping:

RAX=0x0 is null
RBX=0x00000233387a636a is a global jni handle
RCX=0x00000233387a23e0 points into unknown readable memory: 0x00007ffb23510748 | 48 07 51 23 fb 7f 00 00
RDX=0x000000dca6bff250 points into unknown readable memory: 0x0000000000000000 | 00 00 00 00 00 00 00 00
RSP=0x000000dca6bff250 points into unknown readable memory: 0x0000000000000000 | 00 00 00 00 00 00 00 00
RBP=0x000002330063b198 points into unknown readable memory: 0x0000bd84e461b3ac | ac b3 61 e4 84 bd 00 00
RSI=0x000002330063b170 points into unknown readable memory: 0x761e3d84e39e011d | 1d 01 9e e3 84 3d 1e 76
RDI=0x0000bd84e461b3ac is an unknown value
R8 =0x0000000000010002 is an unknown value
R9 =0x0000bd84e461b3ac is an unknown value
R10=0x0000000000008000 is an unknown value
R11=0x000000dca6bff1e0 points into unknown readable memory: 0x000002330063b170 | 70 b1 63 00 33 02 00 00
R12=0x00007ffb2b1766d0 points into unknown readable memory: 0x74894808245c8948 | 48 89 5c 24 08 48 89 74
R13=0x00007ffb2370c6e0 jvm.dll
R14=0x000000dca6bff348 points into unknown readable memory: 0x000000dca6bff330 | 30 f3 bf a6 dc 00 00 00
R15=0x000002330063b170 points into unknown readable memory: 0x761e3d84e39e011d | 1d 01 9e e3 84 3d 1e 76

Top of Stack: (sp=0x000000dca6bff250)
0x000000dca6bff250:   0000000000000000 000002330063b170
0x000000dca6bff260:   00007ffb2370c6e0 00007ffb2b1766d0
0x000000dca6bff270:   000002330063b178 00007ffb858942d6
0x000000dca6bff280:   0000bd84e461b3ac 0000023300000000
0x000000dca6bff290:   000002330063b198 000002330063b170
0x000000dca6bff2a0:   fffffffffffffffe 0000000000000000
0x000000dca6bff2b0:   0000000000000001 00007ffb2b150000
0x000000dca6bff2c0:   000000dca6bff338 00007ffb858941fb
0x000000dca6bff2d0:   0000000000000000 000000dca6bff348
0x000000dca6bff2e0:   000000dca6bff620 00007ffb85970e40
0x000000dca6bff2f0:   0000000000000001 00007ffb858941b4
0x000000dca6bff300:   0000000000000000 0000000000000001
0x000000dca6bff310:   00007ffb81b63300 000000dca6bff338
0x000000dca6bff320:   000000000000000d 00007ffb2b17655d
0x000000dca6bff330:   00007ffb2b18fda8 00007ffb00000002
0x000000dca6bff340:   0000000000000002 000000dca6bff330
0x000000dca6bff350:   0000000000000000 00007ffb88169993
0x000000dca6bff360:   0000000000000000 00007ffb2b176682
0x000000dca6bff370:   0000000000000001 0000000000000000
0x000000dca6bff380:   00000000000000e0 0000000000000001
0x000000dca6bff390:   00007ffb7cc41d90 0000000000000000
0x000000dca6bff3a0:   0000000000000001 00007ffb7cc42ef0
0x000000dca6bff3b0:   00007ffb2b150000 000000007ffe0384
0x000000dca6bff3c0:   0000000000000000 00007ffb88169a1d
0x000000dca6bff3d0:   00007ffb2b150000 0000000000000000
0x000000dca6bff3e0:   0000000000000001 000000007ffe0385
0x000000dca6bff3f0:   0000000000000000 00007ffb881af331
0x000000dca6bff400:   000014097348c000 0000000000000014
0x000000dca6bff410:   00007ffb2b1766d0 0000000000000000
0x000000dca6bff420:   0000000000000000 000000dca5f92000
0x000000dca6bff430:   0000023300628df0 00007ffb881af1ca
0x000000dca6bff440:   000002330062baf0 00007ffb2b150000 

Instructions: (pc=0x00007ffb2b178e37)
0x00007ffb2b178d37:   8b 4d 58 e8 d9 ce ff ff 48 8b 4d 60 e8 d0 ce ff
0x00007ffb2b178d47:   ff 48 8b 95 80 00 00 00 48 8b 8d 18 01 00 00 e8
0x00007ffb2b178d57:   b6 c4 ff ff 33 d2 33 c9 e8 1c e1 ff ff 90 48 89
0x00007ffb2b178d67:   54 24 10 55 48 83 ec 20 48 8b ea 48 b8 00 00 00
0x00007ffb2b178d77:   00 00 00 00 00 48 83 c4 20 5d c3 cc 40 55 48 8b
0x00007ffb2b178d87:   ea 48 8b 01 33 c9 81 38 05 00 00 c0 0f 94 c1 8b
0x00007ffb2b178d97:   c1 5d c3 cc 40 55 48 83 ec 20 48 8b ea 8a 4d 40
0x00007ffb2b178da7:   48 83 c4 20 5d e9 c3 d2 ff ff cc 40 55 48 83 ec
0x00007ffb2b178db7:   20 48 8b ea 8a 4d 20 e8 b1 d2 ff ff 90 48 83 c4
0x00007ffb2b178dc7:   20 5d c3 cc 40 55 48 83 ec 20 48 8b ea 48 83 c4
0x00007ffb2b178dd7:   20 5d e9 12 d1 ff ff cc 40 55 48 83 ec 30 48 8b
0x00007ffb2b178de7:   ea 48 8b 01 8b 10 48 89 4c 24 28 89 54 24 20 4c
0x00007ffb2b178df7:   8d 0d b3 d5 ff ff 4c 8b 45 70 8b 55 68 48 8b 4d
0x00007ffb2b178e07:   60 e8 53 d0 ff ff 90 48 83 c4 30 5d c3 cc cc cc
0x00007ffb2b178e17:   cc cc cc cc cc cc cc cc cc 40 53 48 83 ec 20 48
0x00007ffb2b178e27:   8b 1d 2b 6a 01 00 48 85 db 74 16 e8 a9 8f ff ff
0x00007ffb2b178e37:   4c 8b 00 48 8b d3 48 8b c8 41 ff 90 b0 00 00 00
0x00007ffb2b178e47:   90 48 83 c4 20 5b c3 cc cc 40 53 48 83 ec 20 48
0x00007ffb2b178e57:   8b 1d 6b 6b 01 00 48 85 db 74 57 b8 ff ff ff ff
0x00007ffb2b178e67:   f0 0f c1 43 10 83 f8 01 75 3d 48 85 db 74 38 48
0x00007ffb2b178e77:   8b 0b 48 85 c9 74 0d ff 15 2c 14 00 00 48 c7 03
0x00007ffb2b178e87:   00 00 00 00 48 8b 4b 08 48 85 c9 74 0d e8 7f cd
0x00007ffb2b178e97:   ff ff 48 c7 43 08 00 00 00 00 ba 18 00 00 00 48
0x00007ffb2b178ea7:   8b cb e8 6a cd ff ff 48 c7 05 0f 6b 01 00 00 00
0x00007ffb2b178eb7:   00 00 48 83 c4 20 5b c3 cc 40 53 48 83 ec 20 48
0x00007ffb2b178ec7:   8b 1d db 6a 01 00 48 85 db 74 57 b8 ff ff ff ff
0x00007ffb2b178ed7:   f0 0f c1 43 10 83 f8 01 75 3d 48 85 db 74 38 48
0x00007ffb2b178ee7:   8b 0b 48 85 c9 74 0d ff 15 bc 13 00 00 48 c7 03
0x00007ffb2b178ef7:   00 00 00 00 48 8b 4b 08 48 85 c9 74 0d e8 0f cd
0x00007ffb2b178f07:   ff ff 48 c7 43 08 00 00 00 00 ba 18 00 00 00 48
0x00007ffb2b178f17:   8b cb e8 fa cc ff ff 48 c7 05 7f 6a 01 00 00 00
0x00007ffb2b178f27:   00 00 48 83 c4 20 5b c3 cc 40 53 48 83 ec 20 48 


Stack slot to memory mapping:

stack at sp + 0 slots: 0x0 is null
stack at sp + 1 slots: 0x000002330063b170 points into unknown readable memory: 0x761e3d84e39e011d | 1d 01 9e e3 84 3d 1e 76
stack at sp + 2 slots: 0x00007ffb2370c6e0 jvm.dll
stack at sp + 3 slots: 0x00007ffb2b1766d0 points into unknown readable memory: 0x74894808245c8948 | 48 89 5c 24 08 48 89 74
stack at sp + 4 slots: 0x000002330063b178 points into unknown readable memory: 0x0000bd84e461b3ac | ac b3 61 e4 84 bd 00 00
stack at sp + 5 slots: 0x00007ffb858942d6 ucrtbase.dll
stack at sp + 6 slots: 0x0000bd84e461b3ac is an unknown value
stack at sp + 7 slots: 0x0000023300000000 points into unknown readable memory: 0x0000002078746341 | 41 63 74 78 20 00 00 00

VM_Operation (0x000000dca75ff550): Exit, mode: safepoint, requested by thread 0x000002337f22a880


---------------  P R O C E S S  ---------------

Threads class SMR info:
_java_thread_list=0x000002337f7705d0, length=25, elements={
0x000002331701c580, 0x00000233387b8ee0, 0x00000233387b9d00, 0x00000233387be1e0,
0x0000023339384c40, 0x0000023339387130, 0x000002333938e9a0, 0x000002333939cf90,
0x0000023339388b70, 0x0000023339386410, 0x0000023339385d80, 0x00000233393856f0,
0x0000023339386aa0, 0x00000233393877c0, 0x0000023339387e50, 0x00000233393884e0,
0x0000023339ea4240, 0x0000023339ea0730, 0x0000023339ea5c80, 0x0000023339ea4f60,
0x0000023339ea7030, 0x0000023339ea00a0, 0x0000023339ea2170, 0x000002337f2287b0,
0x000002337f22a880
}

Java Threads: ( => current thread )
  0x000002331701c580 JavaThread "main"                              [_thread_blocked, id=6280, stack(0x000000dca6400000,0x000000dca6500000) (1024K)]
  0x00000233387b8ee0 JavaThread "Reference Handler"          daemon [_thread_blocked, id=28524, stack(0x000000dca6c00000,0x000000dca6d00000) (1024K)]
  0x00000233387b9d00 JavaThread "Finalizer"                  daemon [_thread_blocked, id=27708, stack(0x000000dca6d00000,0x000000dca6e00000) (1024K)]
  0x00000233387be1e0 JavaThread "Attach Listener"            daemon [_thread_blocked, id=25544, stack(0x000000dca6f00000,0x000000dca7000000) (1024K)]
  0x0000023339384c40 JavaThread "Service Thread"             daemon [_thread_blocked, id=23312, stack(0x000000dca7000000,0x000000dca7100000) (1024K)]
  0x0000023339387130 JavaThread "Monitor Deflation Thread"   daemon [_thread_blocked, id=23432, stack(0x000000dca7100000,0x000000dca7200000) (1024K)]
  0x000002333938e9a0 JavaThread "C2 CompilerThread0"         daemon [_thread_blocked, id=19732, stack(0x000000dca7200000,0x000000dca7300000) (1024K)]
  0x000002333939cf90 JavaThread "C1 CompilerThread0"         daemon [_thread_blocked, id=24416, stack(0x000000dca7300000,0x000000dca7400000) (1024K)]
  0x0000023339388b70 JavaThread "Common-Cleaner"             daemon [_thread_blocked, id=27324, stack(0x000000dca7400000,0x000000dca7500000) (1024K)]
  0x0000023339386410 JavaThread "Monitor Ctrl-Break"         daemon [_thread_in_native, id=13532, stack(0x000000dca7b00000,0x000000dca7c00000) (1024K)]
  0x0000023339385d80 JavaThread "Notification Thread"        daemon [_thread_blocked, id=28140, stack(0x000000dca7c00000,0x000000dca7d00000) (1024K)]
  0x00000233393856f0 JavaThread "QuantumRenderer-0"          daemon [_thread_blocked, id=28216, stack(0x000000dca7e00000,0x000000dca7f00000) (1024K)]
  0x0000023339386aa0 JavaThread "RMI TCP Accept-0"           daemon [_thread_in_native, id=27336, stack(0x000000dca8800000,0x000000dca8900000) (1024K)]
  0x00000233393877c0 JavaThread "RMI TCP Connection(1)-172.19.0.1" daemon [_thread_blocked, id=21604, stack(0x000000dca8900000,0x000000dca8a00000) (1024K)]
  0x0000023339387e50 JavaThread "RMI Scheduler(0)"           daemon [_thread_blocked, id=28092, stack(0x000000dca8a00000,0x000000dca8b00000) (1024K)]
  0x00000233393884e0 JavaThread "JMX server connection timeout 43" daemon [_thread_blocked, id=24336, stack(0x000000dca8b00000,0x000000dca8c00000) (1024K)]
  0x0000023339ea4240 JavaThread "InvokeLaterDispatcher"      daemon [_thread_blocked, id=28156, stack(0x000000dca8c00000,0x000000dca8d00000) (1024K)]
  0x0000023339ea0730 JavaThread "JavaFX Application Thread"         [_thread_in_native, id=27300, stack(0x000000dca8d00000,0x000000dca8e00000) (1024K)]
  0x0000023339ea5c80 JavaThread "JavaFX-Launcher"                   [_thread_blocked, id=22844, stack(0x000000dca7800000,0x000000dca7900000) (1024K)]
  0x0000023339ea4f60 JavaThread "Thread-2"                   daemon [_thread_in_native, id=20460, stack(0x000000dca7700000,0x000000dca7800000) (1024K)]
  0x0000023339ea7030 JavaThread "Prism Font Disposer"        daemon [_thread_blocked, id=24292, stack(0x000000dcaa000000,0x000000dcaa100000) (1024K)]
  0x0000023339ea00a0 JavaThread "Cleaner-0"                  daemon [_thread_blocked, id=16144, stack(0x000000dcaa100000,0x000000dcaa200000) (1024K)]
  0x0000023339ea2170 JavaThread "Thread-3"                   daemon [_thread_in_native, id=15888, stack(0x000000dca9700000,0x000000dca9800000) (1024K)]
  0x000002337f2287b0 JavaThread "Timer-0"                    daemon [_thread_blocked, id=20380, stack(0x000000dca9800000,0x000000dca9900000) (1024K)]
  0x000002337f22a880 JavaThread "SIGINT handler"             daemon [_thread_blocked, id=21456, stack(0x000000dca7500000,0x000000dca7600000) (1024K)]
Total: 25

Other Threads:
=>0x00000233387a23e0 VMThread "VM Thread"                           [id=24028, stack(0x000000dca6b00000,0x000000dca6c00000) (1024K)]
  0x000002331941fc30 WorkerThread "GC Thread#0"                     [id=21596, stack(0x000000dca6500000,0x000000dca6600000) (1024K)]
  0x000002337fcadf90 WorkerThread "GC Thread#1"                     [id=27020, stack(0x000000dca7f00000,0x000000dca8000000) (1024K)]
  0x000002337fcae340 WorkerThread "GC Thread#2"                     [id=25404, stack(0x000000dca8000000,0x000000dca8100000) (1024K)]
  0x0000023300542d60 WorkerThread "GC Thread#3"                     [id=24328, stack(0x000000dca8100000,0x000000dca8200000) (1024K)]
  0x000002337fcae6f0 WorkerThread "GC Thread#4"                     [id=6700, stack(0x000000dca8200000,0x000000dca8300000) (1024K)]
  0x000002337fcaeaa0 WorkerThread "GC Thread#5"                     [id=19544, stack(0x000000dca8300000,0x000000dca8400000) (1024K)]
  0x00000233005c4b60 WorkerThread "GC Thread#6"                     [id=26740, stack(0x000000dca8400000,0x000000dca8500000) (1024K)]
  0x00000233005c4400 WorkerThread "GC Thread#7"                     [id=27080, stack(0x000000dca8500000,0x000000dca8600000) (1024K)]
  0x00000233005c4f10 WorkerThread "GC Thread#8"                     [id=24320, stack(0x000000dca8600000,0x000000dca8700000) (1024K)]
  0x000002337fc53f80 WorkerThread "GC Thread#9"                     [id=17104, stack(0x000000dca9900000,0x000000dca9a00000) (1024K)]
  0x000002337fc54330 WorkerThread "GC Thread#10"                    [id=15656, stack(0x000000dca9a00000,0x000000dca9b00000) (1024K)]
  0x000002337fc52d10 WorkerThread "GC Thread#11"                    [id=23896, stack(0x000000dca9b00000,0x000000dca9c00000) (1024K)]
  0x000002337fc525b0 WorkerThread "GC Thread#12"                    [id=28312, stack(0x000000dca9c00000,0x000000dca9d00000) (1024K)]
  0x0000023319473010 ConcurrentGCThread "G1 Main Marker"            terminated
  0x00000233194762d0 WorkerThread "G1 Conc#0"                       [id=24024, stack(0x000000dca6700000,0x000000dca6800000) (1024K)]
  0x0000023310ef61a0 WorkerThread "G1 Conc#1"                       [id=27688, stack(0x000000dca7d00000,0x000000dca7e00000) (1024K)]
  0x0000023310ef6900 WorkerThread "G1 Conc#2"                       [id=25748, stack(0x000000dca9500000,0x000000dca9600000) (1024K)]
  0x0000023338667560 ConcurrentGCThread "G1 Refine#0"               terminated
  0x00000233386680e0 ConcurrentGCThread "G1 Service"                terminated
Total: 20

Threads with active compile tasks:
Total: 0

VM state: at safepoint (shutting down)

VM Mutex/Monitor currently owned by a thread:  ([mutex/lock_event])
[0x00007ffb236e4888] Threads_lock - owner thread: 0x00000233387a23e0
[0x00007ffb236e4988] Heap_lock - owner thread: 0x000002337f22a880

Heap address: 0x0000000705e00000, size: 4002 MB, Compressed Oops mode: Zero based, Oop shift amount: 3

CDS archive(s) mapped at: [0x000002333a000000-0x000002333ad70000-0x000002333ad70000), size 14090240, SharedBaseAddress: 0x000002333a000000, ArchiveRelocationMode: 1.
Compressed class space mapped at: 0x000002333b000000-0x000002337b000000, reserved size: 1073741824
Narrow klass base: 0x000002333a000000, Narrow klass shift: 0, Narrow klass range: 0x41000000

GC Precious Log:
 CardTable entry size: 512
 Card Set container configuration: InlinePtr #cards 4 size 8 Array Of Cards #cards 16 size 48 Howl #buckets 8 coarsen threshold 3686 Howl Bitmap #cards 512 size 80 coarsen threshold 460 Card regions per heap region 1 cards per card region 4096
 CPUs: 16 total, 16 available
 Memory: 16005M
 Large Page Support: Disabled
 NUMA Support: Disabled
 Compressed Oops: Enabled (Zero based)
 Heap Region Size: 2M
 Heap Min Capacity: 8M
 Heap Initial Capacity: 252M
 Heap Max Capacity: 4002M
 Pre-touch: Disabled
 Parallel Workers: 13
 Concurrent Workers: 3
 Concurrent Refinement Workers: 13
 Periodic GC: Disabled

Heap:
 garbage-first heap   total reserved 4098048K, committed 204800K, used 144212K [0x0000000705e00000, 0x0000000800000000)
  region size 2048K, 23 young (47104K), 2 survivors (4096K)
 Metaspace       used 29434K, committed 29888K, reserved 1114112K
  class space    used 4066K, committed 4288K, reserved 1048576K

Heap Regions: E=young(eden), S=young(survivor), O=old, HS=humongous(starts), HC=humongous(continues), CS=collection set, F=free, TAMS=top-at-mark-start, PB=parsable bottom
|   0|0x0000000705e00000, 0x0000000706000000, 0x0000000706000000|100%| O|  |TAMS 0x0000000705e00000| PB 0x0000000705e00000| Untracked |  0
|   1|0x0000000706000000, 0x0000000706200000, 0x0000000706200000|100%| O|  |TAMS 0x0000000706000000| PB 0x0000000706000000| Untracked |  0
|   2|0x0000000706200000, 0x0000000706400000, 0x0000000706400000|100%| O|  |TAMS 0x0000000706200000| PB 0x0000000706200000| Untracked |  0
|   3|0x0000000706400000, 0x0000000706600000, 0x0000000706600000|100%|HS|  |TAMS 0x0000000706400000| PB 0x0000000706400000| Complete |  0
|   4|0x0000000706600000, 0x0000000706800000, 0x0000000706800000|100%|HC|  |TAMS 0x0000000706600000| PB 0x0000000706600000| Complete |  0
|   5|0x0000000706800000, 0x0000000706a00000, 0x0000000706a00000|100%|HC|  |TAMS 0x0000000706800000| PB 0x0000000706800000| Complete |  0
|   6|0x0000000706a00000, 0x0000000706c00000, 0x0000000706c00000|100%|HC|  |TAMS 0x0000000706a00000| PB 0x0000000706a00000| Complete |  0
|   7|0x0000000706c00000, 0x0000000706e00000, 0x0000000706e00000|100%|HS|  |TAMS 0x0000000706c00000| PB 0x0000000706c00000| Complete |  0
|   8|0x0000000706e00000, 0x0000000707000000, 0x0000000707000000|100%|HC|  |TAMS 0x0000000706e00000| PB 0x0000000706e00000| Complete |  0
|   9|0x0000000707000000, 0x0000000707200000, 0x0000000707200000|100%|HS|  |TAMS 0x0000000707000000| PB 0x0000000707000000| Complete |  0
|  10|0x0000000707200000, 0x0000000707400000, 0x0000000707400000|100%|HC|  |TAMS 0x0000000707200000| PB 0x0000000707200000| Complete |  0
|  11|0x0000000707400000, 0x0000000707600000, 0x0000000707600000|100%|HS|  |TAMS 0x0000000707400000| PB 0x0000000707400000| Complete |  0
|  12|0x0000000707600000, 0x0000000707800000, 0x0000000707800000|100%|HS|  |TAMS 0x0000000707600000| PB 0x0000000707600000| Complete |  0
|  13|0x0000000707800000, 0x0000000707a00000, 0x0000000707a00000|100%|HC|  |TAMS 0x0000000707800000| PB 0x0000000707800000| Complete |  0
|  14|0x0000000707a00000, 0x0000000707c00000, 0x0000000707c00000|100%|HS|  |TAMS 0x0000000707a00000| PB 0x0000000707a00000| Complete |  0
|  15|0x0000000707c00000, 0x0000000707e00000, 0x0000000707e00000|100%|HS|  |TAMS 0x0000000707c00000| PB 0x0000000707c00000| Complete |  0
|  16|0x0000000707e00000, 0x0000000708000000, 0x0000000708000000|100%|HS|  |TAMS 0x0000000707e00000| PB 0x0000000707e00000| Complete |  0
|  17|0x0000000708000000, 0x0000000708000000, 0x0000000708200000|  0%| F|  |TAMS 0x0000000708000000| PB 0x0000000708000000| Untracked |  0
|  18|0x0000000708200000, 0x0000000708400000, 0x0000000708400000|100%| O|  |TAMS 0x0000000708200000| PB 0x0000000708200000| Untracked |  0
|  19|0x0000000708400000, 0x0000000708600000, 0x0000000708600000|100%| O|  |TAMS 0x0000000708400000| PB 0x0000000708400000| Untracked |  0
|  20|0x0000000708600000, 0x0000000708800000, 0x0000000708800000|100%| O|  |TAMS 0x0000000708600000| PB 0x0000000708600000| Untracked |  0
|  21|0x0000000708800000, 0x0000000708800000, 0x0000000708a00000|  0%| F|  |TAMS 0x0000000708800000| PB 0x0000000708800000| Untracked |  0
|  22|0x0000000708a00000, 0x0000000708bf4d60, 0x0000000708c00000| 97%| O|  |TAMS 0x0000000708a00000| PB 0x0000000708a00000| Untracked |  0
|  23|0x0000000708c00000, 0x0000000708e00000, 0x0000000708e00000|100%|HS|  |TAMS 0x0000000708c00000| PB 0x0000000708c00000| Complete |  0
|  24|0x0000000708e00000, 0x0000000709000000, 0x0000000709000000|100%|HC|  |TAMS 0x0000000708e00000| PB 0x0000000708e00000| Complete |  0
|  25|0x0000000709000000, 0x0000000709200000, 0x0000000709200000|100%|HS|  |TAMS 0x0000000709000000| PB 0x0000000709000000| Complete |  0
|  26|0x0000000709200000, 0x0000000709400000, 0x0000000709400000|100%|HC|  |TAMS 0x0000000709200000| PB 0x0000000709200000| Complete |  0
|  27|0x0000000709400000, 0x0000000709600000, 0x0000000709600000|100%|HS|  |TAMS 0x0000000709400000| PB 0x0000000709400000| Complete |  0
|  28|0x0000000709600000, 0x0000000709800000, 0x0000000709800000|100%|HS|  |TAMS 0x0000000709600000| PB 0x0000000709600000| Complete |  0
|  29|0x0000000709800000, 0x0000000709a00000, 0x0000000709a00000|100%|HC|  |TAMS 0x0000000709800000| PB 0x0000000709800000| Complete |  0
|  30|0x0000000709a00000, 0x0000000709c00000, 0x0000000709c00000|100%|HS|  |TAMS 0x0000000709a00000| PB 0x0000000709a00000| Complete |  0
|  31|0x0000000709c00000, 0x0000000709e00000, 0x0000000709e00000|100%|HC|  |TAMS 0x0000000709c00000| PB 0x0000000709c00000| Complete |  0
|  32|0x0000000709e00000, 0x000000070a000000, 0x000000070a000000|100%|HS|  |TAMS 0x0000000709e00000| PB 0x0000000709e00000| Complete |  0
|  33|0x000000070a000000, 0x000000070a000000, 0x000000070a200000|  0%| F|  |TAMS 0x000000070a000000| PB 0x000000070a000000| Untracked |  0
|  34|0x000000070a200000, 0x000000070a400000, 0x000000070a400000|100%|HS|  |TAMS 0x000000070a200000| PB 0x000000070a200000| Complete |  0
|  35|0x000000070a400000, 0x000000070a600000, 0x000000070a600000|100%|HC|  |TAMS 0x000000070a400000| PB 0x000000070a400000| Complete |  0
|  36|0x000000070a600000, 0x000000070a800000, 0x000000070a800000|100%|HS|  |TAMS 0x000000070a600000| PB 0x000000070a600000| Complete |  0
|  37|0x000000070a800000, 0x000000070aa00000, 0x000000070aa00000|100%|HC|  |TAMS 0x000000070a800000| PB 0x000000070a800000| Complete |  0
|  38|0x000000070aa00000, 0x000000070ac00000, 0x000000070ac00000|100%|HS|  |TAMS 0x000000070aa00000| PB 0x000000070aa00000| Complete |  0
|  39|0x000000070ac00000, 0x000000070ae00000, 0x000000070ae00000|100%|HS|  |TAMS 0x000000070ac00000| PB 0x000000070ac00000| Complete |  0
|  40|0x000000070ae00000, 0x000000070b000000, 0x000000070b000000|100%|HC|  |TAMS 0x000000070ae00000| PB 0x000000070ae00000| Complete |  0
|  41|0x000000070b000000, 0x000000070b000000, 0x000000070b200000|  0%| F|  |TAMS 0x000000070b000000| PB 0x000000070b000000| Untracked |  0
|  42|0x000000070b200000, 0x000000070b400000, 0x000000070b400000|100%|HS|  |TAMS 0x000000070b200000| PB 0x000000070b200000| Complete |  0
|  43|0x000000070b400000, 0x000000070b600000, 0x000000070b600000|100%|HS|  |TAMS 0x000000070b400000| PB 0x000000070b400000| Complete |  0
|  44|0x000000070b600000, 0x000000070b800000, 0x000000070b800000|100%|HC|  |TAMS 0x000000070b600000| PB 0x000000070b600000| Complete |  0
|  45|0x000000070b800000, 0x000000070ba00000, 0x000000070ba00000|100%|HS|  |TAMS 0x000000070b800000| PB 0x000000070b800000| Complete |  0
|  46|0x000000070ba00000, 0x000000070bc00000, 0x000000070bc00000|100%|HC|  |TAMS 0x000000070ba00000| PB 0x000000070ba00000| Complete |  0
|  47|0x000000070bc00000, 0x000000070be00000, 0x000000070be00000|100%|HS|  |TAMS 0x000000070bc00000| PB 0x000000070bc00000| Complete |  0
|  48|0x000000070be00000, 0x000000070c000000, 0x000000070c000000|100%|HC|  |TAMS 0x000000070be00000| PB 0x000000070be00000| Complete |  0
|  49|0x000000070c000000, 0x000000070c200000, 0x000000070c200000|100%|HS|  |TAMS 0x000000070c000000| PB 0x000000070c000000| Complete |  0
|  50|0x000000070c200000, 0x000000070c400000, 0x000000070c400000|100%|HC|  |TAMS 0x000000070c200000| PB 0x000000070c200000| Complete |  0
|  51|0x000000070c400000, 0x000000070c400000, 0x000000070c600000|  0%| F|  |TAMS 0x000000070c400000| PB 0x000000070c400000| Untracked |  0
|  52|0x000000070c600000, 0x000000070c600000, 0x000000070c800000|  0%| F|  |TAMS 0x000000070c600000| PB 0x000000070c600000| Untracked |  0
|  53|0x000000070c800000, 0x000000070c800000, 0x000000070ca00000|  0%| F|  |TAMS 0x000000070c800000| PB 0x000000070c800000| Untracked |  0
|  54|0x000000070ca00000, 0x000000070ca00000, 0x000000070cc00000|  0%| F|  |TAMS 0x000000070ca00000| PB 0x000000070ca00000| Untracked |  0
|  55|0x000000070cc00000, 0x000000070cc00000, 0x000000070ce00000|  0%| F|  |TAMS 0x000000070cc00000| PB 0x000000070cc00000| Untracked |  0
|  56|0x000000070ce00000, 0x000000070ce00000, 0x000000070d000000|  0%| F|  |TAMS 0x000000070ce00000| PB 0x000000070ce00000| Untracked |  0
|  57|0x000000070d000000, 0x000000070d000000, 0x000000070d200000|  0%| F|  |TAMS 0x000000070d000000| PB 0x000000070d000000| Untracked |  0
|  58|0x000000070d200000, 0x000000070d200000, 0x000000070d400000|  0%| F|  |TAMS 0x000000070d200000| PB 0x000000070d200000| Untracked |  0
|  59|0x000000070d400000, 0x000000070d400000, 0x000000070d600000|  0%| F|  |TAMS 0x000000070d400000| PB 0x000000070d400000| Untracked |  0
|  60|0x000000070d600000, 0x000000070d600000, 0x000000070d800000|  0%| F|  |TAMS 0x000000070d600000| PB 0x000000070d600000| Untracked |  0
|  61|0x000000070d800000, 0x000000070d800000, 0x000000070da00000|  0%| F|  |TAMS 0x000000070d800000| PB 0x000000070d800000| Untracked |  0
|  62|0x000000070da00000, 0x000000070da00000, 0x000000070dc00000|  0%| F|  |TAMS 0x000000070da00000| PB 0x000000070da00000| Untracked |  0
|  63|0x000000070dc00000, 0x000000070dc00000, 0x000000070de00000|  0%| F|  |TAMS 0x000000070dc00000| PB 0x000000070dc00000| Untracked |  0
|  64|0x000000070de00000, 0x000000070de00000, 0x000000070e000000|  0%| F|  |TAMS 0x000000070de00000| PB 0x000000070de00000| Untracked |  0
|  65|0x000000070e000000, 0x000000070e000000, 0x000000070e200000|  0%| F|  |TAMS 0x000000070e000000| PB 0x000000070e000000| Untracked |  0
|  66|0x000000070e200000, 0x000000070e200000, 0x000000070e400000|  0%| F|  |TAMS 0x000000070e200000| PB 0x000000070e200000| Untracked |  0
|  67|0x000000070e400000, 0x000000070e400000, 0x000000070e600000|  0%| F|  |TAMS 0x000000070e400000| PB 0x000000070e400000| Untracked |  0
|  68|0x000000070e600000, 0x000000070e600000, 0x000000070e800000|  0%| F|  |TAMS 0x000000070e600000| PB 0x000000070e600000| Untracked |  0
|  69|0x000000070e800000, 0x000000070e800000, 0x000000070ea00000|  0%| F|  |TAMS 0x000000070e800000| PB 0x000000070e800000| Untracked |  0
|  70|0x000000070ea00000, 0x000000070ea00000, 0x000000070ec00000|  0%| F|  |TAMS 0x000000070ea00000| PB 0x000000070ea00000| Untracked |  0
|  71|0x000000070ec00000, 0x000000070ec00000, 0x000000070ee00000|  0%| F|  |TAMS 0x000000070ec00000| PB 0x000000070ec00000| Untracked |  0
|  72|0x000000070ee00000, 0x000000070ee00000, 0x000000070f000000|  0%| F|  |TAMS 0x000000070ee00000| PB 0x000000070ee00000| Untracked |  0
|  73|0x000000070f000000, 0x000000070f000000, 0x000000070f200000|  0%| F|  |TAMS 0x000000070f000000| PB 0x000000070f000000| Untracked |  0
|  74|0x000000070f200000, 0x000000070f200000, 0x000000070f400000|  0%| F|  |TAMS 0x000000070f200000| PB 0x000000070f200000| Untracked |  0
|  75|0x000000070f400000, 0x000000070f57ae78, 0x000000070f600000| 74%| E|  |TAMS 0x000000070f400000| PB 0x000000070f400000| Complete |  0
|  76|0x000000070f600000, 0x000000070f800000, 0x000000070f800000|100%| E|CS|TAMS 0x000000070f600000| PB 0x000000070f600000| Complete |  0
|  77|0x000000070f800000, 0x000000070fa00000, 0x000000070fa00000|100%| E|CS|TAMS 0x000000070f800000| PB 0x000000070f800000| Complete |  0
|  78|0x000000070fa00000, 0x000000070fc00000, 0x000000070fc00000|100%| E|CS|TAMS 0x000000070fa00000| PB 0x000000070fa00000| Complete |  0
|  79|0x000000070fc00000, 0x000000070fe00000, 0x000000070fe00000|100%| E|CS|TAMS 0x000000070fc00000| PB 0x000000070fc00000| Complete |  0
|  80|0x000000070fe00000, 0x0000000710000000, 0x0000000710000000|100%| E|CS|TAMS 0x000000070fe00000| PB 0x000000070fe00000| Complete |  0
|  81|0x0000000710000000, 0x0000000710200000, 0x0000000710200000|100%| E|CS|TAMS 0x0000000710000000| PB 0x0000000710000000| Complete |  0
|  82|0x0000000710200000, 0x0000000710400000, 0x0000000710400000|100%| E|CS|TAMS 0x0000000710200000| PB 0x0000000710200000| Complete |  0
|  83|0x0000000710400000, 0x0000000710600000, 0x0000000710600000|100%| E|CS|TAMS 0x0000000710400000| PB 0x0000000710400000| Complete |  0
|  84|0x0000000710600000, 0x0000000710800000, 0x0000000710800000|100%| E|CS|TAMS 0x0000000710600000| PB 0x0000000710600000| Complete |  0
|  85|0x0000000710800000, 0x0000000710a00000, 0x0000000710a00000|100%| E|CS|TAMS 0x0000000710800000| PB 0x0000000710800000| Complete |  0
|  86|0x0000000710a00000, 0x0000000710c00000, 0x0000000710c00000|100%| E|CS|TAMS 0x0000000710a00000| PB 0x0000000710a00000| Complete |  0
|  87|0x0000000710c00000, 0x0000000710e00000, 0x0000000710e00000|100%| E|CS|TAMS 0x0000000710c00000| PB 0x0000000710c00000| Complete |  0
|  88|0x0000000710e00000, 0x0000000711000000, 0x0000000711000000|100%| E|CS|TAMS 0x0000000710e00000| PB 0x0000000710e00000| Complete |  0
|  89|0x0000000711000000, 0x0000000711200000, 0x0000000711200000|100%| E|CS|TAMS 0x0000000711000000| PB 0x0000000711000000| Complete |  0
|  90|0x0000000711200000, 0x0000000711400000, 0x0000000711400000|100%| E|CS|TAMS 0x0000000711200000| PB 0x0000000711200000| Complete |  0
|  91|0x0000000711400000, 0x0000000711600000, 0x0000000711600000|100%| E|CS|TAMS 0x0000000711400000| PB 0x0000000711400000| Complete |  0
|  92|0x0000000711600000, 0x0000000711800000, 0x0000000711800000|100%| E|CS|TAMS 0x0000000711600000| PB 0x0000000711600000| Complete |  0
|  94|0x0000000711a00000, 0x0000000711ae0460, 0x0000000711c00000| 43%| S|CS|TAMS 0x0000000711a00000| PB 0x0000000711a00000| Complete |  0
|  95|0x0000000711c00000, 0x0000000711e00000, 0x0000000711e00000|100%| S|CS|TAMS 0x0000000711c00000| PB 0x0000000711c00000| Complete |  0
|  96|0x0000000711e00000, 0x0000000712000000, 0x0000000712000000|100%| E|CS|TAMS 0x0000000711e00000| PB 0x0000000711e00000| Complete |  0
|  97|0x0000000712000000, 0x0000000712200000, 0x0000000712200000|100%| E|CS|TAMS 0x0000000712000000| PB 0x0000000712000000| Complete |  0
| 125|0x0000000715800000, 0x0000000715a00000, 0x0000000715a00000|100%| E|CS|TAMS 0x0000000715800000| PB 0x0000000715800000| Complete |  0
|1999|0x00000007ffc00000, 0x00000007ffe00000, 0x00000007ffe00000|100%| O|  |TAMS 0x00000007ffc00000| PB 0x00000007ffc00000| Untracked |  0
|2000|0x00000007ffe00000, 0x0000000800000000, 0x0000000800000000|100%| O|  |TAMS 0x00000007ffe00000| PB 0x00000007ffe00000| Untracked |  0

Card table byte_map: [0x0000023331c70000,0x0000023332450000] _byte_map_base: 0x000002332e441000

Marking Bits: (CMBitMap*) 0x0000023319421350
 Bits: [0x0000023332450000, 0x00000233362d8000)

Polling page: 0x00000233172c0000

Metaspace:

Usage:
  Non-class:     24.77 MB used.
      Class:      3.97 MB used.
       Both:     28.74 MB used.

Virtual space:
  Non-class space:       64.00 MB reserved,      25.00 MB ( 39%) committed,  1 nodes.
      Class space:        1.00 GB reserved,       4.19 MB ( <1%) committed,  1 nodes.
             Both:        1.06 GB reserved,      29.19 MB (  3%) committed. 

Chunk freelists:
   Non-Class:  6.13 MB
       Class:  11.82 MB
        Both:  17.95 MB

MaxMetaspaceSize: unlimited
CompressedClassSpaceSize: 1.00 GB
Initial GC threshold: 21.00 MB
Current GC threshold: 47.81 MB
CDS: on
 - commit_granule_bytes: 65536.
 - commit_granule_words: 8192.
 - virtual_space_node_default_size: 8388608.
 - enlarge_chunks_in_place: 1.
 - use_allocation_guard: 0.


Internal statistics:

num_allocs_failed_limit: 3.
num_arena_births: 606.
num_arena_deaths: 0.
num_vsnodes_births: 2.
num_vsnodes_deaths: 0.
num_space_committed: 467.
num_space_uncommitted: 0.
num_chunks_returned_to_freelist: 3.
num_chunks_taken_from_freelist: 1453.
num_chunk_merges: 3.
num_chunk_splits: 980.
num_chunks_enlarged: 687.
num_inconsistent_stats: 0.

CodeHeap 'non-profiled nmethods': size=119232Kb used=3299Kb max_used=3299Kb free=115932Kb
 bounds [0x0000023329690000, 0x00000233299d0000, 0x0000023330b00000]
CodeHeap 'profiled nmethods': size=119104Kb used=11278Kb max_used=11278Kb free=107825Kb
 bounds [0x0000023321b00000, 0x0000023322610000, 0x0000023328f50000]
CodeHeap 'non-nmethods': size=7424Kb used=1889Kb max_used=3636Kb free=5534Kb
 bounds [0x0000023328f50000, 0x00000233292f0000, 0x0000023329690000]
CodeCache: size=245760Kb, used=16466Kb, max_used=18213Kb, free=229291Kb
 total_blobs=7931, nmethods=7022, adapters=813, full_count=0
Compilation: enabled, stopped_count=0, restarted_count=0

Compilation events (20 events):
Event: 43.423 Thread 0x000002333939cf90 7951       3       sun.rmi.transport.tcp.TCPConnection::releaseOutputStream (15 bytes)
Event: 43.423 Thread 0x000002333939cf90 nmethod 7951 0x00000233225ffa08 code [0x00000233225ffb40, 0x00000233225ffd48]
Event: 43.424 Thread 0x000002333939cf90 7952       1       com.sun.jmx.mbeanserver.MXBeanSupport::getCookie (5 bytes)
Event: 43.424 Thread 0x000002333939cf90 nmethod 7952 0x00000233299c8788 code [0x00000233299c88a0, 0x00000233299c8970]
Event: 43.424 Thread 0x000002333939cf90 7953       3       com.sun.jmx.mbeanserver.MXBeanLookup::setLookup (8 bytes)
Event: 43.424 Thread 0x000002333939cf90 nmethod 7953 0x00000233225ffd88 code [0x00000233225ffee0, 0x0000023322600390]
Event: 43.424 Thread 0x000002333939cf90 7954       3       sun.nio.ch.NioSocketImpl::park (95 bytes)
Event: 43.424 Thread 0x000002333939cf90 nmethod 7954 0x0000023322600408 code [0x00000233226005c0, 0x0000023322600d00]
Event: 43.424 Thread 0x000002333939cf90 7955       3       java.util.TreeMap::writeObject (65 bytes)
Event: 43.425 Thread 0x000002333939cf90 nmethod 7955 0x0000023322600d88 code [0x0000023322600f60, 0x00000233226018a0]
Event: 43.425 Thread 0x000002333939cf90 7956       3       java.io.ObjectOutputStream::defaultWriteObject (54 bytes)
Event: 43.425 Thread 0x000002333939cf90 nmethod 7956 0x0000023322601908 code [0x0000023322601ac0, 0x0000023322602120]
Event: 47.489 Thread 0x000002333939cf90 7957       3       javax.management.ObjectName::isPropertyListPattern (17 bytes)
Event: 47.489 Thread 0x000002333939cf90 nmethod 7957 0x0000023322602188 code [0x00000233226022a0, 0x0000023322602400]
Event: 48.514 Thread 0x000002333939cf90 7958       3       java.io.ObjectInputStream$BlockDataInputStream::readInt (73 bytes)
Event: 48.515 Thread 0x000002333939cf90 nmethod 7958 0x0000023322602488 code [0x0000023322602680, 0x00000233226031c0]
Event: 48.515 Thread 0x000002333939cf90 7959       3       java.io.ObjectInputStream::readShort (8 bytes)
Event: 48.515 Thread 0x000002333939cf90 nmethod 7959 0x0000023322603288 code [0x00000233226033a0, 0x00000233226034f8]
Event: 48.539 Thread 0x000002333939cf90 7960       3       java.io.ObjectInputStream::readInt (8 bytes)
Event: 48.539 Thread 0x000002333939cf90 nmethod 7960 0x0000023322603588 code [0x00000233226036a0, 0x00000233226037f0]

GC Heap History (20 events):
Event: 12.555 GC heap before
{Heap before GC invocations=10 (full 0):
 garbage-first heap   total reserved 4098048K, committed 106496K, used 101121K [0x0000000705e00000, 0x0000000800000000)
  region size 2048K, 6 young (12288K), 1 survivors (2048K)
 Metaspace       used 28576K, committed 29056K, reserved 1114112K
  class space    used 4006K, committed 4224K, reserved 1048576K
}
Event: 12.556 GC heap after
{Heap after GC invocations=11 (full 0):
 garbage-first heap   total reserved 4098048K, committed 108544K, used 68793K [0x0000000705e00000, 0x0000000800000000)
  region size 2048K, 1 young (2048K), 1 survivors (2048K)
 Metaspace       used 28576K, committed 29056K, reserved 1114112K
  class space    used 4006K, committed 4224K, reserved 1048576K
}
Event: 12.560 GC heap before
{Heap before GC invocations=11 (full 0):
 garbage-first heap   total reserved 4098048K, committed 108544K, used 68793K [0x0000000705e00000, 0x0000000800000000)
  region size 2048K, 2 young (4096K), 1 survivors (2048K)
 Metaspace       used 28576K, committed 29056K, reserved 1114112K
  class space    used 4006K, committed 4224K, reserved 1048576K
}
Event: 12.561 GC heap after
{Heap after GC invocations=12 (full 0):
 garbage-first heap   total reserved 4098048K, committed 108544K, used 69182K [0x0000000705e00000, 0x0000000800000000)
  region size 2048K, 1 young (2048K), 1 survivors (2048K)
 Metaspace       used 28576K, committed 29056K, reserved 1114112K
  class space    used 4006K, committed 4224K, reserved 1048576K
}
Event: 12.574 GC heap before
{Heap before GC invocations=13 (full 0):
 garbage-first heap   total reserved 4098048K, committed 120832K, used 71230K [0x0000000705e00000, 0x0000000800000000)
  region size 2048K, 2 young (4096K), 1 survivors (2048K)
 Metaspace       used 28593K, committed 29120K, reserved 1114112K
  class space    used 4006K, committed 4224K, reserved 1048576K
}
Event: 12.576 GC heap after
{Heap after GC invocations=14 (full 0):
 garbage-first heap   total reserved 4098048K, committed 120832K, used 68640K [0x0000000705e00000, 0x0000000800000000)
  region size 2048K, 1 young (2048K), 1 survivors (2048K)
 Metaspace       used 28593K, committed 29120K, reserved 1114112K
  class space    used 4006K, committed 4224K, reserved 1048576K
}
Event: 12.595 GC heap before
{Heap before GC invocations=15 (full 0):
 garbage-first heap   total reserved 4098048K, committed 122880K, used 74784K [0x0000000705e00000, 0x0000000800000000)
  region size 2048K, 2 young (4096K), 1 survivors (2048K)
 Metaspace       used 28598K, committed 29120K, reserved 1114112K
  class space    used 4006K, committed 4224K, reserved 1048576K
}
Event: 12.596 GC heap after
{Heap after GC invocations=16 (full 0):
 garbage-first heap   total reserved 4098048K, committed 122880K, used 70802K [0x0000000705e00000, 0x0000000800000000)
  region size 2048K, 1 young (2048K), 1 survivors (2048K)
 Metaspace       used 28598K, committed 29120K, reserved 1114112K
  class space    used 4006K, committed 4224K, reserved 1048576K
}
Event: 12.617 GC heap before
{Heap before GC invocations=17 (full 0):
 garbage-first heap   total reserved 4098048K, committed 126976K, used 76946K [0x0000000705e00000, 0x0000000800000000)
  region size 2048K, 2 young (4096K), 1 survivors (2048K)
 Metaspace       used 28608K, committed 29120K, reserved 1114112K
  class space    used 4006K, committed 4224K, reserved 1048576K
}
Event: 12.619 GC heap after
{Heap after GC invocations=18 (full 0):
 garbage-first heap   total reserved 4098048K, committed 204800K, used 74967K [0x0000000705e00000, 0x0000000800000000)
  region size 2048K, 1 young (2048K), 1 survivors (2048K)
 Metaspace       used 28608K, committed 29120K, reserved 1114112K
  class space    used 4006K, committed 4224K, reserved 1048576K
}
Event: 12.672 GC heap before
{Heap before GC invocations=18 (full 0):
 garbage-first heap   total reserved 4098048K, committed 204800K, used 95447K [0x0000000705e00000, 0x0000000800000000)
  region size 2048K, 4 young (8192K), 1 survivors (2048K)
 Metaspace       used 28620K, committed 29120K, reserved 1114112K
  class space    used 4007K, committed 4224K, reserved 1048576K
}
Event: 12.674 GC heap after
{Heap after GC invocations=19 (full 0):
 garbage-first heap   total reserved 4098048K, committed 204800K, used 87417K [0x0000000705e00000, 0x0000000800000000)
  region size 2048K, 1 young (2048K), 1 survivors (2048K)
 Metaspace       used 28620K, committed 29120K, reserved 1114112K
  class space    used 4007K, committed 4224K, reserved 1048576K
}
Event: 12.730 GC heap before
{Heap before GC invocations=19 (full 0):
 garbage-first heap   total reserved 4098048K, committed 204800K, used 97657K [0x0000000705e00000, 0x0000000800000000)
  region size 2048K, 4 young (8192K), 1 survivors (2048K)
 Metaspace       used 28746K, committed 29248K, reserved 1114112K
  class space    used 4012K, committed 4224K, reserved 1048576K
}
Event: 12.731 GC heap after
{Heap after GC invocations=20 (full 0):
 garbage-first heap   total reserved 4098048K, committed 204800K, used 92664K [0x0000000705e00000, 0x0000000800000000)
  region size 2048K, 2 young (4096K), 2 survivors (4096K)
 Metaspace       used 28746K, committed 29248K, reserved 1114112K
  class space    used 4012K, committed 4224K, reserved 1048576K
}
Event: 13.296 GC heap before
{Heap before GC invocations=20 (full 0):
 garbage-first heap   total reserved 4098048K, committed 204800K, used 98808K [0x0000000705e00000, 0x0000000800000000)
  region size 2048K, 5 young (10240K), 2 survivors (4096K)
 Metaspace       used 28858K, committed 29376K, reserved 1114112K
  class space    used 4015K, committed 4224K, reserved 1048576K
}
Event: 13.297 GC heap after
{Heap after GC invocations=21 (full 0):
 garbage-first heap   total reserved 4098048K, committed 204800K, used 95024K [0x0000000705e00000, 0x0000000800000000)
  region size 2048K, 2 young (4096K), 2 survivors (4096K)
 Metaspace       used 28858K, committed 29376K, reserved 1114112K
  class space    used 4015K, committed 4224K, reserved 1048576K
}
Event: 13.305 GC heap before
{Heap before GC invocations=21 (full 0):
 garbage-first heap   total reserved 4098048K, committed 204800K, used 99120K [0x0000000705e00000, 0x0000000800000000)
  region size 2048K, 3 young (6144K), 2 survivors (4096K)
 Metaspace       used 28858K, committed 29376K, reserved 1114112K
  class space    used 4015K, committed 4224K, reserved 1048576K
}
Event: 13.306 GC heap after
{Heap after GC invocations=22 (full 0):
 garbage-first heap   total reserved 4098048K, committed 204800K, used 99380K [0x0000000705e00000, 0x0000000800000000)
  region size 2048K, 2 young (4096K), 2 survivors (4096K)
 Metaspace       used 28858K, committed 29376K, reserved 1114112K
  class space    used 4015K, committed 4224K, reserved 1048576K
}
Event: 13.322 GC heap before
{Heap before GC invocations=23 (full 0):
 garbage-first heap   total reserved 4098048K, committed 204800K, used 99380K [0x0000000705e00000, 0x0000000800000000)
  region size 2048K, 3 young (6144K), 2 survivors (4096K)
 Metaspace       used 28859K, committed 29376K, reserved 1114112K
  class space    used 4015K, committed 4224K, reserved 1048576K
}
Event: 13.324 GC heap after
{Heap after GC invocations=24 (full 0):
 garbage-first heap   total reserved 4098048K, committed 204800K, used 97108K [0x0000000705e00000, 0x0000000800000000)
  region size 2048K, 2 young (4096K), 2 survivors (4096K)
 Metaspace       used 28859K, committed 29376K, reserved 1114112K
  class space    used 4015K, committed 4224K, reserved 1048576K
}

Dll operation events (20 events):
Event: 0.214 Loaded shared library C:\javafx-sdk-24.0.1\bin\api-ms-win-crt-heap-l1-1-0.dll
Event: 0.215 Loaded shared library C:\javafx-sdk-24.0.1\bin\api-ms-win-crt-locale-l1-1-0.dll
Event: 0.215 Loaded shared library C:\javafx-sdk-24.0.1\bin\api-ms-win-crt-math-l1-1-0.dll
Event: 0.216 Loaded shared library C:\javafx-sdk-24.0.1\bin\api-ms-win-crt-multibyte-l1-1-0.dll
Event: 0.216 Loaded shared library C:\javafx-sdk-24.0.1\bin\api-ms-win-crt-private-l1-1-0.dll
Event: 0.217 Loaded shared library C:\javafx-sdk-24.0.1\bin\api-ms-win-crt-process-l1-1-0.dll
Event: 0.217 Loaded shared library C:\javafx-sdk-24.0.1\bin\api-ms-win-crt-runtime-l1-1-0.dll
Event: 0.218 Loaded shared library C:\javafx-sdk-24.0.1\bin\api-ms-win-crt-stdio-l1-1-0.dll
Event: 0.219 Loaded shared library C:\javafx-sdk-24.0.1\bin\api-ms-win-crt-string-l1-1-0.dll
Event: 0.219 Loaded shared library C:\javafx-sdk-24.0.1\bin\api-ms-win-crt-time-l1-1-0.dll
Event: 0.220 Loaded shared library C:\javafx-sdk-24.0.1\bin\api-ms-win-crt-utility-l1-1-0.dll
Event: 0.221 Loaded shared library C:\javafx-sdk-24.0.1\bin\ucrtbase.dll
Event: 0.222 Loaded shared library C:\javafx-sdk-24.0.1\bin\vcruntime140.dll
Event: 0.222 Loaded shared library C:\javafx-sdk-24.0.1\bin\vcruntime140_1.dll
Event: 0.223 Loaded shared library C:\javafx-sdk-24.0.1\bin\msvcp140.dll
Event: 0.224 Loaded shared library C:\javafx-sdk-24.0.1\bin\msvcp140_1.dll
Event: 0.225 Loaded shared library C:\javafx-sdk-24.0.1\bin\msvcp140_2.dll
Event: 0.248 Loaded shared library C:\javafx-sdk-24.0.1\bin\prism_d3d.dll
Event: 0.416 Loaded shared library C:\javafx-sdk-24.0.1\bin\glass.dll
Event: 1.016 Loaded shared library C:\javafx-sdk-24.0.1\bin\javafx_font.dll

Deoptimization events (20 events):
Event: 15.766 Thread 0x00000233393856f0 DEOPT PACKING pc=0x000002332997c834 sp=0x000000dca7efdcc0
Event: 15.766 Thread 0x00000233393856f0 DEOPT UNPACKING pc=0x0000023328fa4402 sp=0x000000dca7efdbc8 mode 2
Event: 15.828 Thread 0x00000233393856f0 Uncommon trap: trap_request=0xffffff45 fr.pc=0x000002332996ffc0 relative=0x0000000000000180
Event: 15.828 Thread 0x00000233393856f0 Uncommon trap: reason=unstable_if action=reinterpret pc=0x000002332996ffc0 method=com.sun.marlin.TransformingPathConsumer2D$PathClipFilter._closePath()V @ 80 c2
Event: 15.828 Thread 0x00000233393856f0 DEOPT PACKING pc=0x000002332996ffc0 sp=0x000000dca7efdc10
Event: 15.828 Thread 0x00000233393856f0 DEOPT UNPACKING pc=0x0000023328fa4402 sp=0x000000dca7efdba8 mode 2
Event: 17.322 Thread 0x0000023339ea0730 Uncommon trap: trap_request=0xffffff76 fr.pc=0x00000233298a19cc relative=0x000000000000046c
Event: 17.322 Thread 0x0000023339ea0730 Uncommon trap: reason=predicate action=maybe_recompile pc=0x00000233298a19cc method=java.util.ArrayList.remove(Ljava/lang/Object;)Z @ 42 c2
Event: 17.322 Thread 0x0000023339ea0730 DEOPT PACKING pc=0x00000233298a19cc sp=0x000000dca8dfa140
Event: 17.322 Thread 0x0000023339ea0730 DEOPT UNPACKING pc=0x0000023328fa4402 sp=0x000000dca8dfa110 mode 2
Event: 17.324 Thread 0x0000023339ea0730 DEOPT PACKING pc=0x000002332250ca41 sp=0x000000dca8df8ee0
Event: 17.324 Thread 0x0000023339ea0730 DEOPT UNPACKING pc=0x0000023328fa4b22 sp=0x000000dca8df8368 mode 0
Event: 17.342 Thread 0x0000023339ea0730 Uncommon trap: trap_request=0xffffff45 fr.pc=0x0000023329963d8c relative=0x000000000000016c
Event: 17.342 Thread 0x0000023339ea0730 Uncommon trap: reason=unstable_if action=reinterpret pc=0x0000023329963d8c method=com.sun.javafx.geom.RectBounds.unionWith(Lcom/sun/javafx/geom/RectBounds;)V @ 4 c2
Event: 17.342 Thread 0x0000023339ea0730 DEOPT PACKING pc=0x0000023329963d8c sp=0x000000dca8df93f0
Event: 17.342 Thread 0x0000023339ea0730 DEOPT UNPACKING pc=0x0000023328fa4402 sp=0x000000dca8df9320 mode 2
Event: 17.342 Thread 0x0000023339ea0730 Uncommon trap: trap_request=0xffffff45 fr.pc=0x000002332995d354 relative=0x0000000000000134
Event: 17.342 Thread 0x0000023339ea0730 Uncommon trap: reason=unstable_if action=reinterpret pc=0x000002332995d354 method=com.sun.javafx.geom.RectBounds.unionWith(Lcom/sun/javafx/geom/RectBounds;)V @ 4 c2
Event: 17.342 Thread 0x0000023339ea0730 DEOPT PACKING pc=0x000002332995d354 sp=0x000000dca8df91f0
Event: 17.342 Thread 0x0000023339ea0730 DEOPT UNPACKING pc=0x0000023328fa4402 sp=0x000000dca8df9190 mode 2

Classes loaded (20 events):
Event: 12.287 Loading class java/util/regex/Pattern$BnM
Event: 12.287 Loading class java/util/regex/Pattern$BnM done
Event: 12.690 Loading class jdk/internal/icu/impl/UCharacterProperty
Event: 12.691 Loading class jdk/internal/icu/impl/UCharacterProperty done
Event: 12.691 Loading class jdk/internal/icu/impl/UCharacterProperty$1
Event: 12.691 Loading class jdk/internal/icu/impl/UCharacterProperty$BiDiIntProperty
Event: 12.691 Loading class jdk/internal/icu/impl/UCharacterProperty$IntProperty
Event: 12.691 Loading class jdk/internal/icu/impl/UCharacterProperty$IntProperty done
Event: 12.691 Loading class jdk/internal/icu/impl/UCharacterProperty$BiDiIntProperty done
Event: 12.691 Loading class jdk/internal/icu/impl/UCharacterProperty$1 done
Event: 12.691 Loading class jdk/internal/icu/impl/UCharacterProperty$IsAcceptable
Event: 12.691 Loading class jdk/internal/icu/impl/UCharacterProperty$IsAcceptable done
Event: 12.691 Loading class jdk/internal/icu/util/VersionInfo
Event: 12.691 Loading class jdk/internal/icu/util/VersionInfo done
Event: 12.698 Loading class java/lang/CharacterData01
Event: 12.698 Loading class java/lang/CharacterData01 done
Event: 17.333 Loading class sun/reflect/generics/repository/FieldRepository
Event: 17.333 Loading class sun/reflect/generics/repository/FieldRepository done
Event: 48.855 Loading class jdk/internal/misc/Signal$1
Event: 48.855 Loading class jdk/internal/misc/Signal$1 done

Classes unloaded (0 events):
No events

Classes redefined (0 events):
No events

Internal exceptions (20 events):
Event: 12.306 Thread 0x0000023339ea0730 Exception <a 'java/io/FileNotFoundException'{0x00000007121da918}> (0x00000007121da918) 
thrown [s\open\src\hotspot\share\prims\jni.cpp, line 520]
Event: 12.345 Thread 0x0000023339ea0730 Exception <a 'java/io/FileNotFoundException'{0x0000000715813ef8}> (0x0000000715813ef8) 
thrown [s\open\src\hotspot\share\prims\jni.cpp, line 520]
Event: 12.363 Thread 0x0000023339ea0730 Exception <a 'java/io/FileNotFoundException'{0x00000007158b24c0}> (0x00000007158b24c0) 
thrown [s\open\src\hotspot\share\prims\jni.cpp, line 520]
Event: 12.381 Thread 0x0000023339ea0730 Exception <a 'java/io/FileNotFoundException'{0x00000007159f0700}> (0x00000007159f0700) 
thrown [s\open\src\hotspot\share\prims\jni.cpp, line 520]
Event: 12.398 Thread 0x0000023339ea0730 Exception <a 'java/io/FileNotFoundException'{0x0000000711f3c760}> (0x0000000711f3c760) 
thrown [s\open\src\hotspot\share\prims\jni.cpp, line 520]
Event: 12.435 Thread 0x0000023339ea0730 Exception <a 'java/io/FileNotFoundException'{0x0000000711a6f930}> (0x0000000711a6f930) 
thrown [s\open\src\hotspot\share\prims\jni.cpp, line 520]
Event: 12.694 Thread 0x0000023339ea0730 Exception <a 'java/io/FileNotFoundException'{0x00000007159ff8d0}> (0x00000007159ff8d0) 
thrown [s\open\src\hotspot\share\prims\jni.cpp, line 520]
Event: 12.694 Thread 0x0000023339ea0730 Exception <a 'java/io/FileNotFoundException'{0x0000000712029a50}> (0x0000000712029a50) 
thrown [s\open\src\hotspot\share\prims\jni.cpp, line 520]
Event: 12.695 Thread 0x0000023339ea0730 Exception <a 'java/io/FileNotFoundException'{0x000000071204a278}> (0x000000071204a278) 
thrown [s\open\src\hotspot\share\prims\jni.cpp, line 520]
Event: 12.695 Thread 0x0000023339ea0730 Exception <a 'java/io/FileNotFoundException'{0x000000071204b608}> (0x000000071204b608) 
thrown [s\open\src\hotspot\share\prims\jni.cpp, line 520]
Event: 12.699 Thread 0x0000023339ea0730 Exception <a 'java/io/FileNotFoundException'{0x00000007121679d0}> (0x00000007121679d0) 
thrown [s\open\src\hotspot\share\prims\jni.cpp, line 520]
Event: 12.699 Thread 0x0000023339ea0730 Exception <a 'java/io/FileNotFoundException'{0x0000000712168d60}> (0x0000000712168d60) 
thrown [s\open\src\hotspot\share\prims\jni.cpp, line 520]
Event: 12.699 Thread 0x0000023339ea0730 Exception <a 'java/io/FileNotFoundException'{0x000000071216a108}> (0x000000071216a108) 
thrown [s\open\src\hotspot\share\prims\jni.cpp, line 520]
Event: 12.699 Thread 0x0000023339ea0730 Exception <a 'java/io/FileNotFoundException'{0x000000071216b498}> (0x000000071216b498) 
thrown [s\open\src\hotspot\share\prims\jni.cpp, line 520]
Event: 13.204 Thread 0x0000023339ea0730 Exception <a 'java/lang/NoSuchMethodError'{0x00000007158ca6a8}: 'java.lang.Object java.lang.invoke.DirectMethodHandle$Holder.newInvokeSpecial(java.lang.Object, java.lang.Object, int, int, int, int, int, java.lang.Object)'> (0x00000007158ca6a8) 
thrown [s\open\src\hotspot\share\interpreter\linkResolver.cpp, line 796]
Event: 13.340 Thread 0x0000023339ea0730 Exception <a 'java/io/FileNotFoundException'{0x00000007158fef20}> (0x00000007158fef20) 
thrown [s\open\src\hotspot\share\prims\jni.cpp, line 520]
Event: 13.367 Thread 0x00000233393856f0 Implicit null exception at 0x00000233296ce3b7 to 0x00000233296d04d0
Event: 13.413 Thread 0x00000233393856f0 Implicit null exception at 0x000002332985acce to 0x000002332985ad40
Event: 14.170 Thread 0x0000023339ea0730 Exception <a 'java/io/FileNotFoundException'{0x00000007114ff218}> (0x00000007114ff218) 
thrown [s\open\src\hotspot\share\prims\jni.cpp, line 520]
Event: 17.323 Thread 0x0000023339ea0730 Exception <a 'java/io/FileNotFoundException'{0x000000070f8e0ee0}> (0x000000070f8e0ee0) 
thrown [s\open\src\hotspot\share\prims\jni.cpp, line 520]

VM Operations (20 events):
Event: 12.731 Executing VM operation: G1TryInitiateConcMark (G1 Humongous Allocation) done
Event: 13.296 Executing VM operation: G1TryInitiateConcMark (G1 Humongous Allocation)
Event: 13.297 Executing VM operation: G1TryInitiateConcMark (G1 Humongous Allocation) done
Event: 13.305 Executing VM operation: G1TryInitiateConcMark (G1 Humongous Allocation)
Event: 13.306 Executing VM operation: G1TryInitiateConcMark (G1 Humongous Allocation) done
Event: 13.313 Executing VM operation: G1PauseRemark
Event: 13.314 Executing VM operation: G1PauseRemark done
Event: 13.316 Executing VM operation: G1PauseCleanup
Event: 13.316 Executing VM operation: G1PauseCleanup done
Event: 13.322 Executing VM operation: G1TryInitiateConcMark (G1 Humongous Allocation)
Event: 13.324 Executing VM operation: G1TryInitiateConcMark (G1 Humongous Allocation) done
Event: 13.329 Executing VM operation: G1PauseRemark
Event: 13.330 Executing VM operation: G1PauseRemark done
Event: 13.333 Executing VM operation: G1PauseCleanup
Event: 13.333 Executing VM operation: G1PauseCleanup done
Event: 14.176 Executing VM operation: HandshakeAllThreads (Deoptimize)
Event: 14.176 Executing VM operation: HandshakeAllThreads (Deoptimize) done
Event: 14.201 Executing VM operation: HandshakeAllThreads (Deoptimize)
Event: 14.201 Executing VM operation: HandshakeAllThreads (Deoptimize) done
Event: 48.857 Executing VM operation: Exit

Memory protections (0 events):
No events

Nmethod flushes (20 events):
Event: 12.582 Thread 0x00000233387a23e0 flushing  nmethod 0x00000233220a5488
Event: 12.582 Thread 0x00000233387a23e0 flushing  nmethod 0x00000233222f2708
Event: 12.582 Thread 0x00000233387a23e0 flushing  nmethod 0x00000233298df308
Event: 12.582 Thread 0x00000233387a23e0 flushing  nmethod 0x0000023321e28688
Event: 12.582 Thread 0x00000233387a23e0 flushing  nmethod 0x0000023321e70788
Event: 12.582 Thread 0x00000233387a23e0 flushing  nmethod 0x0000023321ea3208
Event: 12.582 Thread 0x00000233387a23e0 flushing  nmethod 0x0000023322053088
Event: 12.582 Thread 0x00000233387a23e0 flushing  nmethod 0x0000023321e32188
Event: 12.582 Thread 0x00000233387a23e0 flushing  nmethod 0x0000023321f6ac88
Event: 12.582 Thread 0x00000233387a23e0 flushing  nmethod 0x000002332205e588
Event: 12.582 Thread 0x00000233387a23e0 flushing  nmethod 0x000002332205e988
Event: 12.582 Thread 0x00000233387a23e0 flushing  nmethod 0x00000233221d7e08
Event: 12.582 Thread 0x00000233387a23e0 flushing  nmethod 0x00000233223d9008
Event: 12.603 Thread 0x00000233387a23e0 flushing  nmethod 0x0000023321ed4308
Event: 12.603 Thread 0x00000233387a23e0 flushing  nmethod 0x0000023322059a88
Event: 13.314 Thread 0x00000233387a23e0 flushing  nmethod 0x0000023321e2d208
Event: 13.330 Thread 0x00000233387a23e0 flushing  nmethod 0x0000023321e54608
Event: 13.330 Thread 0x00000233387a23e0 flushing  nmethod 0x0000023321b7c588
Event: 13.330 Thread 0x00000233387a23e0 flushing  nmethod 0x0000023321fed388
Event: 13.330 Thread 0x00000233387a23e0 flushing  nmethod 0x000002332223da88

Events (20 events):
Event: 14.370 Thread 0x0000023300fd2160 Thread exited: 0x0000023300fd2160
Event: 14.550 Thread 0x0000023300fcd670 Thread exited: 0x0000023300fcd670
Event: 15.751 Thread 0x0000023300fd35d0 Thread exited: 0x0000023300fd35d0
Event: 16.675 Thread 0x000002333938e9a0 Thread added: 0x0000023300fd2160
Event: 16.675 Thread 0x000002333938e9a0 Thread added: 0x0000023300fd35d0
Event: 16.883 Thread 0x0000023300fd35d0 Thread exited: 0x0000023300fd35d0
Event: 16.883 Thread 0x0000023300fd2160 Thread exited: 0x0000023300fd2160
Event: 17.319 Thread 0x0000023339ea0730 Thread added: 0x000002337f228e40
Event: 17.334 Thread 0x000002337f228e40 Thread exited: 0x000002337f228e40
Event: 18.530 Thread 0x000002333958df80 Thread exited: 0x000002333958df80
Event: 18.855 Thread 0x00000233394b1f10 Thread exited: 0x00000233394b1f10
Event: 48.855 Thread 0x00000233387bd780 Thread added: 0x000002337f22a880
Event: 48.856 Thread 0x000002337f22a880 Thread added: 0x000002337f229b60
Event: 48.856 Thread 0x000002337f22a880 Thread added: 0x000002337f22af10
Event: 48.856 Thread 0x000002337f229b60 Thread exited: 0x000002337f229b60
Event: 48.856 Thread 0x000002337f22af10 Thread added: 0x000002337f22b5a0
Event: 48.857 Thread 0x000002337f22b5a0 Thread exited: 0x000002337f22b5a0
Event: 48.857 Thread 0x000002337f22af10 Thread exited: 0x000002337f22af10
Event: 48.857 Thread 0x000002337f22a880 Before exit entered
Event: 48.857 Thread 0x00000233387bd780 Thread exited: 0x00000233387bd780


Dynamic libraries:
0x00007ff6be9c0000 - 0x00007ff6be9d0000 	C:\Program Files\Java\jdk-23\bin\java.exe
0x00007ffb88150000 - 0x00007ffb88348000 	C:\Windows\SYSTEM32\ntdll.dll
0x00007ffb87360000 - 0x00007ffb87422000 	C:\Windows\System32\KERNEL32.DLL
0x00007ffb85de0000 - 0x00007ffb860d6000 	C:\Windows\System32\KERNELBASE.dll
0x00007ffb85880000 - 0x00007ffb85980000 	C:\Windows\System32\ucrtbase.dll
0x00007ffb6a090000 - 0x00007ffb6a0ab000 	C:\Program Files\Java\jdk-23\bin\VCRUNTIME140.dll
0x00007ffb67760000 - 0x00007ffb67777000 	C:\Program Files\Java\jdk-23\bin\jli.dll
0x00007ffb86180000 - 0x00007ffb8631d000 	C:\Windows\System32\USER32.dll
0x00007ffb85c50000 - 0x00007ffb85c72000 	C:\Windows\System32\win32u.dll
0x00007ffb6c930000 - 0x00007ffb6cbcb000 	C:\Windows\WinSxS\amd64_microsoft.windows.common-controls_6595b64144ccf1df_6.0.19041.6280_none_60bc30a171f2f3f3\COMCTL32.dll
0x00007ffb86f60000 - 0x00007ffb86f8b000 	C:\Windows\System32\GDI32.dll
0x00007ffb85b00000 - 0x00007ffb85c19000 	C:\Windows\System32\gdi32full.dll
0x00007ffb872c0000 - 0x00007ffb8735e000 	C:\Windows\System32\msvcrt.dll
0x00007ffb860e0000 - 0x00007ffb8617d000 	C:\Windows\System32\msvcp_win.dll
0x00007ffb86e30000 - 0x00007ffb86e5f000 	C:\Windows\System32\IMM32.DLL
0x00007ffb7e1a0000 - 0x00007ffb7e1ac000 	C:\Program Files\Java\jdk-23\bin\vcruntime140_1.dll
0x00007ffb553c0000 - 0x00007ffb5544e000 	C:\Program Files\Java\jdk-23\bin\msvcp140.dll
0x00007ffb22a70000 - 0x00007ffb237c0000 	C:\Program Files\Java\jdk-23\bin\server\jvm.dll
0x00007ffb87c80000 - 0x00007ffb87d31000 	C:\Windows\System32\ADVAPI32.dll
0x00007ffb86ec0000 - 0x00007ffb86f5f000 	C:\Windows\System32\sechost.dll
0x00007ffb86f90000 - 0x00007ffb870b0000 	C:\Windows\System32\RPCRT4.dll
0x00007ffb85c20000 - 0x00007ffb85c47000 	C:\Windows\System32\bcrypt.dll
0x00007ffb87d40000 - 0x00007ffb87dab000 	C:\Windows\System32\WS2_32.dll
0x00007ffb84d80000 - 0x00007ffb84dcb000 	C:\Windows\SYSTEM32\POWRPROF.dll
0x00007ffb7a830000 - 0x00007ffb7a857000 	C:\Windows\SYSTEM32\WINMM.dll
0x00007ffb7e190000 - 0x00007ffb7e19a000 	C:\Windows\SYSTEM32\VERSION.dll
0x00007ffb84bf0000 - 0x00007ffb84c02000 	C:\Windows\SYSTEM32\UMPDC.dll
0x00007ffb84010000 - 0x00007ffb84022000 	C:\Windows\SYSTEM32\kernel.appcore.dll
0x00007ffb7dba0000 - 0x00007ffb7dbaa000 	C:\Program Files\Java\jdk-23\bin\jimage.dll
0x00007ffb833b0000 - 0x00007ffb835b1000 	C:\Windows\SYSTEM32\DBGHELP.DLL
0x00007ffb748b0000 - 0x00007ffb748e4000 	C:\Windows\SYSTEM32\dbgcore.DLL
0x00007ffb857f0000 - 0x00007ffb85872000 	C:\Windows\System32\bcryptPrimitives.dll
0x00007ffb6a670000 - 0x00007ffb6a67f000 	C:\Program Files\Java\jdk-23\bin\instrument.dll
0x00007ffb66ee0000 - 0x00007ffb66efe000 	C:\Program Files\Java\jdk-23\bin\java.dll
0x00007ffb86960000 - 0x00007ffb86a8b000 	C:\Windows\System32\ole32.dll
0x00007ffb87db0000 - 0x00007ffb88103000 	C:\Windows\System32\combase.dll
0x00007ffb87510000 - 0x00007ffb87c80000 	C:\Windows\System32\SHELL32.dll
0x00007ffb83850000 - 0x00007ffb83ff4000 	C:\Windows\SYSTEM32\windows.storage.dll
0x00007ffb85220000 - 0x00007ffb8524b000 	C:\Windows\SYSTEM32\Wldp.dll
0x00007ffb86d60000 - 0x00007ffb86e2d000 	C:\Windows\System32\OLEAUT32.dll
0x00007ffb86bb0000 - 0x00007ffb86c5d000 	C:\Windows\System32\SHCORE.dll
0x00007ffb87430000 - 0x00007ffb8748b000 	C:\Windows\System32\shlwapi.dll
0x00007ffb85720000 - 0x00007ffb85744000 	C:\Windows\SYSTEM32\profapi.dll
0x00007ffb54610000 - 0x00007ffb546e7000 	C:\Program Files\Java\jdk-23\bin\jsvml.dll
0x00007ffb68260000 - 0x00007ffb68270000 	C:\Program Files\Java\jdk-23\bin\net.dll
0x00007ffb84f80000 - 0x00007ffb84fea000 	C:\Windows\system32\mswsock.dll
0x00007ffb5b1d0000 - 0x00007ffb5b1e6000 	C:\Program Files\Java\jdk-23\bin\nio.dll
0x00007ffb66520000 - 0x00007ffb66537000 	C:\Program Files\Java\jdk-23\bin\zip.dll
0x00007ffb66fb0000 - 0x00007ffb66fb9000 	C:\Program Files\Java\jdk-23\bin\extnet.dll
0x00007ffb84c50000 - 0x00007ffb84d1a000 	C:\Windows\SYSTEM32\DNSAPI.dll
0x00007ffb84c10000 - 0x00007ffb84c4b000 	C:\Windows\SYSTEM32\IPHLPAPI.DLL
0x00007ffb86c60000 - 0x00007ffb86c68000 	C:\Windows\System32\NSI.dll
0x0000000064790000 - 0x00000000647b6000 	C:\Program Files\Bonjour\mdnsNSP.dll
0x00007ffb7f740000 - 0x00007ffb7f74a000 	C:\Windows\System32\rasadhlp.dll
0x00007ffb7f100000 - 0x00007ffb7f180000 	C:\Windows\System32\fwpuclnt.dll
0x00007ffb66dd0000 - 0x00007ffb66dda000 	C:\Program Files\Java\jdk-23\bin\management.dll
0x00007ffb65aa0000 - 0x00007ffb65aab000 	C:\Program Files\Java\jdk-23\bin\management_ext.dll
0x00007ffb86950000 - 0x00007ffb86958000 	C:\Windows\System32\PSAPI.DLL
0x0000023300080000 - 0x0000023300084000 	C:\javafx-sdk-24.0.1\bin\api-ms-win-core-console-l1-1-0.dll
0x0000023300090000 - 0x0000023300094000 	C:\javafx-sdk-24.0.1\bin\api-ms-win-core-console-l1-2-0.dll
0x00000233000a0000 - 0x00000233000a4000 	C:\javafx-sdk-24.0.1\bin\api-ms-win-core-datetime-l1-1-0.dll
0x00000233000b0000 - 0x00000233000b4000 	C:\javafx-sdk-24.0.1\bin\api-ms-win-core-debug-l1-1-0.dll
0x00000233000c0000 - 0x00000233000c4000 	C:\javafx-sdk-24.0.1\bin\api-ms-win-core-errorhandling-l1-1-0.dll
0x00000233000d0000 - 0x00000233000d5000 	C:\javafx-sdk-24.0.1\bin\api-ms-win-core-file-l1-1-0.dll
0x00000233000e0000 - 0x00000233000e4000 	C:\javafx-sdk-24.0.1\bin\api-ms-win-core-file-l1-2-0.dll
0x00000233000f0000 - 0x00000233000f4000 	C:\javafx-sdk-24.0.1\bin\api-ms-win-core-file-l2-1-0.dll
0x0000023300100000 - 0x0000023300104000 	C:\javafx-sdk-24.0.1\bin\api-ms-win-core-handle-l1-1-0.dll
0x0000023300110000 - 0x0000023300114000 	C:\javafx-sdk-24.0.1\bin\api-ms-win-core-heap-l1-1-0.dll
0x0000023300120000 - 0x0000023300124000 	C:\javafx-sdk-24.0.1\bin\api-ms-win-core-interlocked-l1-1-0.dll
0x0000023300130000 - 0x0000023300134000 	C:\javafx-sdk-24.0.1\bin\api-ms-win-core-libraryloader-l1-1-0.dll
0x0000023300140000 - 0x0000023300144000 	C:\javafx-sdk-24.0.1\bin\api-ms-win-core-localization-l1-2-0.dll
0x0000023300150000 - 0x0000023300154000 	C:\javafx-sdk-24.0.1\bin\api-ms-win-core-memory-l1-1-0.dll
0x0000023300160000 - 0x0000023300164000 	C:\javafx-sdk-24.0.1\bin\api-ms-win-core-namedpipe-l1-1-0.dll
0x0000023300170000 - 0x0000023300174000 	C:\javafx-sdk-24.0.1\bin\api-ms-win-core-processenvironment-l1-1-0.dll
0x00000233014a0000 - 0x00000233014a4000 	C:\javafx-sdk-24.0.1\bin\api-ms-win-core-processthreads-l1-1-0.dll
0x00000233014b0000 - 0x00000233014b4000 	C:\javafx-sdk-24.0.1\bin\api-ms-win-core-processthreads-l1-1-1.dll
0x00000233014c0000 - 0x00000233014c4000 	C:\javafx-sdk-24.0.1\bin\api-ms-win-core-profile-l1-1-0.dll
0x00000233014d0000 - 0x00000233014d4000 	C:\javafx-sdk-24.0.1\bin\api-ms-win-core-rtlsupport-l1-1-0.dll
0x00000233014e0000 - 0x00000233014e4000 	C:\javafx-sdk-24.0.1\bin\api-ms-win-core-string-l1-1-0.dll
0x00000233014f0000 - 0x00000233014f4000 	C:\javafx-sdk-24.0.1\bin\api-ms-win-core-synch-l1-1-0.dll
0x0000023301500000 - 0x0000023301504000 	C:\javafx-sdk-24.0.1\bin\api-ms-win-core-synch-l1-2-0.dll
0x0000023301510000 - 0x0000023301514000 	C:\javafx-sdk-24.0.1\bin\api-ms-win-core-sysinfo-l1-1-0.dll
0x0000023301520000 - 0x0000023301524000 	C:\javafx-sdk-24.0.1\bin\api-ms-win-core-timezone-l1-1-0.dll
0x0000023301530000 - 0x0000023301534000 	C:\javafx-sdk-24.0.1\bin\api-ms-win-core-util-l1-1-0.dll
0x0000023301540000 - 0x0000023301544000 	C:\javafx-sdk-24.0.1\bin\api-ms-win-crt-conio-l1-1-0.dll
0x0000023301670000 - 0x0000023301675000 	C:\javafx-sdk-24.0.1\bin\api-ms-win-crt-convert-l1-1-0.dll
0x0000023301680000 - 0x0000023301684000 	C:\javafx-sdk-24.0.1\bin\api-ms-win-crt-environment-l1-1-0.dll
0x0000023301690000 - 0x0000023301694000 	C:\javafx-sdk-24.0.1\bin\api-ms-win-crt-filesystem-l1-1-0.dll
0x00000233016a0000 - 0x00000233016a4000 	C:\javafx-sdk-24.0.1\bin\api-ms-win-crt-heap-l1-1-0.dll
0x00000233016b0000 - 0x00000233016b4000 	C:\javafx-sdk-24.0.1\bin\api-ms-win-crt-locale-l1-1-0.dll
0x00000233016c0000 - 0x00000233016c6000 	C:\javafx-sdk-24.0.1\bin\api-ms-win-crt-math-l1-1-0.dll
0x00000233016d0000 - 0x00000233016d6000 	C:\javafx-sdk-24.0.1\bin\api-ms-win-crt-multibyte-l1-1-0.dll
0x00000233016e0000 - 0x00000233016f1000 	C:\javafx-sdk-24.0.1\bin\api-ms-win-crt-private-l1-1-0.dll
0x0000023301700000 - 0x0000023301704000 	C:\javafx-sdk-24.0.1\bin\api-ms-win-crt-process-l1-1-0.dll
0x0000023301710000 - 0x0000023301715000 	C:\javafx-sdk-24.0.1\bin\api-ms-win-crt-runtime-l1-1-0.dll
0x0000023301720000 - 0x0000023301725000 	C:\javafx-sdk-24.0.1\bin\api-ms-win-crt-stdio-l1-1-0.dll
0x0000023301730000 - 0x0000023301735000 	C:\javafx-sdk-24.0.1\bin\api-ms-win-crt-string-l1-1-0.dll
0x0000023301740000 - 0x0000023301744000 	C:\javafx-sdk-24.0.1\bin\api-ms-win-crt-time-l1-1-0.dll
0x0000023301750000 - 0x0000023301754000 	C:\javafx-sdk-24.0.1\bin\api-ms-win-crt-utility-l1-1-0.dll
0x00007ffb2a800000 - 0x00007ffb2a911000 	C:\javafx-sdk-24.0.1\bin\ucrtbase.dll
0x00007ffb5b130000 - 0x00007ffb5b14b000 	C:\javafx-sdk-24.0.1\bin\vcruntime140.dll
0x00007ffb5e710000 - 0x00007ffb5e71c000 	C:\javafx-sdk-24.0.1\bin\vcruntime140_1.dll
0x00007ffb2a770000 - 0x00007ffb2a7fe000 	C:\javafx-sdk-24.0.1\bin\msvcp140.dll
0x00007ffb5b120000 - 0x00007ffb5b129000 	C:\javafx-sdk-24.0.1\bin\msvcp140_1.dll
0x00007ffb57390000 - 0x00007ffb573d1000 	C:\javafx-sdk-24.0.1\bin\msvcp140_2.dll
0x00007ffb591d0000 - 0x00007ffb59200000 	C:\javafx-sdk-24.0.1\bin\prism_d3d.dll
0x00007ffb55ee0000 - 0x00007ffb560b1000 	C:\Windows\system32\d3d9.dll
0x00007ffb82e60000 - 0x00007ffb82e8e000 	C:\Windows\SYSTEM32\dwmapi.dll
0x00007ffb829c0000 - 0x00007ffb82a5e000 	C:\Windows\system32\uxtheme.dll
0x00007ffb781e0000 - 0x00007ffb7821b000 	C:\Windows\SYSTEM32\dxcore.dll
0x00007ffb85ab0000 - 0x00007ffb85afe000 	C:\Windows\System32\cfgmgr32.dll
0x00007ffb85c80000 - 0x00007ffb85ddd000 	C:\Windows\System32\CRYPT32.dll
0x00007ffb86320000 - 0x00007ffb86790000 	C:\Windows\System32\SETUPAPI.dll
0x00007ffb855a0000 - 0x00007ffb855d3000 	C:\Windows\SYSTEM32\DEVOBJ.dll
0x00007ffb85980000 - 0x00007ffb859f3000 	C:\Windows\System32\WINTRUST.dll
0x00007ffb853b0000 - 0x00007ffb853c2000 	C:\Windows\SYSTEM32\MSASN1.dll
0x00007ffb701f0000 - 0x00007ffb74750000 	C:\Windows\System32\DriverStore\FileRepository\iigd_dch.inf_amd64_a20fccc4824e3254\igc64.dll
0x00007ffb856a0000 - 0x00007ffb856ce000 	C:\Windows\SYSTEM32\USERENV.dll
0x00007ffb4d3d0000 - 0x00007ffb50a85000 	C:\Windows\System32\DriverStore\FileRepository\iigd_dch.inf_amd64_a20fccc4824e3254\igd12dxva64.dll
0x00007ffb85180000 - 0x00007ffb85198000 	C:\Windows\SYSTEM32\CRYPTSP.dll
0x00007ffb84830000 - 0x00007ffb84868000 	C:\Windows\system32\rsaenh.dll
0x00007ffb85170000 - 0x00007ffb8517c000 	C:\Windows\SYSTEM32\CRYPTBASE.dll
0x00007ffb7d9b0000 - 0x00007ffb7d9e1000 	C:\Windows\SYSTEM32\cryptnet.dll
0x00007ffb870b0000 - 0x00007ffb870cd000 	C:\Windows\System32\imagehlp.dll
0x00007ffb482c0000 - 0x00007ffb482d7000 	C:\Windows\system32\napinsp.dll
0x00007ffb482a0000 - 0x00007ffb482bb000 	C:\Windows\system32\pnrpnsp.dll
0x00007ffb814f0000 - 0x00007ffb8150d000 	C:\Windows\system32\wshbth.dll
0x00007ffb82470000 - 0x00007ffb8248d000 	C:\Windows\system32\NLAapi.dll

dbghelp: loaded successfully - version: 4.0.5 - missing functions: none
symbol engine: initialized successfully - sym options: 0x614 - pdb path: .;C:\Program Files\Java\jdk-23\bin;C:\Windows\SYSTEM32;C:\Windows\WinSxS\amd64_microsoft.windows.common-controls_6595b64144ccf1df_6.0.19041.6280_none_60bc30a171f2f3f3;C:\Program Files\Java\jdk-23\bin\server;C:\Program Files\Bonjour;C:\javafx-sdk-24.0.1\bin;C:\Windows\System32\DriverStore\FileRepository\iigd_dch.inf_amd64_a20fccc4824e3254;C:\Windows\System32\DriverStore\FileRepository\nvam.inf_amd64_4ae7e10b45473e65;C:\Program Files\Common Files\Microsoft Shared\Ink

VM Arguments:
jvm_args: --module-path=C:\javafx-sdk-24.0.1\lib --add-modules=javafx.controls,javafx.fxml,javafx.media -javaagent:G:\IntelliJ IDEA 2024.3.5\lib\idea_rt.jar=60358 -Dfile.encoding=UTF-8 -Dsun.stdout.encoding=UTF-8 -Dsun.stderr.encoding=UTF-8 
java_command: Client.Main
java_class_path (initial): C:\Users\arya\Desktop\telegram\Telegram-clone\out\production\classes;C:\Users\arya\Desktop\telegram\Telegram-clone\out\production\resources;C:\Users\arya\.gradle\caches\modules-2\files-2.1\org.openjfx\javafx-fxml\23.0.2\b032052fc189c1c702cc9b01f416f7cae53674df\javafx-fxml-23.0.2-win.jar;C:\Users\arya\.gradle\caches\modules-2\files-2.1\org.openjfx\javafx-controls\23.0.2\ea7a2048ce6b344273affb916713120fe77fb1e8\javafx-controls-23.0.2-win.jar;C:\Users\arya\.gradle\caches\modules-2\files-2.1\org.openjfx\javafx-media\23.0.2\b27f12b417de89f6fd6180a6540f6f26ab98a0ee\javafx-media-23.0.2-win.jar;C:\Users\arya\.gradle\caches\modules-2\files-2.1\com.google.code.gson\gson\2.10.1\b3add478d4382b78ea20b1671390a858002feb6c\gson-2.10.1.jar;C:\Users\arya\.gradle\caches\modules-2\files-2.1\com.jfoenix\jfoenix\9.0.10\a7625792db8d15615ea6eebbc31e01504f20b2df\jfoenix-9.0.10.jar;C:\Users\arya\.gradle\caches\modules-2\files-2.1\org.postgresql\postgresql\42.6.0\7614cfce466145b84972781ab0079b8dea49e363\postgresql-42.6.0.jar;C:\Users\arya\.gradle\caches\modules-2\files-2.1\org.hibernate.orm\hibernate-community-dialects\6.4.2.Final\9856329563362d2f26541285a2036e86addba30c\hibernate-community-dialects-6.4.2.Final.jar;C:\Users\arya\.gradle\caches\modules-2\files-2.1\org.hibernate.orm\hibernate-core\6.4.2.Final\4dd48cbc3c97c71ca42db0a9d0d7f9c220675edb\hibernate-core-6.4.2.Final.jar;C:\Users\arya\.gradle\caches\modules-2\files-2.1\jakarta.persistence\jakarta.persistence-api\3.1.0\66901fa1c373c6aff65c13791cc11da72060a8d6\jakarta.persistence-api-3.1.0.jar;C:\Users\arya\.gradle\caches\modules-2\files-2.1\com.zaxxer\HikariCP\5.0.1\a74c7f0a37046846e88d54f7cb6ea6d565c65f9c\HikariCP-5.0.1.jar;C:\Users\arya\.gradle\caches\modules-2\files-2.1\org.xerial\sqlite-jdbc\3.36.0.3\7fa71c4dfab806490cb909714fb41373ec552c29\sqlite-jdbc-3.36.0.3.jar;C:\Users\arya\.gradle\caches\modules-2\files-2.1\org.openjfx\javafx-graphics\23.0.2\21ed994c9ba8a9d30099204c556e6dba3a23f169\javafx-graphics-23.0.2-win.jar;C:\Users\arya\.gradle\caches\modules-2\files-2.1\jakarta.transaction\jakarta.transaction-api\2.0.1\51a520e3fae406abb84e2e1148e6746ce3f80a1a\jakarta.transaction-api-2.0.1.jar;C:\Users\arya\.gradle\caches\modules-2\files-2.1\org.slf4j\slf4j-api\1.7.30\b5a4b6d16ab13e34a88fae84c35cd5d68cac922c\slf4j-api-1.7.30.jar;C:\Users\arya\.gradle\caches\modules-2\files-2.1\org.openjfx\javafx-base\23.0.2\e44e750005596dc44ce37c07fc3b8c10da9ab354\javafx-base-23.0.2-win.jar;C:\Users\arya\.gradle\caches\modules-2\files-2.1\org.checkerframework\checker-qual\3.31.0\eeefd4af42e2f4221d145c1791582f91868f99ab\checker-qual-3.31.0.jar;C:\Users\arya\.gradle\caches\modules-2\files-2.1\org.jboss.logging\jboss-logging\3.5.0.Final\c19307cc11f28f5e2679347e633a3294d865334d\jboss-logging-3.5.0.Final.jar;C:\Users\arya\.gradle\caches\modules-2\files-2.1\org.hibernate.common\hibernate-commons-annotations\6.0.6.Final\77a5f94b56d49508e0ee334751db5b78e5ccd50c\hibernate-commons-annotations-6.0.6.Final.jar;C:\Users\arya\.gradle\caches\modules-2\files-2.1\io.smallrye\jandex\3.1.2\a6c1c89925c7df06242b03dddb353116ceb9584c\jandex-3.1.2.jar;C:\Users\arya\.gradle\caches\modules-2\files-2.1\com.fasterxml\classmate\1.5.1\3fe0bed568c62df5e89f4f174c101eab25345b6c\classmate-1.5.1.jar;C:\Users\arya\.gradle\caches\modules-2\files-2.1\net.bytebuddy\byte-buddy\1.14.7\34efde5f0bb93afc94aaf9d400521899c4806873\byte-buddy-1.14.7.jar;C:\Users\arya\.gradle\caches\modules-2\files-2.1\org.glassfish.jaxb\jaxb-runtime\4.0.2\e4e4e0c5b0d42054d00dc4023901572a60d368c7\jaxb-runtime-4.0.2.jar;C:\Users\arya\.gradle\caches\modules-2\files-2.1\jakarta.xml.bind\jakarta.xml.bind-api\4.0.0\bbb399208d288b15ec101fa4fcfc4bd77cedc97a\jakarta.xml.bind-api-4.0.0.jar;C:\Users\arya\.gradle\caches\modules-2\files-2.1\jakarta.inject\jakarta.inject-api\2.0.1\4c28afe1991a941d7702fe1362c365f0a8641d1e\jakarta.inject-api-2.0.1.jar;C:\Users\arya\.gradle\caches\modules-2\files-2.1\org.antlr\antlr4-runtime\4.13.0\5a02e48521624faaf5ff4d99afc88b01686af655\antlr4-runtime-4.13.0.jar;C:\Users\arya\.gradle\caches\modules-2\files-2.1\org.glassfish.jaxb\jaxb-core\4.0.2\8c29249f6c10f4ee08967783831580b0f5c5360\jaxb-core-4.0.2.jar;C:\Users\arya\.gradle\caches\modules-2\files-2.1\jakarta.activation\jakarta.activation-api\2.1.1\88c774ab863a21fb2fc4219af95379fafe499a31\jakarta.activation-api-2.1.1.jar;C:\Users\arya\.gradle\caches\modules-2\files-2.1\org.eclipse.angus\angus-activation\2.0.0\72369f4e2314d38de2dcbb277141ef0226f73151\angus-activation-2.0.0.jar;C:\Users\arya\.gradle\caches\modules-2\files-2.1\org.glassfish.jaxb\txw2\4.0.2\24e167be69c29ebb7ee0a3b1f9b546f1dfd111fc\txw2-4.0.2.jar;C:\Users\arya\.gradle\caches\modules-2\files-2.1\com.sun.istack\istack-commons-runtime\4.1.1\9b3769c76235bc283b060da4fae2318c6d53f07e\istack-commons-runtime-4.1.1.jar
Launcher Type: SUN_STANDARD

[Global flags]
     intx CICompilerCount                          = 12                                        {product} {ergonomic}
     uint ConcGCThreads                            = 3                                         {product} {ergonomic}
     uint G1ConcRefinementThreads                  = 13                                        {product} {ergonomic}
   size_t G1HeapRegionSize                         = 2097152                                   {product} {ergonomic}
   size_t InitialHeapSize                          = 264241152                                 {product} {ergonomic}
   size_t MarkStackSize                            = 4194304                                   {product} {ergonomic}
   size_t MarkStackSizeMax                         = 536870912                                 {product} {ergonomic}
   size_t MaxHeapSize                              = 4196401152                                {product} {ergonomic}
   size_t MaxNewSize                               = 2516582400                                {product} {ergonomic}
   size_t MinHeapDeltaBytes                        = 2097152                                   {product} {ergonomic}
   size_t MinHeapSize                              = 8388608                                   {product} {ergonomic}
    uintx NonNMethodCodeHeapSize                   = 7602176                                {pd product} {ergonomic}
    uintx NonProfiledCodeHeapSize                  = 122093568                              {pd product} {ergonomic}
    uintx ProfiledCodeHeapSize                     = 121962496                              {pd product} {ergonomic}
    uintx ReservedCodeCacheSize                    = 251658240                              {pd product} {ergonomic}
     bool SegmentedCodeCache                       = true                                      {product} {ergonomic}
   size_t SoftMaxHeapSize                          = 4196401152                             {manageable} {ergonomic}
     bool UseCompressedOops                        = true                           {product lp64_product} {ergonomic}
     bool UseG1GC                                  = true                                      {product} {ergonomic}
     bool UseLargePagesIndividualAllocation        = false                                  {pd product} {ergonomic}

Logging:
Log output configuration:
 #0: stdout all=off uptime,level,tags foldmultilines=false
 #1: stderr all=off uptime,level,tags foldmultilines=false

Environment Variables:
PATH=C:\Program Files\Common Files\Oracle\Java\javapath;C:\Program Files\Python312\Scripts\;C:\Program Files\Python312\;C:\ProgramData\Oracle\Java\javapath;C:\Program Files (x86)\Common Files\Oracle\Java\javapath;C:\Windows\system32;C:\Windows;C:\Windows\System32\Wbem;C:\Windows\System32\WindowsPowerShell\v1.0\;C:\Windows\System32\OpenSSH\;C:\Program Files\dotnet\;C:\Program Files (x86)\NVIDIA Corporation\PhysX\Common;C:\Program Files\NVIDIA Corporation\NVIDIA app\NvDLISR;C:\Program Files\PuTTY\;C:\Program Files (x86)\Bitvise SSH Client;C:\Program Files\nodejs\;C:\msys64\mingw64\bin;C:\Program Files (x86)\Windows Kits\10\Windows Performance Toolkit\;C:\Program Files\Git\cmd;C:\Gradle\gradle-8.6\bin;C:\Gradle\gradle-8.13;C:\Program Files\Go\bin;C:\Users\arya\AppData\Local\Microsoft\WindowsApps;F:\Microsoft VS Code\bin;C:\Users\arya\AppData\Local\GitHubDesktop\bin;C:\Users\arya\AppData\Roaming\npm;G:\apache-maven-3.9.9\bin;G:\IntelliJ IDEA 2024.3.5\bin;;C:\Program Files\Python312\Scripts;C:\Users\arya\AppData\Roaming\Python\Python312\Scripts;C:\Users\arya\go\bin
USERNAME=arya
OS=Windows_NT
PROCESSOR_IDENTIFIER=Intel64 Family 6 Model 154 Stepping 3, GenuineIntel
TMP=C:\Users\arya\AppData\Local\Temp
TEMP=C:\Users\arya\AppData\Local\Temp




Periodic native trim disabled

---------------  S Y S T E M  ---------------

OS:
 Windows 10 , 64 bit Build 19041 (10.0.19041.5915)
OS uptime: 3 days 16:08 hours

CPU: total 16 (initial active 16) (8 cores per cpu, 2 threads per core) family 6 model 154 stepping 3 microcode 0x41c, cx8, cmov, fxsr, ht, mmx, 3dnowpref, sse, sse2, sse3, ssse3, sse4.1, sse4.2, popcnt, lzcnt, tsc, tscinvbit, avx, avx2, aes, erms, clmul, bmi1, bmi2, adx, sha, fma, vzeroupper, clflush, clflushopt, clwb, serialize, rdtscp, rdpid, fsrm, gfni, f16c, pku, cet_ibt, cet_ss
Processor Information for processor 0
  Max Mhz: 2300, Current Mhz: 2300, Mhz Limit: 2300
Processor Information for processor 1
  Max Mhz: 2300, Current Mhz: 2300, Mhz Limit: 2300
Processor Information for processor 2
  Max Mhz: 2300, Current Mhz: 2300, Mhz Limit: 2300
Processor Information for processor 3
  Max Mhz: 2300, Current Mhz: 2300, Mhz Limit: 2300
Processor Information for processor 4
  Max Mhz: 2300, Current Mhz: 2300, Mhz Limit: 2300
Processor Information for processor 5
  Max Mhz: 2300, Current Mhz: 2300, Mhz Limit: 2300
Processor Information for processor 6
  Max Mhz: 2300, Current Mhz: 2300, Mhz Limit: 2300
Processor Information for processor 7
  Max Mhz: 2300, Current Mhz: 2300, Mhz Limit: 2300
Processor Information for processor 8
  Max Mhz: 2300, Current Mhz: 2300, Mhz Limit: 2300
Processor Information for processor 9
  Max Mhz: 2300, Current Mhz: 2300, Mhz Limit: 2300
Processor Information for processor 10
  Max Mhz: 2300, Current Mhz: 2300, Mhz Limit: 2300
Processor Information for processor 11
  Max Mhz: 2300, Current Mhz: 2300, Mhz Limit: 2300
Processor Information for processor 12
  Max Mhz: 2300, Current Mhz: 1700, Mhz Limit: 1679
Processor Information for processor 13
  Max Mhz: 2300, Current Mhz: 1700, Mhz Limit: 1679
Processor Information for processor 14
  Max Mhz: 2300, Current Mhz: 1700, Mhz Limit: 1679
Processor Information for processor 15
  Max Mhz: 2300, Current Mhz: 1700, Mhz Limit: 1679

Memory: 4k page, system-wide physical 16005M (3159M free)
TotalPageFile size 25254M (AvailPageFile size 3871M)
current process WorkingSet (physical memory assigned to process): 407M, peak: 436M
current process commit charge ("private bytes"): 649M, peak: 733M

vm_info: Java HotSpot(TM) 64-Bit Server VM (23.0.2+7-58) for windows-amd64 JRE (23.0.2+7-58), built on 2024-11-29T09:34:55Z with MS VC++ 17.6 (VS2022)

END.
