#
# A fatal error has been detected by the Java Runtime Environment:
#
#  EXCEPTION_ACCESS_VIOLATION (0xc0000005) at pc=0x00007ffb2b178e37, pid=6764, tid=13164
#
# JRE version: Java(TM) SE Runtime Environment (23.0.2+7) (build 23.0.2+7-58)
# Java VM: Java HotSpot(TM) 64-Bit Server VM (23.0.2+7-58, mixed mode, sharing, tiered, compressed oops, compressed class ptrs, g1 gc, windows-amd64)
# Problematic frame:
# C  0x00007ffb2b178e37
#
# No core dump will be written. Minidumps are not enabled by default on client versions of Windows
#
# If you would like to submit a bug report, please visit:
#   https://bugreport.java.com/bugreport/crash.jsp
#

---------------  S U M M A R Y ------------

Command Line: --module-path=C:\javafx-sdk-24.0.1\lib --add-modules=javafx.controls,javafx.fxml,javafx.media -javaagent:G:\IntelliJ IDEA 2024.3.5\lib\idea_rt.jar=60855 -Dfile.encoding=UTF-8 -Dsun.stdout.encoding=UTF-8 -Dsun.stderr.encoding=UTF-8 Client.Main

Host: 12th Gen Intel(R) Core(TM) i7-12650H, 16 cores, 15G,  Windows 10 , 64 bit Build 19041 (10.0.19041.5915)
Time: Mon Sep  8 02:53:56 2025 Iran Standard Time elapsed time: 143.992234 seconds (0d 0h 2m 23s)

---------------  T H R E A D  ---------------

Current thread (0x000001d4d750caf0):  VMThread "VM Thread"          [id=13164, stack(0x000000951ce00000,0x000000951cf00000) (1024K)]

Stack: [0x000000951ce00000,0x000000951cf00000],  sp=0x000000951ceff070,  free space=1020k
Native frames: (J=compiled Java code, j=interpreted, Vv=VM code, C=native code)
C  0x00007ffb2b178e37  (no source info available)
C  [ucrtbase.dll+0x142d6]  (no source info available)
C  [ucrtbase.dll+0x141fb]  (no source info available)
C  [ucrtbase.dll+0x141b4]  (no source info available)
C  0x00007ffb2b17655d  (no source info available)
C  0x00007ffb2b176682  (no source info available)
C  [ntdll.dll+0x19a1d]  (no source info available)
C  [ntdll.dll+0x5f1ca]  (no source info available)
C  [ntdll.dll+0x5ef7d]  (no source info available)
C  [KERNEL32.DLL+0x1e3eb]  (no source info available)
C  [ucrtbase.dll+0x205bc]  (no source info available)
C  [ucrtbase.dll+0x2045f]  (no source info available)
V  [jvm.dll+0x6d9b3c]  (no source info available)
V  [jvm.dll+0x6d9670]  (no source info available)
V  [jvm.dll+0x3da724]  (no source info available)
V  [jvm.dll+0x886d50]  (no source info available)
V  [jvm.dll+0x888077]  (no source info available)
V  [jvm.dll+0x8885a8]  (no source info available)
V  [jvm.dll+0x888843]  (no source info available)
V  [jvm.dll+0x8254cb]  (no source info available)
V  [jvm.dll+0x6df345]  (no source info available)
C  [ucrtbase.dll+0x21bb2]  (no source info available)
C  [KERNEL32.DLL+0x17374]  (no source info available)
C  [ntdll.dll+0x4cc91]  (no source info available)


siginfo: EXCEPTION_ACCESS_VIOLATION (0xc0000005), reading address 0x0000000000000000


Registers:
RAX=0x0000000000000000, RBX=0x000001d4d751bf32, RCX=0x000001d4d750caf0, RDX=0x000000951ceff070
RSP=0x000000951ceff070, RBP=0x000001d51ef80158, RSI=0x000001d51ef80130, RDI=0x00003e1078f73d78
R8 =0x0000000000010002, R9 =0x00003e1078f73d78, R10=0x0000000000008000, R11=0x000000951ceff000
R12=0x00007ffb2b1766d0, R13=0x00007ffb2370c6e0, R14=0x000000951ceff168, R15=0x000001d51ef80130
RIP=0x00007ffb2b178e37, EFLAGS=0x0000000000010202


Register to memory mapping:

RAX=0x0 is null
RBX=0x000001d4d751bf32 is a global jni handle
RCX=0x000001d4d750caf0 points into unknown readable memory: 0x00007ffb23510748 | 48 07 51 23 fb 7f 00 00
RDX=0x000000951ceff070 points into unknown readable memory: 0x0000000000000000 | 00 00 00 00 00 00 00 00
RSP=0x000000951ceff070 points into unknown readable memory: 0x0000000000000000 | 00 00 00 00 00 00 00 00
RBP=0x000001d51ef80158 points into unknown readable memory: 0x00003e1078f73d78 | 78 3d f7 78 10 3e 00 00
RSI=0x000001d51ef80130 points into unknown readable memory: 0xe8003e6f83dc2a19 | 19 2a dc 83 6f 3e 00 e8
RDI=0x00003e1078f73d78 is an unknown value
R8 =0x0000000000010002 is an unknown value
R9 =0x00003e1078f73d78 is an unknown value
R10=0x0000000000008000 is an unknown value
R11=0x000000951ceff000 points into unknown readable memory: 0x000001d51ef80130 | 30 01 f8 1e d5 01 00 00
R12=0x00007ffb2b1766d0 points into unknown readable memory: 0x74894808245c8948 | 48 89 5c 24 08 48 89 74
R13=0x00007ffb2370c6e0 jvm.dll
R14=0x000000951ceff168 points into unknown readable memory: 0x000000951ceff150 | 50 f1 ef 1c 95 00 00 00
R15=0x000001d51ef80130 points into unknown readable memory: 0xe8003e6f83dc2a19 | 19 2a dc 83 6f 3e 00 e8

Top of Stack: (sp=0x000000951ceff070)
0x000000951ceff070:   0000000000000000 000001d51ef80130
0x000000951ceff080:   00007ffb2370c6e0 00007ffb2b1766d0
0x000000951ceff090:   000001d51ef80138 00007ffb858942d6
0x000000951ceff0a0:   00003e1078f73d78 000001d500000000
0x000000951ceff0b0:   000001d51ef80158 000001d51ef80130
0x000000951ceff0c0:   fffffffffffffffe 0000000000000000
0x000000951ceff0d0:   0000000000000001 00007ffb2b150000
0x000000951ceff0e0:   000000951ceff158 00007ffb858941fb
0x000000951ceff0f0:   0000000000000000 000000951ceff168
0x000000951ceff100:   000000951ceff440 00007ffb85970e40
0x000000951ceff110:   0000000000000001 00007ffb858941b4
0x000000951ceff120:   0000000000000000 0000000000000001
0x000000951ceff130:   00007ffb81b63300 000000951ceff158
0x000000951ceff140:   000000000000000d 00007ffb2b17655d
0x000000951ceff150:   00007ffb2b18fda8 00007ffb00000002
0x000000951ceff160:   0000000000000002 000000951ceff150
0x000000951ceff170:   0000000000000000 00007ffb88169993
0x000000951ceff180:   0000000000000000 00007ffb2b176682
0x000000951ceff190:   0000000000000001 0000000000000000
0x000000951ceff1a0:   0000000000000040 0000000000000001
0x000000951ceff1b0:   00007ffb7cc41d90 0000000000000000
0x000000951ceff1c0:   0000000000000001 00007ffb7cc42ef0
0x000000951ceff1d0:   00007ffb2b150000 000000007ffe0384
0x000000951ceff1e0:   0000000000000000 00007ffb88169a1d
0x000000951ceff1f0:   00007ffb2b150000 0000000000000000
0x000000951ceff200:   0000000000000001 000000007ffe0385
0x000000951ceff210:   0000000000000000 00007ffb881af331
0x000000951ceff220:   0000af63a44f6100 0000000000000014
0x000000951ceff230:   00007ffb2b1766d0 0000000000000000
0x000000951ceff240:   0000000000000000 000000951c3c1000
0x000000951ceff250:   000001d51d44dfe0 00007ffb881af1ca
0x000000951ceff260:   000001d51d44d180 00007ffb2b150000 

Instructions: (pc=0x00007ffb2b178e37)
0x00007ffb2b178d37:   8b 4d 58 e8 d9 ce ff ff 48 8b 4d 60 e8 d0 ce ff
0x00007ffb2b178d47:   ff 48 8b 95 80 00 00 00 48 8b 8d 18 01 00 00 e8
0x00007ffb2b178d57:   b6 c4 ff ff 33 d2 33 c9 e8 1c e1 ff ff 90 48 89
0x00007ffb2b178d67:   54 24 10 55 48 83 ec 20 48 8b ea 48 b8 00 00 00
0x00007ffb2b178d77:   00 00 00 00 00 48 83 c4 20 5d c3 cc 40 55 48 8b
0x00007ffb2b178d87:   ea 48 8b 01 33 c9 81 38 05 00 00 c0 0f 94 c1 8b
0x00007ffb2b178d97:   c1 5d c3 cc 40 55 48 83 ec 20 48 8b ea 8a 4d 40
0x00007ffb2b178da7:   48 83 c4 20 5d e9 c3 d2 ff ff cc 40 55 48 83 ec
0x00007ffb2b178db7:   20 48 8b ea 8a 4d 20 e8 b1 d2 ff ff 90 48 83 c4
0x00007ffb2b178dc7:   20 5d c3 cc 40 55 48 83 ec 20 48 8b ea 48 83 c4
0x00007ffb2b178dd7:   20 5d e9 12 d1 ff ff cc 40 55 48 83 ec 30 48 8b
0x00007ffb2b178de7:   ea 48 8b 01 8b 10 48 89 4c 24 28 89 54 24 20 4c
0x00007ffb2b178df7:   8d 0d b3 d5 ff ff 4c 8b 45 70 8b 55 68 48 8b 4d
0x00007ffb2b178e07:   60 e8 53 d0 ff ff 90 48 83 c4 30 5d c3 cc cc cc
0x00007ffb2b178e17:   cc cc cc cc cc cc cc cc cc 40 53 48 83 ec 20 48
0x00007ffb2b178e27:   8b 1d 2b 6a 01 00 48 85 db 74 16 e8 a9 8f ff ff
0x00007ffb2b178e37:   4c 8b 00 48 8b d3 48 8b c8 41 ff 90 b0 00 00 00
0x00007ffb2b178e47:   90 48 83 c4 20 5b c3 cc cc 40 53 48 83 ec 20 48
0x00007ffb2b178e57:   8b 1d 6b 6b 01 00 48 85 db 74 57 b8 ff ff ff ff
0x00007ffb2b178e67:   f0 0f c1 43 10 83 f8 01 75 3d 48 85 db 74 38 48
0x00007ffb2b178e77:   8b 0b 48 85 c9 74 0d ff 15 2c 14 00 00 48 c7 03
0x00007ffb2b178e87:   00 00 00 00 48 8b 4b 08 48 85 c9 74 0d e8 7f cd
0x00007ffb2b178e97:   ff ff 48 c7 43 08 00 00 00 00 ba 18 00 00 00 48
0x00007ffb2b178ea7:   8b cb e8 6a cd ff ff 48 c7 05 0f 6b 01 00 00 00
0x00007ffb2b178eb7:   00 00 48 83 c4 20 5b c3 cc 40 53 48 83 ec 20 48
0x00007ffb2b178ec7:   8b 1d db 6a 01 00 48 85 db 74 57 b8 ff ff ff ff
0x00007ffb2b178ed7:   f0 0f c1 43 10 83 f8 01 75 3d 48 85 db 74 38 48
0x00007ffb2b178ee7:   8b 0b 48 85 c9 74 0d ff 15 bc 13 00 00 48 c7 03
0x00007ffb2b178ef7:   00 00 00 00 48 8b 4b 08 48 85 c9 74 0d e8 0f cd
0x00007ffb2b178f07:   ff ff 48 c7 43 08 00 00 00 00 ba 18 00 00 00 48
0x00007ffb2b178f17:   8b cb e8 fa cc ff ff 48 c7 05 7f 6a 01 00 00 00
0x00007ffb2b178f27:   00 00 48 83 c4 20 5b c3 cc 40 53 48 83 ec 20 48 


Stack slot to memory mapping:

stack at sp + 0 slots: 0x0 is null
stack at sp + 1 slots: 0x000001d51ef80130 points into unknown readable memory: 0xe8003e6f83dc2a19 | 19 2a dc 83 6f 3e 00 e8
stack at sp + 2 slots: 0x00007ffb2370c6e0 jvm.dll
stack at sp + 3 slots: 0x00007ffb2b1766d0 points into unknown readable memory: 0x74894808245c8948 | 48 89 5c 24 08 48 89 74
stack at sp + 4 slots: 0x000001d51ef80138 points into unknown readable memory: 0x00003e1078f73d78 | 78 3d f7 78 10 3e 00 00
stack at sp + 5 slots: 0x00007ffb858942d6 ucrtbase.dll
stack at sp + 6 slots: 0x00003e1078f73d78 is an unknown value
stack at sp + 7 slots: 0x000001d500000000 is an unknown value

VM_Operation (0x000000951c5ff010): Exit, mode: safepoint, requested by thread 0x000001d52e03cd00


---------------  P R O C E S S  ---------------

Threads class SMR info:
_java_thread_list=0x000001d52e2f8a60, length=26, elements={
0x000001d4b75ac1e0, 0x000001d4d7523300, 0x000001d4d7525230, 0x000001d4d7527000,
0x000001d4d752a280, 0x000001d4d752ace0, 0x000001d4d752b740, 0x000001d4d753a240,
0x000001d4d753ed10, 0x000001d4d761c490, 0x000001d51e048890, 0x000001d51e048f00,
0x000001d51e3e9390, 0x000001d51e60e7c0, 0x000001d51e999e10, 0x000001d51eadc700,
0x000001d51ef8c040, 0x000001d51ef8d3f0, 0x000001d51e6547e0, 0x000001d51e656220,
0x000001d51e656f40, 0x000001d51e650640, 0x000001d51e650cd0, 0x000001d51e657c60,
0x000001d52e03b2c0, 0x000001d52e03cd00
}

Java Threads: ( => current thread )
  0x000001d4b75ac1e0 JavaThread "main"                              [_thread_blocked, id=27784, stack(0x000000951c700000,0x000000951c800000) (1024K)]
  0x000001d4d7523300 JavaThread "Reference Handler"          daemon [_thread_blocked, id=12692, stack(0x000000951cf00000,0x000000951d000000) (1024K)]
  0x000001d4d7525230 JavaThread "Finalizer"                  daemon [_thread_blocked, id=16940, stack(0x000000951d000000,0x000000951d100000) (1024K)]
  0x000001d4d7527000 JavaThread "Signal Dispatcher"          daemon [_thread_blocked, id=16500, stack(0x000000951d100000,0x000000951d200000) (1024K)]
  0x000001d4d752a280 JavaThread "Attach Listener"            daemon [_thread_blocked, id=27840, stack(0x000000951d200000,0x000000951d300000) (1024K)]
  0x000001d4d752ace0 JavaThread "Service Thread"             daemon [_thread_blocked, id=17996, stack(0x000000951d300000,0x000000951d400000) (1024K)]
  0x000001d4d752b740 JavaThread "Monitor Deflation Thread"   daemon [_thread_blocked, id=2028, stack(0x000000951d400000,0x000000951d500000) (1024K)]
  0x000001d4d753a240 JavaThread "C2 CompilerThread0"         daemon [_thread_blocked, id=2948, stack(0x000000951d500000,0x000000951d600000) (1024K)]
  0x000001d4d753ed10 JavaThread "C1 CompilerThread0"         daemon [_thread_blocked, id=13848, stack(0x000000951d600000,0x000000951d700000) (1024K)]
  0x000001d4d761c490 JavaThread "Common-Cleaner"             daemon [_thread_blocked, id=6544, stack(0x000000951d700000,0x000000951d800000) (1024K)]
  0x000001d51e048890 JavaThread "Monitor Ctrl-Break"         daemon [_thread_in_native, id=25508, stack(0x000000951df00000,0x000000951e000000) (1024K)]
  0x000001d51e048f00 JavaThread "Notification Thread"        daemon [_thread_blocked, id=1292, stack(0x000000951e000000,0x000000951e100000) (1024K)]
  0x000001d51e3e9390 JavaThread "QuantumRenderer-0"          daemon [_thread_blocked, id=23780, stack(0x000000951e100000,0x000000951e200000) (1024K)]
  0x000001d51e60e7c0 JavaThread "RMI TCP Accept-0"           daemon [_thread_in_native, id=20380, stack(0x000000951e300000,0x000000951e400000) (1024K)]
  0x000001d51e999e10 JavaThread "RMI TCP Connection(1)-172.19.0.1" daemon [_thread_in_native, id=17960, stack(0x000000951ec00000,0x000000951ed00000) (1024K)]
  0x000001d51eadc700 JavaThread "RMI Scheduler(0)"           daemon [_thread_blocked, id=28204, stack(0x000000951ed00000,0x000000951ee00000) (1024K)]
  0x000001d51ef8c040 JavaThread "JMX server connection timeout 43" daemon [_thread_blocked, id=24508, stack(0x000000951ee00000,0x000000951ef00000) (1024K)]
  0x000001d51ef8d3f0 JavaThread "InvokeLaterDispatcher"      daemon [_thread_blocked, id=26788, stack(0x000000951ef00000,0x000000951f000000) (1024K)]
  0x000001d51e6547e0 JavaThread "JavaFX Application Thread"         [_thread_in_native, id=812, stack(0x000000951f000000,0x000000951f100000) (1024K)]
  0x000001d51e656220 JavaThread "JavaFX-Launcher"                   [_thread_blocked, id=26300, stack(0x000000951f700000,0x000000951f800000) (1024K)]
  0x000001d51e656f40 JavaThread "Thread-2"                   daemon [_thread_in_native, id=25060, stack(0x000000951f600000,0x000000951f700000) (1024K)]
  0x000001d51e650640 JavaThread "Prism Font Disposer"        daemon [_thread_blocked, id=15340, stack(0x0000009520300000,0x0000009520400000) (1024K)]
  0x000001d51e650cd0 JavaThread "Cleaner-0"                  daemon [_thread_blocked, id=16612, stack(0x0000009520400000,0x0000009520500000) (1024K)]
  0x000001d51e657c60 JavaThread "Thread-3"                   daemon [_thread_in_native, id=4260, stack(0x000000951db00000,0x000000951dc00000) (1024K)]
  0x000001d52e03b2c0 JavaThread "Timer-0"                    daemon [_thread_blocked, id=26868, stack(0x000000951fb00000,0x000000951fc00000) (1024K)]
  0x000001d52e03cd00 JavaThread "SIGINT handler"             daemon [_thread_blocked, id=26832, stack(0x000000951c500000,0x000000951c600000) (1024K)]
Total: 26

Other Threads:
=>0x000001d4d750caf0 VMThread "VM Thread"                           [id=13164, stack(0x000000951ce00000,0x000000951cf00000) (1024K)]
  0x000001d4b7612860 WorkerThread "GC Thread#0"                     [id=7200, stack(0x000000951c800000,0x000000951c900000) (1024K)]
  0x000001d51e78e160 WorkerThread "GC Thread#1"                     [id=17212, stack(0x000000951e400000,0x000000951e500000) (1024K)]
  0x000001d51e004000 WorkerThread "GC Thread#2"                     [id=20556, stack(0x000000951e500000,0x000000951e600000) (1024K)]
  0x000001d51e0043b0 WorkerThread "GC Thread#3"                     [id=26092, stack(0x000000951e600000,0x000000951e700000) (1024K)]
  0x000001d51eba5f80 WorkerThread "GC Thread#4"                     [id=6852, stack(0x000000951e700000,0x000000951e800000) (1024K)]
  0x000001d51eba6330 WorkerThread "GC Thread#5"                     [id=27756, stack(0x000000951e800000,0x000000951e900000) (1024K)]
  0x000001d51eba66e0 WorkerThread "GC Thread#6"                     [id=23812, stack(0x000000951e900000,0x000000951ea00000) (1024K)]
  0x000001d51eba4d10 WorkerThread "GC Thread#7"                     [id=14988, stack(0x000000951ea00000,0x000000951eb00000) (1024K)]
  0x000001d51eba5470 WorkerThread "GC Thread#8"                     [id=13400, stack(0x000000951eb00000,0x000000951ec00000) (1024K)]
  0x000001d51da276a0 WorkerThread "GC Thread#9"                     [id=9164, stack(0x000000951fc00000,0x000000951fd00000) (1024K)]
  0x000001d51da26080 WorkerThread "GC Thread#10"                    [id=13200, stack(0x000000951fd00000,0x000000951fe00000) (1024K)]
  0x000001d51da24300 WorkerThread "GC Thread#11"                    [id=14196, stack(0x000000951fe00000,0x000000951ff00000) (1024K)]
  0x000001d51da26430 WorkerThread "GC Thread#12"                    [id=28624, stack(0x000000951ff00000,0x0000009520000000) (1024K)]
  0x000001d4b7628300 ConcurrentGCThread "G1 Main Marker"            terminated
  0x000001d4b7629620 WorkerThread "G1 Conc#0"                       [id=16608, stack(0x000000951ca00000,0x000000951cb00000) (1024K)]
  0x000001d52df92710 WorkerThread "G1 Conc#1"                       [id=28020, stack(0x000000951da00000,0x000000951db00000) (1024K)]
  0x000001d52df914a0 WorkerThread "G1 Conc#2"                       [id=17640, stack(0x000000951f900000,0x000000951fa00000) (1024K)]
  0x000001d4d73d3bf0 ConcurrentGCThread "G1 Refine#0"               terminated
  0x000001d4d73d4680 ConcurrentGCThread "G1 Service"                terminated
Total: 20

Threads with active compile tasks:
Total: 0

VM state: at safepoint (shutting down)

VM Mutex/Monitor currently owned by a thread:  ([mutex/lock_event])
[0x00007ffb236e4888] Threads_lock - owner thread: 0x000001d4d750caf0
[0x00007ffb236e4988] Heap_lock - owner thread: 0x000001d52e03cd00

Heap address: 0x0000000705e00000, size: 4002 MB, Compressed Oops mode: Zero based, Oop shift amount: 3

CDS archive(s) mapped at: [0x000001d4d8000000-0x000001d4d8d70000-0x000001d4d8d70000), size 14090240, SharedBaseAddress: 0x000001d4d8000000, ArchiveRelocationMode: 1.
Compressed class space mapped at: 0x000001d4d9000000-0x000001d519000000, reserved size: 1073741824
Narrow klass base: 0x000001d4d8000000, Narrow klass shift: 0, Narrow klass range: 0x41000000

GC Precious Log:
 CardTable entry size: 512
 Card Set container configuration: InlinePtr #cards 4 size 8 Array Of Cards #cards 16 size 48 Howl #buckets 8 coarsen threshold 3686 Howl Bitmap #cards 512 size 80 coarsen threshold 460 Card regions per heap region 1 cards per card region 4096
 CPUs: 16 total, 16 available
 Memory: 16005M
 Large Page Support: Disabled
 NUMA Support: Disabled
 Compressed Oops: Enabled (Zero based)
 Heap Region Size: 2M
 Heap Min Capacity: 8M
 Heap Initial Capacity: 252M
 Heap Max Capacity: 4002M
 Pre-touch: Disabled
 Parallel Workers: 13
 Concurrent Workers: 3
 Concurrent Refinement Workers: 13
 Periodic GC: Disabled

Heap:
 garbage-first heap   total reserved 4098048K, committed 325632K, used 218120K [0x0000000705e00000, 0x0000000800000000)
  region size 2048K, 57 young (116736K), 2 survivors (4096K)
 Metaspace       used 29968K, committed 30464K, reserved 1114112K
  class space    used 4093K, committed 4352K, reserved 1048576K

Heap Regions: E=young(eden), S=young(survivor), O=old, HS=humongous(starts), HC=humongous(continues), CS=collection set, F=free, TAMS=top-at-mark-start, PB=parsable bottom
|   0|0x0000000705e00000, 0x0000000706000000, 0x0000000706000000|100%| O|  |TAMS 0x0000000705e00000| PB 0x0000000705e00000| Untracked |  0
|   1|0x0000000706000000, 0x0000000706200000, 0x0000000706200000|100%|HS|  |TAMS 0x0000000706000000| PB 0x0000000706000000| Complete |  0
|   2|0x0000000706200000, 0x0000000706400000, 0x0000000706400000|100%| O|  |TAMS 0x0000000706200000| PB 0x0000000706200000| Untracked |  0
|   3|0x0000000706400000, 0x0000000706400000, 0x0000000706600000|  0%| F|  |TAMS 0x0000000706400000| PB 0x0000000706400000| Untracked |  0
|   4|0x0000000706600000, 0x0000000706800000, 0x0000000706800000|100%|HS|  |TAMS 0x0000000706600000| PB 0x0000000706600000| Complete |  0
|   5|0x0000000706800000, 0x0000000706a00000, 0x0000000706a00000|100%|HC|  |TAMS 0x0000000706800000| PB 0x0000000706800000| Complete |  0
|   6|0x0000000706a00000, 0x0000000706c00000, 0x0000000706c00000|100%|HC|  |TAMS 0x0000000706a00000| PB 0x0000000706a00000| Complete |  0
|   7|0x0000000706c00000, 0x0000000706e00000, 0x0000000706e00000|100%|HC|  |TAMS 0x0000000706c00000| PB 0x0000000706c00000| Complete |  0
|   8|0x0000000706e00000, 0x0000000707000000, 0x0000000707000000|100%|HS|  |TAMS 0x0000000706e00000| PB 0x0000000706e00000| Complete |  0
|   9|0x0000000707000000, 0x0000000707200000, 0x0000000707200000|100%|HC|  |TAMS 0x0000000707000000| PB 0x0000000707000000| Complete |  0
|  10|0x0000000707200000, 0x0000000707400000, 0x0000000707400000|100%|HS|  |TAMS 0x0000000707200000| PB 0x0000000707200000| Complete |  0
|  11|0x0000000707400000, 0x0000000707600000, 0x0000000707600000|100%|HC|  |TAMS 0x0000000707400000| PB 0x0000000707400000| Complete |  0
|  12|0x0000000707600000, 0x0000000707600000, 0x0000000707800000|  0%| F|  |TAMS 0x0000000707600000| PB 0x0000000707600000| Untracked |  0
|  13|0x0000000707800000, 0x0000000707a00000, 0x0000000707a00000|100%|HS|  |TAMS 0x0000000707800000| PB 0x0000000707800000| Complete |  0
|  14|0x0000000707a00000, 0x0000000707c00000, 0x0000000707c00000|100%|HC|  |TAMS 0x0000000707a00000| PB 0x0000000707a00000| Complete |  0
|  15|0x0000000707c00000, 0x0000000707c00000, 0x0000000707e00000|  0%| F|  |TAMS 0x0000000707c00000| PB 0x0000000707c00000| Untracked |  0
|  16|0x0000000707e00000, 0x0000000708000000, 0x0000000708000000|100%|HS|  |TAMS 0x0000000707e00000| PB 0x0000000707e00000| Complete |  0
|  17|0x0000000708000000, 0x0000000708200000, 0x0000000708200000|100%|HS|  |TAMS 0x0000000708000000| PB 0x0000000708000000| Complete |  0
|  18|0x0000000708200000, 0x0000000708400000, 0x0000000708400000|100%|HC|  |TAMS 0x0000000708200000| PB 0x0000000708200000| Complete |  0
|  19|0x0000000708400000, 0x0000000708400000, 0x0000000708600000|  0%| F|  |TAMS 0x0000000708400000| PB 0x0000000708400000| Untracked |  0
|  20|0x0000000708600000, 0x0000000708800000, 0x0000000708800000|100%|HS|  |TAMS 0x0000000708600000| PB 0x0000000708600000| Complete |  0
|  21|0x0000000708800000, 0x0000000708a00000, 0x0000000708a00000|100%|HC|  |TAMS 0x0000000708800000| PB 0x0000000708800000| Complete |  0
|  22|0x0000000708a00000, 0x0000000708c00000, 0x0000000708c00000|100%|HS|  |TAMS 0x0000000708a00000| PB 0x0000000708a00000| Complete |  0
|  23|0x0000000708c00000, 0x0000000708e00000, 0x0000000708e00000|100%|HS|  |TAMS 0x0000000708c00000| PB 0x0000000708c00000| Complete |  0
|  24|0x0000000708e00000, 0x0000000709000000, 0x0000000709000000|100%|HC|  |TAMS 0x0000000708e00000| PB 0x0000000708e00000| Complete |  0
|  25|0x0000000709000000, 0x0000000709200000, 0x0000000709200000|100%|HS|  |TAMS 0x0000000709000000| PB 0x0000000709000000| Complete |  0
|  26|0x0000000709200000, 0x0000000709400000, 0x0000000709400000|100%|HS|  |TAMS 0x0000000709200000| PB 0x0000000709200000| Complete |  0
|  27|0x0000000709400000, 0x0000000709600000, 0x0000000709600000|100%|HC|  |TAMS 0x0000000709400000| PB 0x0000000709400000| Complete |  0
|  28|0x0000000709600000, 0x0000000709800000, 0x0000000709800000|100%|HS|  |TAMS 0x0000000709600000| PB 0x0000000709600000| Complete |  0
|  29|0x0000000709800000, 0x0000000709a00000, 0x0000000709a00000|100%|HC|  |TAMS 0x0000000709800000| PB 0x0000000709800000| Complete |  0
|  30|0x0000000709a00000, 0x0000000709c00000, 0x0000000709c00000|100%|HS|  |TAMS 0x0000000709a00000| PB 0x0000000709a00000| Complete |  0
|  31|0x0000000709c00000, 0x0000000709e00000, 0x0000000709e00000|100%|HS|  |TAMS 0x0000000709c00000| PB 0x0000000709c00000| Complete |  0
|  32|0x0000000709e00000, 0x0000000709e00000, 0x000000070a000000|  0%| F|  |TAMS 0x0000000709e00000| PB 0x0000000709e00000| Untracked |  0
|  33|0x000000070a000000, 0x000000070a000000, 0x000000070a200000|  0%| F|  |TAMS 0x000000070a000000| PB 0x000000070a000000| Untracked |  0
|  34|0x000000070a200000, 0x000000070a400000, 0x000000070a400000|100%|HS|  |TAMS 0x000000070a200000| PB 0x000000070a200000| Complete |  0
|  35|0x000000070a400000, 0x000000070a600000, 0x000000070a600000|100%|HC|  |TAMS 0x000000070a400000| PB 0x000000070a400000| Complete |  0
|  36|0x000000070a600000, 0x000000070a800000, 0x000000070a800000|100%|HS|  |TAMS 0x000000070a600000| PB 0x000000070a600000| Complete |  0
|  37|0x000000070a800000, 0x000000070aa00000, 0x000000070aa00000|100%|HS|  |TAMS 0x000000070a800000| PB 0x000000070a800000| Complete |  0
|  38|0x000000070aa00000, 0x000000070ac00000, 0x000000070ac00000|100%|HC|  |TAMS 0x000000070aa00000| PB 0x000000070aa00000| Complete |  0
|  39|0x000000070ac00000, 0x000000070ac00000, 0x000000070ae00000|  0%| F|  |TAMS 0x000000070ac00000| PB 0x000000070ac00000| Untracked |  0
|  40|0x000000070ae00000, 0x000000070b000000, 0x000000070b000000|100%|HS|  |TAMS 0x000000070ae00000| PB 0x000000070ae00000| Complete |  0
|  41|0x000000070b000000, 0x000000070b200000, 0x000000070b200000|100%|HC|  |TAMS 0x000000070b000000| PB 0x000000070b000000| Complete |  0
|  42|0x000000070b200000, 0x000000070b400000, 0x000000070b400000|100%|HS|  |TAMS 0x000000070b200000| PB 0x000000070b200000| Complete |  0
|  43|0x000000070b400000, 0x000000070b400000, 0x000000070b600000|  0%| F|  |TAMS 0x000000070b400000| PB 0x000000070b400000| Untracked |  0
|  44|0x000000070b600000, 0x000000070b600000, 0x000000070b800000|  0%| F|  |TAMS 0x000000070b600000| PB 0x000000070b600000| Untracked |  0
|  45|0x000000070b800000, 0x000000070b800000, 0x000000070ba00000|  0%| F|  |TAMS 0x000000070b800000| PB 0x000000070b800000| Untracked |  0
|  46|0x000000070ba00000, 0x000000070bc00000, 0x000000070bc00000|100%|HS|  |TAMS 0x000000070ba00000| PB 0x000000070ba00000| Complete |  0
|  47|0x000000070bc00000, 0x000000070be00000, 0x000000070be00000|100%|HC|  |TAMS 0x000000070bc00000| PB 0x000000070bc00000| Complete |  0
|  48|0x000000070be00000, 0x000000070be00000, 0x000000070c000000|  0%| F|  |TAMS 0x000000070be00000| PB 0x000000070be00000| Untracked |  0
|  49|0x000000070c000000, 0x000000070c200000, 0x000000070c200000|100%|HS|  |TAMS 0x000000070c000000| PB 0x000000070c000000| Complete |  0
|  50|0x000000070c200000, 0x000000070c400000, 0x000000070c400000|100%|HC|  |TAMS 0x000000070c200000| PB 0x000000070c200000| Complete |  0
|  51|0x000000070c400000, 0x000000070c400000, 0x000000070c600000|  0%| F|  |TAMS 0x000000070c400000| PB 0x000000070c400000| Untracked |  0
|  52|0x000000070c600000, 0x000000070c600000, 0x000000070c800000|  0%| F|  |TAMS 0x000000070c600000| PB 0x000000070c600000| Untracked |  0
|  53|0x000000070c800000, 0x000000070ca00000, 0x000000070ca00000|100%|HS|  |TAMS 0x000000070c800000| PB 0x000000070c800000| Complete |  0
|  54|0x000000070ca00000, 0x000000070cc00000, 0x000000070cc00000|100%|HC|  |TAMS 0x000000070ca00000| PB 0x000000070ca00000| Complete |  0
|  55|0x000000070cc00000, 0x000000070ce00000, 0x000000070ce00000|100%|HS|  |TAMS 0x000000070cc00000| PB 0x000000070cc00000| Complete |  0
|  56|0x000000070ce00000, 0x000000070ce00000, 0x000000070d000000|  0%| F|  |TAMS 0x000000070ce00000| PB 0x000000070ce00000| Untracked |  0
|  57|0x000000070d000000, 0x000000070d000000, 0x000000070d200000|  0%| F|  |TAMS 0x000000070d000000| PB 0x000000070d000000| Untracked |  0
|  58|0x000000070d200000, 0x000000070d200000, 0x000000070d400000|  0%| F|  |TAMS 0x000000070d200000| PB 0x000000070d200000| Untracked |  0
|  59|0x000000070d400000, 0x000000070d400000, 0x000000070d600000|  0%| F|  |TAMS 0x000000070d400000| PB 0x000000070d400000| Untracked |  0
|  60|0x000000070d600000, 0x000000070d600000, 0x000000070d800000|  0%| F|  |TAMS 0x000000070d600000| PB 0x000000070d600000| Untracked |  0
|  61|0x000000070d800000, 0x000000070d8de1e0, 0x000000070da00000| 43%| S|CS|TAMS 0x000000070d800000| PB 0x000000070d800000| Complete |  0
|  62|0x000000070da00000, 0x000000070dc00000, 0x000000070dc00000|100%| S|CS|TAMS 0x000000070da00000| PB 0x000000070da00000| Complete |  0
|  63|0x000000070dc00000, 0x000000070dc00000, 0x000000070de00000|  0%| F|  |TAMS 0x000000070dc00000| PB 0x000000070dc00000| Untracked |  0
|  64|0x000000070de00000, 0x000000070de00000, 0x000000070e000000|  0%| F|  |TAMS 0x000000070de00000| PB 0x000000070de00000| Untracked |  0
|  65|0x000000070e000000, 0x000000070e000000, 0x000000070e200000|  0%| F|  |TAMS 0x000000070e000000| PB 0x000000070e000000| Untracked |  0
|  66|0x000000070e200000, 0x000000070e200000, 0x000000070e400000|  0%| F|  |TAMS 0x000000070e200000| PB 0x000000070e200000| Untracked |  0
|  67|0x000000070e400000, 0x000000070e400000, 0x000000070e600000|  0%| F|  |TAMS 0x000000070e400000| PB 0x000000070e400000| Untracked |  0
|  68|0x000000070e600000, 0x000000070e600000, 0x000000070e800000|  0%| F|  |TAMS 0x000000070e600000| PB 0x000000070e600000| Untracked |  0
|  69|0x000000070e800000, 0x000000070e800000, 0x000000070ea00000|  0%| F|  |TAMS 0x000000070e800000| PB 0x000000070e800000| Untracked |  0
|  70|0x000000070ea00000, 0x000000070ea00000, 0x000000070ec00000|  0%| F|  |TAMS 0x000000070ea00000| PB 0x000000070ea00000| Untracked |  0
|  71|0x000000070ec00000, 0x000000070ec00000, 0x000000070ee00000|  0%| F|  |TAMS 0x000000070ec00000| PB 0x000000070ec00000| Untracked |  0
|  72|0x000000070ee00000, 0x000000070ee00000, 0x000000070f000000|  0%| F|  |TAMS 0x000000070ee00000| PB 0x000000070ee00000| Untracked |  0
|  73|0x000000070f000000, 0x000000070f000000, 0x000000070f200000|  0%| F|  |TAMS 0x000000070f000000| PB 0x000000070f000000| Untracked |  0
|  74|0x000000070f200000, 0x000000070f200000, 0x000000070f400000|  0%| F|  |TAMS 0x000000070f200000| PB 0x000000070f200000| Untracked |  0
|  75|0x000000070f400000, 0x000000070f400000, 0x000000070f600000|  0%| F|  |TAMS 0x000000070f400000| PB 0x000000070f400000| Untracked |  0
|  76|0x000000070f600000, 0x000000070f600000, 0x000000070f800000|  0%| F|  |TAMS 0x000000070f600000| PB 0x000000070f600000| Untracked |  0
|  77|0x000000070f800000, 0x000000070f800000, 0x000000070fa00000|  0%| F|  |TAMS 0x000000070f800000| PB 0x000000070f800000| Untracked |  0
|  78|0x000000070fa00000, 0x000000070fa00000, 0x000000070fc00000|  0%| F|  |TAMS 0x000000070fa00000| PB 0x000000070fa00000| Untracked |  0
|  79|0x000000070fc00000, 0x000000070fc00000, 0x000000070fe00000|  0%| F|  |TAMS 0x000000070fc00000| PB 0x000000070fc00000| Untracked |  0
|  80|0x000000070fe00000, 0x000000070fe00000, 0x0000000710000000|  0%| F|  |TAMS 0x000000070fe00000| PB 0x000000070fe00000| Untracked |  0
|  81|0x0000000710000000, 0x0000000710000000, 0x0000000710200000|  0%| F|  |TAMS 0x0000000710000000| PB 0x0000000710000000| Untracked |  0
|  82|0x0000000710200000, 0x0000000710200000, 0x0000000710400000|  0%| F|  |TAMS 0x0000000710200000| PB 0x0000000710200000| Untracked |  0
|  83|0x0000000710400000, 0x0000000710400000, 0x0000000710600000|  0%| F|  |TAMS 0x0000000710400000| PB 0x0000000710400000| Untracked |  0
|  84|0x0000000710600000, 0x0000000710600000, 0x0000000710800000|  0%| F|  |TAMS 0x0000000710600000| PB 0x0000000710600000| Untracked |  0
|  85|0x0000000710800000, 0x0000000710800000, 0x0000000710a00000|  0%| F|  |TAMS 0x0000000710800000| PB 0x0000000710800000| Untracked |  0
|  86|0x0000000710a00000, 0x0000000710a00000, 0x0000000710c00000|  0%| F|  |TAMS 0x0000000710a00000| PB 0x0000000710a00000| Untracked |  0
|  87|0x0000000710c00000, 0x0000000710c00000, 0x0000000710e00000|  0%| F|  |TAMS 0x0000000710c00000| PB 0x0000000710c00000| Untracked |  0
|  88|0x0000000710e00000, 0x0000000710e00000, 0x0000000711000000|  0%| F|  |TAMS 0x0000000710e00000| PB 0x0000000710e00000| Untracked |  0
|  89|0x0000000711000000, 0x0000000711000000, 0x0000000711200000|  0%| F|  |TAMS 0x0000000711000000| PB 0x0000000711000000| Untracked |  0
|  90|0x0000000711200000, 0x0000000711200000, 0x0000000711400000|  0%| F|  |TAMS 0x0000000711200000| PB 0x0000000711200000| Untracked |  0
|  91|0x0000000711400000, 0x0000000711400000, 0x0000000711600000|  0%| F|  |TAMS 0x0000000711400000| PB 0x0000000711400000| Untracked |  0
|  92|0x0000000711600000, 0x0000000711600000, 0x0000000711800000|  0%| F|  |TAMS 0x0000000711600000| PB 0x0000000711600000| Untracked |  0
|  93|0x0000000711800000, 0x0000000711800000, 0x0000000711a00000|  0%| F|  |TAMS 0x0000000711800000| PB 0x0000000711800000| Untracked |  0
|  94|0x0000000711a00000, 0x0000000711a00000, 0x0000000711c00000|  0%| F|  |TAMS 0x0000000711a00000| PB 0x0000000711a00000| Untracked |  0
|  95|0x0000000711c00000, 0x0000000711df3bd8, 0x0000000711e00000| 97%| E|  |TAMS 0x0000000711c00000| PB 0x0000000711c00000| Complete |  0
|  96|0x0000000711e00000, 0x0000000712000000, 0x0000000712000000|100%| E|CS|TAMS 0x0000000711e00000| PB 0x0000000711e00000| Complete |  0
|  97|0x0000000712000000, 0x0000000712200000, 0x0000000712200000|100%| E|CS|TAMS 0x0000000712000000| PB 0x0000000712000000| Complete |  0
|  98|0x0000000712200000, 0x0000000712400000, 0x0000000712400000|100%| E|CS|TAMS 0x0000000712200000| PB 0x0000000712200000| Complete |  0
|  99|0x0000000712400000, 0x0000000712600000, 0x0000000712600000|100%| E|CS|TAMS 0x0000000712400000| PB 0x0000000712400000| Complete |  0
| 100|0x0000000712600000, 0x0000000712800000, 0x0000000712800000|100%| E|CS|TAMS 0x0000000712600000| PB 0x0000000712600000| Complete |  0
| 101|0x0000000712800000, 0x0000000712a00000, 0x0000000712a00000|100%| E|CS|TAMS 0x0000000712800000| PB 0x0000000712800000| Complete |  0
| 102|0x0000000712a00000, 0x0000000712c00000, 0x0000000712c00000|100%| E|CS|TAMS 0x0000000712a00000| PB 0x0000000712a00000| Complete |  0
| 103|0x0000000712c00000, 0x0000000712e00000, 0x0000000712e00000|100%| E|CS|TAMS 0x0000000712c00000| PB 0x0000000712c00000| Complete |  0
| 104|0x0000000712e00000, 0x0000000713000000, 0x0000000713000000|100%| E|CS|TAMS 0x0000000712e00000| PB 0x0000000712e00000| Complete |  0
| 105|0x0000000713000000, 0x0000000713200000, 0x0000000713200000|100%| E|CS|TAMS 0x0000000713000000| PB 0x0000000713000000| Complete |  0
| 106|0x0000000713200000, 0x0000000713400000, 0x0000000713400000|100%| E|CS|TAMS 0x0000000713200000| PB 0x0000000713200000| Complete |  0
| 107|0x0000000713400000, 0x0000000713600000, 0x0000000713600000|100%| E|CS|TAMS 0x0000000713400000| PB 0x0000000713400000| Complete |  0
| 108|0x0000000713600000, 0x0000000713800000, 0x0000000713800000|100%| E|CS|TAMS 0x0000000713600000| PB 0x0000000713600000| Complete |  0
| 109|0x0000000713800000, 0x0000000713a00000, 0x0000000713a00000|100%| E|CS|TAMS 0x0000000713800000| PB 0x0000000713800000| Complete |  0
| 110|0x0000000713a00000, 0x0000000713c00000, 0x0000000713c00000|100%| E|CS|TAMS 0x0000000713a00000| PB 0x0000000713a00000| Complete |  0
| 111|0x0000000713c00000, 0x0000000713e00000, 0x0000000713e00000|100%| E|CS|TAMS 0x0000000713c00000| PB 0x0000000713c00000| Complete |  0
| 112|0x0000000713e00000, 0x0000000714000000, 0x0000000714000000|100%| E|CS|TAMS 0x0000000713e00000| PB 0x0000000713e00000| Complete |  0
| 113|0x0000000714000000, 0x0000000714200000, 0x0000000714200000|100%| E|CS|TAMS 0x0000000714000000| PB 0x0000000714000000| Complete |  0
| 114|0x0000000714200000, 0x0000000714400000, 0x0000000714400000|100%| E|CS|TAMS 0x0000000714200000| PB 0x0000000714200000| Complete |  0
| 115|0x0000000714400000, 0x0000000714600000, 0x0000000714600000|100%| E|CS|TAMS 0x0000000714400000| PB 0x0000000714400000| Complete |  0
| 116|0x0000000714600000, 0x0000000714800000, 0x0000000714800000|100%| E|CS|TAMS 0x0000000714600000| PB 0x0000000714600000| Complete |  0
| 117|0x0000000714800000, 0x0000000714a00000, 0x0000000714a00000|100%| E|CS|TAMS 0x0000000714800000| PB 0x0000000714800000| Complete |  0
| 118|0x0000000714a00000, 0x0000000714c00000, 0x0000000714c00000|100%| E|CS|TAMS 0x0000000714a00000| PB 0x0000000714a00000| Complete |  0
| 119|0x0000000714c00000, 0x0000000714e00000, 0x0000000714e00000|100%| E|CS|TAMS 0x0000000714c00000| PB 0x0000000714c00000| Complete |  0
| 120|0x0000000714e00000, 0x0000000715000000, 0x0000000715000000|100%| E|CS|TAMS 0x0000000714e00000| PB 0x0000000714e00000| Complete |  0
| 121|0x0000000715000000, 0x0000000715200000, 0x0000000715200000|100%| E|CS|TAMS 0x0000000715000000| PB 0x0000000715000000| Complete |  0
| 122|0x0000000715200000, 0x0000000715400000, 0x0000000715400000|100%| E|CS|TAMS 0x0000000715200000| PB 0x0000000715200000| Complete |  0
| 123|0x0000000715400000, 0x0000000715600000, 0x0000000715600000|100%| E|CS|TAMS 0x0000000715400000| PB 0x0000000715400000| Complete |  0
| 124|0x0000000715600000, 0x0000000715800000, 0x0000000715800000|100%| E|CS|TAMS 0x0000000715600000| PB 0x0000000715600000| Complete |  0
| 125|0x0000000715800000, 0x0000000715a00000, 0x0000000715a00000|100%| E|CS|TAMS 0x0000000715800000| PB 0x0000000715800000| Complete |  0
| 126|0x0000000715a00000, 0x0000000715c00000, 0x0000000715c00000|100%| E|CS|TAMS 0x0000000715a00000| PB 0x0000000715a00000| Complete |  0
| 127|0x0000000715c00000, 0x0000000715e00000, 0x0000000715e00000|100%| E|CS|TAMS 0x0000000715c00000| PB 0x0000000715c00000| Complete |  0
| 128|0x0000000715e00000, 0x0000000716000000, 0x0000000716000000|100%| E|CS|TAMS 0x0000000715e00000| PB 0x0000000715e00000| Complete |  0
| 129|0x0000000716000000, 0x0000000716200000, 0x0000000716200000|100%| E|CS|TAMS 0x0000000716000000| PB 0x0000000716000000| Complete |  0
| 130|0x0000000716200000, 0x0000000716400000, 0x0000000716400000|100%| E|CS|TAMS 0x0000000716200000| PB 0x0000000716200000| Complete |  0
| 131|0x0000000716400000, 0x0000000716600000, 0x0000000716600000|100%| E|CS|TAMS 0x0000000716400000| PB 0x0000000716400000| Complete |  0
| 132|0x0000000716600000, 0x0000000716800000, 0x0000000716800000|100%| E|CS|TAMS 0x0000000716600000| PB 0x0000000716600000| Complete |  0
| 133|0x0000000716800000, 0x0000000716a00000, 0x0000000716a00000|100%| E|CS|TAMS 0x0000000716800000| PB 0x0000000716800000| Complete |  0
| 134|0x0000000716a00000, 0x0000000716c00000, 0x0000000716c00000|100%| E|CS|TAMS 0x0000000716a00000| PB 0x0000000716a00000| Complete |  0
| 135|0x0000000716c00000, 0x0000000716e00000, 0x0000000716e00000|100%| E|CS|TAMS 0x0000000716c00000| PB 0x0000000716c00000| Complete |  0
| 136|0x0000000716e00000, 0x0000000717000000, 0x0000000717000000|100%| E|CS|TAMS 0x0000000716e00000| PB 0x0000000716e00000| Complete |  0
| 137|0x0000000717000000, 0x0000000717200000, 0x0000000717200000|100%| E|CS|TAMS 0x0000000717000000| PB 0x0000000717000000| Complete |  0
| 138|0x0000000717200000, 0x0000000717400000, 0x0000000717400000|100%| E|CS|TAMS 0x0000000717200000| PB 0x0000000717200000| Complete |  0
| 139|0x0000000717400000, 0x0000000717600000, 0x0000000717600000|100%| E|CS|TAMS 0x0000000717400000| PB 0x0000000717400000| Complete |  0
| 140|0x0000000717600000, 0x0000000717800000, 0x0000000717800000|100%| E|CS|TAMS 0x0000000717600000| PB 0x0000000717600000| Complete |  0
| 141|0x0000000717800000, 0x0000000717a00000, 0x0000000717a00000|100%| E|CS|TAMS 0x0000000717800000| PB 0x0000000717800000| Complete |  0
| 142|0x0000000717a00000, 0x0000000717c00000, 0x0000000717c00000|100%| E|CS|TAMS 0x0000000717a00000| PB 0x0000000717a00000| Complete |  0
| 143|0x0000000717c00000, 0x0000000717e00000, 0x0000000717e00000|100%| E|CS|TAMS 0x0000000717c00000| PB 0x0000000717c00000| Complete |  0
| 144|0x0000000717e00000, 0x0000000718000000, 0x0000000718000000|100%| E|CS|TAMS 0x0000000717e00000| PB 0x0000000717e00000| Complete |  0
| 145|0x0000000718000000, 0x0000000718200000, 0x0000000718200000|100%| E|CS|TAMS 0x0000000718000000| PB 0x0000000718000000| Complete |  0
| 146|0x0000000718200000, 0x0000000718400000, 0x0000000718400000|100%| E|CS|TAMS 0x0000000718200000| PB 0x0000000718200000| Complete |  0
| 147|0x0000000718400000, 0x0000000718600000, 0x0000000718600000|100%| E|CS|TAMS 0x0000000718400000| PB 0x0000000718400000| Complete |  0
| 148|0x0000000718600000, 0x0000000718800000, 0x0000000718800000|100%| E|CS|TAMS 0x0000000718600000| PB 0x0000000718600000| Complete |  0
|1991|0x00000007fec00000, 0x00000007fec24120, 0x00000007fee00000|  7%| O|  |TAMS 0x00000007fec00000| PB 0x00000007fec00000| Untracked |  0
|1992|0x00000007fee00000, 0x00000007ff000000, 0x00000007ff000000|100%| O|  |TAMS 0x00000007fee00000| PB 0x00000007fee00000| Untracked |  0
|1993|0x00000007ff000000, 0x00000007ff200000, 0x00000007ff200000|100%| O|  |TAMS 0x00000007ff000000| PB 0x00000007ff000000| Untracked |  0
|1994|0x00000007ff200000, 0x00000007ff400000, 0x00000007ff400000|100%| E|CS|TAMS 0x00000007ff200000| PB 0x00000007ff200000| Complete |  0
|1995|0x00000007ff400000, 0x00000007ff600000, 0x00000007ff600000|100%| O|  |TAMS 0x00000007ff400000| PB 0x00000007ff400000| Untracked |  0
|1996|0x00000007ff600000, 0x00000007ff800000, 0x00000007ff800000|100%| O|  |TAMS 0x00000007ff600000| PB 0x00000007ff600000| Untracked |  0
|1997|0x00000007ff800000, 0x00000007ffa00000, 0x00000007ffa00000|100%| O|  |TAMS 0x00000007ff800000| PB 0x00000007ff800000| Untracked |  0
|1998|0x00000007ffa00000, 0x00000007ffc00000, 0x00000007ffc00000|100%| O|  |TAMS 0x00000007ffa00000| PB 0x00000007ffa00000| Untracked |  0
|1999|0x00000007ffc00000, 0x00000007ffe00000, 0x00000007ffe00000|100%| O|  |TAMS 0x00000007ffc00000| PB 0x00000007ffc00000| Untracked |  0
|2000|0x00000007ffe00000, 0x0000000800000000, 0x0000000800000000|100%| O|  |TAMS 0x00000007ffe00000| PB 0x00000007ffe00000| Untracked |  0

Card table byte_map: [0x000001d4cfe60000,0x000001d4d0640000] _byte_map_base: 0x000001d4cc631000

Marking Bits: (CMBitMap*) 0x000001d4b7613f80
 Bits: [0x000001d4d0640000, 0x000001d4d44c8000)

Polling page: 0x000001d4b5470000

Metaspace:

Usage:
  Non-class:     25.27 MB used.
      Class:      4.00 MB used.
       Both:     29.27 MB used.

Virtual space:
  Non-class space:       64.00 MB reserved,      25.50 MB ( 40%) committed,  1 nodes.
      Class space:        1.00 GB reserved,       4.25 MB ( <1%) committed,  1 nodes.
             Both:        1.06 GB reserved,      29.75 MB (  3%) committed. 

Chunk freelists:
   Non-Class:  5.97 MB
       Class:  11.81 MB
        Both:  17.77 MB

MaxMetaspaceSize: unlimited
CompressedClassSpaceSize: 1.00 GB
Initial GC threshold: 21.00 MB
Current GC threshold: 48.75 MB
CDS: on
 - commit_granule_bytes: 65536.
 - commit_granule_words: 8192.
 - virtual_space_node_default_size: 8388608.
 - enlarge_chunks_in_place: 1.
 - use_allocation_guard: 0.


Internal statistics:

num_allocs_failed_limit: 3.
num_arena_births: 634.
num_arena_deaths: 0.
num_vsnodes_births: 2.
num_vsnodes_deaths: 0.
num_space_committed: 476.
num_space_uncommitted: 0.
num_chunks_returned_to_freelist: 3.
num_chunks_taken_from_freelist: 1531.
num_chunk_merges: 3.
num_chunk_splits: 1000.
num_chunks_enlarged: 674.
num_inconsistent_stats: 0.

CodeHeap 'non-profiled nmethods': size=119232Kb used=3873Kb max_used=3873Kb free=115358Kb
 bounds [0x000001d4c7880000, 0x000001d4c7c50000, 0x000001d4cecf0000]
CodeHeap 'profiled nmethods': size=119104Kb used=11551Kb max_used=11919Kb free=107552Kb
 bounds [0x000001d4bfcf0000, 0x000001d4c08b0000, 0x000001d4c7140000]
CodeHeap 'non-nmethods': size=7424Kb used=1894Kb max_used=3646Kb free=5529Kb
 bounds [0x000001d4c7140000, 0x000001d4c74e0000, 0x000001d4c7880000]
CodeCache: size=245760Kb, used=17318Kb, max_used=19438Kb, free=228439Kb
 total_blobs=8438, nmethods=7523, adapters=819, full_count=0
Compilation: enabled, stopped_count=0, restarted_count=0

Compilation events (20 events):
Event: 130.030 Thread 0x000001d51d188c60 nmethod 8884 0x000001d4c0184688 code [0x000001d4c01847c0, 0x000001d4c0184ab0]
Event: 130.030 Thread 0x000001d51d188c60 8885   !   3       com.sun.jmx.mbeanserver.ConvertingMethod::invokeWithOpenReturn (90 bytes)
Event: 130.030 Thread 0x000001d4d753ed10 nmethod 8883 0x000001d4c0183308 code [0x000001d4c0183540, 0x000001d4c01845c0]
Event: 130.030 Thread 0x000001d4d753ed10 8886       3       com.sun.jmx.mbeanserver.ConvertingMethod::fromOpenParameters (50 bytes)
Event: 130.030 Thread 0x000001d4d753ed10 nmethod 8886 0x000001d4c00d9108 code [0x000001d4c00d9260, 0x000001d4c00d9890]
Event: 130.030 Thread 0x000001d51d188c60 nmethod 8885 0x000001d4c00d8108 code [0x000001d4c00d8380, 0x000001d4c00d90b0]
Event: 132.068 Thread 0x000001d4d753ed10 8887       3       java.util.concurrent.locks.ReentrantReadWriteLock$FairSync::readerShouldBlock (5 bytes)
Event: 132.068 Thread 0x000001d4d753ed10 nmethod 8887 0x000001d4c0183008 code [0x000001d4c0183120, 0x000001d4c0183258]
Event: 133.949 Thread 0x000001d4d753ed10 8888       3       com.sun.glass.ui.Window$UndecoratedMoveResizeHelper::handleMouseEvent (157 bytes)
Event: 133.949 Thread 0x000001d4d753ed10 nmethod 8888 0x000001d4c00d7608 code [0x000001d4c00d77e0, 0x000001d4c00d8038]
Event: 134.045 Thread 0x000001d4d753a240 8889       4       com.sun.javafx.event.BasicEventDispatcher::dispatchCapturingEvent (2 bytes)
Event: 134.045 Thread 0x000001d4d753a240 nmethod 8889 0x000001d4c7c3e408 code [0x000001d4c7c3e500, 0x000001d4c7c3e578]
Event: 137.169 Thread 0x000001d4d753a240 8890       4       java.io.OutputStream::flush (1 bytes)
Event: 137.169 Thread 0x000001d4d753a240 nmethod 8890 0x000001d4c7c3e708 code [0x000001d4c7c3e800, 0x000001d4c7c3e878]
Event: 138.189 Thread 0x000001d4d753a240 8891       4       java.lang.ThreadLocal::getCarrierThreadLocal (29 bytes)
Event: 138.190 Thread 0x000001d4d753a240 nmethod 8891 0x000001d4c7c3ea08 code [0x000001d4c7c3eb20, 0x000001d4c7c3ecb0]
Event: 142.292 Thread 0x000001d4d753a240 8892   !   4       java.io.BufferedOutputStream::write (73 bytes)
Event: 142.298 Thread 0x000001d4d753a240 nmethod 8892 0x000001d4c7c3ed08 code [0x000001d4c7c3eec0, 0x000001d4c7c3f698]
Event: 143.316 Thread 0x000001d4d753a240 8893       4       java.io.ObjectOutputStream::writeClassDesc (60 bytes)
Event: 143.588 Thread 0x000001d4d753a240 nmethod 8893 0x000001d4c7c3f788 code [0x000001d4c7c400e0, 0x000001d4c7c482e8]

GC Heap History (20 events):
Event: 14.536 GC heap before
{Heap before GC invocations=16 (full 0):
 garbage-first heap   total reserved 4098048K, committed 276480K, used 162273K [0x0000000705e00000, 0x0000000800000000)
  region size 2048K, 3 young (6144K), 2 survivors (4096K)
 Metaspace       used 29303K, committed 29760K, reserved 1114112K
  class space    used 4062K, committed 4288K, reserved 1048576K
}
Event: 14.538 GC heap after
{Heap after GC invocations=17 (full 0):
 garbage-first heap   total reserved 4098048K, committed 276480K, used 159855K [0x0000000705e00000, 0x0000000800000000)
  region size 2048K, 1 young (2048K), 1 survivors (2048K)
 Metaspace       used 29303K, committed 29760K, reserved 1114112K
  class space    used 4062K, committed 4288K, reserved 1048576K
}
Event: 14.557 GC heap before
{Heap before GC invocations=18 (full 0):
 garbage-first heap   total reserved 4098048K, committed 280576K, used 165999K [0x0000000705e00000, 0x0000000800000000)
  region size 2048K, 2 young (4096K), 1 survivors (2048K)
 Metaspace       used 29307K, committed 29760K, reserved 1114112K
  class space    used 4062K, committed 4288K, reserved 1048576K
}
Event: 14.559 GC heap after
{Heap after GC invocations=19 (full 0):
 garbage-first heap   total reserved 4098048K, committed 280576K, used 163982K [0x0000000705e00000, 0x0000000800000000)
  region size 2048K, 1 young (2048K), 1 survivors (2048K)
 Metaspace       used 29307K, committed 29760K, reserved 1114112K
  class space    used 4062K, committed 4288K, reserved 1048576K
}
Event: 14.578 GC heap before
{Heap before GC invocations=20 (full 0):
 garbage-first heap   total reserved 4098048K, committed 286720K, used 172174K [0x0000000705e00000, 0x0000000800000000)
  region size 2048K, 3 young (6144K), 1 survivors (2048K)
 Metaspace       used 29310K, committed 29760K, reserved 1114112K
  class space    used 4062K, committed 4288K, reserved 1048576K
}
Event: 14.580 GC heap after
{Heap after GC invocations=21 (full 0):
 garbage-first heap   total reserved 4098048K, committed 286720K, used 168139K [0x0000000705e00000, 0x0000000800000000)
  region size 2048K, 2 young (4096K), 2 survivors (4096K)
 Metaspace       used 29310K, committed 29760K, reserved 1114112K
  class space    used 4062K, committed 4288K, reserved 1048576K
}
Event: 14.599 GC heap before
{Heap before GC invocations=22 (full 0):
 garbage-first heap   total reserved 4098048K, committed 296960K, used 174283K [0x0000000705e00000, 0x0000000800000000)
  region size 2048K, 3 young (6144K), 2 survivors (4096K)
 Metaspace       used 29315K, committed 29760K, reserved 1114112K
  class space    used 4063K, committed 4288K, reserved 1048576K
}
Event: 14.601 GC heap after
{Heap after GC invocations=23 (full 0):
 garbage-first heap   total reserved 4098048K, committed 296960K, used 172358K [0x0000000705e00000, 0x0000000800000000)
  region size 2048K, 2 young (4096K), 2 survivors (4096K)
 Metaspace       used 29315K, committed 29760K, reserved 1114112K
  class space    used 4063K, committed 4288K, reserved 1048576K
}
Event: 14.621 GC heap before
{Heap before GC invocations=24 (full 0):
 garbage-first heap   total reserved 4098048K, committed 305152K, used 178502K [0x0000000705e00000, 0x0000000800000000)
  region size 2048K, 3 young (6144K), 2 survivors (4096K)
 Metaspace       used 29317K, committed 29760K, reserved 1114112K
  class space    used 4063K, committed 4288K, reserved 1048576K
}
Event: 14.622 GC heap after
{Heap after GC invocations=25 (full 0):
 garbage-first heap   total reserved 4098048K, committed 305152K, used 176378K [0x0000000705e00000, 0x0000000800000000)
  region size 2048K, 2 young (4096K), 2 survivors (4096K)
 Metaspace       used 29317K, committed 29760K, reserved 1114112K
  class space    used 4063K, committed 4288K, reserved 1048576K
}
Event: 14.642 GC heap before
{Heap before GC invocations=26 (full 0):
 garbage-first heap   total reserved 4098048K, committed 311296K, used 182522K [0x0000000705e00000, 0x0000000800000000)
  region size 2048K, 3 young (6144K), 2 survivors (4096K)
 Metaspace       used 29318K, committed 29760K, reserved 1114112K
  class space    used 4063K, committed 4288K, reserved 1048576K
}
Event: 14.643 GC heap after
{Heap after GC invocations=27 (full 0):
 garbage-first heap   total reserved 4098048K, committed 311296K, used 180640K [0x0000000705e00000, 0x0000000800000000)
  region size 2048K, 2 young (4096K), 2 survivors (4096K)
 Metaspace       used 29318K, committed 29760K, reserved 1114112K
  class space    used 4063K, committed 4288K, reserved 1048576K
}
Event: 14.663 GC heap before
{Heap before GC invocations=28 (full 0):
 garbage-first heap   total reserved 4098048K, committed 317440K, used 186784K [0x0000000705e00000, 0x0000000800000000)
  region size 2048K, 3 young (6144K), 2 survivors (4096K)
 Metaspace       used 29318K, committed 29760K, reserved 1114112K
  class space    used 4063K, committed 4288K, reserved 1048576K
}
Event: 14.665 GC heap after
{Heap after GC invocations=29 (full 0):
 garbage-first heap   total reserved 4098048K, committed 317440K, used 184686K [0x0000000705e00000, 0x0000000800000000)
  region size 2048K, 2 young (4096K), 2 survivors (4096K)
 Metaspace       used 29318K, committed 29760K, reserved 1114112K
  class space    used 4063K, committed 4288K, reserved 1048576K
}
Event: 16.763 GC heap before
{Heap before GC invocations=30 (full 0):
 garbage-first heap   total reserved 4098048K, committed 325632K, used 209262K [0x0000000705e00000, 0x0000000800000000)
  region size 2048K, 12 young (24576K), 2 survivors (4096K)
 Metaspace       used 29400K, committed 29888K, reserved 1114112K
  class space    used 4070K, committed 4288K, reserved 1048576K
}
Event: 16.765 GC heap after
{Heap after GC invocations=31 (full 0):
 garbage-first heap   total reserved 4098048K, committed 325632K, used 99934K [0x0000000705e00000, 0x0000000800000000)
  region size 2048K, 1 young (2048K), 1 survivors (2048K)
 Metaspace       used 29400K, committed 29888K, reserved 1114112K
  class space    used 4070K, committed 4288K, reserved 1048576K
}
Event: 16.788 GC heap before
{Heap before GC invocations=32 (full 0):
 garbage-first heap   total reserved 4098048K, committed 325632K, used 108126K [0x0000000705e00000, 0x0000000800000000)
  region size 2048K, 3 young (6144K), 1 survivors (2048K)
 Metaspace       used 29409K, committed 29952K, reserved 1114112K
  class space    used 4070K, committed 4288K, reserved 1048576K
}
Event: 16.790 GC heap after
{Heap after GC invocations=33 (full 0):
 garbage-first heap   total reserved 4098048K, committed 325632K, used 103901K [0x0000000705e00000, 0x0000000800000000)
  region size 2048K, 1 young (2048K), 1 survivors (2048K)
 Metaspace       used 29409K, committed 29952K, reserved 1114112K
  class space    used 4070K, committed 4288K, reserved 1048576K
}
Event: 40.037 GC heap before
{Heap before GC invocations=34 (full 0):
 garbage-first heap   total reserved 4098048K, committed 325632K, used 286173K [0x0000000705e00000, 0x0000000800000000)
  region size 2048K, 87 young (178176K), 1 survivors (2048K)
 Metaspace       used 29607K, committed 30080K, reserved 1114112K
  class space    used 4075K, committed 4288K, reserved 1048576K
}
Event: 40.040 GC heap after
{Heap after GC invocations=35 (full 0):
 garbage-first heap   total reserved 4098048K, committed 325632K, used 107528K [0x0000000705e00000, 0x0000000800000000)
  region size 2048K, 2 young (4096K), 2 survivors (4096K)
 Metaspace       used 29607K, committed 30080K, reserved 1114112K
  class space    used 4075K, committed 4288K, reserved 1048576K
}

Dll operation events (20 events):
Event: 0.177 Loaded shared library C:\javafx-sdk-24.0.1\bin\api-ms-win-crt-heap-l1-1-0.dll
Event: 0.178 Loaded shared library C:\javafx-sdk-24.0.1\bin\api-ms-win-crt-locale-l1-1-0.dll
Event: 0.178 Loaded shared library C:\javafx-sdk-24.0.1\bin\api-ms-win-crt-math-l1-1-0.dll
Event: 0.178 Loaded shared library C:\javafx-sdk-24.0.1\bin\api-ms-win-crt-multibyte-l1-1-0.dll
Event: 0.179 Loaded shared library C:\javafx-sdk-24.0.1\bin\api-ms-win-crt-private-l1-1-0.dll
Event: 0.179 Loaded shared library C:\javafx-sdk-24.0.1\bin\api-ms-win-crt-process-l1-1-0.dll
Event: 0.179 Loaded shared library C:\javafx-sdk-24.0.1\bin\api-ms-win-crt-runtime-l1-1-0.dll
Event: 0.180 Loaded shared library C:\javafx-sdk-24.0.1\bin\api-ms-win-crt-stdio-l1-1-0.dll
Event: 0.180 Loaded shared library C:\javafx-sdk-24.0.1\bin\api-ms-win-crt-string-l1-1-0.dll
Event: 0.180 Loaded shared library C:\javafx-sdk-24.0.1\bin\api-ms-win-crt-time-l1-1-0.dll
Event: 0.181 Loaded shared library C:\javafx-sdk-24.0.1\bin\api-ms-win-crt-utility-l1-1-0.dll
Event: 0.182 Loaded shared library C:\javafx-sdk-24.0.1\bin\ucrtbase.dll
Event: 0.182 Loaded shared library C:\javafx-sdk-24.0.1\bin\vcruntime140.dll
Event: 0.182 Loaded shared library C:\javafx-sdk-24.0.1\bin\vcruntime140_1.dll
Event: 0.183 Loaded shared library C:\javafx-sdk-24.0.1\bin\msvcp140.dll
Event: 0.183 Loaded shared library C:\javafx-sdk-24.0.1\bin\msvcp140_1.dll
Event: 0.183 Loaded shared library C:\javafx-sdk-24.0.1\bin\msvcp140_2.dll
Event: 0.199 Loaded shared library C:\javafx-sdk-24.0.1\bin\prism_d3d.dll
Event: 0.359 Loaded shared library C:\javafx-sdk-24.0.1\bin\glass.dll
Event: 0.946 Loaded shared library C:\javafx-sdk-24.0.1\bin\javafx_font.dll

Deoptimization events (20 events):
Event: 53.285 Thread 0x000001d51e6547e0 Uncommon trap: trap_request=0xffffff45 fr.pc=0x000001d4c7ba8750 relative=0x0000000000001210
Event: 53.285 Thread 0x000001d51e6547e0 Uncommon trap: reason=unstable_if action=reinterpret pc=0x000001d4c7ba8750 method=com.sun.javafx.geom.RectBounds.intersectWith(FFFFFF)V @ 4 c2
Event: 53.285 Thread 0x000001d51e6547e0 DEOPT PACKING pc=0x000001d4c7ba8750 sp=0x000000951f0f9b20
Event: 53.285 Thread 0x000001d51e6547e0 DEOPT UNPACKING pc=0x000001d4c7194402 sp=0x000000951f0f99b0 mode 2
Event: 143.668 Thread 0x000001d52e03da20 Uncommon trap: trap_request=0xffffff45 fr.pc=0x000001d4c7ae9af8 relative=0x0000000000001598
Event: 143.668 Thread 0x000001d52e03da20 Uncommon trap: reason=unstable_if action=reinterpret pc=0x000001d4c7ae9af8 method=java.util.concurrent.locks.AbstractQueuedSynchronizer.acquire(Ljava/util/concurrent/locks/AbstractQueuedSynchronizer$Node;IZZZJ)I @ 357 c2
Event: 143.668 Thread 0x000001d52e03da20 DEOPT PACKING pc=0x000001d4c7ae9af8 sp=0x000000951d8ff1d0
Event: 143.668 Thread 0x000001d52e03da20 DEOPT UNPACKING pc=0x000001d4c7194402 sp=0x000000951d8ff198 mode 2
Event: 143.668 Thread 0x000001d51e3e9390 Uncommon trap: trap_request=0xffffff45 fr.pc=0x000001d4c7bcd158 relative=0x00000000000004d8
Event: 143.668 Thread 0x000001d51e3e9390 Uncommon trap: reason=unstable_if action=reinterpret pc=0x000001d4c7bcd158 method=java.util.concurrent.locks.AbstractQueuedSynchronizer$ConditionNode.isReleasable()Z @ 14 c2
Event: 143.668 Thread 0x000001d51e3e9390 DEOPT PACKING pc=0x000001d4c7bcd158 sp=0x000000951e1ff050
Event: 143.668 Thread 0x000001d51e3e9390 DEOPT UNPACKING pc=0x000001d4c7194402 sp=0x000000951e1fee68 mode 2
Event: 143.668 Thread 0x000001d51e3e9390 Uncommon trap: trap_request=0xffffff45 fr.pc=0x000001d4c7b50858 relative=0x0000000000000058
Event: 143.668 Thread 0x000001d51e3e9390 Uncommon trap: reason=unstable_if action=reinterpret pc=0x000001d4c7b50858 method=java.lang.Thread.getAndClearInterrupt()Z @ 6 c2
Event: 143.668 Thread 0x000001d51e3e9390 DEOPT PACKING pc=0x000001d4c7b50858 sp=0x000000951e1feff0
Event: 143.668 Thread 0x000001d51e3e9390 DEOPT UNPACKING pc=0x000001d4c7194402 sp=0x000000951e1fef28 mode 2
Event: 143.668 Thread 0x000001d51e3e9390 Uncommon trap: trap_request=0xffffff9d fr.pc=0x000001d4c7c0e5d0 relative=0x0000000000000bf0
Event: 143.668 Thread 0x000001d51e3e9390 Uncommon trap: reason=unreached action=reinterpret pc=0x000001d4c7c0e5d0 method=java.util.concurrent.LinkedBlockingQueue.take()Ljava/lang/Object; @ 67 c2
Event: 143.668 Thread 0x000001d51e3e9390 DEOPT PACKING pc=0x000001d4c7c0e5d0 sp=0x000000951e1ff0c0
Event: 143.668 Thread 0x000001d51e3e9390 DEOPT UNPACKING pc=0x000001d4c7194402 sp=0x000000951e1ff000 mode 2

Classes loaded (20 events):
Event: 14.187 Loading class java/lang/FdLibm$Cbrt
Event: 14.187 Loading class java/lang/FdLibm$Cbrt done
Event: 49.122 Loading class sun/text/resources/BreakIteratorInfo
Event: 49.122 Loading class sun/text/resources/BreakIteratorInfo done
Event: 49.122 Loading class sun/text/resources/BreakIteratorResources
Event: 49.122 Loading class sun/util/resources/BreakIteratorResourceBundle
Event: 49.122 Loading class sun/util/resources/BreakIteratorResourceBundle done
Event: 49.122 Loading class sun/text/resources/BreakIteratorResources done
Event: 49.122 Loading class sun/text/resources/BreakIteratorResources_en
Event: 49.122 Loading class sun/text/resources/BreakIteratorResources_en done
Event: 49.122 Loading class sun/text/resources/BreakIteratorResources_en_US
Event: 49.122 Loading class sun/text/resources/BreakIteratorResources_en_US done
Event: 49.123 Loading class sun/text/RuleBasedBreakIterator
Event: 49.123 Loading class sun/text/RuleBasedBreakIterator done
Event: 49.123 Loading class sun/text/CompactByteArray
Event: 49.123 Loading class sun/text/CompactByteArray done
Event: 49.123 Loading class sun/text/SupplementaryCharacterData
Event: 49.123 Loading class sun/text/SupplementaryCharacterData done
Event: 143.666 Loading class jdk/internal/misc/Signal$1
Event: 143.667 Loading class jdk/internal/misc/Signal$1 done

Classes unloaded (0 events):
No events

Classes redefined (0 events):
No events

Internal exceptions (20 events):
Event: 10.509 Thread 0x000001d51e6547e0 Exception <a 'java/io/FileNotFoundException'{0x0000000711d6d0e0}> (0x0000000711d6d0e0) 
thrown [s\open\src\hotspot\share\prims\jni.cpp, line 520]
Event: 10.509 Thread 0x000001d51e6547e0 Exception <a 'java/io/FileNotFoundException'{0x0000000711d6e470}> (0x0000000711d6e470) 
thrown [s\open\src\hotspot\share\prims\jni.cpp, line 520]
Event: 13.134 Thread 0x000001d51e6547e0 Exception <a 'java/io/FileNotFoundException'{0x000000070aad5660}> (0x000000070aad5660) 
thrown [s\open\src\hotspot\share\prims\jni.cpp, line 520]
Event: 13.161 Thread 0x000001d51e3e9390 Implicit null exception at 0x000001d4c7af2137 to 0x000001d4c7af4250
Event: 13.171 Thread 0x000001d51e3e9390 Implicit null exception at 0x000001d4c78b434e to 0x000001d4c78b43c0
Event: 14.165 Thread 0x000001d51e6547e0 Exception <a 'java/io/FileNotFoundException'{0x0000000711da8988}> (0x0000000711da8988) 
thrown [s\open\src\hotspot\share\prims\jni.cpp, line 520]
Event: 14.167 Thread 0x000001d51e6547e0 Exception <a 'java/io/FileNotFoundException'{0x0000000711a06488}> (0x0000000711a06488) 
thrown [s\open\src\hotspot\share\prims\jni.cpp, line 520]
Event: 14.186 Thread 0x000001d51e6547e0 Implicit null exception at 0x000001d4c7afbc33 to 0x000001d4c7afc8d8
Event: 14.240 Thread 0x000001d51e6547e0 Exception <a 'java/io/FileNotFoundException'{0x00000007159c7590}> (0x00000007159c7590) 
thrown [s\open\src\hotspot\share\prims\jni.cpp, line 520]
Event: 14.256 Thread 0x000001d51e6547e0 Exception <a 'java/io/FileNotFoundException'{0x0000000712118758}> (0x0000000712118758) 
thrown [s\open\src\hotspot\share\prims\jni.cpp, line 520]
Event: 14.271 Thread 0x000001d51e6547e0 Exception <a 'java/io/FileNotFoundException'{0x0000000711e53850}> (0x0000000711e53850) 
thrown [s\open\src\hotspot\share\prims\jni.cpp, line 520]
Event: 14.285 Thread 0x000001d51e6547e0 Exception <a 'java/io/FileNotFoundException'{0x0000000711f87d98}> (0x0000000711f87d98) 
thrown [s\open\src\hotspot\share\prims\jni.cpp, line 520]
Event: 14.317 Thread 0x000001d51e6547e0 Exception <a 'java/io/FileNotFoundException'{0x0000000711a465f0}> (0x0000000711a465f0) 
thrown [s\open\src\hotspot\share\prims\jni.cpp, line 520]
Event: 16.605 Thread 0x000001d51e6547e0 Exception <a 'java/lang/NoSuchMethodError'{0x00000007182b4728}: 'java.lang.Object java.lang.invoke.DirectMethodHandle$Holder.newInvokeSpecial(java.lang.Object, java.lang.Object, java.lang.Object, double, double, double, double, int, int, int, int, int, int, int, int, int)'> (0x00000007182b4728) 
thrown [s\open\src\hotspot\share\interpreter\linkResolver.cpp, line 796]
Event: 16.806 Thread 0x000001d51e6547e0 Exception <a 'java/io/FileNotFoundException'{0x00000007ff2e5e10}> (0x00000007ff2e5e10) 
thrown [s\open\src\hotspot\share\prims\jni.cpp, line 520]
Event: 18.473 Thread 0x000001d51e6547e0 Implicit null exception at 0x000001d4c7ad70f3 to 0x000001d4c7ad7224
Event: 18.474 Thread 0x000001d51e6547e0 Exception <a 'java/io/FileNotFoundException'{0x0000000717d6af50}> (0x0000000717d6af50) 
thrown [s\open\src\hotspot\share\prims\jni.cpp, line 520]
Event: 53.264 Thread 0x000001d51e6547e0 Exception <a 'java/io/FileNotFoundException'{0x000000071246af18}> (0x000000071246af18) 
thrown [s\open\src\hotspot\share\prims\jni.cpp, line 520]
Event: 53.264 Thread 0x000001d51e6547e0 Exception <a 'java/io/FileNotFoundException'{0x000000071246c9a0}> (0x000000071246c9a0) 
thrown [s\open\src\hotspot\share\prims\jni.cpp, line 520]
Event: 53.271 Thread 0x000001d51e6547e0 Exception <a 'java/io/FileNotFoundException'{0x00000007124b3638}> (0x00000007124b3638) 
thrown [s\open\src\hotspot\share\prims\jni.cpp, line 520]

VM Operations (20 events):
Event: 14.726 Executing VM operation: HandshakeAllThreads (Deoptimize) done
Event: 16.763 Executing VM operation: G1TryInitiateConcMark (G1 Humongous Allocation)
Event: 16.765 Executing VM operation: G1TryInitiateConcMark (G1 Humongous Allocation) done
Event: 16.773 Executing VM operation: G1PauseRemark
Event: 16.776 Executing VM operation: G1PauseRemark done
Event: 16.779 Executing VM operation: G1PauseCleanup
Event: 16.779 Executing VM operation: G1PauseCleanup done
Event: 16.788 Executing VM operation: G1TryInitiateConcMark (G1 Humongous Allocation)
Event: 16.790 Executing VM operation: G1TryInitiateConcMark (G1 Humongous Allocation) done
Event: 16.796 Executing VM operation: G1PauseRemark
Event: 16.798 Executing VM operation: G1PauseRemark done
Event: 16.800 Executing VM operation: G1PauseCleanup
Event: 16.800 Executing VM operation: G1PauseCleanup done
Event: 40.037 Executing VM operation: G1CollectForAllocation (G1 Evacuation Pause)
Event: 40.040 Executing VM operation: G1CollectForAllocation (G1 Evacuation Pause) done
Event: 60.134 Executing VM operation: HandshakeAllThreads (HandshakeForDeflation)
Event: 60.134 Executing VM operation: HandshakeAllThreads (HandshakeForDeflation) done
Event: 60.134 Executing VM operation: RendezvousGCThreads
Event: 60.134 Executing VM operation: RendezvousGCThreads done
Event: 143.668 Executing VM operation: Exit

Memory protections (0 events):
No events

Nmethod flushes (20 events):
Event: 16.797 Thread 0x000001d4d750caf0 flushing  nmethod 0x000001d4c0192208
Event: 16.797 Thread 0x000001d4d750caf0 flushing  nmethod 0x000001d4c02a6808
Event: 16.797 Thread 0x000001d4d750caf0 flushing  nmethod 0x000001d4c030f288
Event: 16.797 Thread 0x000001d4d750caf0 flushing  nmethod 0x000001d4c04a4208
Event: 16.797 Thread 0x000001d4d750caf0 flushing  nmethod 0x000001d4c0577f08
Event: 16.797 Thread 0x000001d4d750caf0 flushing  nmethod 0x000001d4c79cc508
Event: 16.797 Thread 0x000001d4d750caf0 flushing  nmethod 0x000001d4c7a40708
Event: 16.797 Thread 0x000001d4d750caf0 flushing  nmethod 0x000001d4c7b85e88
Event: 16.797 Thread 0x000001d4d750caf0 flushing  nmethod 0x000001d4bff8c008
Event: 16.797 Thread 0x000001d4d750caf0 flushing  nmethod 0x000001d4c017a808
Event: 16.797 Thread 0x000001d4d750caf0 flushing  nmethod 0x000001d4c017af88
Event: 16.797 Thread 0x000001d4d750caf0 flushing  nmethod 0x000001d4c029fb88
Event: 16.797 Thread 0x000001d4d750caf0 flushing  nmethod 0x000001d4c02a1f88
Event: 16.797 Thread 0x000001d4d750caf0 flushing  nmethod 0x000001d4c034eb88
Event: 16.797 Thread 0x000001d4d750caf0 flushing  nmethod 0x000001d4c03a5188
Event: 16.797 Thread 0x000001d4d750caf0 flushing  nmethod 0x000001d4c03a5608
Event: 16.797 Thread 0x000001d4d750caf0 flushing  nmethod 0x000001d4c046db08
Event: 16.797 Thread 0x000001d4d750caf0 flushing  nmethod 0x000001d4c0471508
Event: 16.797 Thread 0x000001d4d750caf0 flushing  nmethod 0x000001d4c07b6f08
Event: 16.797 Thread 0x000001d4d750caf0 flushing  nmethod 0x000001d4c088f308

Events (20 events):
Event: 17.380 Thread 0x000001d51d189330 Thread exited: 0x000001d51d189330
Event: 20.483 Thread 0x000001d51f397bf0 Thread exited: 0x000001d51f397bf0
Event: 20.483 Thread 0x000001d4d774bd80 Thread exited: 0x000001d4d774bd80
Event: 20.698 Thread 0x000001d4d7656930 Thread exited: 0x000001d4d7656930
Event: 38.211 Thread 0x000001d4d753ed10 Thread added: 0x000001d51d1877f0
Event: 38.961 Thread 0x000001d51d1877f0 Thread exited: 0x000001d51d1877f0
Event: 53.267 Thread 0x000001d51e6547e0 Thread added: 0x000001d52e038b60
Event: 53.271 Thread 0x000001d4d753ed10 Thread added: 0x000001d51d189330
Event: 53.272 Thread 0x000001d52e038b60 Thread exited: 0x000001d52e038b60
Event: 53.547 Thread 0x000001d51d189330 Thread exited: 0x000001d51d189330
Event: 126.969 Thread 0x000001d4d753ed10 Thread added: 0x000001d51d188c60
Event: 132.068 Thread 0x000001d51d188c60 Thread exited: 0x000001d51d188c60
Event: 143.667 Thread 0x000001d4d7527000 Thread added: 0x000001d52e03cd00
Event: 143.667 Thread 0x000001d52e03cd00 Thread added: 0x000001d52e0391f0
Event: 143.667 Thread 0x000001d52e03cd00 Thread added: 0x000001d52e03da20
Event: 143.667 Thread 0x000001d52e0391f0 Thread exited: 0x000001d52e0391f0
Event: 143.668 Thread 0x000001d52e03da20 Thread added: 0x000001d52e037e40
Event: 143.668 Thread 0x000001d52e037e40 Thread exited: 0x000001d52e037e40
Event: 143.668 Thread 0x000001d52e03da20 Thread exited: 0x000001d52e03da20
Event: 143.668 Thread 0x000001d52e03cd00 Before exit entered


Dynamic libraries:
0x00007ff6be9c0000 - 0x00007ff6be9d0000 	C:\Program Files\Java\jdk-23\bin\java.exe
0x00007ffb88150000 - 0x00007ffb88348000 	C:\Windows\SYSTEM32\ntdll.dll
0x00007ffb87360000 - 0x00007ffb87422000 	C:\Windows\System32\KERNEL32.DLL
0x00007ffb85de0000 - 0x00007ffb860d6000 	C:\Windows\System32\KERNELBASE.dll
0x00007ffb85880000 - 0x00007ffb85980000 	C:\Windows\System32\ucrtbase.dll
0x00007ffb6a090000 - 0x00007ffb6a0ab000 	C:\Program Files\Java\jdk-23\bin\VCRUNTIME140.dll
0x00007ffb67760000 - 0x00007ffb67777000 	C:\Program Files\Java\jdk-23\bin\jli.dll
0x00007ffb86180000 - 0x00007ffb8631d000 	C:\Windows\System32\USER32.dll
0x00007ffb85c50000 - 0x00007ffb85c72000 	C:\Windows\System32\win32u.dll
0x00007ffb86f60000 - 0x00007ffb86f8b000 	C:\Windows\System32\GDI32.dll
0x00007ffb6c930000 - 0x00007ffb6cbcb000 	C:\Windows\WinSxS\amd64_microsoft.windows.common-controls_6595b64144ccf1df_6.0.19041.6280_none_60bc30a171f2f3f3\COMCTL32.dll
0x00007ffb85b00000 - 0x00007ffb85c19000 	C:\Windows\System32\gdi32full.dll
0x00007ffb860e0000 - 0x00007ffb8617d000 	C:\Windows\System32\msvcp_win.dll
0x00007ffb872c0000 - 0x00007ffb8735e000 	C:\Windows\System32\msvcrt.dll
0x00007ffb86e30000 - 0x00007ffb86e5f000 	C:\Windows\System32\IMM32.DLL
0x00007ffb7e1a0000 - 0x00007ffb7e1ac000 	C:\Program Files\Java\jdk-23\bin\vcruntime140_1.dll
0x00007ffb553c0000 - 0x00007ffb5544e000 	C:\Program Files\Java\jdk-23\bin\msvcp140.dll
0x00007ffb22a70000 - 0x00007ffb237c0000 	C:\Program Files\Java\jdk-23\bin\server\jvm.dll
0x00007ffb87c80000 - 0x00007ffb87d31000 	C:\Windows\System32\ADVAPI32.dll
0x00007ffb86ec0000 - 0x00007ffb86f5f000 	C:\Windows\System32\sechost.dll
0x00007ffb86f90000 - 0x00007ffb870b0000 	C:\Windows\System32\RPCRT4.dll
0x00007ffb85c20000 - 0x00007ffb85c47000 	C:\Windows\System32\bcrypt.dll
0x00007ffb87d40000 - 0x00007ffb87dab000 	C:\Windows\System32\WS2_32.dll
0x00007ffb84d80000 - 0x00007ffb84dcb000 	C:\Windows\SYSTEM32\POWRPROF.dll
0x00007ffb7a830000 - 0x00007ffb7a857000 	C:\Windows\SYSTEM32\WINMM.dll
0x00007ffb7e190000 - 0x00007ffb7e19a000 	C:\Windows\SYSTEM32\VERSION.dll
0x00007ffb84bf0000 - 0x00007ffb84c02000 	C:\Windows\SYSTEM32\UMPDC.dll
0x00007ffb84010000 - 0x00007ffb84022000 	C:\Windows\SYSTEM32\kernel.appcore.dll
0x00007ffb7dba0000 - 0x00007ffb7dbaa000 	C:\Program Files\Java\jdk-23\bin\jimage.dll
0x00007ffb833b0000 - 0x00007ffb835b1000 	C:\Windows\SYSTEM32\DBGHELP.DLL
0x00007ffb748b0000 - 0x00007ffb748e4000 	C:\Windows\SYSTEM32\dbgcore.DLL
0x00007ffb857f0000 - 0x00007ffb85872000 	C:\Windows\System32\bcryptPrimitives.dll
0x00007ffb6a670000 - 0x00007ffb6a67f000 	C:\Program Files\Java\jdk-23\bin\instrument.dll
0x00007ffb66ee0000 - 0x00007ffb66efe000 	C:\Program Files\Java\jdk-23\bin\java.dll
0x00007ffb86960000 - 0x00007ffb86a8b000 	C:\Windows\System32\ole32.dll
0x00007ffb87db0000 - 0x00007ffb88103000 	C:\Windows\System32\combase.dll
0x00007ffb87510000 - 0x00007ffb87c80000 	C:\Windows\System32\SHELL32.dll
0x00007ffb83850000 - 0x00007ffb83ff4000 	C:\Windows\SYSTEM32\windows.storage.dll
0x00007ffb85220000 - 0x00007ffb8524b000 	C:\Windows\SYSTEM32\Wldp.dll
0x00007ffb86d60000 - 0x00007ffb86e2d000 	C:\Windows\System32\OLEAUT32.dll
0x00007ffb86bb0000 - 0x00007ffb86c5d000 	C:\Windows\System32\SHCORE.dll
0x00007ffb87430000 - 0x00007ffb8748b000 	C:\Windows\System32\shlwapi.dll
0x00007ffb85720000 - 0x00007ffb85744000 	C:\Windows\SYSTEM32\profapi.dll
0x00007ffb54610000 - 0x00007ffb546e7000 	C:\Program Files\Java\jdk-23\bin\jsvml.dll
0x00007ffb68260000 - 0x00007ffb68270000 	C:\Program Files\Java\jdk-23\bin\net.dll
0x00007ffb84f80000 - 0x00007ffb84fea000 	C:\Windows\system32\mswsock.dll
0x00007ffb66520000 - 0x00007ffb66536000 	C:\Program Files\Java\jdk-23\bin\nio.dll
0x00007ffb5b1d0000 - 0x00007ffb5b1e7000 	C:\Program Files\Java\jdk-23\bin\zip.dll
0x00007ffb66fb0000 - 0x00007ffb66fb9000 	C:\Program Files\Java\jdk-23\bin\extnet.dll
0x00007ffb84c50000 - 0x00007ffb84d1a000 	C:\Windows\SYSTEM32\DNSAPI.dll
0x00007ffb84c10000 - 0x00007ffb84c4b000 	C:\Windows\SYSTEM32\IPHLPAPI.DLL
0x00007ffb86c60000 - 0x00007ffb86c68000 	C:\Windows\System32\NSI.dll
0x0000000064790000 - 0x00000000647b6000 	C:\Program Files\Bonjour\mdnsNSP.dll
0x00007ffb7f740000 - 0x00007ffb7f74a000 	C:\Windows\System32\rasadhlp.dll
0x00007ffb7f100000 - 0x00007ffb7f180000 	C:\Windows\System32\fwpuclnt.dll
0x00007ffb66dd0000 - 0x00007ffb66dda000 	C:\Program Files\Java\jdk-23\bin\management.dll
0x00007ffb65aa0000 - 0x00007ffb65aab000 	C:\Program Files\Java\jdk-23\bin\management_ext.dll
0x00007ffb86950000 - 0x00007ffb86958000 	C:\Windows\System32\PSAPI.DLL
0x000001d4d7960000 - 0x000001d4d7964000 	C:\javafx-sdk-24.0.1\bin\api-ms-win-core-console-l1-1-0.dll
0x000001d4d7970000 - 0x000001d4d7974000 	C:\javafx-sdk-24.0.1\bin\api-ms-win-core-console-l1-2-0.dll
0x000001d4d7980000 - 0x000001d4d7984000 	C:\javafx-sdk-24.0.1\bin\api-ms-win-core-datetime-l1-1-0.dll
0x000001d4d7990000 - 0x000001d4d7994000 	C:\javafx-sdk-24.0.1\bin\api-ms-win-core-debug-l1-1-0.dll
0x000001d4d79a0000 - 0x000001d4d79a4000 	C:\javafx-sdk-24.0.1\bin\api-ms-win-core-errorhandling-l1-1-0.dll
0x000001d4d79b0000 - 0x000001d4d79b5000 	C:\javafx-sdk-24.0.1\bin\api-ms-win-core-file-l1-1-0.dll
0x000001d4d79c0000 - 0x000001d4d79c4000 	C:\javafx-sdk-24.0.1\bin\api-ms-win-core-file-l1-2-0.dll
0x000001d4d79d0000 - 0x000001d4d79d4000 	C:\javafx-sdk-24.0.1\bin\api-ms-win-core-file-l2-1-0.dll
0x000001d4d79e0000 - 0x000001d4d79e4000 	C:\javafx-sdk-24.0.1\bin\api-ms-win-core-handle-l1-1-0.dll
0x000001d4d7d40000 - 0x000001d4d7d44000 	C:\javafx-sdk-24.0.1\bin\api-ms-win-core-heap-l1-1-0.dll
0x000001d4d7d50000 - 0x000001d4d7d54000 	C:\javafx-sdk-24.0.1\bin\api-ms-win-core-interlocked-l1-1-0.dll
0x000001d4d7d60000 - 0x000001d4d7d64000 	C:\javafx-sdk-24.0.1\bin\api-ms-win-core-libraryloader-l1-1-0.dll
0x000001d4d7d70000 - 0x000001d4d7d74000 	C:\javafx-sdk-24.0.1\bin\api-ms-win-core-localization-l1-2-0.dll
0x000001d4d7d80000 - 0x000001d4d7d84000 	C:\javafx-sdk-24.0.1\bin\api-ms-win-core-memory-l1-1-0.dll
0x000001d4d7d90000 - 0x000001d4d7d94000 	C:\javafx-sdk-24.0.1\bin\api-ms-win-core-namedpipe-l1-1-0.dll
0x000001d4d7da0000 - 0x000001d4d7da4000 	C:\javafx-sdk-24.0.1\bin\api-ms-win-core-processenvironment-l1-1-0.dll
0x000001d4d7db0000 - 0x000001d4d7db4000 	C:\javafx-sdk-24.0.1\bin\api-ms-win-core-processthreads-l1-1-0.dll
0x000001d4d7dc0000 - 0x000001d4d7dc4000 	C:\javafx-sdk-24.0.1\bin\api-ms-win-core-processthreads-l1-1-1.dll
0x000001d4d7dd0000 - 0x000001d4d7dd4000 	C:\javafx-sdk-24.0.1\bin\api-ms-win-core-profile-l1-1-0.dll
0x000001d4d7de0000 - 0x000001d4d7de4000 	C:\javafx-sdk-24.0.1\bin\api-ms-win-core-rtlsupport-l1-1-0.dll
0x000001d4d7df0000 - 0x000001d4d7df4000 	C:\javafx-sdk-24.0.1\bin\api-ms-win-core-string-l1-1-0.dll
0x000001d4d7f20000 - 0x000001d4d7f24000 	C:\javafx-sdk-24.0.1\bin\api-ms-win-core-synch-l1-1-0.dll
0x000001d4d7f30000 - 0x000001d4d7f34000 	C:\javafx-sdk-24.0.1\bin\api-ms-win-core-synch-l1-2-0.dll
0x000001d4d7f40000 - 0x000001d4d7f44000 	C:\javafx-sdk-24.0.1\bin\api-ms-win-core-sysinfo-l1-1-0.dll
0x000001d4d7f50000 - 0x000001d4d7f54000 	C:\javafx-sdk-24.0.1\bin\api-ms-win-core-timezone-l1-1-0.dll
0x000001d4d7f60000 - 0x000001d4d7f64000 	C:\javafx-sdk-24.0.1\bin\api-ms-win-core-util-l1-1-0.dll
0x000001d4d7f70000 - 0x000001d4d7f74000 	C:\javafx-sdk-24.0.1\bin\api-ms-win-crt-conio-l1-1-0.dll
0x000001d4d7f80000 - 0x000001d4d7f85000 	C:\javafx-sdk-24.0.1\bin\api-ms-win-crt-convert-l1-1-0.dll
0x000001d4d7f90000 - 0x000001d4d7f94000 	C:\javafx-sdk-24.0.1\bin\api-ms-win-crt-environment-l1-1-0.dll
0x000001d4d7fa0000 - 0x000001d4d7fa4000 	C:\javafx-sdk-24.0.1\bin\api-ms-win-crt-filesystem-l1-1-0.dll
0x000001d4d7fb0000 - 0x000001d4d7fb4000 	C:\javafx-sdk-24.0.1\bin\api-ms-win-crt-heap-l1-1-0.dll
0x000001d4d7fc0000 - 0x000001d4d7fc4000 	C:\javafx-sdk-24.0.1\bin\api-ms-win-crt-locale-l1-1-0.dll
0x000001d4d7fd0000 - 0x000001d4d7fd6000 	C:\javafx-sdk-24.0.1\bin\api-ms-win-crt-math-l1-1-0.dll
0x000001d4d7fe0000 - 0x000001d4d7fe6000 	C:\javafx-sdk-24.0.1\bin\api-ms-win-crt-multibyte-l1-1-0.dll
0x000001d51f7a0000 - 0x000001d51f7b1000 	C:\javafx-sdk-24.0.1\bin\api-ms-win-crt-private-l1-1-0.dll
0x000001d4d7ff0000 - 0x000001d4d7ff4000 	C:\javafx-sdk-24.0.1\bin\api-ms-win-crt-process-l1-1-0.dll
0x000001d51f7c0000 - 0x000001d51f7c5000 	C:\javafx-sdk-24.0.1\bin\api-ms-win-crt-runtime-l1-1-0.dll
0x000001d51f7d0000 - 0x000001d51f7d5000 	C:\javafx-sdk-24.0.1\bin\api-ms-win-crt-stdio-l1-1-0.dll
0x000001d51f7e0000 - 0x000001d51f7e5000 	C:\javafx-sdk-24.0.1\bin\api-ms-win-crt-string-l1-1-0.dll
0x000001d51f7f0000 - 0x000001d51f7f4000 	C:\javafx-sdk-24.0.1\bin\api-ms-win-crt-time-l1-1-0.dll
0x000001d51f800000 - 0x000001d51f804000 	C:\javafx-sdk-24.0.1\bin\api-ms-win-crt-utility-l1-1-0.dll
0x00007ffb2a6b0000 - 0x00007ffb2a7c1000 	C:\javafx-sdk-24.0.1\bin\ucrtbase.dll
0x00007ffb5b130000 - 0x00007ffb5b14b000 	C:\javafx-sdk-24.0.1\bin\vcruntime140.dll
0x00007ffb5e710000 - 0x00007ffb5e71c000 	C:\javafx-sdk-24.0.1\bin\vcruntime140_1.dll
0x00007ffb2a4d0000 - 0x00007ffb2a55e000 	C:\javafx-sdk-24.0.1\bin\msvcp140.dll
0x00007ffb5b120000 - 0x00007ffb5b129000 	C:\javafx-sdk-24.0.1\bin\msvcp140_1.dll
0x00007ffb57390000 - 0x00007ffb573d1000 	C:\javafx-sdk-24.0.1\bin\msvcp140_2.dll
0x00007ffb591d0000 - 0x00007ffb59200000 	C:\javafx-sdk-24.0.1\bin\prism_d3d.dll
0x00007ffb55ee0000 - 0x00007ffb560b1000 	C:\Windows\system32\d3d9.dll
0x00007ffb82e60000 - 0x00007ffb82e8e000 	C:\Windows\SYSTEM32\dwmapi.dll
0x00007ffb829c0000 - 0x00007ffb82a5e000 	C:\Windows\system32\uxtheme.dll
0x00007ffb781e0000 - 0x00007ffb7821b000 	C:\Windows\SYSTEM32\dxcore.dll
0x00007ffb85ab0000 - 0x00007ffb85afe000 	C:\Windows\System32\cfgmgr32.dll
0x00007ffb85c80000 - 0x00007ffb85ddd000 	C:\Windows\System32\CRYPT32.dll
0x00007ffb86320000 - 0x00007ffb86790000 	C:\Windows\System32\SETUPAPI.dll
0x00007ffb855a0000 - 0x00007ffb855d3000 	C:\Windows\SYSTEM32\DEVOBJ.dll
0x00007ffb85980000 - 0x00007ffb859f3000 	C:\Windows\System32\WINTRUST.dll
0x00007ffb853b0000 - 0x00007ffb853c2000 	C:\Windows\SYSTEM32\MSASN1.dll
0x00007ffb701f0000 - 0x00007ffb74750000 	C:\Windows\System32\DriverStore\FileRepository\iigd_dch.inf_amd64_a20fccc4824e3254\igc64.dll
0x00007ffb4d3d0000 - 0x00007ffb50a85000 	C:\Windows\System32\DriverStore\FileRepository\iigd_dch.inf_amd64_a20fccc4824e3254\igd12dxva64.dll
0x00007ffb7d9b0000 - 0x00007ffb7d9e1000 	C:\Windows\SYSTEM32\cryptnet.dll
0x00007ffb85170000 - 0x00007ffb8517c000 	C:\Windows\SYSTEM32\cryptbase.dll
0x00007ffb870b0000 - 0x00007ffb870cd000 	C:\Windows\System32\imagehlp.dll
0x00007ffb85180000 - 0x00007ffb85198000 	C:\Windows\SYSTEM32\CRYPTSP.dll
0x00007ffb84830000 - 0x00007ffb84868000 	C:\Windows\system32\rsaenh.dll
0x00007ffb856a0000 - 0x00007ffb856ce000 	C:\Windows\SYSTEM32\USERENV.dll
0x00007ffb482c0000 - 0x00007ffb482d7000 	C:\Windows\system32\napinsp.dll
0x00007ffb482a0000 - 0x00007ffb482bb000 	C:\Windows\system32\pnrpnsp.dll
0x00007ffb814f0000 - 0x00007ffb8150d000 	C:\Windows\system32\wshbth.dll
0x00007ffb82470000 - 0x00007ffb8248d000 	C:\Windows\system32\NLAapi.dll

dbghelp: loaded successfully - version: 4.0.5 - missing functions: none
symbol engine: initialized successfully - sym options: 0x614 - pdb path: .;C:\Program Files\Java\jdk-23\bin;C:\Windows\SYSTEM32;C:\Windows\WinSxS\amd64_microsoft.windows.common-controls_6595b64144ccf1df_6.0.19041.6280_none_60bc30a171f2f3f3;C:\Program Files\Java\jdk-23\bin\server;C:\Program Files\Bonjour;C:\javafx-sdk-24.0.1\bin;C:\Windows\System32\DriverStore\FileRepository\iigd_dch.inf_amd64_a20fccc4824e3254;C:\Windows\System32\DriverStore\FileRepository\nvam.inf_amd64_4ae7e10b45473e65;C:\Program Files\Common Files\Microsoft Shared\Ink

VM Arguments:
jvm_args: --module-path=C:\javafx-sdk-24.0.1\lib --add-modules=javafx.controls,javafx.fxml,javafx.media -javaagent:G:\IntelliJ IDEA 2024.3.5\lib\idea_rt.jar=60855 -Dfile.encoding=UTF-8 -Dsun.stdout.encoding=UTF-8 -Dsun.stderr.encoding=UTF-8 
java_command: Client.Main
java_class_path (initial): C:\Users\arya\Desktop\telegram\Telegram-clone\out\production\classes;C:\Users\arya\Desktop\telegram\Telegram-clone\out\production\resources;C:\Users\arya\.gradle\caches\modules-2\files-2.1\org.openjfx\javafx-fxml\23.0.2\b032052fc189c1c702cc9b01f416f7cae53674df\javafx-fxml-23.0.2-win.jar;C:\Users\arya\.gradle\caches\modules-2\files-2.1\org.openjfx\javafx-controls\23.0.2\ea7a2048ce6b344273affb916713120fe77fb1e8\javafx-controls-23.0.2-win.jar;C:\Users\arya\.gradle\caches\modules-2\files-2.1\org.openjfx\javafx-media\23.0.2\b27f12b417de89f6fd6180a6540f6f26ab98a0ee\javafx-media-23.0.2-win.jar;C:\Users\arya\.gradle\caches\modules-2\files-2.1\com.google.code.gson\gson\2.10.1\b3add478d4382b78ea20b1671390a858002feb6c\gson-2.10.1.jar;C:\Users\arya\.gradle\caches\modules-2\files-2.1\com.jfoenix\jfoenix\9.0.10\a7625792db8d15615ea6eebbc31e01504f20b2df\jfoenix-9.0.10.jar;C:\Users\arya\.gradle\caches\modules-2\files-2.1\org.postgresql\postgresql\42.6.0\7614cfce466145b84972781ab0079b8dea49e363\postgresql-42.6.0.jar;C:\Users\arya\.gradle\caches\modules-2\files-2.1\org.hibernate.orm\hibernate-community-dialects\6.4.2.Final\9856329563362d2f26541285a2036e86addba30c\hibernate-community-dialects-6.4.2.Final.jar;C:\Users\arya\.gradle\caches\modules-2\files-2.1\org.hibernate.orm\hibernate-core\6.4.2.Final\4dd48cbc3c97c71ca42db0a9d0d7f9c220675edb\hibernate-core-6.4.2.Final.jar;C:\Users\arya\.gradle\caches\modules-2\files-2.1\jakarta.persistence\jakarta.persistence-api\3.1.0\66901fa1c373c6aff65c13791cc11da72060a8d6\jakarta.persistence-api-3.1.0.jar;C:\Users\arya\.gradle\caches\modules-2\files-2.1\com.zaxxer\HikariCP\5.0.1\a74c7f0a37046846e88d54f7cb6ea6d565c65f9c\HikariCP-5.0.1.jar;C:\Users\arya\.gradle\caches\modules-2\files-2.1\org.xerial\sqlite-jdbc\3.36.0.3\7fa71c4dfab806490cb909714fb41373ec552c29\sqlite-jdbc-3.36.0.3.jar;C:\Users\arya\.gradle\caches\modules-2\files-2.1\org.openjfx\javafx-graphics\23.0.2\21ed994c9ba8a9d30099204c556e6dba3a23f169\javafx-graphics-23.0.2-win.jar;C:\Users\arya\.gradle\caches\modules-2\files-2.1\jakarta.transaction\jakarta.transaction-api\2.0.1\51a520e3fae406abb84e2e1148e6746ce3f80a1a\jakarta.transaction-api-2.0.1.jar;C:\Users\arya\.gradle\caches\modules-2\files-2.1\org.slf4j\slf4j-api\1.7.30\b5a4b6d16ab13e34a88fae84c35cd5d68cac922c\slf4j-api-1.7.30.jar;C:\Users\arya\.gradle\caches\modules-2\files-2.1\org.openjfx\javafx-base\23.0.2\e44e750005596dc44ce37c07fc3b8c10da9ab354\javafx-base-23.0.2-win.jar;C:\Users\arya\.gradle\caches\modules-2\files-2.1\org.checkerframework\checker-qual\3.31.0\eeefd4af42e2f4221d145c1791582f91868f99ab\checker-qual-3.31.0.jar;C:\Users\arya\.gradle\caches\modules-2\files-2.1\org.jboss.logging\jboss-logging\3.5.0.Final\c19307cc11f28f5e2679347e633a3294d865334d\jboss-logging-3.5.0.Final.jar;C:\Users\arya\.gradle\caches\modules-2\files-2.1\org.hibernate.common\hibernate-commons-annotations\6.0.6.Final\77a5f94b56d49508e0ee334751db5b78e5ccd50c\hibernate-commons-annotations-6.0.6.Final.jar;C:\Users\arya\.gradle\caches\modules-2\files-2.1\io.smallrye\jandex\3.1.2\a6c1c89925c7df06242b03dddb353116ceb9584c\jandex-3.1.2.jar;C:\Users\arya\.gradle\caches\modules-2\files-2.1\com.fasterxml\classmate\1.5.1\3fe0bed568c62df5e89f4f174c101eab25345b6c\classmate-1.5.1.jar;C:\Users\arya\.gradle\caches\modules-2\files-2.1\net.bytebuddy\byte-buddy\1.14.7\34efde5f0bb93afc94aaf9d400521899c4806873\byte-buddy-1.14.7.jar;C:\Users\arya\.gradle\caches\modules-2\files-2.1\org.glassfish.jaxb\jaxb-runtime\4.0.2\e4e4e0c5b0d42054d00dc4023901572a60d368c7\jaxb-runtime-4.0.2.jar;C:\Users\arya\.gradle\caches\modules-2\files-2.1\jakarta.xml.bind\jakarta.xml.bind-api\4.0.0\bbb399208d288b15ec101fa4fcfc4bd77cedc97a\jakarta.xml.bind-api-4.0.0.jar;C:\Users\arya\.gradle\caches\modules-2\files-2.1\jakarta.inject\jakarta.inject-api\2.0.1\4c28afe1991a941d7702fe1362c365f0a8641d1e\jakarta.inject-api-2.0.1.jar;C:\Users\arya\.gradle\caches\modules-2\files-2.1\org.antlr\antlr4-runtime\4.13.0\5a02e48521624faaf5ff4d99afc88b01686af655\antlr4-runtime-4.13.0.jar;C:\Users\arya\.gradle\caches\modules-2\files-2.1\org.glassfish.jaxb\jaxb-core\4.0.2\8c29249f6c10f4ee08967783831580b0f5c5360\jaxb-core-4.0.2.jar;C:\Users\arya\.gradle\caches\modules-2\files-2.1\jakarta.activation\jakarta.activation-api\2.1.1\88c774ab863a21fb2fc4219af95379fafe499a31\jakarta.activation-api-2.1.1.jar;C:\Users\arya\.gradle\caches\modules-2\files-2.1\org.eclipse.angus\angus-activation\2.0.0\72369f4e2314d38de2dcbb277141ef0226f73151\angus-activation-2.0.0.jar;C:\Users\arya\.gradle\caches\modules-2\files-2.1\org.glassfish.jaxb\txw2\4.0.2\24e167be69c29ebb7ee0a3b1f9b546f1dfd111fc\txw2-4.0.2.jar;C:\Users\arya\.gradle\caches\modules-2\files-2.1\com.sun.istack\istack-commons-runtime\4.1.1\9b3769c76235bc283b060da4fae2318c6d53f07e\istack-commons-runtime-4.1.1.jar
Launcher Type: SUN_STANDARD

[Global flags]
     intx CICompilerCount                          = 12                                        {product} {ergonomic}
     uint ConcGCThreads                            = 3                                         {product} {ergonomic}
     uint G1ConcRefinementThreads                  = 13                                        {product} {ergonomic}
   size_t G1HeapRegionSize                         = 2097152                                   {product} {ergonomic}
   size_t InitialHeapSize                          = 264241152                                 {product} {ergonomic}
   size_t MarkStackSize                            = 4194304                                   {product} {ergonomic}
   size_t MarkStackSizeMax                         = 536870912                                 {product} {ergonomic}
   size_t MaxHeapSize                              = 4196401152                                {product} {ergonomic}
   size_t MaxNewSize                               = 2516582400                                {product} {ergonomic}
   size_t MinHeapDeltaBytes                        = 2097152                                   {product} {ergonomic}
   size_t MinHeapSize                              = 8388608                                   {product} {ergonomic}
    uintx NonNMethodCodeHeapSize                   = 7602176                                {pd product} {ergonomic}
    uintx NonProfiledCodeHeapSize                  = 122093568                              {pd product} {ergonomic}
    uintx ProfiledCodeHeapSize                     = 121962496                              {pd product} {ergonomic}
    uintx ReservedCodeCacheSize                    = 251658240                              {pd product} {ergonomic}
     bool SegmentedCodeCache                       = true                                      {product} {ergonomic}
   size_t SoftMaxHeapSize                          = 4196401152                             {manageable} {ergonomic}
     bool UseCompressedOops                        = true                           {product lp64_product} {ergonomic}
     bool UseG1GC                                  = true                                      {product} {ergonomic}
     bool UseLargePagesIndividualAllocation        = false                                  {pd product} {ergonomic}

Logging:
Log output configuration:
 #0: stdout all=off uptime,level,tags foldmultilines=false
 #1: stderr all=off uptime,level,tags foldmultilines=false

Environment Variables:
PATH=C:\Program Files\Common Files\Oracle\Java\javapath;C:\Program Files\Python312\Scripts\;C:\Program Files\Python312\;C:\ProgramData\Oracle\Java\javapath;C:\Program Files (x86)\Common Files\Oracle\Java\javapath;C:\Windows\system32;C:\Windows;C:\Windows\System32\Wbem;C:\Windows\System32\WindowsPowerShell\v1.0\;C:\Windows\System32\OpenSSH\;C:\Program Files\dotnet\;C:\Program Files (x86)\NVIDIA Corporation\PhysX\Common;C:\Program Files\NVIDIA Corporation\NVIDIA app\NvDLISR;C:\Program Files\PuTTY\;C:\Program Files (x86)\Bitvise SSH Client;C:\Program Files\nodejs\;C:\msys64\mingw64\bin;C:\Program Files (x86)\Windows Kits\10\Windows Performance Toolkit\;C:\Program Files\Git\cmd;C:\Gradle\gradle-8.6\bin;C:\Gradle\gradle-8.13;C:\Program Files\Go\bin;C:\Users\arya\AppData\Local\Microsoft\WindowsApps;F:\Microsoft VS Code\bin;C:\Users\arya\AppData\Local\GitHubDesktop\bin;C:\Users\arya\AppData\Roaming\npm;G:\apache-maven-3.9.9\bin;G:\IntelliJ IDEA 2024.3.5\bin;;C:\Program Files\Python312\Scripts;C:\Users\arya\AppData\Roaming\Python\Python312\Scripts;C:\Users\arya\go\bin
USERNAME=arya
OS=Windows_NT
PROCESSOR_IDENTIFIER=Intel64 Family 6 Model 154 Stepping 3, GenuineIntel
TMP=C:\Users\arya\AppData\Local\Temp
TEMP=C:\Users\arya\AppData\Local\Temp




Periodic native trim disabled

---------------  S Y S T E M  ---------------

OS:
 Windows 10 , 64 bit Build 19041 (10.0.19041.5915)
OS uptime: 3 days 16:31 hours

CPU: total 16 (initial active 16) (8 cores per cpu, 2 threads per core) family 6 model 154 stepping 3 microcode 0x41c, cx8, cmov, fxsr, ht, mmx, 3dnowpref, sse, sse2, sse3, ssse3, sse4.1, sse4.2, popcnt, lzcnt, tsc, tscinvbit, avx, avx2, aes, erms, clmul, bmi1, bmi2, adx, sha, fma, vzeroupper, clflush, clflushopt, clwb, serialize, rdtscp, rdpid, fsrm, gfni, f16c, pku, cet_ibt, cet_ss
Processor Information for processor 0
  Max Mhz: 2300, Current Mhz: 2300, Mhz Limit: 1679
Processor Information for processor 1
  Max Mhz: 2300, Current Mhz: 2300, Mhz Limit: 2300
Processor Information for processor 2
  Max Mhz: 2300, Current Mhz: 2300, Mhz Limit: 2300
Processor Information for processor 3
  Max Mhz: 2300, Current Mhz: 2300, Mhz Limit: 2300
Processor Information for processor 4
  Max Mhz: 2300, Current Mhz: 2300, Mhz Limit: 2300
Processor Information for processor 5
  Max Mhz: 2300, Current Mhz: 2300, Mhz Limit: 2300
Processor Information for processor 6
  Max Mhz: 2300, Current Mhz: 2300, Mhz Limit: 2300
Processor Information for processor 7
  Max Mhz: 2300, Current Mhz: 2300, Mhz Limit: 2300
Processor Information for processor 8
  Max Mhz: 2300, Current Mhz: 2300, Mhz Limit: 2300
Processor Information for processor 9
  Max Mhz: 2300, Current Mhz: 2300, Mhz Limit: 2300
Processor Information for processor 10
  Max Mhz: 2300, Current Mhz: 2300, Mhz Limit: 2300
Processor Information for processor 11
  Max Mhz: 2300, Current Mhz: 2300, Mhz Limit: 2300
Processor Information for processor 12
  Max Mhz: 2300, Current Mhz: 1700, Mhz Limit: 1679
Processor Information for processor 13
  Max Mhz: 2300, Current Mhz: 1700, Mhz Limit: 1679
Processor Information for processor 14
  Max Mhz: 2300, Current Mhz: 1700, Mhz Limit: 1679
Processor Information for processor 15
  Max Mhz: 2300, Current Mhz: 1700, Mhz Limit: 1679

Memory: 4k page, system-wide physical 16005M (3219M free)
TotalPageFile size 25254M (AvailPageFile size 3699M)
current process WorkingSet (physical memory assigned to process): 601M, peak: 609M
current process commit charge ("private bytes"): 796M, peak: 849M

vm_info: Java HotSpot(TM) 64-Bit Server VM (23.0.2+7-58) for windows-amd64 JRE (23.0.2+7-58), built on 2024-11-29T09:34:55Z with MS VC++ 17.6 (VS2022)

END.
