#
# A fatal error has been detected by the Java Runtime Environment:
#
#  EXCEPTION_ACCESS_VIOLATION (0xc0000005) at pc=0x00007ffd53568e37, pid=7480, tid=6460
#
# JRE version: Java(TM) SE Runtime Environment (23.0.2+7) (build 23.0.2+7-58)
# Java VM: Java HotSpot(TM) 64-Bit Server VM (23.0.2+7-58, mixed mode, sharing, tiered, compressed oops, compressed class ptrs, g1 gc, windows-amd64)
# Problematic frame:
# C  [glass.dll+0x28e37]
#
# No core dump will be written. Minidumps are not enabled by default on client versions of Windows
#
# If you would like to submit a bug report, please visit:
#   https://bugreport.java.com/bugreport/crash.jsp
#

---------------  S U M M A R Y ------------

Command Line: --module-path=C:\javafx-sdk-24.0.1\lib --add-modules=javafx.controls,javafx.fxml,javafx.web -javaagent:D:\05_Programs\IntelliJ IDEA Community Edition 2024.3.5\lib\idea_rt.jar=63276 -Dfile.encoding=UTF-8 -Dsun.stdout.encoding=UTF-8 -Dsun.stderr.encoding=UTF-8 Client.Main

Host: AMD A6-9220 RADEON R4, 5 COMPUTE CORES 2C+3G   , 2 cores, 6G,  Windows 10 , 64 bit Build 19041 (10.0.19041.5915)
Time: Sun Sep  7 20:52:34 2025 Iran Standard Time elapsed time: 52.852111 seconds (0d 0h 0m 52s)

---------------  T H R E A D  ---------------

Current thread (0x000001d37fb67b00):  VMThread "VM Thread"          [id=6460, stack(0x000000611bc00000,0x000000611bd00000) (1024K)]

Stack: [0x000000611bc00000,0x000000611bd00000],  sp=0x000000611bcff3f0,  free space=1020k
Native frames: (J=compiled Java code, j=interpreted, Vv=VM code, C=native code)
C  [glass.dll+0x28e37]  (no source info available)
C  [ucrtbase.dll+0x142d6]  (no source info available)
C  [ucrtbase.dll+0x141fb]  (no source info available)
C  [ucrtbase.dll+0x141b4]  (no source info available)
C  [glass.dll+0x2655d]  (no source info available)
C  [glass.dll+0x26682]  (no source info available)
C  [ntdll.dll+0x19a1d]  (no source info available)
C  [ntdll.dll+0x5f1ca]  (no source info available)
C  [ntdll.dll+0x5ef7d]  (no source info available)
C  [KERNEL32.DLL+0x1e3eb]  (no source info available)
C  [ucrtbase.dll+0x205bc]  (no source info available)
C  [ucrtbase.dll+0x2045f]  (no source info available)
V  [jvm.dll+0x6d9b3c]  (no source info available)
V  [jvm.dll+0x6d9670]  (no source info available)
V  [jvm.dll+0x3da724]  (no source info available)
V  [jvm.dll+0x886d50]  (no source info available)
V  [jvm.dll+0x888077]  (no source info available)
V  [jvm.dll+0x8885a8]  (no source info available)
V  [jvm.dll+0x888843]  (no source info available)
V  [jvm.dll+0x8254cb]  (no source info available)
V  [jvm.dll+0x6df345]  (no source info available)
C  [ucrtbase.dll+0x21bb2]  (no source info available)
C  [KERNEL32.DLL+0x17374]  (no source info available)
C  [ntdll.dll+0x4cc91]  (no source info available)


siginfo: EXCEPTION_ACCESS_VIOLATION (0xc0000005), reading address 0x0000000000000000


Registers:
RAX=0x0000000000000000, RBX=0x000001d37fb6d892, RCX=0x000001d37fb67b00, RDX=0x000000611bcff3f0
RSP=0x000000611bcff3f0, RBP=0x000001d35f105e18, RSI=0x000001d35f105df0, RDI=0x0000d8713bcab2eb
R8 =0x0000000000010002, R9 =0x0000d8713bcab2eb, R10=0x0000000000008000, R11=0x000000611bcff380
R12=0x00007ffd535666d0, R13=0x00007ffd3d44c6e0, R14=0x000000611bcff4e8, R15=0x000001d35f105df0
RIP=0x00007ffd53568e37, EFLAGS=0x0000000000010206


Register to memory mapping:

RAX=0x0 is null
RBX=0x000001d37fb6d892 is a global jni handle
RCX=0x000001d37fb67b00 points into unknown readable memory: 0x00007ffd3d250748 | 48 07 25 3d fd 7f 00 00
RDX=0x000000611bcff3f0 points into unknown readable memory: 0x0000000000000000 | 00 00 00 00 00 00 00 00
RSP=0x000000611bcff3f0 points into unknown readable memory: 0x0000000000000000 | 00 00 00 00 00 00 00 00
RBP=0x000001d35f105e18 points into unknown readable memory: 0x0000d8713bcab2eb | eb b2 ca 3b 71 d8 00 00
RSI=0x000001d35f105df0 points into unknown readable memory: 0xb30f987138355871 | 71 58 35 38 71 98 0f b3
RDI=0x0000d8713bcab2eb is an unknown value
R8 =0x0000000000010002 is an unknown value
R9 =0x0000d8713bcab2eb is an unknown value
R10=0x0000000000008000 is an unknown value
R11=0x000000611bcff380 points into unknown readable memory: 0x000001d35f105df0 | f0 5d 10 5f d3 01 00 00
R12=0x00007ffd535666d0 glass.dll
R13=0x00007ffd3d44c6e0 jvm.dll
R14=0x000000611bcff4e8 points into unknown readable memory: 0x000000611bcff4d0 | d0 f4 cf 1b 61 00 00 00
R15=0x000001d35f105df0 points into unknown readable memory: 0xb30f987138355871 | 71 58 35 38 71 98 0f b3

Top of Stack: (sp=0x000000611bcff3f0)
0x000000611bcff3f0:   0000000000000000 000001d35f105df0
0x000000611bcff400:   00007ffd3d44c6e0 00007ffd535666d0
0x000000611bcff410:   000001d35f105df8 00007ffd7ba442d6
0x000000611bcff420:   0000d8713bcab2eb 000001d300000000
0x000000611bcff430:   000001d35f105e18 000001d35f105df0
0x000000611bcff440:   fffffffffffffffe 0000000000000000
0x000000611bcff450:   0000000000000001 00007ffd53540000
0x000000611bcff460:   000000611bcff4d8 00007ffd7ba441fb
0x000000611bcff470:   0000000000000000 000000611bcff4e8
0x000000611bcff480:   000000611bcff7c0 00007ffd7bb20e40
0x000000611bcff490:   0000000000000001 00007ffd7ba441b4
0x000000611bcff4a0:   0000000000000000 0000000000000001
0x000000611bcff4b0:   00007ffd77dd3300 000000611bcff4d8
0x000000611bcff4c0:   000000000000000d 00007ffd5356655d
0x000000611bcff4d0:   00007ffd5357fda8 00007ffd00000002
0x000000611bcff4e0:   0000000000000002 000000611bcff4d0
0x000000611bcff4f0:   0000000000000000 00007ffd7db29993
0x000000611bcff500:   0000000000000000 00007ffd53566682
0x000000611bcff510:   0000000000000001 0000000000000000
0x000000611bcff520:   00000000000000f0 0000000000000001
0x000000611bcff530:   00007ffd74ca1d90 0000000000000000
0x000000611bcff540:   0000000000000001 00007ffd74ca2ef0
0x000000611bcff550:   00007ffd53540000 000000007ffe0384
0x000000611bcff560:   0000000000000000 00007ffd7db29a1d
0x000000611bcff570:   00007ffd53540000 0000000000000000
0x000000611bcff580:   0000000000000001 000000007ffe0385
0x000000611bcff590:   0000000000000000 00007ffd7db6f331
0x000000611bcff5a0:   0000c65fe1548300 0000000000000014
0x000000611bcff5b0:   00007ffd535666d0 0000000000000000
0x000000611bcff5c0:   0000000000000000 000000611b1d9000
0x000000611bcff5d0:   000001d3197f3810 00007ffd7db6f1ca
0x000000611bcff5e0:   000001d3197f2290 00007ffd53540000 

Instructions: (pc=0x00007ffd53568e37)
0x00007ffd53568d37:   8b 4d 58 e8 d9 ce ff ff 48 8b 4d 60 e8 d0 ce ff
0x00007ffd53568d47:   ff 48 8b 95 80 00 00 00 48 8b 8d 18 01 00 00 e8
0x00007ffd53568d57:   b6 c4 ff ff 33 d2 33 c9 e8 1c e1 ff ff 90 48 89
0x00007ffd53568d67:   54 24 10 55 48 83 ec 20 48 8b ea 48 b8 00 00 00
0x00007ffd53568d77:   00 00 00 00 00 48 83 c4 20 5d c3 cc 40 55 48 8b
0x00007ffd53568d87:   ea 48 8b 01 33 c9 81 38 05 00 00 c0 0f 94 c1 8b
0x00007ffd53568d97:   c1 5d c3 cc 40 55 48 83 ec 20 48 8b ea 8a 4d 40
0x00007ffd53568da7:   48 83 c4 20 5d e9 c3 d2 ff ff cc 40 55 48 83 ec
0x00007ffd53568db7:   20 48 8b ea 8a 4d 20 e8 b1 d2 ff ff 90 48 83 c4
0x00007ffd53568dc7:   20 5d c3 cc 40 55 48 83 ec 20 48 8b ea 48 83 c4
0x00007ffd53568dd7:   20 5d e9 12 d1 ff ff cc 40 55 48 83 ec 30 48 8b
0x00007ffd53568de7:   ea 48 8b 01 8b 10 48 89 4c 24 28 89 54 24 20 4c
0x00007ffd53568df7:   8d 0d b3 d5 ff ff 4c 8b 45 70 8b 55 68 48 8b 4d
0x00007ffd53568e07:   60 e8 53 d0 ff ff 90 48 83 c4 30 5d c3 cc cc cc
0x00007ffd53568e17:   cc cc cc cc cc cc cc cc cc 40 53 48 83 ec 20 48
0x00007ffd53568e27:   8b 1d 2b 6a 01 00 48 85 db 74 16 e8 a9 8f ff ff
0x00007ffd53568e37:   4c 8b 00 48 8b d3 48 8b c8 41 ff 90 b0 00 00 00
0x00007ffd53568e47:   90 48 83 c4 20 5b c3 cc cc 40 53 48 83 ec 20 48
0x00007ffd53568e57:   8b 1d 6b 6b 01 00 48 85 db 74 57 b8 ff ff ff ff
0x00007ffd53568e67:   f0 0f c1 43 10 83 f8 01 75 3d 48 85 db 74 38 48
0x00007ffd53568e77:   8b 0b 48 85 c9 74 0d ff 15 2c 14 00 00 48 c7 03
0x00007ffd53568e87:   00 00 00 00 48 8b 4b 08 48 85 c9 74 0d e8 7f cd
0x00007ffd53568e97:   ff ff 48 c7 43 08 00 00 00 00 ba 18 00 00 00 48
0x00007ffd53568ea7:   8b cb e8 6a cd ff ff 48 c7 05 0f 6b 01 00 00 00
0x00007ffd53568eb7:   00 00 48 83 c4 20 5b c3 cc 40 53 48 83 ec 20 48
0x00007ffd53568ec7:   8b 1d db 6a 01 00 48 85 db 74 57 b8 ff ff ff ff
0x00007ffd53568ed7:   f0 0f c1 43 10 83 f8 01 75 3d 48 85 db 74 38 48
0x00007ffd53568ee7:   8b 0b 48 85 c9 74 0d ff 15 bc 13 00 00 48 c7 03
0x00007ffd53568ef7:   00 00 00 00 48 8b 4b 08 48 85 c9 74 0d e8 0f cd
0x00007ffd53568f07:   ff ff 48 c7 43 08 00 00 00 00 ba 18 00 00 00 48
0x00007ffd53568f17:   8b cb e8 fa cc ff ff 48 c7 05 7f 6a 01 00 00 00
0x00007ffd53568f27:   00 00 48 83 c4 20 5b c3 cc 40 53 48 83 ec 20 48 


Stack slot to memory mapping:

stack at sp + 0 slots: 0x0 is null
stack at sp + 1 slots: 0x000001d35f105df0 points into unknown readable memory: 0xb30f987138355871 | 71 58 35 38 71 98 0f b3
stack at sp + 2 slots: 0x00007ffd3d44c6e0 jvm.dll
stack at sp + 3 slots: 0x00007ffd535666d0 glass.dll
stack at sp + 4 slots: 0x000001d35f105df8 points into unknown readable memory: 0x0000d8713bcab2eb | eb b2 ca 3b 71 d8 00 00
stack at sp + 5 slots: 0x00007ffd7ba442d6 ucrtbase.dll
stack at sp + 6 slots: 0x0000d8713bcab2eb is an unknown value
stack at sp + 7 slots: 0x000001d300000000 points into unknown readable memory: 0x00010000cafedada | da da fe ca 00 00 01 00

VM_Operation (0x000000611dcff000): Exit, mode: safepoint, requested by thread 0x000001d35fc79580


---------------  P R O C E S S  ---------------

Threads class SMR info:
_java_thread_list=0x000001d3198340f0, length=22, elements={
0x000001d37d67acf0, 0x000001d37fb7d3b0, 0x000001d37fb7f1e0, 0x000001d37fb83a20,
0x000001d37fb84480, 0x000001d37fb84ee0, 0x000001d37fb85c70, 0x000001d37fbab520,
0x000001d31970e760, 0x000001d319aae520, 0x000001d35f897590, 0x000001d319814810,
0x000001d35f800080, 0x000001d35f8006f0, 0x000001d35f6f3060, 0x000001d35f876a10,
0x000001d35fc19f40, 0x000001d35fc1a5d0, 0x000001d35fc17e70, 0x000001d35fc71f60,
0x000001d35fc75a70, 0x000001d35fc79580
}

Java Threads: ( => current thread )
  0x000001d37d67acf0 JavaThread "main"                              [_thread_blocked, id=8652, stack(0x000000611b400000,0x000000611b500000) (1024K)]
  0x000001d37fb7d3b0 JavaThread "Reference Handler"          daemon [_thread_blocked, id=6992, stack(0x000000611bd00000,0x000000611be00000) (1024K)]
  0x000001d37fb7f1e0 JavaThread "Finalizer"                  daemon [_thread_blocked, id=11836, stack(0x000000611be00000,0x000000611bf00000) (1024K)]
  0x000001d37fb83a20 JavaThread "Attach Listener"            daemon [_thread_blocked, id=10064, stack(0x000000611c000000,0x000000611c100000) (1024K)]
  0x000001d37fb84480 JavaThread "Service Thread"             daemon [_thread_blocked, id=2400, stack(0x000000611c100000,0x000000611c200000) (1024K)]
  0x000001d37fb84ee0 JavaThread "Monitor Deflation Thread"   daemon [_thread_blocked, id=7444, stack(0x000000611c200000,0x000000611c300000) (1024K)]
  0x000001d37fb85c70 JavaThread "C2 CompilerThread0"         daemon [_thread_blocked, id=10296, stack(0x000000611c300000,0x000000611c400000) (1024K)]
  0x000001d37fbab520 JavaThread "C1 CompilerThread0"         daemon [_thread_blocked, id=13208, stack(0x000000611c400000,0x000000611c500000) (1024K)]
  0x000001d31970e760 JavaThread "Common-Cleaner"             daemon [_thread_blocked, id=4276, stack(0x000000611c500000,0x000000611c600000) (1024K)]
  0x000001d319aae520 JavaThread "Monitor Ctrl-Break"         daemon [_thread_in_native, id=788, stack(0x000000611c700000,0x000000611c800000) (1024K)]
  0x000001d35f897590 JavaThread "Notification Thread"        daemon [_thread_blocked, id=9296, stack(0x000000611c800000,0x000000611c900000) (1024K)]
  0x000001d319814810 JavaThread "QuantumRenderer-0"          daemon [_thread_blocked, id=9260, stack(0x000000611c900000,0x000000611ca00000) (1024K)]
  0x000001d35f800080 JavaThread "InvokeLaterDispatcher"      daemon [_thread_blocked, id=1176, stack(0x000000611cb00000,0x000000611cc00000) (1024K)]
  0x000001d35f8006f0 JavaThread "JavaFX Application Thread"         [_thread_in_native, id=10916, stack(0x000000611cc00000,0x000000611cd00000) (1024K)]
  0x000001d35f6f3060 JavaThread "JavaFX-Launcher"                   [_thread_blocked, id=10396, stack(0x000000611d400000,0x000000611d500000) (1024K)]
  0x000001d35f876a10 JavaThread "Thread-2"                   daemon [_thread_in_native, id=9828, stack(0x000000611d300000,0x000000611d400000) (1024K)]
  0x000001d35fc19f40 JavaThread "Prism Font Disposer"        daemon [_thread_blocked, id=12352, stack(0x000000611d600000,0x000000611d700000) (1024K)]
  0x000001d35fc1a5d0 JavaThread "Cleaner-0"                  daemon [_thread_blocked, id=8240, stack(0x000000611d700000,0x000000611d800000) (1024K)]
  0x000001d35fc17e70 JavaThread "Thread-3"                   daemon [_thread_in_native, id=4412, stack(0x000000611da00000,0x000000611db00000) (1024K)]
  0x000001d35fc71f60 JavaThread "Timer-0"                    daemon [_thread_blocked, id=9696, stack(0x000000611d500000,0x000000611d600000) (1024K)]
  0x000001d35fc75a70 JavaThread "Thread-8"                          [_thread_blocked, id=7244, stack(0x000000611db00000,0x000000611dc00000) (1024K)]
  0x000001d35fc79580 JavaThread "SIGINT handler"             daemon [_thread_blocked, id=12440, stack(0x000000611dc00000,0x000000611dd00000) (1024K)]
Total: 22

Other Threads:
=>0x000001d37fb67b00 VMThread "VM Thread"                           [id=6460, stack(0x000000611bc00000,0x000000611bd00000) (1024K)]
  0x000001d37d6cab10 WorkerThread "GC Thread#0"                     [id=8976, stack(0x000000611b600000,0x000000611b700000) (1024K)]
  0x000001d319aadf00 WorkerThread "GC Thread#1"                     [id=7520, stack(0x000000611c600000,0x000000611c700000) (1024K)]
  0x000001d37d6dd090 ConcurrentGCThread "G1 Main Marker"            terminated
  0x000001d37d6ddc60 WorkerThread "G1 Conc#0"                       [id=12624, stack(0x000000611b800000,0x000000611b900000) (1024K)]
  0x000001d37fa324c0 ConcurrentGCThread "G1 Refine#0"               terminated
  0x000001d37d738c70 ConcurrentGCThread "G1 Service"                terminated
Total: 7

Threads with active compile tasks:
Total: 0

VM state: at safepoint (shutting down)

VM Mutex/Monitor currently owned by a thread:  ([mutex/lock_event])
[0x00007ffd3d424888] Threads_lock - owner thread: 0x000001d37fb67b00
[0x00007ffd3d424988] Heap_lock - owner thread: 0x000001d35fc79580

Heap address: 0x0000000090c00000, size: 1780 MB, Compressed Oops mode: 32-bit

CDS archive(s) mapped at: [0x000001d31a000000-0x000001d31ad70000-0x000001d31ad70000), size 14090240, SharedBaseAddress: 0x000001d31a000000, ArchiveRelocationMode: 1.
Compressed class space mapped at: 0x000001d31b000000-0x000001d35b000000, reserved size: 1073741824
Narrow klass base: 0x000001d31a000000, Narrow klass shift: 0, Narrow klass range: 0x41000000

GC Precious Log:
 CardTable entry size: 512
 Card Set container configuration: InlinePtr #cards 5 size 8 Array Of Cards #cards 10 size 36 Howl #buckets 4 coarsen threshold 1843 Howl Bitmap #cards 512 size 80 coarsen threshold 460 Card regions per heap region 1 cards per card region 2048
 CPUs: 2 total, 2 available
 Memory: 7116M
 Large Page Support: Disabled
 NUMA Support: Disabled
 Compressed Oops: Enabled (32-bit)
 Heap Region Size: 1M
 Heap Min Capacity: 8M
 Heap Initial Capacity: 112M
 Heap Max Capacity: 1780M
 Pre-touch: Disabled
 Parallel Workers: 2
 Concurrent Workers: 1
 Concurrent Refinement Workers: 2
 Periodic GC: Disabled

Heap:
 garbage-first heap   total reserved 1822720K, committed 171008K, used 144186K [0x0000000090c00000, 0x0000000100000000)
  region size 1024K, 29 young (29696K), 3 survivors (3072K)
 Metaspace       used 25689K, committed 26112K, reserved 1114112K
  class space    used 3651K, committed 3840K, reserved 1048576K

Heap Regions: E=young(eden), S=young(survivor), O=old, HS=humongous(starts), HC=humongous(continues), CS=collection set, F=free, TAMS=top-at-mark-start, PB=parsable bottom
|   0|0x0000000090c00000, 0x0000000090d00000, 0x0000000090d00000|100%|HS|  |TAMS 0x0000000090c00000| PB 0x0000000090c00000| Complete |  0
|   1|0x0000000090d00000, 0x0000000090e00000, 0x0000000090e00000|100%| O|  |TAMS 0x0000000090d00000| PB 0x0000000090d00000| Untracked |  0
|   2|0x0000000090e00000, 0x0000000090f00000, 0x0000000090f00000|100%| O|  |TAMS 0x0000000090e00000| PB 0x0000000090e00000| Untracked |  0
|   3|0x0000000090f00000, 0x0000000091000000, 0x0000000091000000|100%|HS|  |TAMS 0x0000000090f00000| PB 0x0000000090f00000| Complete |  0
|   4|0x0000000091000000, 0x0000000091100000, 0x0000000091100000|100%| O|  |TAMS 0x0000000091000000| PB 0x0000000091000000| Untracked |  0
|   5|0x0000000091100000, 0x0000000091200000, 0x0000000091200000|100%| O|  |TAMS 0x0000000091100000| PB 0x0000000091100000| Untracked |  0
|   6|0x0000000091200000, 0x0000000091300000, 0x0000000091300000|100%| O|  |TAMS 0x0000000091200000| PB 0x0000000091200000| Untracked |  0
|   7|0x0000000091300000, 0x0000000091400000, 0x0000000091400000|100%| O|  |TAMS 0x0000000091300000| PB 0x0000000091300000| Untracked |  0
|   8|0x0000000091400000, 0x0000000091500000, 0x0000000091500000|100%| O|  |TAMS 0x0000000091400000| PB 0x0000000091400000| Untracked |  0
|   9|0x0000000091500000, 0x0000000091600000, 0x0000000091600000|100%|HS|  |TAMS 0x0000000091500000| PB 0x0000000091500000| Complete |  0
|  10|0x0000000091600000, 0x0000000091700000, 0x0000000091700000|100%|HC|  |TAMS 0x0000000091600000| PB 0x0000000091600000| Complete |  0
|  11|0x0000000091700000, 0x0000000091800000, 0x0000000091800000|100%|HC|  |TAMS 0x0000000091700000| PB 0x0000000091700000| Complete |  0
|  12|0x0000000091800000, 0x0000000091900000, 0x0000000091900000|100%|HC|  |TAMS 0x0000000091800000| PB 0x0000000091800000| Complete |  0
|  13|0x0000000091900000, 0x0000000091a00000, 0x0000000091a00000|100%|HC|  |TAMS 0x0000000091900000| PB 0x0000000091900000| Complete |  0
|  14|0x0000000091a00000, 0x0000000091b00000, 0x0000000091b00000|100%|HC|  |TAMS 0x0000000091a00000| PB 0x0000000091a00000| Complete |  0
|  15|0x0000000091b00000, 0x0000000091c00000, 0x0000000091c00000|100%|HC|  |TAMS 0x0000000091b00000| PB 0x0000000091b00000| Complete |  0
|  16|0x0000000091c00000, 0x0000000091d00000, 0x0000000091d00000|100%| O|  |TAMS 0x0000000091c00000| PB 0x0000000091c00000| Untracked |  0
|  17|0x0000000091d00000, 0x0000000091e00000, 0x0000000091e00000|100%|HS|  |TAMS 0x0000000091d00000| PB 0x0000000091d00000| Complete |  0
|  18|0x0000000091e00000, 0x0000000091f00000, 0x0000000091f00000|100%|HS|  |TAMS 0x0000000091e00000| PB 0x0000000091e00000| Complete |  0
|  19|0x0000000091f00000, 0x0000000092000000, 0x0000000092000000|100%|HC|  |TAMS 0x0000000091f00000| PB 0x0000000091f00000| Complete |  0
|  20|0x0000000092000000, 0x0000000092100000, 0x0000000092100000|100%|HC|  |TAMS 0x0000000092000000| PB 0x0000000092000000| Complete |  0
|  21|0x0000000092100000, 0x0000000092200000, 0x0000000092200000|100%|HC|  |TAMS 0x0000000092100000| PB 0x0000000092100000| Complete |  0
|  22|0x0000000092200000, 0x0000000092300000, 0x0000000092300000|100%|HS|  |TAMS 0x0000000092200000| PB 0x0000000092200000| Complete |  0
|  23|0x0000000092300000, 0x0000000092400000, 0x0000000092400000|100%|HC|  |TAMS 0x0000000092300000| PB 0x0000000092300000| Complete |  0
|  24|0x0000000092400000, 0x0000000092500000, 0x0000000092500000|100%|HS|  |TAMS 0x0000000092400000| PB 0x0000000092400000| Complete |  0
|  25|0x0000000092500000, 0x0000000092600000, 0x0000000092600000|100%|HC|  |TAMS 0x0000000092500000| PB 0x0000000092500000| Complete |  0
|  26|0x0000000092600000, 0x0000000092700000, 0x0000000092700000|100%|HS|  |TAMS 0x0000000092600000| PB 0x0000000092600000| Complete |  0
|  27|0x0000000092700000, 0x0000000092800000, 0x0000000092800000|100%|HS|  |TAMS 0x0000000092700000| PB 0x0000000092700000| Complete |  0
|  28|0x0000000092800000, 0x0000000092900000, 0x0000000092900000|100%|HC|  |TAMS 0x0000000092800000| PB 0x0000000092800000| Complete |  0
|  29|0x0000000092900000, 0x0000000092a00000, 0x0000000092a00000|100%|HC|  |TAMS 0x0000000092900000| PB 0x0000000092900000| Complete |  0
|  30|0x0000000092a00000, 0x0000000092b00000, 0x0000000092b00000|100%|HC|  |TAMS 0x0000000092a00000| PB 0x0000000092a00000| Complete |  0
|  31|0x0000000092b00000, 0x0000000092c00000, 0x0000000092c00000|100%|HS|  |TAMS 0x0000000092b00000| PB 0x0000000092b00000| Complete |  0
|  32|0x0000000092c00000, 0x0000000092d00000, 0x0000000092d00000|100%|HC|  |TAMS 0x0000000092c00000| PB 0x0000000092c00000| Complete |  0
|  33|0x0000000092d00000, 0x0000000092e00000, 0x0000000092e00000|100%|HC|  |TAMS 0x0000000092d00000| PB 0x0000000092d00000| Complete |  0
|  34|0x0000000092e00000, 0x0000000092f00000, 0x0000000092f00000|100%|HC|  |TAMS 0x0000000092e00000| PB 0x0000000092e00000| Complete |  0
|  35|0x0000000092f00000, 0x0000000092f00000, 0x0000000093000000|  0%| F|  |TAMS 0x0000000092f00000| PB 0x0000000092f00000| Untracked |  0
|  36|0x0000000093000000, 0x0000000093100000, 0x0000000093100000|100%|HS|  |TAMS 0x0000000093000000| PB 0x0000000093000000| Complete |  0
|  37|0x0000000093100000, 0x0000000093200000, 0x0000000093200000|100%|HC|  |TAMS 0x0000000093100000| PB 0x0000000093100000| Complete |  0
|  38|0x0000000093200000, 0x0000000093300000, 0x0000000093300000|100%|HS|  |TAMS 0x0000000093200000| PB 0x0000000093200000| Complete |  0
|  39|0x0000000093300000, 0x0000000093400000, 0x0000000093400000|100%|HC|  |TAMS 0x0000000093300000| PB 0x0000000093300000| Complete |  0
|  40|0x0000000093400000, 0x0000000093500000, 0x0000000093500000|100%|HC|  |TAMS 0x0000000093400000| PB 0x0000000093400000| Complete |  0
|  41|0x0000000093500000, 0x0000000093600000, 0x0000000093600000|100%|HC|  |TAMS 0x0000000093500000| PB 0x0000000093500000| Complete |  0
|  42|0x0000000093600000, 0x0000000093700000, 0x0000000093700000|100%|HS|  |TAMS 0x0000000093600000| PB 0x0000000093600000| Complete |  0
|  43|0x0000000093700000, 0x0000000093800000, 0x0000000093800000|100%|HC|  |TAMS 0x0000000093700000| PB 0x0000000093700000| Complete |  0
|  44|0x0000000093800000, 0x0000000093900000, 0x0000000093900000|100%|HS|  |TAMS 0x0000000093800000| PB 0x0000000093800000| Complete |  0
|  45|0x0000000093900000, 0x0000000093a00000, 0x0000000093a00000|100%|HC|  |TAMS 0x0000000093900000| PB 0x0000000093900000| Complete |  0
|  46|0x0000000093a00000, 0x0000000093b00000, 0x0000000093b00000|100%|HS|  |TAMS 0x0000000093a00000| PB 0x0000000093a00000| Complete |  0
|  47|0x0000000093b00000, 0x0000000093c00000, 0x0000000093c00000|100%|HC|  |TAMS 0x0000000093b00000| PB 0x0000000093b00000| Complete |  0
|  48|0x0000000093c00000, 0x0000000093d00000, 0x0000000093d00000|100%|HC|  |TAMS 0x0000000093c00000| PB 0x0000000093c00000| Complete |  0
|  49|0x0000000093d00000, 0x0000000093e00000, 0x0000000093e00000|100%|HC|  |TAMS 0x0000000093d00000| PB 0x0000000093d00000| Complete |  0
|  50|0x0000000093e00000, 0x0000000093f00000, 0x0000000093f00000|100%|HS|  |TAMS 0x0000000093e00000| PB 0x0000000093e00000| Complete |  0
|  51|0x0000000093f00000, 0x0000000094000000, 0x0000000094000000|100%|HC|  |TAMS 0x0000000093f00000| PB 0x0000000093f00000| Complete |  0
|  52|0x0000000094000000, 0x0000000094000000, 0x0000000094100000|  0%| F|  |TAMS 0x0000000094000000| PB 0x0000000094000000| Untracked |  0
|  53|0x0000000094100000, 0x0000000094200000, 0x0000000094200000|100%|HS|  |TAMS 0x0000000094100000| PB 0x0000000094100000| Complete |  0
|  54|0x0000000094200000, 0x0000000094300000, 0x0000000094300000|100%|HC|  |TAMS 0x0000000094200000| PB 0x0000000094200000| Complete |  0
|  55|0x0000000094300000, 0x0000000094400000, 0x0000000094400000|100%|HC|  |TAMS 0x0000000094300000| PB 0x0000000094300000| Complete |  0
|  56|0x0000000094400000, 0x0000000094500000, 0x0000000094500000|100%|HC|  |TAMS 0x0000000094400000| PB 0x0000000094400000| Complete |  0
|  57|0x0000000094500000, 0x0000000094500000, 0x0000000094600000|  0%| F|  |TAMS 0x0000000094500000| PB 0x0000000094500000| Untracked |  0
|  58|0x0000000094600000, 0x0000000094700000, 0x0000000094700000|100%|HS|  |TAMS 0x0000000094600000| PB 0x0000000094600000| Complete |  0
|  59|0x0000000094700000, 0x0000000094800000, 0x0000000094800000|100%|HC|  |TAMS 0x0000000094700000| PB 0x0000000094700000| Complete |  0
|  60|0x0000000094800000, 0x0000000094900000, 0x0000000094900000|100%|HS|  |TAMS 0x0000000094800000| PB 0x0000000094800000| Complete |  0
|  61|0x0000000094900000, 0x0000000094a00000, 0x0000000094a00000|100%|HC|  |TAMS 0x0000000094900000| PB 0x0000000094900000| Complete |  0
|  62|0x0000000094a00000, 0x0000000094b00000, 0x0000000094b00000|100%|HC|  |TAMS 0x0000000094a00000| PB 0x0000000094a00000| Complete |  0
|  63|0x0000000094b00000, 0x0000000094c00000, 0x0000000094c00000|100%|HC|  |TAMS 0x0000000094b00000| PB 0x0000000094b00000| Complete |  0
|  64|0x0000000094c00000, 0x0000000094d00000, 0x0000000094d00000|100%|HS|  |TAMS 0x0000000094c00000| PB 0x0000000094c00000| Complete |  0
|  65|0x0000000094d00000, 0x0000000094e00000, 0x0000000094e00000|100%|HC|  |TAMS 0x0000000094d00000| PB 0x0000000094d00000| Complete |  0
|  66|0x0000000094e00000, 0x0000000094e00000, 0x0000000094f00000|  0%| F|  |TAMS 0x0000000094e00000| PB 0x0000000094e00000| Untracked |  0
|  67|0x0000000094f00000, 0x0000000095000000, 0x0000000095000000|100%|HS|  |TAMS 0x0000000094f00000| PB 0x0000000094f00000| Complete |  0
|  68|0x0000000095000000, 0x0000000095100000, 0x0000000095100000|100%|HC|  |TAMS 0x0000000095000000| PB 0x0000000095000000| Complete |  0
|  69|0x0000000095100000, 0x0000000095200000, 0x0000000095200000|100%|HC|  |TAMS 0x0000000095100000| PB 0x0000000095100000| Complete |  0
|  70|0x0000000095200000, 0x0000000095300000, 0x0000000095300000|100%|HC|  |TAMS 0x0000000095200000| PB 0x0000000095200000| Complete |  0
|  71|0x0000000095300000, 0x0000000095400000, 0x0000000095400000|100%|HS|  |TAMS 0x0000000095300000| PB 0x0000000095300000| Complete |  0
|  72|0x0000000095400000, 0x0000000095500000, 0x0000000095500000|100%|HC|  |TAMS 0x0000000095400000| PB 0x0000000095400000| Complete |  0
|  73|0x0000000095500000, 0x0000000095600000, 0x0000000095600000|100%|HC|  |TAMS 0x0000000095500000| PB 0x0000000095500000| Complete |  0
|  74|0x0000000095600000, 0x0000000095700000, 0x0000000095700000|100%|HC|  |TAMS 0x0000000095600000| PB 0x0000000095600000| Complete |  0
|  75|0x0000000095700000, 0x0000000095800000, 0x0000000095800000|100%|HS|  |TAMS 0x0000000095700000| PB 0x0000000095700000| Complete |  0
|  76|0x0000000095800000, 0x0000000095900000, 0x0000000095900000|100%|HC|  |TAMS 0x0000000095800000| PB 0x0000000095800000| Complete |  0
|  77|0x0000000095900000, 0x0000000095a00000, 0x0000000095a00000|100%|HS|  |TAMS 0x0000000095900000| PB 0x0000000095900000| Complete |  0
|  78|0x0000000095a00000, 0x0000000095b00000, 0x0000000095b00000|100%|HC|  |TAMS 0x0000000095a00000| PB 0x0000000095a00000| Complete |  0
|  79|0x0000000095b00000, 0x0000000095c00000, 0x0000000095c00000|100%|HC|  |TAMS 0x0000000095b00000| PB 0x0000000095b00000| Complete |  0
|  80|0x0000000095c00000, 0x0000000095d00000, 0x0000000095d00000|100%|HC|  |TAMS 0x0000000095c00000| PB 0x0000000095c00000| Complete |  0
|  81|0x0000000095d00000, 0x0000000095e00000, 0x0000000095e00000|100%|HS|  |TAMS 0x0000000095d00000| PB 0x0000000095d00000| Complete |  0
|  82|0x0000000095e00000, 0x0000000095f00000, 0x0000000095f00000|100%|HC|  |TAMS 0x0000000095e00000| PB 0x0000000095e00000| Complete |  0
|  83|0x0000000095f00000, 0x0000000096000000, 0x0000000096000000|100%|HS|  |TAMS 0x0000000095f00000| PB 0x0000000095f00000| Complete |  0
|  84|0x0000000096000000, 0x0000000096100000, 0x0000000096100000|100%|HC|  |TAMS 0x0000000096000000| PB 0x0000000096000000| Complete |  0
|  85|0x0000000096100000, 0x0000000096200000, 0x0000000096200000|100%|HS|  |TAMS 0x0000000096100000| PB 0x0000000096100000| Complete |  0
|  86|0x0000000096200000, 0x0000000096300000, 0x0000000096300000|100%|HC|  |TAMS 0x0000000096200000| PB 0x0000000096200000| Complete |  0
|  87|0x0000000096300000, 0x0000000096400000, 0x0000000096400000|100%|HC|  |TAMS 0x0000000096300000| PB 0x0000000096300000| Complete |  0
|  88|0x0000000096400000, 0x0000000096500000, 0x0000000096500000|100%|HC|  |TAMS 0x0000000096400000| PB 0x0000000096400000| Complete |  0
|  89|0x0000000096500000, 0x0000000096500000, 0x0000000096600000|  0%| F|  |TAMS 0x0000000096500000| PB 0x0000000096500000| Untracked |  0
|  90|0x0000000096600000, 0x0000000096600000, 0x0000000096700000|  0%| F|  |TAMS 0x0000000096600000| PB 0x0000000096600000| Untracked |  0
|  91|0x0000000096700000, 0x0000000096700000, 0x0000000096800000|  0%| F|  |TAMS 0x0000000096700000| PB 0x0000000096700000| Untracked |  0
|  92|0x0000000096800000, 0x0000000096900000, 0x0000000096900000|100%|HS|  |TAMS 0x0000000096800000| PB 0x0000000096800000| Complete |  0
|  93|0x0000000096900000, 0x0000000096a00000, 0x0000000096a00000|100%|HC|  |TAMS 0x0000000096900000| PB 0x0000000096900000| Complete |  0
|  94|0x0000000096a00000, 0x0000000096b00000, 0x0000000096b00000|100%|HC|  |TAMS 0x0000000096a00000| PB 0x0000000096a00000| Complete |  0
|  95|0x0000000096b00000, 0x0000000096c00000, 0x0000000096c00000|100%|HC|  |TAMS 0x0000000096b00000| PB 0x0000000096b00000| Complete |  0
|  96|0x0000000096c00000, 0x0000000096d00000, 0x0000000096d00000|100%|HS|  |TAMS 0x0000000096c00000| PB 0x0000000096c00000| Complete |  0
|  97|0x0000000096d00000, 0x0000000096e00000, 0x0000000096e00000|100%|HC|  |TAMS 0x0000000096d00000| PB 0x0000000096d00000| Complete |  0
|  98|0x0000000096e00000, 0x0000000096f00000, 0x0000000096f00000|100%|HC|  |TAMS 0x0000000096e00000| PB 0x0000000096e00000| Complete |  0
|  99|0x0000000096f00000, 0x0000000097000000, 0x0000000097000000|100%|HC|  |TAMS 0x0000000096f00000| PB 0x0000000096f00000| Complete |  0
| 100|0x0000000097000000, 0x0000000097100000, 0x0000000097100000|100%|HS|  |TAMS 0x0000000097000000| PB 0x0000000097000000| Complete |  0
| 101|0x0000000097100000, 0x0000000097200000, 0x0000000097200000|100%|HC|  |TAMS 0x0000000097100000| PB 0x0000000097100000| Complete |  0
| 102|0x0000000097200000, 0x0000000097300000, 0x0000000097300000|100%|HC|  |TAMS 0x0000000097200000| PB 0x0000000097200000| Complete |  0
| 103|0x0000000097300000, 0x0000000097400000, 0x0000000097400000|100%|HC|  |TAMS 0x0000000097300000| PB 0x0000000097300000| Complete |  0
| 104|0x0000000097400000, 0x0000000097500000, 0x0000000097500000|100%|HS|  |TAMS 0x0000000097400000| PB 0x0000000097400000| Complete |  0
| 105|0x0000000097500000, 0x0000000097600000, 0x0000000097600000|100%|HC|  |TAMS 0x0000000097500000| PB 0x0000000097500000| Complete |  0
| 106|0x0000000097600000, 0x0000000097700000, 0x0000000097700000|100%|HC|  |TAMS 0x0000000097600000| PB 0x0000000097600000| Complete |  0
| 107|0x0000000097700000, 0x0000000097800000, 0x0000000097800000|100%|HC|  |TAMS 0x0000000097700000| PB 0x0000000097700000| Complete |  0
| 108|0x0000000097800000, 0x0000000097900000, 0x0000000097900000|100%|HS|  |TAMS 0x0000000097800000| PB 0x0000000097800000| Complete |  0
| 109|0x0000000097900000, 0x0000000097a00000, 0x0000000097a00000|100%|HC|  |TAMS 0x0000000097900000| PB 0x0000000097900000| Complete |  0
| 110|0x0000000097a00000, 0x0000000097b00000, 0x0000000097b00000|100%|HC|  |TAMS 0x0000000097a00000| PB 0x0000000097a00000| Complete |  0
| 111|0x0000000097b00000, 0x0000000097c00000, 0x0000000097c00000|100%|HC|  |TAMS 0x0000000097b00000| PB 0x0000000097b00000| Complete |  0
| 112|0x0000000097c00000, 0x0000000097c00000, 0x0000000097d00000|  0%| F|  |TAMS 0x0000000097c00000| PB 0x0000000097c00000| Untracked |  0
| 113|0x0000000097d00000, 0x0000000097d00000, 0x0000000097e00000|  0%| F|  |TAMS 0x0000000097d00000| PB 0x0000000097d00000| Untracked |  0
| 114|0x0000000097e00000, 0x0000000097e00000, 0x0000000097f00000|  0%| F|  |TAMS 0x0000000097e00000| PB 0x0000000097e00000| Untracked |  0
| 115|0x0000000097f00000, 0x0000000097f00000, 0x0000000098000000|  0%| F|  |TAMS 0x0000000097f00000| PB 0x0000000097f00000| Untracked |  0
| 116|0x0000000098000000, 0x0000000098000000, 0x0000000098100000|  0%| F|  |TAMS 0x0000000098000000| PB 0x0000000098000000| Untracked |  0
| 117|0x0000000098100000, 0x0000000098100000, 0x0000000098200000|  0%| F|  |TAMS 0x0000000098100000| PB 0x0000000098100000| Untracked |  0
| 118|0x0000000098200000, 0x0000000098200000, 0x0000000098300000|  0%| F|  |TAMS 0x0000000098200000| PB 0x0000000098200000| Untracked |  0
| 119|0x0000000098300000, 0x0000000098300000, 0x0000000098400000|  0%| F|  |TAMS 0x0000000098300000| PB 0x0000000098300000| Untracked |  0
| 120|0x0000000098400000, 0x0000000098400000, 0x0000000098500000|  0%| F|  |TAMS 0x0000000098400000| PB 0x0000000098400000| Untracked |  0
| 121|0x0000000098500000, 0x0000000098500000, 0x0000000098600000|  0%| F|  |TAMS 0x0000000098500000| PB 0x0000000098500000| Untracked |  0
| 122|0x0000000098600000, 0x0000000098600000, 0x0000000098700000|  0%| F|  |TAMS 0x0000000098600000| PB 0x0000000098600000| Untracked |  0
| 123|0x0000000098700000, 0x0000000098700000, 0x0000000098800000|  0%| F|  |TAMS 0x0000000098700000| PB 0x0000000098700000| Untracked |  0
| 124|0x0000000098800000, 0x0000000098800000, 0x0000000098900000|  0%| F|  |TAMS 0x0000000098800000| PB 0x0000000098800000| Untracked |  0
| 125|0x0000000098900000, 0x0000000098900000, 0x0000000098a00000|  0%| F|  |TAMS 0x0000000098900000| PB 0x0000000098900000| Untracked |  0
| 126|0x0000000098a00000, 0x0000000098a00000, 0x0000000098b00000|  0%| F|  |TAMS 0x0000000098a00000| PB 0x0000000098a00000| Untracked |  0
| 127|0x0000000098b00000, 0x0000000098b00000, 0x0000000098c00000|  0%| F|  |TAMS 0x0000000098b00000| PB 0x0000000098b00000| Untracked |  0
| 128|0x0000000098c00000, 0x0000000098c00000, 0x0000000098d00000|  0%| F|  |TAMS 0x0000000098c00000| PB 0x0000000098c00000| Untracked |  0
| 129|0x0000000098d00000, 0x0000000098d9bab8, 0x0000000098e00000| 60%| E|  |TAMS 0x0000000098d00000| PB 0x0000000098d00000| Complete |  0
| 130|0x0000000098e00000, 0x0000000098f00000, 0x0000000098f00000|100%| E|CS|TAMS 0x0000000098e00000| PB 0x0000000098e00000| Complete |  0
| 131|0x0000000098f00000, 0x0000000099000000, 0x0000000099000000|100%| E|CS|TAMS 0x0000000098f00000| PB 0x0000000098f00000| Complete |  0
| 132|0x0000000099000000, 0x0000000099100000, 0x0000000099100000|100%| E|CS|TAMS 0x0000000099000000| PB 0x0000000099000000| Complete |  0
| 133|0x0000000099100000, 0x0000000099200000, 0x0000000099200000|100%| E|CS|TAMS 0x0000000099100000| PB 0x0000000099100000| Complete |  0
| 134|0x0000000099200000, 0x0000000099283120, 0x0000000099300000| 51%| S|CS|TAMS 0x0000000099200000| PB 0x0000000099200000| Complete |  0
| 135|0x0000000099300000, 0x0000000099400000, 0x0000000099400000|100%| S|CS|TAMS 0x0000000099300000| PB 0x0000000099300000| Complete |  0
| 136|0x0000000099400000, 0x0000000099500000, 0x0000000099500000|100%| S|CS|TAMS 0x0000000099400000| PB 0x0000000099400000| Complete |  0
| 137|0x0000000099500000, 0x0000000099600000, 0x0000000099600000|100%| E|CS|TAMS 0x0000000099500000| PB 0x0000000099500000| Complete |  0
| 138|0x0000000099600000, 0x0000000099700000, 0x0000000099700000|100%| E|CS|TAMS 0x0000000099600000| PB 0x0000000099600000| Complete |  0
| 139|0x0000000099700000, 0x0000000099800000, 0x0000000099800000|100%| E|CS|TAMS 0x0000000099700000| PB 0x0000000099700000| Complete |  0
| 140|0x0000000099800000, 0x0000000099900000, 0x0000000099900000|100%| E|CS|TAMS 0x0000000099800000| PB 0x0000000099800000| Complete |  0
| 141|0x0000000099900000, 0x0000000099a00000, 0x0000000099a00000|100%| E|CS|TAMS 0x0000000099900000| PB 0x0000000099900000| Complete |  0
| 142|0x0000000099a00000, 0x0000000099b00000, 0x0000000099b00000|100%| E|CS|TAMS 0x0000000099a00000| PB 0x0000000099a00000| Complete |  0
| 143|0x0000000099b00000, 0x0000000099c00000, 0x0000000099c00000|100%| E|CS|TAMS 0x0000000099b00000| PB 0x0000000099b00000| Complete |  0
| 144|0x0000000099c00000, 0x0000000099d00000, 0x0000000099d00000|100%| E|CS|TAMS 0x0000000099c00000| PB 0x0000000099c00000| Complete |  0
| 145|0x0000000099d00000, 0x0000000099e00000, 0x0000000099e00000|100%| E|CS|TAMS 0x0000000099d00000| PB 0x0000000099d00000| Complete |  0
| 146|0x0000000099e00000, 0x0000000099f00000, 0x0000000099f00000|100%| E|CS|TAMS 0x0000000099e00000| PB 0x0000000099e00000| Complete |  0
| 147|0x0000000099f00000, 0x000000009a000000, 0x000000009a000000|100%| E|CS|TAMS 0x0000000099f00000| PB 0x0000000099f00000| Complete |  0
| 148|0x000000009a000000, 0x000000009a100000, 0x000000009a100000|100%| E|CS|TAMS 0x000000009a000000| PB 0x000000009a000000| Complete |  0
| 149|0x000000009a100000, 0x000000009a200000, 0x000000009a200000|100%| E|CS|TAMS 0x000000009a100000| PB 0x000000009a100000| Complete |  0
| 150|0x000000009a200000, 0x000000009a300000, 0x000000009a300000|100%| E|CS|TAMS 0x000000009a200000| PB 0x000000009a200000| Complete |  0
| 151|0x000000009a300000, 0x000000009a400000, 0x000000009a400000|100%| E|CS|TAMS 0x000000009a300000| PB 0x000000009a300000| Complete |  0
| 152|0x000000009a400000, 0x000000009a500000, 0x000000009a500000|100%| E|CS|TAMS 0x000000009a400000| PB 0x000000009a400000| Complete |  0
| 153|0x000000009a500000, 0x000000009a600000, 0x000000009a600000|100%| E|CS|TAMS 0x000000009a500000| PB 0x000000009a500000| Complete |  0
| 154|0x000000009a600000, 0x000000009a700000, 0x000000009a700000|100%| E|CS|TAMS 0x000000009a600000| PB 0x000000009a600000| Complete |  0
| 155|0x000000009a700000, 0x000000009a800000, 0x000000009a800000|100%| E|CS|TAMS 0x000000009a700000| PB 0x000000009a700000| Complete |  0
| 156|0x000000009a800000, 0x000000009a900000, 0x000000009a900000|100%| E|CS|TAMS 0x000000009a800000| PB 0x000000009a800000| Complete |  0
| 157|0x000000009a900000, 0x000000009aa00000, 0x000000009aa00000|100%| E|CS|TAMS 0x000000009a900000| PB 0x000000009a900000| Complete |  0
|1771|0x00000000ff700000, 0x00000000ff74ba58, 0x00000000ff800000| 29%| O|  |TAMS 0x00000000ff700000| PB 0x00000000ff700000| Untracked |  0
|1772|0x00000000ff800000, 0x00000000ff900000, 0x00000000ff900000|100%| O|Cm|TAMS 0x00000000ff800000| PB 0x00000000ff800000| Complete |  0
|1773|0x00000000ff900000, 0x00000000ffa00000, 0x00000000ffa00000|100%| O|  |TAMS 0x00000000ff900000| PB 0x00000000ff900000| Untracked |  0
|1774|0x00000000ffa00000, 0x00000000ffb00000, 0x00000000ffb00000|100%| O|  |TAMS 0x00000000ffa00000| PB 0x00000000ffa00000| Untracked |  0
|1775|0x00000000ffb00000, 0x00000000ffc00000, 0x00000000ffc00000|100%| O|  |TAMS 0x00000000ffb00000| PB 0x00000000ffb00000| Untracked |  0
|1776|0x00000000ffc00000, 0x00000000ffd00000, 0x00000000ffd00000|100%| O|  |TAMS 0x00000000ffc00000| PB 0x00000000ffc00000| Untracked |  0
|1777|0x00000000ffd00000, 0x00000000ffe00000, 0x00000000ffe00000|100%| O|  |TAMS 0x00000000ffd00000| PB 0x00000000ffd00000| Untracked |  0
|1778|0x00000000ffe00000, 0x00000000fff00000, 0x00000000fff00000|100%| O|  |TAMS 0x00000000ffe00000| PB 0x00000000ffe00000| Untracked |  0
|1779|0x00000000fff00000, 0x0000000100000000, 0x0000000100000000|100%| O|  |TAMS 0x00000000fff00000| PB 0x00000000fff00000| Untracked |  0

Card table byte_map: [0x000001d37dac0000,0x000001d37de40000] _byte_map_base: 0x000001d37d63a000

Marking Bits: (CMBitMap*) 0x000001d37d6cb130
 Bits: [0x000001d37de40000, 0x000001d37fa10000)

Polling page: 0x000001d37b400000

Metaspace:

Usage:
  Non-class:     21.52 MB used.
      Class:      3.57 MB used.
       Both:     25.09 MB used.

Virtual space:
  Non-class space:       64.00 MB reserved,      21.75 MB ( 34%) committed,  1 nodes.
      Class space:        1.00 GB reserved,       3.75 MB ( <1%) committed,  1 nodes.
             Both:        1.06 GB reserved,      25.50 MB (  2%) committed. 

Chunk freelists:
   Non-Class:  9.91 MB
       Class:  12.08 MB
        Both:  21.99 MB

MaxMetaspaceSize: unlimited
CompressedClassSpaceSize: 1.00 GB
Initial GC threshold: 21.00 MB
Current GC threshold: 41.56 MB
CDS: on
 - commit_granule_bytes: 65536.
 - commit_granule_words: 8192.
 - virtual_space_node_default_size: 8388608.
 - enlarge_chunks_in_place: 1.
 - use_allocation_guard: 0.


Internal statistics:

num_allocs_failed_limit: 3.
num_arena_births: 502.
num_arena_deaths: 0.
num_vsnodes_births: 2.
num_vsnodes_deaths: 0.
num_space_committed: 408.
num_space_uncommitted: 0.
num_chunks_returned_to_freelist: 3.
num_chunks_taken_from_freelist: 1349.
num_chunk_merges: 3.
num_chunk_splits: 897.
num_chunks_enlarged: 632.
num_inconsistent_stats: 0.

CodeHeap 'non-profiled nmethods': size=120128Kb used=2465Kb max_used=2465Kb free=117662Kb
 bounds [0x000001d310130000, 0x000001d3103a0000, 0x000001d317680000]
CodeHeap 'profiled nmethods': size=120000Kb used=10003Kb max_used=10003Kb free=109996Kb
 bounds [0x000001d308680000, 0x000001d309050000, 0x000001d30fbb0000]
CodeHeap 'non-nmethods': size=5632Kb used=1861Kb max_used=1908Kb free=3770Kb
 bounds [0x000001d30fbb0000, 0x000001d30fe20000, 0x000001d310130000]
CodeCache: size=245760Kb, used=14329Kb, max_used=14376Kb, free=231428Kb
 total_blobs=7005, nmethods=6116, adapters=793, full_count=0
Compilation: enabled, stopped_count=0, restarted_count=0

Compilation events (20 events):
Event: 31.718 Thread 0x000001d37fbab520 6800       1       com.sun.glass.ui.Window$UndecoratedMoveResizeHelper::inResize (5 bytes)
Event: 31.719 Thread 0x000001d37fbab520 nmethod 6800 0x000001d310397d88 code [0x000001d310397ea0, 0x000001d310397f70]
Event: 32.230 Thread 0x000001d37fbab520 6801       3       com.sun.javafx.stage.WindowCloseRequestHandler::dispatchBubblingEvent (23 bytes)
Event: 32.231 Thread 0x000001d37fbab520 nmethod 6801 0x000001d309042308 code [0x000001d309042440, 0x000001d309042810]
Event: 32.231 Thread 0x000001d37fbab520 6802       3       com.sun.javafx.event.BasicEventDispatcher::dispatchBubblingEvent (2 bytes)
Event: 32.231 Thread 0x000001d37fbab520 nmethod 6802 0x000001d309042888 code [0x000001d3090429a0, 0x000001d309042ab0]
Event: 38.341 Thread 0x000001d37fbab520 6803       3       com.sun.javafx.scene.KeyboardShortcutsHandler::dispatchBubblingEvent (60 bytes)
Event: 38.342 Thread 0x000001d37fbab520 nmethod 6803 0x000001d309042b88 code [0x000001d309042d00, 0x000001d309043380]
Event: 38.349 Thread 0x000001d37fb85c70 6804       4       com.sun.javafx.event.EventDispatchChainImpl::dispatchEvent (101 bytes)
Event: 38.352 Thread 0x000001d37fb85c70 nmethod 6804 0x000001d310398088 code [0x000001d3103981a0, 0x000001d310398360]
Event: 47.844 Thread 0x000001d37fb85c70 6805       4       java.util.EnumMap$EnumMapIterator::hasNext (64 bytes)
Event: 47.852 Thread 0x000001d37fb85c70 nmethod 6805 0x000001d310398388 code [0x000001d3103984a0, 0x000001d310398618]
Event: 48.061 Thread 0x000001d37fbab520 6806       3       javafx.animation.Animation$AnimationReadOnlyProperty::set (10 bytes)
Event: 48.062 Thread 0x000001d37fbab520 nmethod 6806 0x000001d309043408 code [0x000001d309043540, 0x000001d3090438d0]
Event: 48.062 Thread 0x000001d37fbab520 6807       3       com.sun.javafx.event.EventHandlerManager::fixEventSource (22 bytes)
Event: 48.062 Thread 0x000001d37fbab520 nmethod 6807 0x000001d309043908 code [0x000001d309043a40, 0x000001d309043dc8]
Event: 48.252 Thread 0x000001d37fbab520 6808       3       com.sun.glass.ui.Window$UndecoratedMoveResizeHelper::handleMouseEvent (157 bytes)
Event: 48.254 Thread 0x000001d37fbab520 nmethod 6808 0x000001d309043e08 code [0x000001d309043fe0, 0x000001d309044830]
Event: 52.288 Thread 0x000001d37fbab520 6809       3       java.util.LinkedList::remove (77 bytes)
Event: 52.289 Thread 0x000001d37fbab520 nmethod 6809 0x000001d309044888 code [0x000001d309044a00, 0x000001d309044ed8]

GC Heap History (20 events):
Event: 4.659 GC heap before
{Heap before GC invocations=3 (full 0):
 garbage-first heap   total reserved 1822720K, committed 114688K, used 22198K [0x0000000090c00000, 0x0000000100000000)
  region size 1024K, 19 young (19456K), 2 survivors (2048K)
 Metaspace       used 8750K, committed 8960K, reserved 1114112K
  class space    used 1045K, committed 1152K, reserved 1048576K
}
Event: 4.673 GC heap after
{Heap after GC invocations=4 (full 0):
 garbage-first heap   total reserved 1822720K, committed 114688K, used 8356K [0x0000000090c00000, 0x0000000100000000)
  region size 1024K, 3 young (3072K), 3 survivors (3072K)
 Metaspace       used 8750K, committed 8960K, reserved 1114112K
  class space    used 1045K, committed 1152K, reserved 1048576K
}
Event: 5.617 GC heap before
{Heap before GC invocations=4 (full 0):
 garbage-first heap   total reserved 1822720K, committed 114688K, used 26788K [0x0000000090c00000, 0x0000000100000000)
  region size 1024K, 22 young (22528K), 3 survivors (3072K)
 Metaspace       used 12358K, committed 12736K, reserved 1114112K
  class space    used 1679K, committed 1856K, reserved 1048576K
}
Event: 5.631 GC heap after
{Heap after GC invocations=5 (full 0):
 garbage-first heap   total reserved 1822720K, committed 114688K, used 11104K [0x0000000090c00000, 0x0000000100000000)
  region size 1024K, 3 young (3072K), 3 survivors (3072K)
 Metaspace       used 12358K, committed 12736K, reserved 1114112K
  class space    used 1679K, committed 1856K, reserved 1048576K
}
Event: 8.190 GC heap before
{Heap before GC invocations=5 (full 0):
 garbage-first heap   total reserved 1822720K, committed 114688K, used 57184K [0x0000000090c00000, 0x0000000100000000)
  region size 1024K, 33 young (33792K), 3 survivors (3072K)
 Metaspace       used 19320K, committed 19712K, reserved 1114112K
  class space    used 2885K, committed 3072K, reserved 1048576K
}
Event: 8.207 GC heap after
{Heap after GC invocations=6 (full 0):
 garbage-first heap   total reserved 1822720K, committed 114688K, used 22811K [0x0000000090c00000, 0x0000000100000000)
  region size 1024K, 5 young (5120K), 5 survivors (5120K)
 Metaspace       used 19320K, committed 19712K, reserved 1114112K
  class space    used 2885K, committed 3072K, reserved 1048576K
}
Event: 14.140 GC heap before
{Heap before GC invocations=6 (full 0):
 garbage-first heap   total reserved 1822720K, committed 114688K, used 28955K [0x0000000090c00000, 0x0000000100000000)
  region size 1024K, 13 young (13312K), 5 survivors (5120K)
 Metaspace       used 21092K, committed 21504K, reserved 1114112K
  class space    used 3003K, committed 3136K, reserved 1048576K
}
Event: 14.156 GC heap after
{Heap after GC invocations=7 (full 0):
 garbage-first heap   total reserved 1822720K, committed 114688K, used 24017K [0x0000000090c00000, 0x0000000100000000)
  region size 1024K, 4 young (4096K), 4 survivors (4096K)
 Metaspace       used 21092K, committed 21504K, reserved 1114112K
  class space    used 3003K, committed 3136K, reserved 1048576K
}
Event: 16.908 GC heap before
{Heap before GC invocations=8 (full 0):
 garbage-first heap   total reserved 1822720K, committed 83968K, used 83409K [0x0000000090c00000, 0x0000000100000000)
  region size 1024K, 30 young (30720K), 4 survivors (4096K)
 Metaspace       used 24312K, committed 24768K, reserved 1114112K
  class space    used 3583K, committed 3776K, reserved 1048576K
}
Event: 16.929 GC heap after
{Heap after GC invocations=9 (full 0):
 garbage-first heap   total reserved 1822720K, committed 92160K, used 41506K [0x0000000090c00000, 0x0000000100000000)
  region size 1024K, 5 young (5120K), 5 survivors (5120K)
 Metaspace       used 24312K, committed 24768K, reserved 1114112K
  class space    used 3583K, committed 3776K, reserved 1048576K
}
Event: 17.464 GC heap before
{Heap before GC invocations=9 (full 0):
 garbage-first heap   total reserved 1822720K, committed 105472K, used 102946K [0x0000000090c00000, 0x0000000100000000)
  region size 1024K, 13 young (13312K), 5 survivors (5120K)
 Metaspace       used 24403K, committed 24832K, reserved 1114112K
  class space    used 3589K, committed 3776K, reserved 1048576K
}
Event: 17.481 GC heap after
{Heap after GC invocations=10 (full 0):
 garbage-first heap   total reserved 1822720K, committed 111616K, used 56732K [0x0000000090c00000, 0x0000000100000000)
  region size 1024K, 1 young (1024K), 1 survivors (1024K)
 Metaspace       used 24403K, committed 24832K, reserved 1114112K
  class space    used 3589K, committed 3776K, reserved 1048576K
}
Event: 17.511 GC heap before
{Heap before GC invocations=10 (full 0):
 garbage-first heap   total reserved 1822720K, committed 111616K, used 56732K [0x0000000090c00000, 0x0000000100000000)
  region size 1024K, 2 young (2048K), 1 survivors (1024K)
 Metaspace       used 24403K, committed 24832K, reserved 1114112K
  class space    used 3589K, committed 3776K, reserved 1048576K
}
Event: 17.514 GC heap after
{Heap after GC invocations=11 (full 0):
 garbage-first heap   total reserved 1822720K, committed 111616K, used 56551K [0x0000000090c00000, 0x0000000100000000)
  region size 1024K, 1 young (1024K), 1 survivors (1024K)
 Metaspace       used 24403K, committed 24832K, reserved 1114112K
  class space    used 3589K, committed 3776K, reserved 1048576K
}
Event: 18.114 GC heap before
{Heap before GC invocations=12 (full 0):
 garbage-first heap   total reserved 1822720K, committed 122880K, used 121063K [0x0000000090c00000, 0x0000000100000000)
  region size 1024K, 9 young (9216K), 1 survivors (1024K)
 Metaspace       used 24520K, committed 24960K, reserved 1114112K
  class space    used 3590K, committed 3776K, reserved 1048576K
}
Event: 18.123 GC heap after
{Heap after GC invocations=13 (full 0):
 garbage-first heap   total reserved 1822720K, committed 124928K, used 81439K [0x0000000090c00000, 0x0000000100000000)
  region size 1024K, 2 young (2048K), 2 survivors (2048K)
 Metaspace       used 24520K, committed 24960K, reserved 1114112K
  class space    used 3590K, committed 3776K, reserved 1048576K
}
Event: 19.783 GC heap before
{Heap before GC invocations=13 (full 0):
 garbage-first heap   total reserved 1822720K, committed 124928K, used 122399K [0x0000000090c00000, 0x0000000100000000)
  region size 1024K, 12 young (12288K), 2 survivors (2048K)
 Metaspace       used 24843K, committed 25216K, reserved 1114112K
  class space    used 3598K, committed 3776K, reserved 1048576K
}
Event: 19.797 GC heap after
{Heap after GC invocations=14 (full 0):
 garbage-first heap   total reserved 1822720K, committed 155648K, used 97145K [0x0000000090c00000, 0x0000000100000000)
  region size 1024K, 3 young (3072K), 3 survivors (3072K)
 Metaspace       used 24843K, committed 25216K, reserved 1114112K
  class space    used 3598K, committed 3776K, reserved 1048576K
}
Event: 21.930 GC heap before
{Heap before GC invocations=14 (full 0):
 garbage-first heap   total reserved 1822720K, committed 155648K, used 102265K [0x0000000090c00000, 0x0000000100000000)
  region size 1024K, 9 young (9216K), 3 survivors (3072K)
 Metaspace       used 25148K, committed 25536K, reserved 1114112K
  class space    used 3601K, committed 3776K, reserved 1048576K
}
Event: 21.939 GC heap after
{Heap after GC invocations=15 (full 0):
 garbage-first heap   total reserved 1822720K, committed 155648K, used 97082K [0x0000000090c00000, 0x0000000100000000)
  region size 1024K, 3 young (3072K), 3 survivors (3072K)
 Metaspace       used 25148K, committed 25536K, reserved 1114112K
  class space    used 3601K, committed 3776K, reserved 1048576K
}

Dll operation events (20 events):
Event: 1.931 Loaded shared library C:\javafx-sdk-24.0.1\bin\api-ms-win-crt-locale-l1-1-0.dll
Event: 1.940 Loaded shared library C:\javafx-sdk-24.0.1\bin\api-ms-win-crt-math-l1-1-0.dll
Event: 1.943 Loaded shared library C:\javafx-sdk-24.0.1\bin\api-ms-win-crt-multibyte-l1-1-0.dll
Event: 1.946 Loaded shared library C:\javafx-sdk-24.0.1\bin\api-ms-win-crt-private-l1-1-0.dll
Event: 1.950 Loaded shared library C:\javafx-sdk-24.0.1\bin\api-ms-win-crt-process-l1-1-0.dll
Event: 1.954 Loaded shared library C:\javafx-sdk-24.0.1\bin\api-ms-win-crt-runtime-l1-1-0.dll
Event: 1.961 Loaded shared library C:\javafx-sdk-24.0.1\bin\api-ms-win-crt-stdio-l1-1-0.dll
Event: 1.965 Loaded shared library C:\javafx-sdk-24.0.1\bin\api-ms-win-crt-string-l1-1-0.dll
Event: 1.969 Loaded shared library C:\javafx-sdk-24.0.1\bin\api-ms-win-crt-time-l1-1-0.dll
Event: 1.972 Loaded shared library C:\javafx-sdk-24.0.1\bin\api-ms-win-crt-utility-l1-1-0.dll
Event: 1.976 Loaded shared library C:\javafx-sdk-24.0.1\bin\ucrtbase.dll
Event: 1.985 Loaded shared library C:\javafx-sdk-24.0.1\bin\vcruntime140.dll
Event: 1.988 Loaded shared library C:\javafx-sdk-24.0.1\bin\vcruntime140_1.dll
Event: 1.992 Loaded shared library C:\javafx-sdk-24.0.1\bin\msvcp140.dll
Event: 1.996 Loaded shared library C:\javafx-sdk-24.0.1\bin\msvcp140_1.dll
Event: 2.000 Loaded shared library C:\javafx-sdk-24.0.1\bin\msvcp140_2.dll
Event: 2.151 Loaded shared library C:\javafx-sdk-24.0.1\bin\prism_d3d.dll
Event: 2.261 Loaded shared library C:\javafx-sdk-24.0.1\bin\glass.dll
Event: 2.830 Loaded shared library C:\Program Files\Java\jdk-23\bin\jimage.dll
Event: 5.078 Loaded shared library C:\javafx-sdk-24.0.1\bin\javafx_font.dll

Deoptimization events (20 events):
Event: 28.376 Thread 0x000001d319814810 Uncommon trap: trap_request=0xffffffbe fr.pc=0x000001d310307620 relative=0x0000000000001100
Event: 28.376 Thread 0x000001d319814810 Uncommon trap: reason=profile_predicate action=maybe_recompile pc=0x000001d310307620 method=com.sun.prism.impl.GlyphCache.render(Lcom/sun/prism/impl/BaseContext;Lcom/sun/javafx/scene/text/GlyphList;FFIILcom/sun/prism/paint/Color;Lcom/sun/prism/paint/Color
Event: 28.376 Thread 0x000001d319814810 DEOPT PACKING pc=0x000001d310307620 sp=0x000000611c9fdff0
Event: 28.376 Thread 0x000001d319814810 DEOPT UNPACKING pc=0x000001d30fc04402 sp=0x000000611c9fdfa8 mode 2
Event: 28.378 Thread 0x000001d319814810 Uncommon trap: trap_request=0xffffffbe fr.pc=0x000001d31037cad0 relative=0x0000000000001c50
Event: 28.378 Thread 0x000001d319814810 Uncommon trap: reason=profile_predicate action=maybe_recompile pc=0x000001d31037cad0 method=com.sun.prism.impl.shape.DMarlinPrismUtils.feedConsumer(Lcom/sun/marlin/RendererContext;Lcom/sun/javafx/geom/Path2D;Lcom/sun/javafx/geom/transform/BaseTransform;Lc
Event: 28.378 Thread 0x000001d319814810 DEOPT PACKING pc=0x000001d31037cad0 sp=0x000000611c9fdb20
Event: 28.378 Thread 0x000001d319814810 DEOPT UNPACKING pc=0x000001d30fc04402 sp=0x000000611c9fdb10 mode 2
Event: 28.423 Thread 0x000001d35f8006f0 Uncommon trap: trap_request=0xffffff76 fr.pc=0x000001d3102874c0 relative=0x00000000000003e0
Event: 28.423 Thread 0x000001d35f8006f0 Uncommon trap: reason=predicate action=maybe_recompile pc=0x000001d3102874c0 method=java.util.ArrayList.remove(Ljava/lang/Object;)Z @ 42 c2
Event: 28.423 Thread 0x000001d35f8006f0 DEOPT PACKING pc=0x000001d3102874c0 sp=0x000000611ccfbb10
Event: 28.423 Thread 0x000001d35f8006f0 DEOPT UNPACKING pc=0x000001d30fc04402 sp=0x000000611ccfbae0 mode 2
Event: 28.505 Thread 0x000001d35f8006f0 DEOPT PACKING pc=0x000001d308b937d0 sp=0x000000611ccfa590
Event: 28.505 Thread 0x000001d35f8006f0 DEOPT UNPACKING pc=0x000001d30fc04b22 sp=0x000000611ccf9a80 mode 0
Event: 28.517 Thread 0x000001d35f8006f0 DEOPT PACKING pc=0x000001d308fd4626 sp=0x000000611ccfb250
Event: 28.517 Thread 0x000001d35f8006f0 DEOPT UNPACKING pc=0x000001d30fc04b22 sp=0x000000611ccfa828 mode 0
Event: 28.526 Thread 0x000001d35f8006f0 Uncommon trap: trap_request=0xffffff45 fr.pc=0x000001d31035d13c relative=0x0000000000000a3c
Event: 28.526 Thread 0x000001d35f8006f0 Uncommon trap: reason=unstable_if action=reinterpret pc=0x000001d31035d13c method=com.sun.javafx.geom.Path2D.appendOvalQuadrant(FFFFFFFFLcom/sun/javafx/geom/Path2D$CornerPrefix;)V @ 98 c2
Event: 28.526 Thread 0x000001d35f8006f0 DEOPT PACKING pc=0x000001d31035d13c sp=0x000000611ccfa520
Event: 28.527 Thread 0x000001d35f8006f0 DEOPT UNPACKING pc=0x000001d30fc04402 sp=0x000000611ccfa4f8 mode 2

Classes loaded (20 events):
Event: 16.832 Loading class java/time/zone/ZoneOffsetTransition
Event: 16.832 Loading class java/time/zone/ZoneOffsetTransition done
Event: 18.428 Loading class jdk/internal/icu/impl/UCharacterProperty
Event: 18.429 Loading class jdk/internal/icu/impl/UCharacterProperty done
Event: 18.429 Loading class jdk/internal/icu/impl/UCharacterProperty$1
Event: 18.429 Loading class jdk/internal/icu/impl/UCharacterProperty$BiDiIntProperty
Event: 18.429 Loading class jdk/internal/icu/impl/UCharacterProperty$IntProperty
Event: 18.429 Loading class jdk/internal/icu/impl/UCharacterProperty$IntProperty done
Event: 18.429 Loading class jdk/internal/icu/impl/UCharacterProperty$BiDiIntProperty done
Event: 18.429 Loading class jdk/internal/icu/impl/UCharacterProperty$1 done
Event: 18.430 Loading class jdk/internal/icu/impl/UCharacterProperty$IsAcceptable
Event: 18.430 Loading class jdk/internal/icu/impl/UCharacterProperty$IsAcceptable done
Event: 18.430 Loading class jdk/internal/icu/util/VersionInfo
Event: 18.430 Loading class jdk/internal/icu/util/VersionInfo done
Event: 18.469 Loading class java/lang/CharacterData01
Event: 18.470 Loading class java/lang/CharacterData01 done
Event: 28.182 Loading class java/lang/foreign/MemorySegment
Event: 28.183 Loading class java/lang/foreign/MemorySegment done
Event: 52.264 Loading class jdk/internal/misc/Signal$1
Event: 52.264 Loading class jdk/internal/misc/Signal$1 done

Classes unloaded (0 events):
No events

Classes redefined (0 events):
No events

Internal exceptions (20 events):
Event: 17.049 Thread 0x000001d35f8006f0 Exception <a 'java/io/FileNotFoundException'{0x00000000973f95a0}> (0x00000000973f95a0) 
thrown [s\open\src\hotspot\share\prims\jni.cpp, line 520]
Event: 17.102 Thread 0x000001d35f8006f0 Exception <a 'java/io/FileNotFoundException'{0x00000000972db788}> (0x00000000972db788) 
thrown [s\open\src\hotspot\share\prims\jni.cpp, line 520]
Event: 17.162 Thread 0x000001d35f8006f0 Exception <a 'java/io/FileNotFoundException'{0x00000000971dd4d0}> (0x00000000971dd4d0) 
thrown [s\open\src\hotspot\share\prims\jni.cpp, line 520]
Event: 17.211 Thread 0x000001d35f8006f0 Exception <a 'java/io/FileNotFoundException'{0x00000000970accd8}> (0x00000000970accd8) 
thrown [s\open\src\hotspot\share\prims\jni.cpp, line 520]
Event: 17.355 Thread 0x000001d35f8006f0 Exception <a 'java/io/FileNotFoundException'{0x00000000956b2440}> (0x00000000956b2440) 
thrown [s\open\src\hotspot\share\prims\jni.cpp, line 520]
Event: 18.445 Thread 0x000001d35f8006f0 Exception <a 'java/io/FileNotFoundException'{0x0000000096eddd60}> (0x0000000096eddd60) 
thrown [s\open\src\hotspot\share\prims\jni.cpp, line 520]
Event: 18.446 Thread 0x000001d35f8006f0 Exception <a 'java/io/FileNotFoundException'{0x0000000096edf680}> (0x0000000096edf680) 
thrown [s\open\src\hotspot\share\prims\jni.cpp, line 520]
Event: 18.450 Thread 0x000001d35f8006f0 Exception <a 'java/io/FileNotFoundException'{0x0000000096d000f0}> (0x0000000096d000f0) 
thrown [s\open\src\hotspot\share\prims\jni.cpp, line 520]
Event: 18.451 Thread 0x000001d35f8006f0 Exception <a 'java/io/FileNotFoundException'{0x0000000096d01480}> (0x0000000096d01480) 
thrown [s\open\src\hotspot\share\prims\jni.cpp, line 520]
Event: 18.507 Thread 0x000001d35f8006f0 Exception <a 'java/io/FileNotFoundException'{0x0000000096c25f28}> (0x0000000096c25f28) 
thrown [s\open\src\hotspot\share\prims\jni.cpp, line 520]
Event: 18.507 Thread 0x000001d35f8006f0 Exception <a 'java/io/FileNotFoundException'{0x0000000096c272b8}> (0x0000000096c272b8) 
thrown [s\open\src\hotspot\share\prims\jni.cpp, line 520]
Event: 18.508 Thread 0x000001d35f8006f0 Exception <a 'java/io/FileNotFoundException'{0x0000000096c28660}> (0x0000000096c28660) 
thrown [s\open\src\hotspot\share\prims\jni.cpp, line 520]
Event: 18.508 Thread 0x000001d35f8006f0 Exception <a 'java/io/FileNotFoundException'{0x0000000096c299f0}> (0x0000000096c299f0) 
thrown [s\open\src\hotspot\share\prims\jni.cpp, line 520]
Event: 20.475 Thread 0x000001d35f8006f0 Exception <a 'java/lang/NoSuchMethodError'{0x0000000099a49990}: 'java.lang.Object java.lang.invoke.DirectMethodHandle$Holder.newInvokeSpecial(java.lang.Object, java.lang.Object, int, int, int, int, int, java.lang.Object)'> (0x0000000099a49990) 
thrown [s\open\src\hotspot\share\interpreter\linkResolver.cpp, line 796]
Event: 22.163 Thread 0x000001d35f8006f0 Exception <a 'java/io/FileNotFoundException'{0x000000009a813898}> (0x000000009a813898) 
thrown [s\open\src\hotspot\share\prims\jni.cpp, line 520]
Event: 22.396 Thread 0x000001d319814810 Implicit null exception at 0x000001d3102e5cd1 to 0x000001d3102e7a20
Event: 22.489 Thread 0x000001d319814810 Implicit null exception at 0x000001d31031834e to 0x000001d3103183c0
Event: 24.321 Thread 0x000001d35f8006f0 Exception <a 'java/io/FileNotFoundException'{0x000000009a27bac8}> (0x000000009a27bac8) 
thrown [s\open\src\hotspot\share\prims\jni.cpp, line 520]
Event: 24.344 Thread 0x000001d35f8006f0 Implicit null exception at 0x000001d31031f5ec to 0x000001d310326158
Event: 28.428 Thread 0x000001d35f8006f0 Exception <a 'java/io/FileNotFoundException'{0x00000000990a1878}> (0x00000000990a1878) 
thrown [s\open\src\hotspot\share\prims\jni.cpp, line 520]

VM Operations (20 events):
Event: 17.514 Executing VM operation: G1TryInitiateConcMark (G1 Humongous Allocation) done
Event: 17.556 Executing VM operation: G1PauseRemark
Event: 17.568 Executing VM operation: G1PauseRemark done
Event: 17.582 Executing VM operation: G1PauseCleanup
Event: 17.582 Executing VM operation: G1PauseCleanup done
Event: 18.114 Executing VM operation: G1CollectForAllocation (G1 Evacuation Pause)
Event: 18.123 Executing VM operation: G1CollectForAllocation (G1 Evacuation Pause) done
Event: 18.471 Executing VM operation: HandshakeAllThreads (Deoptimize)
Event: 18.471 Executing VM operation: HandshakeAllThreads (Deoptimize) done
Event: 19.783 Executing VM operation: G1CollectForAllocation (G1 Evacuation Pause)
Event: 19.797 Executing VM operation: G1CollectForAllocation (G1 Evacuation Pause) done
Event: 21.930 Executing VM operation: G1TryInitiateConcMark (G1 Humongous Allocation)
Event: 21.939 Executing VM operation: G1TryInitiateConcMark (G1 Humongous Allocation) done
Event: 22.005 Executing VM operation: G1PauseRemark
Event: 22.015 Executing VM operation: G1PauseRemark done
Event: 22.029 Executing VM operation: G1PauseCleanup
Event: 22.034 Executing VM operation: G1PauseCleanup done
Event: 24.531 Executing VM operation: HandshakeAllThreads (Deoptimize)
Event: 24.531 Executing VM operation: HandshakeAllThreads (Deoptimize) done
Event: 52.295 Executing VM operation: Exit

Memory protections (0 events):
No events

Nmethod flushes (20 events):
Event: 22.013 Thread 0x000001d37fb67b00 flushing  nmethod 0x000001d308a5e288
Event: 22.013 Thread 0x000001d37fb67b00 flushing  nmethod 0x000001d308a9dc08
Event: 22.014 Thread 0x000001d37fb67b00 flushing  nmethod 0x000001d308a9fd08
Event: 22.014 Thread 0x000001d37fb67b00 flushing  nmethod 0x000001d308aa0388
Event: 22.014 Thread 0x000001d37fb67b00 flushing  nmethod 0x000001d308aecb88
Event: 22.014 Thread 0x000001d37fb67b00 flushing  nmethod 0x000001d308af9008
Event: 22.014 Thread 0x000001d37fb67b00 flushing  nmethod 0x000001d308b23388
Event: 22.014 Thread 0x000001d37fb67b00 flushing  nmethod 0x000001d308b27188
Event: 22.014 Thread 0x000001d37fb67b00 flushing  nmethod 0x000001d308b58b88
Event: 22.014 Thread 0x000001d37fb67b00 flushing  nmethod 0x000001d308b8b508
Event: 22.014 Thread 0x000001d37fb67b00 flushing  nmethod 0x000001d308bd2b08
Event: 22.014 Thread 0x000001d37fb67b00 flushing  nmethod 0x000001d308c26288
Event: 22.014 Thread 0x000001d37fb67b00 flushing  nmethod 0x000001d308c2e608
Event: 22.014 Thread 0x000001d37fb67b00 flushing  nmethod 0x000001d308cc0008
Event: 22.014 Thread 0x000001d37fb67b00 flushing  nmethod 0x000001d308cc0b88
Event: 22.014 Thread 0x000001d37fb67b00 flushing  nmethod 0x000001d308cc2e08
Event: 22.014 Thread 0x000001d37fb67b00 flushing  nmethod 0x000001d308d26488
Event: 22.014 Thread 0x000001d37fb67b00 flushing osr nmethod 0x000001d308defd08
Event: 22.014 Thread 0x000001d37fb67b00 flushing  nmethod 0x000001d308e5fa88
Event: 22.014 Thread 0x000001d37fb67b00 flushing  nmethod 0x000001d308e6d408

Events (20 events):
Event: 6.653 Thread 0x000001d319814810 Thread added: 0x000001d35fc1a5d0
Event: 7.375 Thread 0x000001d35f9324f0 Thread added: 0x000001d35fc17e70
Event: 7.376 Thread 0x000001d35f9324f0 Thread exited: 0x000001d35f9324f0
Event: 11.977 Thread 0x000001d35f8006f0 Thread added: 0x000001d35fc18500
Event: 12.098 Thread 0x000001d35fc18500 Thread exited: 0x000001d35fc18500
Event: 13.809 Thread 0x000001d35f8006f0 Thread added: 0x000001d35fc198b0
Event: 13.986 Thread 0x000001d35fc198b0 Thread exited: 0x000001d35fc198b0
Event: 14.681 Thread 0x000001d35f8006f0 Thread added: 0x000001d35fc71f60
Event: 14.689 Thread 0x000001d35f8006f0 Thread added: 0x000001d35fc78ef0
Event: 15.432 Thread 0x000001d35fc78ef0 Thread exited: 0x000001d35fc78ef0
Event: 28.415 Thread 0x000001d35f8006f0 Thread added: 0x000001d35fc75a70
Event: 52.265 Thread 0x000001d37fb80fb0 Thread added: 0x000001d35fc79580
Event: 52.267 Thread 0x000001d35fc79580 Thread added: 0x000001d35fc781d0
Event: 52.268 Thread 0x000001d35fc79580 Thread added: 0x000001d35fc78860
Event: 52.270 Thread 0x000001d35fc781d0 Thread exited: 0x000001d35fc781d0
Event: 52.271 Thread 0x000001d35fc78860 Thread added: 0x000001d35fc753e0
Event: 52.294 Thread 0x000001d35fc753e0 Thread exited: 0x000001d35fc753e0
Event: 52.295 Thread 0x000001d35fc78860 Thread exited: 0x000001d35fc78860
Event: 52.295 Thread 0x000001d35fc79580 Before exit entered
Event: 52.295 Thread 0x000001d37fb80fb0 Thread exited: 0x000001d37fb80fb0


Dynamic libraries:
0x00007ff7a86a0000 - 0x00007ff7a86b0000 	C:\Program Files\Java\jdk-23\bin\java.exe
0x00007ffd7db10000 - 0x00007ffd7dd08000 	C:\Windows\SYSTEM32\ntdll.dll
0x00007ffd7d820000 - 0x00007ffd7d8e2000 	C:\Windows\System32\KERNEL32.DLL
0x00007ffd7b590000 - 0x00007ffd7b887000 	C:\Windows\System32\KERNELBASE.dll
0x00007ffd7ba30000 - 0x00007ffd7bb30000 	C:\Windows\System32\ucrtbase.dll
0x00007ffd76060000 - 0x00007ffd76077000 	C:\Program Files\Java\jdk-23\bin\jli.dll
0x00007ffd7d4e0000 - 0x00007ffd7d67d000 	C:\Windows\System32\USER32.dll
0x00007ffd7b3a0000 - 0x00007ffd7b3c2000 	C:\Windows\System32\win32u.dll
0x00007ffd7c360000 - 0x00007ffd7c38b000 	C:\Windows\System32\GDI32.dll
0x00007ffd7b890000 - 0x00007ffd7b9a9000 	C:\Windows\System32\gdi32full.dll
0x00007ffd7b1a0000 - 0x00007ffd7b23d000 	C:\Windows\System32\msvcp_win.dll
0x00007ffd73c00000 - 0x00007ffd73c1b000 	C:\Program Files\Java\jdk-23\bin\VCRUNTIME140.dll
0x00007ffd56010000 - 0x00007ffd562aa000 	C:\Windows\WinSxS\amd64_microsoft.windows.common-controls_6595b64144ccf1df_6.0.19041.5915_none_60b4b9d171f9c7c7\COMCTL32.dll
0x00007ffd7c0d0000 - 0x00007ffd7c16e000 	C:\Windows\System32\msvcrt.dll
0x00007ffd7daa0000 - 0x00007ffd7dacf000 	C:\Windows\System32\IMM32.DLL
0x00007ffd77b30000 - 0x00007ffd77b3c000 	C:\Program Files\Java\jdk-23\bin\vcruntime140_1.dll
0x00007ffd734f0000 - 0x00007ffd7357e000 	C:\Program Files\Java\jdk-23\bin\msvcp140.dll
0x00007ffd3c7b0000 - 0x00007ffd3d500000 	C:\Program Files\Java\jdk-23\bin\server\jvm.dll
0x00007ffd7d760000 - 0x00007ffd7d811000 	C:\Windows\System32\ADVAPI32.dll
0x00007ffd7c030000 - 0x00007ffd7c0cf000 	C:\Windows\System32\sechost.dll
0x00007ffd7bb30000 - 0x00007ffd7bc56000 	C:\Windows\System32\RPCRT4.dll
0x00007ffd7b9b0000 - 0x00007ffd7b9d7000 	C:\Windows\System32\bcrypt.dll
0x00007ffd7cd20000 - 0x00007ffd7cd8b000 	C:\Windows\System32\WS2_32.dll
0x00007ffd7af50000 - 0x00007ffd7af9b000 	C:\Windows\SYSTEM32\POWRPROF.dll
0x00007ffd713f0000 - 0x00007ffd71417000 	C:\Windows\SYSTEM32\WINMM.dll
0x00007ffd713e0000 - 0x00007ffd713ea000 	C:\Windows\SYSTEM32\VERSION.dll
0x00007ffd7af30000 - 0x00007ffd7af42000 	C:\Windows\SYSTEM32\UMPDC.dll
0x00007ffd79020000 - 0x00007ffd79032000 	C:\Windows\SYSTEM32\kernel.appcore.dll
0x00007ffd77b10000 - 0x00007ffd77b1a000 	C:\Program Files\Java\jdk-23\bin\jimage.dll
0x00007ffd6adf0000 - 0x00007ffd6aff1000 	C:\Windows\SYSTEM32\DBGHELP.DLL
0x00007ffd6ad10000 - 0x00007ffd6ad44000 	C:\Windows\SYSTEM32\dbgcore.DLL
0x00007ffd7b500000 - 0x00007ffd7b582000 	C:\Windows\System32\bcryptPrimitives.dll
0x00007ffd75710000 - 0x00007ffd7571f000 	C:\Program Files\Java\jdk-23\bin\instrument.dll
0x00007ffd73be0000 - 0x00007ffd73bfe000 	C:\Program Files\Java\jdk-23\bin\java.dll
0x00007ffd7d300000 - 0x00007ffd7d42b000 	C:\Windows\System32\ole32.dll
0x00007ffd7bcc0000 - 0x00007ffd7c013000 	C:\Windows\System32\combase.dll
0x00007ffd7c390000 - 0x00007ffd7cafe000 	C:\Windows\System32\SHELL32.dll
0x00007ffd79220000 - 0x00007ffd799c4000 	C:\Windows\SYSTEM32\windows.storage.dll
0x00007ffd7ab60000 - 0x00007ffd7ab8b000 	C:\Windows\SYSTEM32\Wldp.dll
0x00007ffd7c170000 - 0x00007ffd7c23d000 	C:\Windows\System32\OLEAUT32.dll
0x00007ffd7d430000 - 0x00007ffd7d4dd000 	C:\Windows\System32\SHCORE.dll
0x00007ffd7cd90000 - 0x00007ffd7cdeb000 	C:\Windows\System32\shlwapi.dll
0x00007ffd7b0d0000 - 0x00007ffd7b0f4000 	C:\Windows\SYSTEM32\profapi.dll
0x00007ffd530f0000 - 0x00007ffd531c7000 	C:\Program Files\Java\jdk-23\bin\jsvml.dll
0x00007ffd756e0000 - 0x00007ffd756f0000 	C:\Program Files\Java\jdk-23\bin\net.dll
0x00007ffd7a860000 - 0x00007ffd7a8ca000 	C:\Windows\system32\mswsock.dll
0x00007ffd73ba0000 - 0x00007ffd73bb6000 	C:\Program Files\Java\jdk-23\bin\nio.dll
0x00007ffd73bc0000 - 0x00007ffd73bd7000 	C:\Program Files\Java\jdk-23\bin\zip.dll
0x00007ffd74ee0000 - 0x00007ffd74ee9000 	C:\Program Files\Java\jdk-23\bin\extnet.dll
0x000001d319ab0000 - 0x000001d319ab4000 	C:\javafx-sdk-24.0.1\bin\api-ms-win-core-console-l1-1-0.dll
0x000001d319ac0000 - 0x000001d319ac4000 	C:\javafx-sdk-24.0.1\bin\api-ms-win-core-console-l1-2-0.dll
0x000001d319ad0000 - 0x000001d319ad4000 	C:\javafx-sdk-24.0.1\bin\api-ms-win-core-datetime-l1-1-0.dll
0x000001d319ae0000 - 0x000001d319ae4000 	C:\javafx-sdk-24.0.1\bin\api-ms-win-core-debug-l1-1-0.dll
0x000001d319af0000 - 0x000001d319af4000 	C:\javafx-sdk-24.0.1\bin\api-ms-win-core-errorhandling-l1-1-0.dll
0x000001d319b00000 - 0x000001d319b05000 	C:\javafx-sdk-24.0.1\bin\api-ms-win-core-file-l1-1-0.dll
0x000001d319b10000 - 0x000001d319b14000 	C:\javafx-sdk-24.0.1\bin\api-ms-win-core-file-l1-2-0.dll
0x000001d319b20000 - 0x000001d319b24000 	C:\javafx-sdk-24.0.1\bin\api-ms-win-core-file-l2-1-0.dll
0x000001d319b30000 - 0x000001d319b34000 	C:\javafx-sdk-24.0.1\bin\api-ms-win-core-handle-l1-1-0.dll
0x000001d319b40000 - 0x000001d319b44000 	C:\javafx-sdk-24.0.1\bin\api-ms-win-core-heap-l1-1-0.dll
0x000001d319b50000 - 0x000001d319b54000 	C:\javafx-sdk-24.0.1\bin\api-ms-win-core-interlocked-l1-1-0.dll
0x000001d319b60000 - 0x000001d319b64000 	C:\javafx-sdk-24.0.1\bin\api-ms-win-core-libraryloader-l1-1-0.dll
0x000001d319b70000 - 0x000001d319b74000 	C:\javafx-sdk-24.0.1\bin\api-ms-win-core-localization-l1-2-0.dll
0x000001d319b80000 - 0x000001d319b84000 	C:\javafx-sdk-24.0.1\bin\api-ms-win-core-memory-l1-1-0.dll
0x000001d319b90000 - 0x000001d319b94000 	C:\javafx-sdk-24.0.1\bin\api-ms-win-core-namedpipe-l1-1-0.dll
0x000001d319ba0000 - 0x000001d319ba4000 	C:\javafx-sdk-24.0.1\bin\api-ms-win-core-processenvironment-l1-1-0.dll
0x000001d319bb0000 - 0x000001d319bb4000 	C:\javafx-sdk-24.0.1\bin\api-ms-win-core-processthreads-l1-1-0.dll
0x000001d319bc0000 - 0x000001d319bc4000 	C:\javafx-sdk-24.0.1\bin\api-ms-win-core-processthreads-l1-1-1.dll
0x000001d319bd0000 - 0x000001d319bd4000 	C:\javafx-sdk-24.0.1\bin\api-ms-win-core-profile-l1-1-0.dll
0x000001d319be0000 - 0x000001d319be4000 	C:\javafx-sdk-24.0.1\bin\api-ms-win-core-rtlsupport-l1-1-0.dll
0x000001d319bf0000 - 0x000001d319bf4000 	C:\javafx-sdk-24.0.1\bin\api-ms-win-core-string-l1-1-0.dll
0x000001d319c00000 - 0x000001d319c04000 	C:\javafx-sdk-24.0.1\bin\api-ms-win-core-synch-l1-1-0.dll
0x000001d319c10000 - 0x000001d319c14000 	C:\javafx-sdk-24.0.1\bin\api-ms-win-core-synch-l1-2-0.dll
0x000001d319c20000 - 0x000001d319c24000 	C:\javafx-sdk-24.0.1\bin\api-ms-win-core-sysinfo-l1-1-0.dll
0x000001d319c30000 - 0x000001d319c34000 	C:\javafx-sdk-24.0.1\bin\api-ms-win-core-timezone-l1-1-0.dll
0x000001d319c40000 - 0x000001d319c44000 	C:\javafx-sdk-24.0.1\bin\api-ms-win-core-util-l1-1-0.dll
0x000001d319c50000 - 0x000001d319c54000 	C:\javafx-sdk-24.0.1\bin\api-ms-win-crt-conio-l1-1-0.dll
0x000001d319c60000 - 0x000001d319c65000 	C:\javafx-sdk-24.0.1\bin\api-ms-win-crt-convert-l1-1-0.dll
0x000001d319c70000 - 0x000001d319c74000 	C:\javafx-sdk-24.0.1\bin\api-ms-win-crt-environment-l1-1-0.dll
0x000001d319c80000 - 0x000001d319c84000 	C:\javafx-sdk-24.0.1\bin\api-ms-win-crt-filesystem-l1-1-0.dll
0x000001d319c90000 - 0x000001d319c94000 	C:\javafx-sdk-24.0.1\bin\api-ms-win-crt-heap-l1-1-0.dll
0x000001d319ca0000 - 0x000001d319ca4000 	C:\javafx-sdk-24.0.1\bin\api-ms-win-crt-locale-l1-1-0.dll
0x000001d319cb0000 - 0x000001d319cb6000 	C:\javafx-sdk-24.0.1\bin\api-ms-win-crt-math-l1-1-0.dll
0x000001d319cc0000 - 0x000001d319cc6000 	C:\javafx-sdk-24.0.1\bin\api-ms-win-crt-multibyte-l1-1-0.dll
0x000001d319cd0000 - 0x000001d319ce1000 	C:\javafx-sdk-24.0.1\bin\api-ms-win-crt-private-l1-1-0.dll
0x000001d319cf0000 - 0x000001d319cf4000 	C:\javafx-sdk-24.0.1\bin\api-ms-win-crt-process-l1-1-0.dll
0x000001d319d00000 - 0x000001d319d05000 	C:\javafx-sdk-24.0.1\bin\api-ms-win-crt-runtime-l1-1-0.dll
0x000001d319d10000 - 0x000001d319d15000 	C:\javafx-sdk-24.0.1\bin\api-ms-win-crt-stdio-l1-1-0.dll
0x000001d319d20000 - 0x000001d319d25000 	C:\javafx-sdk-24.0.1\bin\api-ms-win-crt-string-l1-1-0.dll
0x000001d319d30000 - 0x000001d319d34000 	C:\javafx-sdk-24.0.1\bin\api-ms-win-crt-time-l1-1-0.dll
0x000001d319d40000 - 0x000001d319d44000 	C:\javafx-sdk-24.0.1\bin\api-ms-win-crt-utility-l1-1-0.dll
0x00007ffd50ed0000 - 0x00007ffd50fe1000 	C:\javafx-sdk-24.0.1\bin\ucrtbase.dll
0x00007ffd736e0000 - 0x00007ffd736fb000 	C:\javafx-sdk-24.0.1\bin\vcruntime140.dll
0x00007ffd74ed0000 - 0x00007ffd74edc000 	C:\javafx-sdk-24.0.1\bin\vcruntime140_1.dll
0x00007ffd52350000 - 0x00007ffd523de000 	C:\javafx-sdk-24.0.1\bin\msvcp140.dll
0x00007ffd73b60000 - 0x00007ffd73b69000 	C:\javafx-sdk-24.0.1\bin\msvcp140_1.dll
0x00007ffd59c20000 - 0x00007ffd59c61000 	C:\javafx-sdk-24.0.1\bin\msvcp140_2.dll
0x00007ffd73620000 - 0x00007ffd73650000 	C:\javafx-sdk-24.0.1\bin\prism_d3d.dll
0x00007ffd2bc50000 - 0x00007ffd2be21000 	C:\Windows\system32\d3d9.dll
0x00007ffd78d20000 - 0x00007ffd78d4e000 	C:\Windows\SYSTEM32\dwmapi.dll
0x00007ffd78b30000 - 0x00007ffd78bce000 	C:\Windows\system32\uxtheme.dll
0x00007ffd53540000 - 0x00007ffd53588000 	C:\javafx-sdk-24.0.1\bin\glass.dll
0x00007ffd7cc40000 - 0x00007ffd7cd1a000 	C:\Windows\System32\COMDLG32.dll
0x00007ffd7cb90000 - 0x00007ffd7cc39000 	C:\Windows\System32\clbcatq.dll
0x00007ffd53600000 - 0x00007ffd5373f000 	C:\Windows\System32\Windows.UI.dll
0x00007ffd74c90000 - 0x00007ffd74d31000 	C:\Windows\System32\WindowManagementAPI.dll
0x00007ffd410c0000 - 0x00007ffd411b9000 	C:\Windows\System32\TextInputFramework.dll
0x00007ffd56830000 - 0x00007ffd56982000 	C:\Windows\System32\InputHost.dll
0x00007ffd77ca0000 - 0x00007ffd77df7000 	C:\Windows\SYSTEM32\wintypes.dll
0x00007ffd74a80000 - 0x00007ffd74c83000 	C:\Windows\SYSTEM32\twinapi.appcore.dll
0x00007ffd77980000 - 0x00007ffd77a72000 	C:\Windows\System32\CoreMessaging.dll
0x00007ffd77150000 - 0x00007ffd774ab000 	C:\Windows\System32\CoreUIComponents.dll
0x00007ffd77e00000 - 0x00007ffd77ef4000 	C:\Windows\System32\PROPSYS.dll
0x00007ffd7a3d0000 - 0x00007ffd7a403000 	C:\Windows\SYSTEM32\ntmarta.dll
0x00007ffd53f60000 - 0x00007ffd54019000 	C:\Windows\System32\Windows.Networking.Connectivity.dll
0x00007ffd7c240000 - 0x00007ffd7c355000 	C:\Windows\System32\MSCTF.dll
0x00007ffd71600000 - 0x00007ffd7163b000 	C:\Windows\SYSTEM32\dxcore.dll
0x00007ffd7b9e0000 - 0x00007ffd7ba2e000 	C:\Windows\System32\cfgmgr32.dll
0x00007ffd52e20000 - 0x00007ffd52f58000 	C:\Windows\System32\Windows.UI.Immersive.dll
0x00007ffd5a940000 - 0x00007ffd5a950000 	C:\Windows\System32\npmproxy.dll
0x00007ffd72140000 - 0x00007ffd72182000 	C:\Windows\System32\CapabilityAccessManagerClient.dll
0x00007ffd6e570000 - 0x00007ffd6e5e4000 	C:\Windows\SYSTEM32\wlanapi.dll
0x00007ffd7a540000 - 0x00007ffd7a57b000 	C:\Windows\System32\IPHLPAPI.DLL
0x00007ffd7cb60000 - 0x00007ffd7cb68000 	C:\Windows\System32\NSI.dll
0x00007ffd490a0000 - 0x00007ffd490b1000 	C:\Windows\System32\dusmapi.dll
0x00007ffd7aa50000 - 0x00007ffd7aa68000 	C:\Windows\SYSTEM32\CRYPTSP.dll
0x00007ffd7a180000 - 0x00007ffd7a1b8000 	C:\Windows\system32\rsaenh.dll
0x00007ffd7b050000 - 0x00007ffd7b07e000 	C:\Windows\SYSTEM32\USERENV.dll
0x00007ffd7aa70000 - 0x00007ffd7aa7c000 	C:\Windows\SYSTEM32\CRYPTBASE.dll

dbghelp: loaded successfully - version: 4.0.5 - missing functions: none
symbol engine: initialized successfully - sym options: 0x614 - pdb path: .;C:\Program Files\Java\jdk-23\bin;C:\Windows\SYSTEM32;C:\Windows\WinSxS\amd64_microsoft.windows.common-controls_6595b64144ccf1df_6.0.19041.5915_none_60b4b9d171f9c7c7;C:\Program Files\Java\jdk-23\bin\server;C:\javafx-sdk-24.0.1\bin;C:\Windows\System32\DriverStore\FileRepository\u0360470.inf_amd64_35c64671e7fac064\B360357;C:\Program Files\Common Files\Microsoft Shared\Ink

VM Arguments:
jvm_args: --module-path=C:\javafx-sdk-24.0.1\lib --add-modules=javafx.controls,javafx.fxml,javafx.web -javaagent:D:\05_Programs\IntelliJ IDEA Community Edition 2024.3.5\lib\idea_rt.jar=63276 -Dfile.encoding=UTF-8 -Dsun.stdout.encoding=UTF-8 -Dsun.stderr.encoding=UTF-8 
java_command: Client.Main
java_class_path (initial): D:\01_Projects\University\Term_2\P01\Final_Project\TelegramClone\out\production\classes;D:\01_Projects\University\Term_2\P01\Final_Project\TelegramClone\out\production\resources;C:\Users\Mahdi Hoseinpoor\.gradle\caches\modules-2\files-2.1\org.openjfx\javafx-fxml\23.0.2\b032052fc189c1c702cc9b01f416f7cae53674df\javafx-fxml-23.0.2-win.jar;C:\Users\Mahdi Hoseinpoor\.gradle\caches\modules-2\files-2.1\org.openjfx\javafx-controls\23.0.2\ea7a2048ce6b344273affb916713120fe77fb1e8\javafx-controls-23.0.2-win.jar;C:\Users\Mahdi Hoseinpoor\.gradle\caches\modules-2\files-2.1\org.openjfx\javafx-media\23.0.2\b27f12b417de89f6fd6180a6540f6f26ab98a0ee\javafx-media-23.0.2-win.jar;C:\Users\Mahdi Hoseinpoor\.gradle\caches\modules-2\files-2.1\com.google.code.gson\gson\2.10.1\b3add478d4382b78ea20b1671390a858002feb6c\gson-2.10.1.jar;C:\Users\Mahdi Hoseinpoor\.gradle\caches\modules-2\files-2.1\com.jfoenix\jfoenix\9.0.10\a7625792db8d15615ea6eebbc31e01504f20b2df\jfoenix-9.0.10.jar;C:\Users\Mahdi Hoseinpoor\.gradle\caches\modules-2\files-2.1\org.postgresql\postgresql\42.6.0\7614cfce466145b84972781ab0079b8dea49e363\postgresql-42.6.0.jar;C:\Users\Mahdi Hoseinpoor\.gradle\caches\modules-2\files-2.1\org.hibernate.orm\hibernate-community-dialects\6.4.2.Final\9856329563362d2f26541285a2036e86addba30c\hibernate-community-dialects-6.4.2.Final.jar;C:\Users\Mahdi Hoseinpoor\.gradle\caches\modules-2\files-2.1\org.hibernate.orm\hibernate-core\6.4.2.Final\4dd48cbc3c97c71ca42db0a9d0d7f9c220675edb\hibernate-core-6.4.2.Final.jar;C:\Users\Mahdi Hoseinpoor\.gradle\caches\modules-2\files-2.1\jakarta.persistence\jakarta.persistence-api\3.1.0\66901fa1c373c6aff65c13791cc11da72060a8d6\jakarta.persistence-api-3.1.0.jar;C:\Users\Mahdi Hoseinpoor\.gradle\caches\modules-2\files-2.1\com.zaxxer\HikariCP\5.0.1\a74c7f0a37046846e88d54f7cb6ea6d565c65f9c\HikariCP-5.0.1.jar;C:\Users\Mahdi Hoseinpoor\.gradle\caches\modules-2\files-2.1\org.xerial\sqlite-jdbc\3.36.0.3\7fa71c4dfab806490cb909714fb41373ec552c29\sqlite-jdbc-3.36.0.3.jar;C:\Users\Mahdi Hoseinpoor\.gradle\caches\modules-2\files-2.1\org.openjfx\javafx-graphics\23.0.2\21ed994c9ba8a9d30099204c556e6dba3a23f169\javafx-graphics-23.0.2-win.jar;C:\Users\Mahdi Hoseinpoor\.gradle\caches\modules-2\files-2.1\jakarta.transaction\jakarta.transaction-api\2.0.1\51a520e3fae406abb84e2e1148e6746ce3f80a1a\jakarta.transaction-api-2.0.1.jar;C:\Users\Mahdi Hoseinpoor\.gradle\caches\modules-2\files-2.1\org.slf4j\slf4j-api\1.7.30\b5a4b6d16ab13e34a88fae84c35cd5d68cac922c\slf4j-api-1.7.30.jar;C:\Users\Mahdi Hoseinpoor\.gradle\caches\modules-2\files-2.1\org.openjfx\javafx-base\23.0.2\e44e750005596dc44ce37c07fc3b8c10da9ab354\javafx-base-23.0.2-win.jar;C:\Users\Mahdi Hoseinpoor\.gradle\caches\modules-2\files-2.1\org.checkerframework\checker-qual\3.31.0\eeefd4af42e2f4221d145c1791582f91868f99ab\checker-qual-3.31.0.jar;C:\Users\Mahdi Hoseinpoor\.gradle\caches\modules-2\files-2.1\org.jboss.logging\jboss-logging\3.5.0.Final\c19307cc11f28f5e2679347e633a3294d865334d\jboss-logging-3.5.0.Final.jar;C:\Users\Mahdi Hoseinpoor\.gradle\caches\modules-2\files-2.1\org.hibernate.common\hibernate-commons-annotations\6.0.6.Final\77a5f94b56d49508e0ee334751db5b78e5ccd50c\hibernate-commons-annotations-6.0.6.Final.jar;C:\Users\Mahdi Hoseinpoor\.gradle\caches\modules-2\files-2.1\io.smallrye\jandex\3.1.2\a6c1c89925c7df06242b03dddb353116ceb9584c\jandex-3.1.2.jar;C:\Users\Mahdi Hoseinpoor\.gradle\caches\modules-2\files-2.1\com.fasterxml\classmate\1.5.1\3fe0bed568c62df5e89f4f174c101eab25345b6c\classmate-1.5.1.jar;C:\Users\Mahdi Hoseinpoor\.gradle\caches\modules-2\files-2.1\net.bytebuddy\byte-buddy\1.14.7\34efde5f0bb93afc94aaf9d400521899c4806873\byte-buddy-1.14.7.jar;C:\Users\Mahdi Hoseinpoor\.gradle\caches\modules-2\files-2.1\org.glassfish.jaxb\jaxb-runtime\4.0.2\e4e4e0c5b0d42054d00dc4023901572a60d368c7\jaxb-runtime-4.0.2.jar;C:\Users\Mahdi Hoseinpoor\.gradle\caches\modules-2\files-2.1\jakarta.xml.bind\jakarta.xml.bind-api\4.0.0\bbb399208d288b15ec101fa4fcfc4bd77cedc97a\jakarta.xml.bind-api-4.0.0.jar;C:\Users\Mahdi Hoseinpoor\.gradle\caches\modules-2\files-2.1\jakarta.inject\jakarta.inject-api\2.0.1\4c28afe1991a941d7702fe1362c365f0a8641d1e\jakarta.inject-api-2.0.1.jar;C:\Users\Mahdi Hoseinpoor\.gradle\caches\modules-2\files-2.1\org.antlr\antlr4-runtime\4.13.0\5a02e48521624faaf5ff4d99afc88b01686af655\antlr4-runtime-4.13.0.jar;C:\Users\Mahdi Hoseinpoor\.gradle\caches\modules-2\files-2.1\org.glassfish.jaxb\jaxb-core\4.0.2\8c29249f6c10f4ee08967783831580b0f5c5360\jaxb-core-4.0.2.jar;C:\Users\Mahdi Hoseinpoor\.gradle\caches\modules-2\files-2.1\jakarta.activation\jakarta.activation-api\2.1.1\88c774ab863a21fb2fc4219af95379fafe499a31\jakarta.activation-api-2.1.1.jar;C:\Users\Mahdi Hoseinpoor\.gradle\caches\modules-2\files-2.1\org.eclipse.angus\angus-activation\2.0.0\72369f4e2314d38de2dcbb277141ef0226f73151\angus-activation-2.0.0.jar;C:\Users\Mahdi Hoseinpoor\.gradle\caches\modules-2\files-2.1\org.glassfish.jaxb\txw2\4.0.2\24e167be69c29ebb7ee0a3b1f9b546f1dfd111fc\txw2-4.0.2.jar;C:\Users\Mahdi Hoseinpoor\.gradle\caches\modules-2\files-2.1\com.sun.istack\istack-commons-runtime\4.1.1\9b3769c76235bc283b060da4fae2318c6d53f07e\istack-commons-runtime-4.1.1.jar
Launcher Type: SUN_STANDARD

[Global flags]
     intx CICompilerCount                          = 2                                         {product} {ergonomic}
     uint ConcGCThreads                            = 1                                         {product} {ergonomic}
     uint G1ConcRefinementThreads                  = 2                                         {product} {ergonomic}
   size_t G1HeapRegionSize                         = 1048576                                   {product} {ergonomic}
   size_t InitialHeapSize                          = 117440512                                 {product} {ergonomic}
   size_t MarkStackSize                            = 4194304                                   {product} {ergonomic}
   size_t MarkStackSizeMax                         = 536870912                                 {product} {ergonomic}
   size_t MaxHeapSize                              = 1866465280                                {product} {ergonomic}
   size_t MaxNewSize                               = 1119879168                                {product} {ergonomic}
   size_t MinHeapDeltaBytes                        = 1048576                                   {product} {ergonomic}
   size_t MinHeapSize                              = 8388608                                   {product} {ergonomic}
    uintx NonNMethodCodeHeapSize                   = 5767168                                {pd product} {ergonomic}
    uintx NonProfiledCodeHeapSize                  = 123011072                              {pd product} {ergonomic}
    uintx ProfiledCodeHeapSize                     = 122880000                              {pd product} {ergonomic}
    uintx ReservedCodeCacheSize                    = 251658240                              {pd product} {ergonomic}
     bool SegmentedCodeCache                       = true                                      {product} {ergonomic}
   size_t SoftMaxHeapSize                          = 1866465280                             {manageable} {ergonomic}
     bool UseCompressedOops                        = true                           {product lp64_product} {ergonomic}
     bool UseG1GC                                  = true                                      {product} {ergonomic}
     bool UseLargePagesIndividualAllocation        = false                                  {pd product} {ergonomic}

Logging:
Log output configuration:
 #0: stdout all=off uptime,level,tags foldmultilines=false
 #1: stderr all=off uptime,level,tags foldmultilines=false

Environment Variables:
JAVA_HOME=C:\Program Files\Java\jdk-23
PATH=C:\Program Files (x86)\NVIDIA Corporation\PhysX\Common;C:\Program Files\Common Files\Oracle\Java\javapath;C:\Windows\system32;C:\Windows;C:\Windows\System32\Wbem;C:\Windows\System32\WindowsPowerShell\v1.0\;C:\Windows\System32\OpenSSH\;C:\Program Files\Microsoft SQL Server\Client SDK\ODBC\170\Tools\Binn\;C:\Program Files\Microsoft SQL Server\150\Tools\Binn\;C:\Program Files\dotnet\;D:\05_Programs\Matlab\runtime\win64;D:\05_Programs\Matlab\bin;C:\Program Files\Git\cmd;C:\Program Files\Java\jdk-23\bin;C:\Program Files\Go\bin;C:\Program Files\GitHub CLI\;C:\Program Files\PostgreSQL\17\bin;C:\Users\Mahdi Hoseinpoor\AppData\Local\Programs\Python\Launcher\;C:\Users\Mahdi Hoseinpoor\AppData\Local\Microsoft\WindowsApps;C:\Users\Mahdi Hoseinpoor\.dotnet\tools;C:\Users\Mahdi Hoseinpoor\AppData\Local\Programs\Microsoft VS Code\bin;C:\Program Files\mingw64\bin;C:\Program Files\JetBrains\CLion 2021.3.4\bin;;C:\Users\Mahdi Hoseinpoor\go\bin;C:\ffmpeg\bin;C:\Gradle\bin;D:\05_Programs\IntelliJ IDEA 2020.2.3\bin;;D:\05_Programs\IntelliJ IDEA Community Edition 2024.3.5\bin;;C:\Maven\bin;C:\Users\Mahdi Hoseinpoor\AppData\Local\Muse Hub\lib
USERNAME=Mahdi Hoseinpoor
OS=Windows_NT
PROCESSOR_IDENTIFIER=AMD64 Family 21 Model 112 Stepping 0, AuthenticAMD
TMP=C:\Users\MAHDIH~1\AppData\Local\Temp
TEMP=C:\Users\MAHDIH~1\AppData\Local\Temp




Periodic native trim disabled

---------------  S Y S T E M  ---------------

OS:
 Windows 10 , 64 bit Build 19041 (10.0.19041.5915)
OS uptime: 5 days 10:57 hours

CPU: total 2 (initial active 2) (2 cores per cpu, 1 threads per core) family 21 model 112 stepping 0 microcode 0x0, cx8, cmov, fxsr, mmx, 3dnowpref, sse, sse2, sse3, ssse3, sse4a, sse4.1, sse4.2, popcnt, lzcnt, tsc, tscinvbit, avx, avx2, aes, clmul, bmi1, bmi2, fma, vzeroupper, clflush, rdtscp, f16c
Processor Information for the first 2 processors :
  Max Mhz: 2500, Current Mhz: 2100, Mhz Limit: 2500

Memory: 4k page, system-wide physical 7116M (1074M free)
TotalPageFile size 11258M (AvailPageFile size 2896M)
current process WorkingSet (physical memory assigned to process): 263M, peak: 291M
current process commit charge ("private bytes"): 404M, peak: 452M

vm_info: Java HotSpot(TM) 64-Bit Server VM (23.0.2+7-58) for windows-amd64 JRE (23.0.2+7-58), built on 2024-11-29T09:34:55Z with MS VC++ 17.6 (VS2022)

END.
